tcp_ping received 8192 bytes back
Round trip time was 4.04077 milliseconds in repetition 356
tcp_ping received 8192 bytes back
Round trip time was 5.49954 milliseconds in repetition 357
tcp_ping received 8192 bytes back
Round trip time was 8.66259 milliseconds in repetition 358
tcp_ping received 8192 bytes back
Round trip time was 2.4247 milliseconds in repetition 359
tcp_ping received 8192 bytes back
Round trip time was 7.90586 milliseconds in repetition 360
tcp_ping received 8192 bytes back
Round trip time was 2.43196 milliseconds in repetition 361
tcp_ping received 8192 bytes back
Round trip time was 6.1275 milliseconds in repetition 362
tcp_ping received 8192 bytes back
Round trip time was 6.79579 milliseconds in repetition 363
tcp_ping received 8192 bytes back
Round trip time was 8.77976 milliseconds in repetition 364
tcp_ping received 8192 bytes back
Round trip time was 8.47881 milliseconds in repetition 365
tcp_ping received 8192 bytes back
Round trip time was 8.95808 milliseconds in repetition 366
tcp_ping received 8192 bytes back
Round trip time was 8.8394 milliseconds in repetition 367
tcp_ping received 8192 bytes back
Round trip time was 6.81905 milliseconds in repetition 368
tcp_ping received 8192 bytes back
Round trip time was 908.521 milliseconds in repetition 369
tcp_ping received 8192 bytes back
Round trip time was 6.05596 milliseconds in repetition 370
tcp_ping received 8192 bytes back
Round trip time was 8.0549 milliseconds in repetition 371
tcp_ping received 8192 bytes back
Round trip time was 7.02623 milliseconds in repetition 372
tcp_ping received 8192 bytes back
Round trip time was 6.9148 milliseconds in repetition 373
tcp_ping received 8192 bytes back
Round trip time was 5.12653 milliseconds in repetition 374
tcp_ping received 8192 bytes back
Round trip time was 8.41408 milliseconds in repetition 375
tcp_ping received 8192 bytes back
Round trip time was 6.11844 milliseconds in repetition 376
tcp_ping received 8192 bytes back
Round trip time was 8.78488 milliseconds in repetition 377
tcp_ping received 8192 bytes back
Round trip time was 2.38596 milliseconds in repetition 378
tcp_ping received 8192 bytes back
Round trip time was 8.83885 milliseconds in repetition 379
tcp_ping received 8192 bytes back
Round trip time was 8.07622 milliseconds in repetition 380
tcp_ping received 8192 bytes back
Round trip time was 2.45447 milliseconds in repetition 381
tcp_ping received 8192 bytes back
Round trip time was 7.61621 milliseconds in repetition 382
tcp_ping received 8192 bytes back
Round trip time was 909.19 milliseconds in repetition 383
tcp_ping received 8192 bytes back
Round trip time was 7.57272 milliseconds in repetition 384
tcp_ping received 8192 bytes back
Round trip time was 2.62022 milliseconds in repetition 385
tcp_ping received 8192 bytes back
Round trip time was 2.39053 milliseconds in repetition 386
tcp_ping received 8192 bytes back
Round trip time was 6.6891 milliseconds in repetition 387
tcp_ping received 8192 bytes back
Round trip time was 8.79424 milliseconds in repetition 388
tcp_ping received 8192 bytes back
Round trip time was 6.5551 milliseconds in repetition 389
tcp_ping received 8192 bytes back
Round trip time was 5.97189 milliseconds in repetition 390
tcp_ping received 8192 bytes back
Round trip time was 8.70817 milliseconds in repetition 391
tcp_ping received 8192 bytes back
Round trip time was 2.40747 milliseconds in repetition 392
tcp_ping received 8192 bytes back
Round trip time was 6.61011 milliseconds in repetition 393
tcp_ping received 8192 bytes back
Round trip time was 7.06761 milliseconds in repetition 394
tcp_ping received 8192 bytes back
Round trip time was 7.11505 milliseconds in repetition 395
tcp_ping received 8192 bytes back
Round trip time was 7.72348 milliseconds in repetition 396
tcp_ping received 8192 bytes back
Round trip time was 9.02948 milliseconds in repetition 397
tcp_ping received 8192 bytes back
Round trip time was 7.21473 milliseconds in repetition 398
tcp_ping received 8192 bytes back
Round trip time was 907.319 milliseconds in repetition 399
tcp_ping received 8192 bytes back
Round trip time was 9.23304 milliseconds in repetition 400
tcp_ping received 8192 bytes back
Round trip time was 8.24022 milliseconds in repetition 401
tcp_ping received 8192 bytes back
Round trip time was 7.5597 milliseconds in repetition 402
tcp_ping received 8192 bytes back
Round trip time was 4.49162 milliseconds in repetition 403
tcp_ping received 8192 bytes back
Round trip time was 6.65298 milliseconds in repetition 404
tcp_ping received 8192 bytes back
Round trip time was 8.24774 milliseconds in repetition 405
tcp_ping received 8192 bytes back
Round trip time was 5.71698 milliseconds in repetition 406
tcp_ping received 8192 bytes back
Round trip time was 7.5503 milliseconds in repetition 407
tcp_ping received 8192 bytes back
Round trip time was 2.42276 milliseconds in repetition 408
tcp_ping received 8192 bytes back
Round trip time was 2.44627 milliseconds in repetition 409
tcp_ping received 8192 bytes back
Round trip time was 6.50078 milliseconds in repetition 410
tcp_ping received 8192 bytes back
Round trip time was 8.67363 milliseconds in repetition 411
tcp_ping received 8192 bytes back
Round trip time was 5.87788 milliseconds in repetition 412
tcp_ping received 8192 bytes back
Round trip time was 7.82326 milliseconds in repetition 413
tcp_ping received 8192 bytes back
Round trip time was 907.059 milliseconds in repetition 414
tcp_ping received 8192 bytes back
Round trip time was 7.08615 milliseconds in repetition 415
tcp_ping received 8192 bytes back
Round trip time was 6.89543 milliseconds in repetition 416
tcp_ping received 8192 bytes back
Round trip time was 7.51161 milliseconds in repetition 417
tcp_ping received 8192 bytes back
Round trip time was 8.27309 milliseconds in repetition 418
tcp_ping received 8192 bytes back
Round trip time was 8.26153 milliseconds in repetition 419
tcp_ping received 8192 bytes back
Round trip time was 2.44019 milliseconds in repetition 420
tcp_ping received 8192 bytes back
Round trip time was 2.40146 milliseconds in repetition 421
tcp_ping received 8192 bytes back
Round trip time was 9.26514 milliseconds in repetition 422
tcp_ping received 8192 bytes back
Round trip time was 6.19453 milliseconds in repetition 423
tcp_ping received 8192 bytes back
Round trip time was 2.50929 milliseconds in repetition 424
tcp_ping received 8192 bytes back
Round trip time was 8.59176 milliseconds in repetition 425
tcp_ping received 8192 bytes back
Round trip time was 6.07149 milliseconds in repetition 426
tcp_ping received 8192 bytes back
Round trip time was 8.72798 milliseconds in repetition 427
tcp_ping received 8192 bytes back
Round trip time was 8.67252 milliseconds in repetition 428
tcp_ping received 8192 bytes back
Round trip time was 902.576 milliseconds in repetition 429
tcp_ping received 8192 bytes back
Round trip time was 9.0076 milliseconds in repetition 430
tcp_ping received 8192 bytes back
Round trip time was 7.0434 milliseconds in repetition 431
tcp_ping received 8192 bytes back
Round trip time was 8.43493 milliseconds in repetition 432
tcp_ping received 8192 bytes back
Round trip time was 8.47482 milliseconds in repetition 433
tcp_ping received 8192 bytes back
Round trip time was 7.93578 milliseconds in repetition 434
tcp_ping received 8192 bytes back
Round trip time was 2.42338 milliseconds in repetition 435
tcp_ping received 8192 bytes back
Round trip time was 2.45935 milliseconds in repetition 436
tcp_ping received 8192 bytes back
Round trip time was 7.92147 milliseconds in repetition 437
tcp_ping received 8192 bytes back
Round trip time was 2.40766 milliseconds in repetition 438
tcp_ping received 8192 bytes back
Round trip time was 7.28101 milliseconds in repetition 439
tcp_ping received 8192 bytes back
Round trip time was 8.01447 milliseconds in repetition 440
tcp_ping received 8192 bytes back
Round trip time was 8.65761 milliseconds in repetition 441
tcp_ping received 8192 bytes back
Round trip time was 2.43041 milliseconds in repetition 442
tcp_ping received 8192 bytes back
Round trip time was 8.42223 milliseconds in repetition 443
tcp_ping received 8192 bytes back
Round trip time was 6.95364 milliseconds in repetition 444
tcp_ping received 8192 bytes back
Round trip time was 908.57 milliseconds in repetition 445
tcp_ping received 8192 bytes back
Round trip time was 9.26597 milliseconds in repetition 446
tcp_ping received 8192 bytes back
Round trip time was 8.4927 milliseconds in repetition 447
tcp_ping received 8192 bytes back
Round trip time was 2.43504 milliseconds in repetition 448
tcp_ping received 8192 bytes back
Round trip time was 7.87624 milliseconds in repetition 449
tcp_ping received 8192 bytes back
Round trip time was 4.95597 milliseconds in repetition 450
tcp_ping received 8192 bytes back
Round trip time was 6.09311 milliseconds in repetition 451
tcp_ping received 8192 bytes back
Round trip time was 7.5578 milliseconds in repetition 452
tcp_ping received 8192 bytes back
Round trip time was 8.70234 milliseconds in repetition 453
tcp_ping received 8192 bytes back
Round trip time was 8.69029 milliseconds in repetition 454
tcp_ping received 8192 bytes back
Round trip time was 8.67877 milliseconds in repetition 455
tcp_ping received 8192 bytes back
Round trip time was 2.40459 milliseconds in repetition 456
tcp_ping received 8192 bytes back
Round trip time was 8.32002 milliseconds in repetition 457
tcp_ping received 8192 bytes back
Round trip time was 7.29255 milliseconds in repetition 458
tcp_ping received 8192 bytes back
Round trip time was 908.709 milliseconds in repetition 459
tcp_ping received 8192 bytes back
Round trip time was 8.3501 milliseconds in repetition 460
tcp_ping received 8192 bytes back
Round trip time was 6.55509 milliseconds in repetition 461
tcp_ping received 8192 bytes back
Round trip time was 6.86025 milliseconds in repetition 462
tcp_ping received 8192 bytes back
Round trip time was 5.89733 milliseconds in repetition 463
tcp_ping received 8192 bytes back
Round trip time was 6.65673 milliseconds in repetition 464
tcp_ping received 8192 bytes back
Round trip time was 2.40678 milliseconds in repetition 465
tcp_ping received 8192 bytes back
Round trip time was 5.97599 milliseconds in repetition 466
tcp_ping received 8192 bytes back
Round trip time was 7.99142 milliseconds in repetition 467
tcp_ping received 8192 bytes back
Round trip time was 6.36661 milliseconds in repetition 468
tcp_ping received 8192 bytes back
Round trip time was 8.62927 milliseconds in repetition 469
tcp_ping received 8192 bytes back
Round trip time was 7.52106 milliseconds in repetition 470
tcp_ping received 8192 bytes back
Round trip time was 6.72063 milliseconds in repetition 471
tcp_ping received 8192 bytes back
Round trip time was 8.51597 milliseconds in repetition 472
tcp_ping received 8192 bytes back
Round trip time was 908.626 milliseconds in repetition 473
tcp_ping received 8192 bytes back
Round trip time was 2.46181 milliseconds in repetition 474
tcp_ping received 8192 bytes back
Round trip time was 7.93108 milliseconds in repetition 475
tcp_ping received 8192 bytes back
Round trip time was 7.25673 milliseconds in repetition 476
tcp_ping received 8192 bytes back
Round trip time was 2.63487 milliseconds in repetition 477
tcp_ping received 8192 bytes back
Round trip time was 6.97849 milliseconds in repetition 478
tcp_ping received 8192 bytes back
Round trip time was 6.49303 milliseconds in repetition 479
tcp_ping received 8192 bytes back
Round trip time was 6.68615 milliseconds in repetition 480
tcp_ping received 8192 bytes back
Round trip time was 7.0478 milliseconds in repetition 481
tcp_ping received 8192 bytes back
Round trip time was 8.75599 milliseconds in repetition 482
tcp_ping received 8192 bytes back
Round trip time was 6.91639 milliseconds in repetition 483
tcp_ping received 8192 bytes back
Round trip time was 8.37366 milliseconds in repetition 484
tcp_ping received 8192 bytes back
Round trip time was 8.29229 milliseconds in repetition 485
tcp_ping received 8192 bytes back
Round trip time was 8.09662 milliseconds in repetition 486
tcp_ping received 8192 bytes back
Round trip time was 8.09027 milliseconds in repetition 487
tcp_ping received 8192 bytes back
Round trip time was 908.734 milliseconds in repetition 488
tcp_ping received 8192 bytes back
Round trip time was 8.67496 milliseconds in repetition 489
tcp_ping received 8192 bytes back
Round trip time was 9.12679 milliseconds in repetition 490
tcp_ping received 8192 bytes back
Round trip time was 7.55414 milliseconds in repetition 491
tcp_ping received 8192 bytes back
Round trip time was 7.83689 milliseconds in repetition 492
tcp_ping received 8192 bytes back
Round trip time was 9.13372 milliseconds in repetition 493
tcp_ping received 8192 bytes back
Round trip time was 7.00249 milliseconds in repetition 494
tcp_ping received 8192 bytes back
Round trip time was 6.79869 milliseconds in repetition 495
tcp_ping received 8192 bytes back
Round trip time was 5.73491 milliseconds in repetition 496
tcp_ping received 8192 bytes back
Round trip time was 5.60579 milliseconds in repetition 497
tcp_ping received 8192 bytes back
Round trip time was 5.87113 milliseconds in repetition 498
tcp_ping received 8192 bytes back
Round trip time was 6.29514 milliseconds in repetition 499
tcp_ping received 8192 bytes back
Round trip time was 8.42926 milliseconds in repetition 500
tcp_ping received 8192 bytes back
Round trip time was 906.947 milliseconds in repetition 501

 ... clock resolution was 1e-07
TCP Ping:  Statistics over 501 repetitions of 8192 byte messages

RTT : percentile 10: 2.50929, median: 7.5503, percentile 90: 9.16382, average: 69.7492, variance: 52804

RTT histogram:
2.3768 466
47.721 0
93.0653 0
138.409 0
183.754 0
229.098 0
274.442 0
319.786 0
365.131 0
410.475 0
455.819 0
501.163 0
546.508 0
591.852 0
637.196 0
682.54 0
727.884 0
773.229 0
818.573 0
863.917 0
909.261 35

   median Throughput : 2169.98 KB/s   overall Throughput : 234.899 KB/s

