TCP Ping trying to connect to server seti.dibris.unige.it (130.251.61.30) on port 1491
 ... connected to Pong server: asking for 501 repetitions of 196608 bytes TCP messages
 ... Pong server agreed :-)
tcp_ping received 196608 bytes back
Round trip time was 922.164 milliseconds in repetition 1
tcp_ping received 196608 bytes back
Round trip time was 11.9303 milliseconds in repetition 2
tcp_ping received 196608 bytes back
Round trip time was 8.64244 milliseconds in repetition 3
tcp_ping received 196608 bytes back
Round trip time was 5.4859 milliseconds in repetition 4
tcp_ping received 196608 bytes back
Round trip time was 7.72885 milliseconds in repetition 5
tcp_ping received 196608 bytes back
Round trip time was 7.41726 milliseconds in repetition 6
tcp_ping received 196608 bytes back
Round trip time was 16.052 milliseconds in repetition 7
tcp_ping received 196608 bytes back
Round trip time was 7.52228 milliseconds in repetition 8
tcp_ping received 196608 bytes back
Round trip time was 10.1375 milliseconds in repetition 9
tcp_ping received 196608 bytes back
Round trip time was 11.8377 milliseconds in repetition 10
tcp_ping received 196608 bytes back
Round trip time was 913.48 milliseconds in repetition 11
tcp_ping received 196608 bytes back
Round trip time was 11.4494 milliseconds in repetition 12
tcp_ping received 196608 bytes back
Round trip time was 8.08813 milliseconds in repetition 13
tcp_ping received 196608 bytes back
Round trip time was 6.84784 milliseconds in repetition 14
tcp_ping received 196608 bytes back
Round trip time was 10.3263 milliseconds in repetition 15
tcp_ping received 196608 bytes back
Round trip time was 9.92465 milliseconds in repetition 16
tcp_ping received 196608 bytes back
Round trip time was 13.5574 milliseconds in repetition 17
tcp_ping received 196608 bytes back
Round trip time was 7.87459 milliseconds in repetition 18
tcp_ping received 196608 bytes back
Round trip time was 8.41296 milliseconds in repetition 19
tcp_ping received 196608 bytes back
Round trip time was 9.06281 milliseconds in repetition 20
tcp_ping received 196608 bytes back
Round trip time was 908.115 milliseconds in repetition 21
tcp_ping received 196608 bytes back
Round trip time was 8.3826 milliseconds in repetition 22
tcp_ping received 196608 bytes back
Round trip time was 7.95756 milliseconds in repetition 23
tcp_ping received 196608 bytes back
Round trip time was 16.0675 milliseconds in repetition 24
tcp_ping received 196608 bytes back
Round trip time was 13.7506 milliseconds in repetition 25
tcp_ping received 196608 bytes back
Round trip time was 10.2269 milliseconds in repetition 26
tcp_ping received 196608 bytes back
Round trip time was 8.79216 milliseconds in repetition 27
tcp_ping received 196608 bytes back
Round trip time was 7.02683 milliseconds in repetition 28
tcp_ping received 196608 bytes back
Round trip time was 9.24755 milliseconds in repetition 29
tcp_ping received 196608 bytes back
Round trip time was 10.2749 milliseconds in repetition 30
tcp_ping received 196608 bytes back
Round trip time was 912.786 milliseconds in repetition 31
tcp_ping received 196608 bytes back
Round trip time was 9.93642 milliseconds in repetition 32
tcp_ping received 196608 bytes back
Round trip time was 6.64162 milliseconds in repetition 33
tcp_ping received 196608 bytes back
Round trip time was 14.1045 milliseconds in repetition 34
tcp_ping received 196608 bytes back
Round trip time was 6.7637 milliseconds in repetition 35
tcp_ping received 196608 bytes back
Round trip time was 6.45562 milliseconds in repetition 36
tcp_ping received 196608 bytes back
Round trip time was 13.2101 milliseconds in repetition 37
tcp_ping received 196608 bytes back
Round trip time was 9.17929 milliseconds in repetition 38
tcp_ping received 196608 bytes back
Round trip time was 10.0656 milliseconds in repetition 39
tcp_ping received 196608 bytes back
Round trip time was 915.963 milliseconds in repetition 40
tcp_ping received 196608 bytes back
Round trip time was 14.7512 milliseconds in repetition 41
tcp_ping received 196608 bytes back
Round trip time was 9.01438 milliseconds in repetition 42
tcp_ping received 196608 bytes back
Round trip time was 7.78334 milliseconds in repetition 43
tcp_ping received 196608 bytes back
Round trip time was 6.62911 milliseconds in repetition 44
tcp_ping received 196608 bytes back
Round trip time was 7.34455 milliseconds in repetition 45
tcp_ping received 196608 bytes back
Round trip time was 7.74015 milliseconds in repetition 46
tcp_ping received 196608 bytes back
Round trip time was 12.3244 milliseconds in repetition 47
tcp_ping received 196608 bytes back
Round trip time was 7.01215 milliseconds in repetition 48
tcp_ping received 196608 bytes back
Round trip time was 10.8324 milliseconds in repetition 49
tcp_ping received 196608 bytes back
Round trip time was 8.23483 milliseconds in repetition 50
tcp_ping received 196608 bytes back
Round trip time was 907.551 milliseconds in repetition 51
tcp_ping received 196608 bytes back
Round trip time was 17.3312 milliseconds in repetition 52
tcp_ping received 196608 bytes back
Round trip time was 13.3068 milliseconds in repetition 53
tcp_ping received 196608 bytes back
Round trip time was 10.4698 milliseconds in repetition 54
tcp_ping received 196608 bytes back
Round trip time was 7.694 milliseconds in repetition 55
tcp_ping received 196608 bytes back
Round trip time was 9.16748 milliseconds in repetition 56
tcp_ping received 196608 bytes back
Round trip time was 7.16265 milliseconds in repetition 57
tcp_ping received 196608 bytes back
Round trip time was 12.3213 milliseconds in repetition 58
tcp_ping received 196608 bytes back
Round trip time was 9.09157 milliseconds in repetition 59
tcp_ping received 196608 bytes back
Round trip time was 9.26411 milliseconds in repetition 60
tcp_ping received 196608 bytes back
Round trip time was 908.43 milliseconds in repetition 61
tcp_ping received 196608 bytes back
Round trip time was 11.9881 milliseconds in repetition 62
tcp_ping received 196608 bytes back
Round trip time was 9.39443 milliseconds in repetition 63
tcp_ping received 196608 bytes back
Round trip time was 14.3231 milliseconds in repetition 64
tcp_ping received 196608 bytes back
Round trip time was 9.42375 milliseconds in repetition 65
tcp_ping received 196608 bytes back
Round trip time was 12.6898 milliseconds in repetition 66
tcp_ping received 196608 bytes back
Round trip time was 14.7636 milliseconds in repetition 67
tcp_ping received 196608 bytes back
Round trip time was 9.34087 milliseconds in repetition 68
tcp_ping received 196608 bytes back
Round trip time was 9.12268 milliseconds in repetition 69
tcp_ping received 196608 bytes back
Round trip time was 912.605 milliseconds in repetition 70
tcp_ping received 196608 bytes back
Round trip time was 12.2298 milliseconds in repetition 71
tcp_ping received 196608 bytes back
Round trip time was 6.66075 milliseconds in repetition 72
tcp_ping received 196608 bytes back
Round trip time was 8.47432 milliseconds in repetition 73
tcp_ping received 196608 bytes back
Round trip time was 7.31668 milliseconds in repetition 74
tcp_ping received 196608 bytes back
Round trip time was 7.49196 milliseconds in repetition 75
tcp_ping received 196608 bytes back
Round trip time was 7.51588 milliseconds in repetition 76
tcp_ping received 196608 bytes back
Round trip time was 7.12717 milliseconds in repetition 77
tcp_ping received 196608 bytes back
Round trip time was 12.9454 milliseconds in repetition 78
tcp_ping received 196608 bytes back
Round trip time was 8.41709 milliseconds in repetition 79
tcp_ping received 196608 bytes back
Round trip time was 9.08296 milliseconds in repetition 80
tcp_ping received 196608 bytes back
Round trip time was 909.113 milliseconds in repetition 81
tcp_ping received 196608 bytes back
Round trip time was 16.2534 milliseconds in repetition 82
tcp_ping received 196608 bytes back
Round trip time was 9.16419 milliseconds in repetition 83
tcp_ping received 196608 bytes back
Round trip time was 8.79075 milliseconds in repetition 84
tcp_ping received 196608 bytes back
Round trip time was 9.54247 milliseconds in repetition 85
tcp_ping received 196608 bytes back
Round trip time was 11.8358 milliseconds in repetition 86
tcp_ping received 196608 bytes back
Round trip time was 11.3293 milliseconds in repetition 87
tcp_ping received 196608 bytes back
Round trip time was 6.6751 milliseconds in repetition 88
tcp_ping received 196608 bytes back
Round trip time was 7.30084 milliseconds in repetition 89
tcp_ping received 196608 bytes back
Round trip time was 7.46685 milliseconds in repetition 90
tcp_ping received 196608 bytes back
Round trip time was 907.435 milliseconds in repetition 91
tcp_ping received 196608 bytes back
Round trip time was 10.6764 milliseconds in repetition 92
tcp_ping received 196608 bytes back
Round trip time was 19.5052 milliseconds in repetition 93
tcp_ping received 196608 bytes back
Round trip time was 8.29843 milliseconds in repetition 94
tcp_ping received 196608 bytes back
Round trip time was 8.47727 milliseconds in repetition 95
tcp_ping received 196608 bytes back
Round trip time was 15.4993 milliseconds in repetition 96
tcp_ping received 196608 bytes back
Round trip time was 8.61409 milliseconds in repetition 97
tcp_ping received 196608 bytes back
Round trip time was 7.59242 milliseconds in repetition 98
tcp_ping received 196608 bytes back
Round trip time was 920.793 milliseconds in repetition 99
tcp_ping received 196608 bytes back
Round trip time was 8.81947 milliseconds in repetition 100
tcp_ping received 196608 bytes back
Round trip time was 6.15331 milliseconds in repetition 101
tcp_ping received 196608 bytes back
Round trip time was 7.42205 milliseconds in repetition 102
tcp_ping received 196608 bytes back
Round trip time was 11.1801 milliseconds in repetition 103
tcp_ping received 196608 bytes back
Round trip time was 8.48589 milliseconds in repetition 104
tcp_ping received 196608 bytes back
Round trip time was 9.31313 milliseconds in repetition 105
tcp_ping received 196608 bytes back
Round trip time was 9.72091 milliseconds in repetition 106
tcp_ping received 196608 bytes back
Round trip time was 12.3587 milliseconds in repetition 107
tcp_ping received 196608 bytes back
Round trip time was 8.38502 milliseconds in repetition 108
tcp_ping received 196608 bytes back
Round trip time was 12.2825 milliseconds in repetition 109
tcp_ping received 196608 bytes back
Round trip time was 909.777 milliseconds in repetition 110
tcp_ping received 196608 bytes back
Round trip time was 6.06341 milliseconds in repetition 111
tcp_ping received 196608 bytes back
Round trip time was 10.5948 milliseconds in repetition 112
tcp_ping received 196608 bytes back
Round trip time was 9.0631 milliseconds in repetition 113
tcp_ping received 196608 bytes back
Round trip time was 7.46119 milliseconds in repetition 114
tcp_ping received 196608 bytes back
Round trip time was 8.59997 milliseconds in repetition 115
tcp_ping received 196608 bytes back
Round trip time was 6.38935 milliseconds in repetition 116
tcp_ping received 196608 bytes back
Round trip time was 13.4137 milliseconds in repetition 117
tcp_ping received 196608 bytes back
Round trip time was 13.1123 milliseconds in repetition 118
tcp_ping received 196608 bytes back
Round trip time was 7.46612 milliseconds in repetition 119
tcp_ping received 196608 bytes back
Round trip time was 7.40774 milliseconds in repetition 120
tcp_ping received 196608 bytes back
Round trip time was 910.046 milliseconds in repetition 121
tcp_ping received 196608 bytes back
Round trip time was 14.2325 milliseconds in repetition 122
tcp_ping received 196608 bytes back
Round trip time was 11.8873 milliseconds in repetition 123
tcp_ping received 196608 bytes back
Round trip time was 8.04564 milliseconds in repetition 124
tcp_ping received 196608 bytes back
Round trip time was 9.06124 milliseconds in repetition 125
tcp_ping received 196608 bytes back
Round trip time was 9.25751 milliseconds in repetition 126
tcp_ping received 196608 bytes back
Round trip time was 8.17159 milliseconds in repetition 127
tcp_ping received 196608 bytes back
Round trip time was 12.2925 milliseconds in repetition 128
tcp_ping received 196608 bytes back
Round trip time was 7.93103 milliseconds in repetition 129
tcp_ping received 196608 bytes back
Round trip time was 8.1062 milliseconds in repetition 130
tcp_ping received 196608 bytes back
Round trip time was 916.64 milliseconds in repetition 131
tcp_ping received 196608 bytes back
Round trip time was 8.4285 milliseconds in repetition 132
tcp_ping received 196608 bytes back
Round trip time was 15.127 milliseconds in repetition 133
tcp_ping received 196608 bytes back
Round trip time was 13.1254 milliseconds in repetition 134
tcp_ping received 196608 bytes back
Round trip time was 10.2289 milliseconds in repetition 135
tcp_ping received 196608 bytes back
Round trip time was 11.0205 milliseconds in repetition 136
tcp_ping received 196608 bytes back
Round trip time was 9.66024 milliseconds in repetition 137
tcp_ping received 196608 bytes back
Round trip time was 7.19348 milliseconds in repetition 138
tcp_ping received 196608 bytes back
Round trip time was 14.7796 milliseconds in repetition 139
tcp_ping received 196608 bytes back
Round trip time was 910.329 milliseconds in repetition 140
tcp_ping received 196608 bytes back
Round trip time was 13.686 milliseconds in repetition 141
tcp_ping received 196608 bytes back
Round trip time was 12.4484 milliseconds in repetition 142
tcp_ping received 196608 bytes back
Round trip time was 10.7928 milliseconds in repetition 143
tcp_ping received 196608 bytes back
Round trip time was 9.65838 milliseconds in repetition 144
tcp_ping received 196608 bytes back
Round trip time was 9.00002 milliseconds in repetition 145
tcp_ping received 196608 bytes back
Round trip time was 17.6182 milliseconds in repetition 146
tcp_ping received 196608 bytes back
Round trip time was 14.4001 milliseconds in repetition 147
tcp_ping received 196608 bytes back
Round trip time was 908.512 milliseconds in repetition 148
tcp_ping received 196608 bytes back
Round trip time was 9.02977 milliseconds in repetition 149
tcp_ping received 196608 bytes back
Round trip time was 6.24281 milliseconds in repetition 150
tcp_ping received 196608 bytes back
Round trip time was 6.39573 milliseconds in repetition 151
tcp_ping received 196608 bytes back
Round trip time was 7.68584 milliseconds in repetition 152
tcp_ping received 196608 bytes back
Round trip time was 10.9191 milliseconds in repetition 153
tcp_ping received 196608 bytes back
Round trip time was 9.3961 milliseconds in repetition 154
tcp_ping received 196608 bytes back
Round trip time was 8.97983 milliseconds in repetition 155
tcp_ping received 196608 bytes back
Round trip time was 11.5945 milliseconds in repetition 156
tcp_ping received 196608 bytes back
Round trip time was 7.02967 milliseconds in repetition 157
tcp_ping received 196608 bytes back
Round trip time was 11.0623 milliseconds in repetition 158
tcp_ping received 196608 bytes back
Round trip time was 910.939 milliseconds in repetition 159
tcp_ping received 196608 bytes back
Round trip time was 9.79119 milliseconds in repetition 160
tcp_ping received 196608 bytes back
Round trip time was 11.7212 milliseconds in repetition 161
tcp_ping received 196608 bytes back
Round trip time was 18.741 milliseconds in repetition 162
tcp_ping received 196608 bytes back
Round trip time was 8.12635 milliseconds in repetition 163
tcp_ping received 196608 bytes back
Round trip time was 9.79582 milliseconds in repetition 164
tcp_ping received 196608 bytes back
Round trip time was 11.0619 milliseconds in repetition 165
tcp_ping received 196608 bytes back
Round trip time was 10.6364 milliseconds in repetition 166
tcp_ping received 196608 bytes back
Round trip time was 12.1475 milliseconds in repetition 167
tcp_ping received 196608 bytes back
Round trip time was 908.297 milliseconds in repetition 168
tcp_ping received 196608 bytes back
Round trip time was 8.25696 milliseconds in repetition 169
tcp_ping received 196608 bytes back
Round trip time was 10.8255 milliseconds in repetition 170
tcp_ping received 196608 bytes back
Round trip time was 12.7407 milliseconds in repetition 171
tcp_ping received 196608 bytes back
Round trip time was 15.4697 milliseconds in repetition 172
tcp_ping received 196608 bytes back
Round trip time was 7.59689 milliseconds in repetition 173
tcp_ping received 196608 bytes back
Round trip time was 7.58346 milliseconds in repetition 174
tcp_ping received 196608 bytes back
Round trip time was 6.12724 milliseconds in repetition 175
tcp_ping received 196608 bytes back
Round trip time was 12.8368 milliseconds in repetition 176
tcp_ping received 196608 bytes back
Round trip time was 7.58674 milliseconds in repetition 177
tcp_ping received 196608 bytes back
Round trip time was 910.514 milliseconds in repetition 178
tcp_ping received 196608 bytes back
Round trip time was 9.78445 milliseconds in repetition 179
tcp_ping received 196608 bytes back
Round trip time was 7.53018 milliseconds in repetition 180
tcp_ping received 196608 bytes back
Round trip time was 7.26342 milliseconds in repetition 181
tcp_ping received 196608 bytes back
Round trip time was 13.7646 milliseconds in repetition 182
tcp_ping received 196608 bytes back
Round trip time was 9.1053 milliseconds in repetition 183
tcp_ping received 196608 bytes back
Round trip time was 10.5742 milliseconds in repetition 184
tcp_ping received 196608 bytes back
Round trip time was 16.8241 milliseconds in repetition 185
tcp_ping received 196608 bytes back
Round trip time was 11.7817 milliseconds in repetition 186
tcp_ping received 196608 bytes back
Round trip time was 913.577 milliseconds in repetition 187
tcp_ping received 196608 bytes back
Round trip time was 6.33086 milliseconds in repetition 188
tcp_ping received 196608 bytes back
Round trip time was 9.49927 milliseconds in repetition 189
tcp_ping received 196608 bytes back
Round trip time was 11.3597 milliseconds in repetition 190
tcp_ping received 196608 bytes back
Round trip time was 9.64344 milliseconds in repetition 191
tcp_ping received 196608 bytes back
Round trip time was 7.87204 milliseconds in repetition 192
tcp_ping received 196608 bytes back
Round trip time was 14.4458 milliseconds in repetition 193
tcp_ping received 196608 bytes back
Round trip time was 10.4776 milliseconds in repetition 194
tcp_ping received 196608 bytes back
Round trip time was 6.35468 milliseconds in repetition 195
tcp_ping received 196608 bytes back
Round trip time was 6.55379 milliseconds in repetition 196
tcp_ping received 196608 bytes back
Round trip time was 9.16384 milliseconds in repetition 197
tcp_ping received 196608 bytes back
Round trip time was 907.847 milliseconds in repetition 198
tcp_ping received 196608 bytes back
Round trip time was 7.98686 milliseconds in repetition 199
tcp_ping received 196608 bytes back
Round trip time was 8.84922 milliseconds in repetition 200
tcp_ping received 196608 bytes back
Round trip time was 9.0915 milliseconds in repetition 201
tcp_ping received 196608 bytes back
Round trip time was 8.64554 milliseconds in repetition 202
tcp_ping received 196608 bytes back
Round trip time was 7.89911 milliseconds in repetition 203
tcp_ping received 196608 bytes back
Round trip time was 9.25104 milliseconds in repetition 204
tcp_ping received 196608 bytes back
Round trip time was 7.91209 milliseconds in repetition 205
tcp_ping received 196608 bytes back
Round trip time was 8.17809 milliseconds in repetition 206
tcp_ping received 196608 bytes back
Round trip time was 7.91339 milliseconds in repetition 207
tcp_ping received 196608 bytes back
Round trip time was 8.93204 milliseconds in repetition 208
tcp_ping received 196608 bytes back
Round trip time was 911.891 milliseconds in repetition 209
tcp_ping received 196608 bytes back
Round trip time was 13.5675 milliseconds in repetition 210
tcp_ping received 196608 bytes back
Round trip time was 10.6485 milliseconds in repetition 211
tcp_ping received 196608 bytes back
Round trip time was 12.1937 milliseconds in repetition 212
tcp_ping received 196608 bytes back
Round trip time was 8.06746 milliseconds in repetition 213
tcp_ping received 196608 bytes back
Round trip time was 11.0296 milliseconds in repetition 214
tcp_ping received 196608 bytes back
Round trip time was 12.5944 milliseconds in repetition 215
tcp_ping received 196608 bytes back
Round trip time was 7.85643 milliseconds in repetition 216
tcp_ping received 196608 bytes back
Round trip time was 5.96908 milliseconds in repetition 217
tcp_ping received 196608 bytes back
Round trip time was 8.14416 milliseconds in repetition 218
tcp_ping received 196608 bytes back
Round trip time was 908.64 milliseconds in repetition 219
tcp_ping received 196608 bytes back
Round trip time was 7.53095 milliseconds in repetition 220
tcp_ping received 196608 bytes back
Round trip time was 12.5946 milliseconds in repetition 221
tcp_ping received 196608 bytes back
Round trip time was 7.70321 milliseconds in repetition 222
tcp_ping received 196608 bytes back
Round trip time was 8.10992 milliseconds in repetition 223
tcp_ping received 196608 bytes back
Round trip time was 13.149 milliseconds in repetition 224
tcp_ping received 196608 bytes back
Round trip time was 15.1045 milliseconds in repetition 225
tcp_ping received 196608 bytes back
Round trip time was 7.72527 milliseconds in repetition 226
tcp_ping received 196608 bytes back
Round trip time was 7.69645 milliseconds in repetition 227
tcp_ping received 196608 bytes back
Round trip time was 6.5198 milliseconds in repetition 228
tcp_ping received 196608 bytes back
Round trip time was 915.169 milliseconds in repetition 229
tcp_ping received 196608 bytes back
Round trip time was 6.56559 milliseconds in repetition 230
tcp_ping received 196608 bytes back
Round trip time was 14.572 milliseconds in repetition 231
tcp_ping received 196608 bytes back
Round trip time was 14.2401 milliseconds in repetition 232
tcp_ping received 196608 bytes back
Round trip time was 9.11292 milliseconds in repetition 233
tcp_ping received 196608 bytes back
Round trip time was 7.81195 milliseconds in repetition 234
tcp_ping received 196608 bytes back
Round trip time was 11.9929 milliseconds in repetition 235
tcp_ping received 196608 bytes back
Round trip time was 14.4885 milliseconds in repetition 236
tcp_ping received 196608 bytes back
Round trip time was 7.79121 milliseconds in repetition 237
tcp_ping received 196608 bytes back
Round trip time was 913.327 milliseconds in repetition 238
tcp_ping received 196608 bytes back
Round trip time was 13.0134 milliseconds in repetition 239
tcp_ping received 196608 bytes back
Round trip time was 10.3317 milliseconds in repetition 240
tcp_ping received 196608 bytes back
Round trip time was 9.18549 milliseconds in repetition 241
tcp_ping received 196608 bytes back
Round trip time was 9.25113 milliseconds in repetition 242
tcp_ping received 196608 bytes back
Round trip time was 10.3064 milliseconds in repetition 243
tcp_ping received 196608 bytes back
Round trip time was 9.49151 milliseconds in repetition 244
tcp_ping received 196608 bytes back
Round trip time was 14.2991 milliseconds in repetition 245
tcp_ping received 196608 bytes back
Round trip time was 7.79874 milliseconds in repetition 246
tcp_ping received 196608 bytes back
Round trip time was 8.89323 milliseconds in repetition 247
tcp_ping received 196608 bytes back
Round trip time was 910.744 milliseconds in repetition 248
tcp_ping received 196608 bytes back
Round trip time was 6.66113 milliseconds in repetition 249
tcp_ping received 196608 bytes back
Round trip time was 14.5405 milliseconds in repetition 250
tcp_ping received 196608 bytes back
Round trip time was 13.9529 milliseconds in repetition 251
tcp_ping received 196608 bytes back
Round trip time was 11.5734 milliseconds in repetition 252
tcp_ping received 196608 bytes back
Round trip time was 9.54217 milliseconds in repetition 253
tcp_ping received 196608 bytes back
Round trip time was 6.75656 milliseconds in repetition 254
tcp_ping received 196608 bytes back
Round trip time was 11.6419 milliseconds in repetition 255
tcp_ping received 196608 bytes back
Round trip time was 6.98312 milliseconds in repetition 256
tcp_ping received 196608 bytes back
Round trip time was 9.98438 milliseconds in repetition 257
tcp_ping received 196608 bytes back
Round trip time was 914.205 milliseconds in repetition 258
tcp_ping received 196608 bytes back
Round trip time was 9.23451 milliseconds in repetition 259
tcp_ping received 196608 bytes back
Round trip time was 6.90634 milliseconds in repetition 260
tcp_ping received 196608 bytes back
Round trip time was 7.80162 milliseconds in repetition 261
tcp_ping received 196608 bytes back
Round trip time was 18.018 milliseconds in repetition 262
tcp_ping received 196608 bytes back
Round trip time was 15.1933 milliseconds in repetition 263
tcp_ping received 196608 bytes back
Round trip time was 12.9396 milliseconds in repetition 264
tcp_ping received 196608 bytes back
Round trip time was 10.2854 milliseconds in repetition 265
tcp_ping received 196608 bytes back
Round trip time was 7.36294 milliseconds in repetition 266
tcp_ping received 196608 bytes back
Round trip time was 908.227 milliseconds in repetition 267
tcp_ping received 196608 bytes back
Round trip time was 7.9801 milliseconds in repetition 268
tcp_ping received 196608 bytes back
Round trip time was 6.60155 milliseconds in repetition 269
tcp_ping received 196608 bytes back
Round trip time was 7.00026 milliseconds in repetition 270
tcp_ping received 196608 bytes back
Round trip time was 8.24839 milliseconds in repetition 271
tcp_ping received 196608 bytes back
Round trip time was 6.2883 milliseconds in repetition 272
tcp_ping received 196608 bytes back
Round trip time was 9.65367 milliseconds in repetition 273
tcp_ping received 196608 bytes back
Round trip time was 10.9639 milliseconds in repetition 274
tcp_ping received 196608 bytes back
Round trip time was 11.4515 milliseconds in repetition 275
tcp_ping received 196608 bytes back
Round trip time was 7.53001 milliseconds in repetition 276
tcp_ping received 196608 bytes back
Round trip time was 7.72836 milliseconds in repetition 277
tcp_ping received 196608 bytes back
Round trip time was 7.42195 milliseconds in repetition 278
tcp_ping received 196608 bytes back
Round trip time was 909.026 milliseconds in repetition 279
tcp_ping received 196608 bytes back
Round trip time was 9.07805 milliseconds in repetition 280
tcp_ping received 196608 bytes back
Round trip time was 9.0951 milliseconds in repetition 281
tcp_ping received 196608 bytes back
Round trip time was 19.3561 milliseconds in repetition 282
tcp_ping received 196608 bytes back
Round trip time was 9.13233 milliseconds in repetition 283
tcp_ping received 196608 bytes back
Round trip time was 13.3248 milliseconds in repetition 284
tcp_ping received 196608 bytes back
Round trip time was 7.98484 milliseconds in repetition 285
tcp_ping received 196608 bytes back
Round trip time was 17.4325 milliseconds in repetition 286
tcp_ping received 196608 bytes back
Round trip time was 913.162 milliseconds in repetition 287
tcp_ping received 196608 bytes back
Round trip time was 9.57297 milliseconds in repetition 288
tcp_ping received 196608 bytes back
Round trip time was 12.9633 milliseconds in repetition 289
tcp_ping received 196608 bytes back
Round trip time was 6.35981 milliseconds in repetition 290
tcp_ping received 196608 bytes back
Round trip time was 7.4483 milliseconds in repetition 291
tcp_ping received 196608 bytes back
Round trip time was 16.8235 milliseconds in repetition 292
tcp_ping received 196608 bytes back
Round trip time was 11.8313 milliseconds in repetition 293
tcp_ping received 196608 bytes back
Round trip time was 7.92547 milliseconds in repetition 294
tcp_ping received 196608 bytes back
Round trip time was 9.55501 milliseconds in repetition 295
tcp_ping received 196608 bytes back
Round trip time was 10.4342 milliseconds in repetition 296
tcp_ping received 196608 bytes back
Round trip time was 909.158 milliseconds in repetition 297
tcp_ping received 196608 bytes back
Round trip time was 8.83003 milliseconds in repetition 298
tcp_ping received 196608 bytes back
Round trip time was 9.51332 milliseconds in repetition 299
tcp_ping received 196608 bytes back
Round trip time was 9.31071 milliseconds in repetition 300
tcp_ping received 196608 bytes back
Round trip time was 8.96362 milliseconds in repetition 301
tcp_ping received 196608 bytes back
Round trip time was 8.09878 milliseconds in repetition 302
tcp_ping received 196608 bytes back
Round trip time was 10.327 milliseconds in repetition 303
tcp_ping received 196608 bytes back
Round trip time was 13.0822 milliseconds in repetition 304
tcp_ping received 196608 bytes back
Round trip time was 9.10609 milliseconds in repetition 305
tcp_ping received 196608 bytes back
Round trip time was 8.51964 milliseconds in repetition 306
tcp_ping received 196608 bytes back
Round trip time was 908.846 milliseconds in repetition 307
tcp_ping received 196608 bytes back
Round trip time was 11.6068 milliseconds in repetition 308
tcp_ping received 196608 bytes back
Round trip time was 11.4281 milliseconds in repetition 309
tcp_ping received 196608 bytes back
Round trip time was 8.57808 milliseconds in repetition 310
tcp_ping received 196608 bytes back
Round trip time was 6.34492 milliseconds in repetition 311
tcp_ping received 196608 bytes back
Round trip time was 7.56761 milliseconds in repetition 312
tcp_ping received 196608 bytes back
Round trip time was 8.55353 milliseconds in repetition 313
tcp_ping received 196608 bytes back
Round trip time was 7.98383 milliseconds in repetition 314
tcp_ping received 196608 bytes back
Round trip time was 11.5645 milliseconds in repetition 315
tcp_ping received 196608 bytes back
Round trip time was 7.35848 milliseconds in repetition 316
tcp_ping received 196608 bytes back
Round trip time was 6.69284 milliseconds in repetition 317
tcp_ping received 196608 bytes back
Round trip time was 914.5 milliseconds in repetition 318
tcp_ping received 196608 bytes back
Round trip time was 10.7631 milliseconds in repetition 319
tcp_ping received 196608 bytes back
Round trip time was 12.1314 milliseconds in repetition 320
tcp_ping received 196608 bytes back
Round trip time was 7.97071 milliseconds in repetition 321
tcp_ping received 196608 bytes back
Round trip time was 6.39193 milliseconds in repetition 322
tcp_ping received 196608 bytes back
Round trip time was 8.07348 milliseconds in repetition 323
tcp_ping received 196608 bytes back
Round trip time was 11.4477 milliseconds in repetition 324
tcp_ping received 196608 bytes back
Round trip time was 14.1375 milliseconds in repetition 325
tcp_ping received 196608 bytes back
Round trip time was 10.5046 milliseconds in repetition 326
tcp_ping received 196608 bytes back
Round trip time was 11.3782 milliseconds in repetition 327
tcp_ping received 196608 bytes back
Round trip time was 909.551 milliseconds in repetition 328
tcp_ping received 196608 bytes back
Round trip time was 12.1439 milliseconds in repetition 329
tcp_ping received 196608 bytes back
Round trip time was 8.90749 milliseconds in repetition 330
tcp_ping received 196608 bytes back
Round trip time was 7.52029 milliseconds in repetition 331
tcp_ping received 196608 bytes back
Round trip time was 7.2513 milliseconds in repetition 332
tcp_ping received 196608 bytes back
Round trip time was 7.84646 milliseconds in repetition 333
tcp_ping received 196608 bytes back
Round trip time was 7.38162 milliseconds in repetition 334
tcp_ping received 196608 bytes back
Round trip time was 11.6901 milliseconds in repetition 335
tcp_ping received 196608 bytes back
Round trip time was 17.2579 milliseconds in repetition 336
tcp_ping received 196608 bytes back
Round trip time was 9.34508 milliseconds in repetition 337
tcp_ping received 196608 bytes back
Round trip time was 908.88 milliseconds in repetition 338
tcp_ping received 196608 bytes back
Round trip time was 9.68103 milliseconds in repetition 339
tcp_ping received 196608 bytes back
Round trip time was 9.22879 milliseconds in repetition 340
tcp_ping received 196608 bytes back
Round trip time was 9.41258 milliseconds in repetition 341
tcp_ping received 196608 bytes back
Round trip time was 14.1783 milliseconds in repetition 342
tcp_ping received 196608 bytes back
Round trip time was 8.80505 milliseconds in repetition 343
tcp_ping received 196608 bytes back
Round trip time was 8.3295 milliseconds in repetition 344
tcp_ping received 196608 bytes back
Round trip time was 12.4923 milliseconds in repetition 345
tcp_ping received 196608 bytes back
Round trip time was 7.91282 milliseconds in repetition 346
tcp_ping received 196608 bytes back
Round trip time was 8.73427 milliseconds in repetition 347
tcp_ping received 196608 bytes back
Round trip time was 907.173 milliseconds in repetition 348
tcp_ping received 196608 bytes back
Round trip time was 7.64318 milliseconds in repetition 349
tcp_ping received 196608 bytes back
Round trip time was 7.53084 milliseconds in repetition 350
tcp_ping received 196608 bytes back
Round trip time was 7.76487 milliseconds in repetition 351
tcp_ping received 196608 bytes back
Round trip time was 9.37456 milliseconds in repetition 352
tcp_ping received 196608 bytes back
Round trip time was 12.5852 milliseconds in repetition 353
tcp_ping received 196608 bytes back
Round trip time was 7.64672 milliseconds in repetition 354
tcp_ping received 196608 bytes back
Round trip time was 7.28369 milliseconds in repetition 355
tcp_ping received 196608 bytes back
Round trip time was 10.0404 milliseconds in repetition 356
tcp_ping received 196608 bytes back
Round trip time was 13.403 milliseconds in repetition 357
tcp_ping received 196608 bytes back
Round trip time was 9.28516 milliseconds in repetition 358
tcp_ping received 196608 bytes back
Round trip time was 913.256 milliseconds in repetition 359
tcp_ping received 196608 bytes back
Round trip time was 12.5451 milliseconds in repetition 360
tcp_ping received 196608 bytes back
Round trip time was 7.52306 milliseconds in repetition 361
tcp_ping received 196608 bytes back
Round trip time was 10.6587 milliseconds in repetition 362
tcp_ping received 196608 bytes back
Round trip time was 6.48573 milliseconds in repetition 363
tcp_ping received 196608 bytes back
Round trip time was 7.06506 milliseconds in repetition 364
tcp_ping received 196608 bytes back
Round trip time was 6.50486 milliseconds in repetition 365
tcp_ping received 196608 bytes back
Round trip time was 13.7954 milliseconds in repetition 366
tcp_ping received 196608 bytes back
Round trip time was 7.3314 milliseconds in repetition 367
tcp_ping received 196608 bytes back
Round trip time was 13.8097 milliseconds in repetition 368
tcp_ping received 196608 bytes back
Round trip time was 7.43182 milliseconds in repetition 369
tcp_ping received 196608 bytes back
Round trip time was 907.393 milliseconds in repetition 370
tcp_ping received 196608 bytes back
Round trip time was 11.0096 milliseconds in repetition 371
tcp_ping received 196608 bytes back
Round trip time was 11.4748 milliseconds in repetition 372
tcp_ping received 196608 bytes back
Round trip time was 8.95988 milliseconds in repetition 373
tcp_ping received 196608 bytes back
Round trip time was 8.52431 milliseconds in repetition 374
tcp_ping received 196608 bytes back
Round trip time was 7.7038 milliseconds in repetition 375
tcp_ping received 196608 bytes back
Round trip time was 8.4483 milliseconds in repetition 376
tcp_ping received 196608 bytes back
Round trip time was 8.82555 milliseconds in repetition 377
tcp_ping received 196608 bytes back
Round trip time was 17.7809 milliseconds in repetition 378
tcp_ping received 196608 bytes back
Round trip time was 9.78206 milliseconds in repetition 379
tcp_ping received 196608 bytes back
Round trip time was 908.622 milliseconds in repetition 380
tcp_ping received 196608 bytes back
Round trip time was 15.0684 milliseconds in repetition 381
tcp_ping received 196608 bytes back
Round trip time was 13.1164 milliseconds in repetition 382
tcp_ping received 196608 bytes back
Round trip time was 9.44758 milliseconds in repetition 383
tcp_ping received 196608 bytes back
Round trip time was 8.99305 milliseconds in repetition 384
tcp_ping received 196608 bytes back
Round trip time was 13.8241 milliseconds in repetition 385
tcp_ping received 196608 bytes back
Round trip time was 7.43092 milliseconds in repetition 386
tcp_ping received 196608 bytes back
Round trip time was 7.93835 milliseconds in repetition 387
tcp_ping received 196608 bytes back
Round trip time was 11.3382 milliseconds in repetition 388
tcp_ping received 196608 bytes back
Round trip time was 909.224 milliseconds in repetition 389
tcp_ping received 196608 bytes back
Round trip time was 8.16939 milliseconds in repetition 390
tcp_ping received 196608 bytes back
Round trip time was 10.8989 milliseconds in repetition 391
tcp_ping received 196608 bytes back
Round trip time was 14.9016 milliseconds in repetition 392
tcp_ping received 196608 bytes back
Round trip time was 6.7378 milliseconds in repetition 393
tcp_ping received 196608 bytes back
Round trip time was 11.0383 milliseconds in repetition 394
tcp_ping received 196608 bytes back
Round trip time was 13.726 milliseconds in repetition 395
tcp_ping received 196608 bytes back
Round trip time was 18.8548 milliseconds in repetition 396
tcp_ping received 196608 bytes back
Round trip time was 913.643 milliseconds in repetition 397
tcp_ping received 196608 bytes back
Round trip time was 8.52811 milliseconds in repetition 398
tcp_ping received 196608 bytes back
Round trip time was 8.63968 milliseconds in repetition 399
tcp_ping received 196608 bytes back
Round trip time was 7.56036 milliseconds in repetition 400
tcp_ping received 196608 bytes back
Round trip time was 6.41219 milliseconds in repetition 401
tcp_ping received 196608 bytes back
Round trip time was 16.4683 milliseconds in repetition 402
tcp_ping received 196608 bytes back
Round trip time was 8.17082 milliseconds in repetition 403
tcp_ping received 196608 bytes back
Round trip time was 12.8113 milliseconds in repetition 404
tcp_ping received 196608 bytes back
Round trip time was 9.22624 milliseconds in repetition 405
tcp_ping received 196608 bytes back
Round trip time was 9.47318 milliseconds in repetition 406
tcp_ping received 196608 bytes back
Round trip time was 912.086 milliseconds in repetition 407
tcp_ping received 196608 bytes back
Round trip time was 9.08202 milliseconds in repetition 408
tcp_ping received 196608 bytes back
Round trip time was 8.67249 milliseconds in repetition 409
tcp_ping received 196608 bytes back
Round trip time was 8.45557 milliseconds in repetition 410
tcp_ping received 196608 bytes back
Round trip time was 15.5746 milliseconds in repetition 411
tcp_ping received 196608 bytes back
Round trip time was 6.22422 milliseconds in repetition 412
tcp_ping received 196608 bytes back
Round trip time was 7.35525 milliseconds in repetition 413
tcp_ping received 196608 bytes back
Round trip time was 10.974 milliseconds in repetition 414
tcp_ping received 196608 bytes back
Round trip time was 14.8346 milliseconds in repetition 415
tcp_ping received 196608 bytes back
Round trip time was 10.128 milliseconds in repetition 416
tcp_ping received 196608 bytes back
Round trip time was 915.143 milliseconds in repetition 417
tcp_ping received 196608 bytes back
Round trip time was 12.737 milliseconds in repetition 418
tcp_ping received 196608 bytes back
Round trip time was 9.53285 milliseconds in repetition 419
tcp_ping received 196608 bytes back
Round trip time was 9.05415 milliseconds in repetition 420
tcp_ping received 196608 bytes back
Round trip time was 9.09969 milliseconds in repetition 421
tcp_ping received 196608 bytes back
Round trip time was 8.99703 milliseconds in repetition 422
tcp_ping received 196608 bytes back
Round trip time was 16.7574 milliseconds in repetition 423
tcp_ping received 196608 bytes back
Round trip time was 7.97084 milliseconds in repetition 424
tcp_ping received 196608 bytes back
Round trip time was 13.8653 milliseconds in repetition 425
tcp_ping received 196608 bytes back
Round trip time was 909.135 milliseconds in repetition 426
tcp_ping received 196608 bytes back
Round trip time was 8.32859 milliseconds in repetition 427
tcp_ping received 196608 bytes back
Round trip time was 15.8744 milliseconds in repetition 428
tcp_ping received 196608 bytes back
Round trip time was 6.78371 milliseconds in repetition 429
tcp_ping received 196608 bytes back
Round trip time was 7.47208 milliseconds in repetition 430
tcp_ping received 196608 bytes back
Round trip time was 9.96131 milliseconds in repetition 431
tcp_ping received 196608 bytes back
Round trip time was 16.2528 milliseconds in repetition 432
tcp_ping received 196608 bytes back
Round trip time was 6.82928 milliseconds in repetition 433
tcp_ping received 196608 bytes back
Round trip time was 11.9221 milliseconds in repetition 434
tcp_ping received 196608 bytes back
Round trip time was 911.291 milliseconds in repetition 435
tcp_ping received 196608 bytes back
Round trip time was 7.54514 milliseconds in repetition 436
tcp_ping received 196608 bytes back
Round trip time was 8.04998 milliseconds in repetition 437
tcp_ping received 196608 bytes back
Round trip time was 7.58187 milliseconds in repetition 438
tcp_ping received 196608 bytes back
Round trip time was 13.3182 milliseconds in repetition 439
tcp_ping received 196608 bytes back
Round trip time was 8.46077 milliseconds in repetition 440
tcp_ping received 196608 bytes back
Round trip time was 10.123 milliseconds in repetition 441
tcp_ping received 196608 bytes back
Round trip time was 10.9908 milliseconds in repetition 442
tcp_ping received 196608 bytes back
Round trip time was 15.2874 milliseconds in repetition 443
tcp_ping received 196608 bytes back
Round trip time was 7.10746 milliseconds in repetition 444
tcp_ping received 196608 bytes back
Round trip time was 914.402 milliseconds in repetition 445
tcp_ping received 196608 bytes back
Round trip time was 6.30666 milliseconds in repetition 446
tcp_ping received 196608 bytes back
Round trip time was 12.6061 milliseconds in repetition 447
tcp_ping received 196608 bytes back
Round trip time was 7.91826 milliseconds in repetition 448
tcp_ping received 196608 bytes back
Round trip time was 7.99137 milliseconds in repetition 449
tcp_ping received 196608 bytes back
Round trip time was 8.55205 milliseconds in repetition 450
tcp_ping received 196608 bytes back
Round trip time was 8.701 milliseconds in repetition 451
tcp_ping received 196608 bytes back
Round trip time was 15.1209 milliseconds in repetition 452
tcp_ping received 196608 bytes back
Round trip time was 15.2254 milliseconds in repetition 453
tcp_ping received 196608 bytes back
Round trip time was 916.362 milliseconds in repetition 454
tcp_ping received 196608 bytes back
Round trip time was 18.6252 milliseconds in repetition 455
tcp_ping received 196608 bytes back
Round trip time was 12.6844 milliseconds in repetition 456
tcp_ping received 196608 bytes back
Round trip time was 11.6473 milliseconds in repetition 457
tcp_ping received 196608 bytes back
Round trip time was 12.1708 milliseconds in repetition 458
tcp_ping received 196608 bytes back
Round trip time was 16.7603 milliseconds in repetition 459
tcp_ping received 196608 bytes back
Round trip time was 16.313 milliseconds in repetition 460
tcp_ping received 196608 bytes back
Round trip time was 917.492 milliseconds in repetition 461
tcp_ping received 196608 bytes back
Round trip time was 13.7468 milliseconds in repetition 462
tcp_ping received 196608 bytes back
Round trip time was 11.0723 milliseconds in repetition 463
tcp_ping received 196608 bytes back
Round trip time was 12.0351 milliseconds in repetition 464
tcp_ping received 196608 bytes back
Round trip time was 10.8537 milliseconds in repetition 465
tcp_ping received 196608 bytes back
Round trip time was 18.3056 milliseconds in repetition 466
tcp_ping received 196608 bytes back
Round trip time was 11.0209 milliseconds in repetition 467
tcp_ping received 196608 bytes back
Round trip time was 10.4615 milliseconds in repetition 468
tcp_ping received 196608 bytes back
Round trip time was 914.693 milliseconds in repetition 469
tcp_ping received 196608 bytes back
Round trip time was 8.62119 milliseconds in repetition 470
tcp_ping received 196608 bytes back
Round trip time was 8.07761 milliseconds in repetition 471
tcp_ping received 196608 bytes back
Round trip time was 9.51584 milliseconds in repetition 472
tcp_ping received 196608 bytes back
Round trip time was 9.52997 milliseconds in repetition 473
tcp_ping received 196608 bytes back
Round trip time was 9.20563 milliseconds in repetition 474
tcp_ping received 196608 bytes back
Round trip time was 18.334 milliseconds in repetition 475
tcp_ping received 196608 bytes back
Round trip time was 13.6097 milliseconds in repetition 476
tcp_ping received 196608 bytes back
Round trip time was 9.38679 milliseconds in repetition 477
tcp_ping received 196608 bytes back
Round trip time was 907.641 milliseconds in repetition 478
tcp_ping received 196608 bytes back
Round trip time was 9.19708 milliseconds in repetition 479
tcp_ping received 196608 bytes back
Round trip time was 12.8229 milliseconds in repetition 480
tcp_ping received 196608 bytes back
Round trip time was 12.0943 milliseconds in repetition 481
tcp_ping received 196608 bytes back
Round trip time was 8.03428 milliseconds in repetition 482
tcp_ping received 196608 bytes back
Round trip time was 10.4668 milliseconds in repetition 483
tcp_ping received 196608 bytes back
Round trip time was 9.21366 milliseconds in repetition 484
tcp_ping received 196608 bytes back
Round trip time was 9.18938 milliseconds in repetition 485
tcp_ping received 196608 bytes back
Round trip time was 9.13796 milliseconds in repetition 486
tcp_ping received 196608 bytes back
Round trip time was 10.9075 milliseconds in repetition 487
tcp_ping received 196608 bytes back
Round trip time was 917.446 milliseconds in repetition 488
tcp_ping received 196608 bytes back
Round trip time was 16.8958 milliseconds in repetition 489
tcp_ping received 196608 bytes back
Round trip time was 14.2951 milliseconds in repetition 490
tcp_ping received 196608 bytes back
Round trip time was 7.97378 milliseconds in repetition 491
tcp_ping received 196608 bytes back
Round trip time was 15.1599 milliseconds in repetition 492
tcp_ping received 196608 bytes back
Round trip time was 7.75995 milliseconds in repetition 493
tcp_ping received 196608 bytes back
Round trip time was 8.43532 milliseconds in repetition 494
tcp_ping received 196608 bytes back
Round trip time was 14.015 milliseconds in repetition 495
tcp_ping received 196608 bytes back
Round trip time was 907.544 milliseconds in repetition 496
tcp_ping received 196608 bytes back
Round trip time was 7.59011 milliseconds in repetition 497
tcp_ping received 196608 bytes back
Round trip time was 14.0297 milliseconds in repetition 498
tcp_ping received 196608 bytes back
Round trip time was 7.65281 milliseconds in repetition 499
tcp_ping received 196608 bytes back
Round trip time was 11.2402 milliseconds in repetition 500
tcp_ping received 196608 bytes back
Round trip time was 7.26099 milliseconds in repetition 501

 ... clock resolution was 1e-07
TCP Ping:  Statistics over 501 repetitions of 196608 byte messages

RTT : percentile 10: 7.28369, median: 9.55501, percentile 90: 907.393, average: 103.717, variance: 75746.8

RTT histogram:
5.4859 449
51.3198 0
97.1537 0
142.988 0
188.822 0
234.655 0
280.489 0
326.323 0
372.157 0
417.991 0
463.825 0
509.659 0
555.493 0
601.327 0
647.161 0
692.995 0
738.828 0
784.662 0
830.496 0
876.33 0
922.164 52

   median Throughput : 41152.9 KB/s   overall Throughput : 3791.23 KB/s

