Round trip time was 902.391 milliseconds in repetition 133
tcp_ping received 3072 bytes back
Round trip time was 2.47958 milliseconds in repetition 134
tcp_ping received 3072 bytes back
Round trip time was 2.42044 milliseconds in repetition 135
tcp_ping received 3072 bytes back
Round trip time was 2.44029 milliseconds in repetition 136
tcp_ping received 3072 bytes back
Round trip time was 2.31015 milliseconds in repetition 137
tcp_ping received 3072 bytes back
Round trip time was 2.34156 milliseconds in repetition 138
tcp_ping received 3072 bytes back
Round trip time was 2.33941 milliseconds in repetition 139
tcp_ping received 3072 bytes back
Round trip time was 2.36402 milliseconds in repetition 140
tcp_ping received 3072 bytes back
Round trip time was 2.35743 milliseconds in repetition 141
tcp_ping received 3072 bytes back
Round trip time was 2.40734 milliseconds in repetition 142
tcp_ping received 3072 bytes back
Round trip time was 2.35131 milliseconds in repetition 143
tcp_ping received 3072 bytes back
Round trip time was 2.36767 milliseconds in repetition 144
tcp_ping received 3072 bytes back
Round trip time was 2.36659 milliseconds in repetition 145
tcp_ping received 3072 bytes back
Round trip time was 2.46668 milliseconds in repetition 146
tcp_ping received 3072 bytes back
Round trip time was 2.46365 milliseconds in repetition 147
tcp_ping received 3072 bytes back
Round trip time was 2.30929 milliseconds in repetition 148
tcp_ping received 3072 bytes back
Round trip time was 2.29877 milliseconds in repetition 149
tcp_ping received 3072 bytes back
Round trip time was 2.30556 milliseconds in repetition 150
tcp_ping received 3072 bytes back
Round trip time was 2.30805 milliseconds in repetition 151
tcp_ping received 3072 bytes back
Round trip time was 2.58107 milliseconds in repetition 152
tcp_ping received 3072 bytes back
Round trip time was 2.50184 milliseconds in repetition 153
tcp_ping received 3072 bytes back
Round trip time was 2.37484 milliseconds in repetition 154
tcp_ping received 3072 bytes back
Round trip time was 2.35734 milliseconds in repetition 155
tcp_ping received 3072 bytes back
Round trip time was 2.32456 milliseconds in repetition 156
tcp_ping received 3072 bytes back
Round trip time was 2.34361 milliseconds in repetition 157
tcp_ping received 3072 bytes back
Round trip time was 2.39532 milliseconds in repetition 158
tcp_ping received 3072 bytes back
Round trip time was 2.40836 milliseconds in repetition 159
tcp_ping received 3072 bytes back
Round trip time was 2.42342 milliseconds in repetition 160
tcp_ping received 3072 bytes back
Round trip time was 2.3687 milliseconds in repetition 161
tcp_ping received 3072 bytes back
Round trip time was 2.36908 milliseconds in repetition 162
tcp_ping received 3072 bytes back
Round trip time was 2.37886 milliseconds in repetition 163
tcp_ping received 3072 bytes back
Round trip time was 2.38714 milliseconds in repetition 164
tcp_ping received 3072 bytes back
Round trip time was 2.35513 milliseconds in repetition 165
tcp_ping received 3072 bytes back
Round trip time was 2.3561 milliseconds in repetition 166
tcp_ping received 3072 bytes back
Round trip time was 2.30312 milliseconds in repetition 167
tcp_ping received 3072 bytes back
Round trip time was 2.36073 milliseconds in repetition 168
tcp_ping received 3072 bytes back
Round trip time was 12.5715 milliseconds in repetition 169
tcp_ping received 3072 bytes back
Round trip time was 902.415 milliseconds in repetition 170
tcp_ping received 3072 bytes back
Round trip time was 2.59955 milliseconds in repetition 171
tcp_ping received 3072 bytes back
Round trip time was 2.41057 milliseconds in repetition 172
tcp_ping received 3072 bytes back
Round trip time was 2.31829 milliseconds in repetition 173
tcp_ping received 3072 bytes back
Round trip time was 2.27807 milliseconds in repetition 174
tcp_ping received 3072 bytes back
Round trip time was 2.3993 milliseconds in repetition 175
tcp_ping received 3072 bytes back
Round trip time was 2.3916 milliseconds in repetition 176
tcp_ping received 3072 bytes back
Round trip time was 2.44063 milliseconds in repetition 177
tcp_ping received 3072 bytes back
Round trip time was 2.52024 milliseconds in repetition 178
tcp_ping received 3072 bytes back
Round trip time was 2.335 milliseconds in repetition 179
tcp_ping received 3072 bytes back
Round trip time was 2.42888 milliseconds in repetition 180
tcp_ping received 3072 bytes back
Round trip time was 2.35214 milliseconds in repetition 181
tcp_ping received 3072 bytes back
Round trip time was 2.33484 milliseconds in repetition 182
tcp_ping received 3072 bytes back
Round trip time was 2.76934 milliseconds in repetition 183
tcp_ping received 3072 bytes back
Round trip time was 2.33639 milliseconds in repetition 184
tcp_ping received 3072 bytes back
Round trip time was 2.38898 milliseconds in repetition 185
tcp_ping received 3072 bytes back
Round trip time was 2.36183 milliseconds in repetition 186
tcp_ping received 3072 bytes back
Round trip time was 4.38374 milliseconds in repetition 187
tcp_ping received 3072 bytes back
Round trip time was 2.89399 milliseconds in repetition 188
tcp_ping received 3072 bytes back
Round trip time was 2.79218 milliseconds in repetition 189
tcp_ping received 3072 bytes back
Round trip time was 2.38629 milliseconds in repetition 190
tcp_ping received 3072 bytes back
Round trip time was 2.38432 milliseconds in repetition 191
tcp_ping received 3072 bytes back
Round trip time was 2.42768 milliseconds in repetition 192
tcp_ping received 3072 bytes back
Round trip time was 2.40798 milliseconds in repetition 193
tcp_ping received 3072 bytes back
Round trip time was 2.37812 milliseconds in repetition 194
tcp_ping received 3072 bytes back
Round trip time was 2.32054 milliseconds in repetition 195
tcp_ping received 3072 bytes back
Round trip time was 2.39013 milliseconds in repetition 196
tcp_ping received 3072 bytes back
Round trip time was 2.31929 milliseconds in repetition 197
tcp_ping received 3072 bytes back
Round trip time was 2.83986 milliseconds in repetition 198
tcp_ping received 3072 bytes back
Round trip time was 2.35054 milliseconds in repetition 199
tcp_ping received 3072 bytes back
Round trip time was 2.30845 milliseconds in repetition 200
tcp_ping received 3072 bytes back
Round trip time was 2.28555 milliseconds in repetition 201
tcp_ping received 3072 bytes back
Round trip time was 2.46165 milliseconds in repetition 202
tcp_ping received 3072 bytes back
Round trip time was 2.37286 milliseconds in repetition 203
tcp_ping received 3072 bytes back
Round trip time was 2.39544 milliseconds in repetition 204
tcp_ping received 3072 bytes back
Round trip time was 2.43452 milliseconds in repetition 205
tcp_ping received 3072 bytes back
Round trip time was 2.45735 milliseconds in repetition 206
tcp_ping received 3072 bytes back
Round trip time was 2.72226 milliseconds in repetition 207
tcp_ping received 3072 bytes back
Round trip time was 2.6267 milliseconds in repetition 208
tcp_ping received 3072 bytes back
Round trip time was 2.66677 milliseconds in repetition 209
tcp_ping received 3072 bytes back
Round trip time was 902.419 milliseconds in repetition 210
tcp_ping received 3072 bytes back
Round trip time was 2.59865 milliseconds in repetition 211
tcp_ping received 3072 bytes back
Round trip time was 2.38928 milliseconds in repetition 212
tcp_ping received 3072 bytes back
Round trip time was 2.31522 milliseconds in repetition 213
tcp_ping received 3072 bytes back
Round trip time was 2.37742 milliseconds in repetition 214
tcp_ping received 3072 bytes back
Round trip time was 2.28899 milliseconds in repetition 215
tcp_ping received 3072 bytes back
Round trip time was 2.41104 milliseconds in repetition 216
tcp_ping received 3072 bytes back
Round trip time was 2.57272 milliseconds in repetition 217
tcp_ping received 3072 bytes back
Round trip time was 2.45953 milliseconds in repetition 218
tcp_ping received 3072 bytes back
Round trip time was 2.44657 milliseconds in repetition 219
tcp_ping received 3072 bytes back
Round trip time was 2.58102 milliseconds in repetition 220
tcp_ping received 3072 bytes back
Round trip time was 2.31863 milliseconds in repetition 221
tcp_ping received 3072 bytes back
Round trip time was 2.35098 milliseconds in repetition 222
tcp_ping received 3072 bytes back
Round trip time was 2.32798 milliseconds in repetition 223
tcp_ping received 3072 bytes back
Round trip time was 2.29449 milliseconds in repetition 224
tcp_ping received 3072 bytes back
Round trip time was 2.28918 milliseconds in repetition 225
tcp_ping received 3072 bytes back
Round trip time was 2.57096 milliseconds in repetition 226
tcp_ping received 3072 bytes back
Round trip time was 2.29443 milliseconds in repetition 227
tcp_ping received 3072 bytes back
Round trip time was 2.2967 milliseconds in repetition 228
tcp_ping received 3072 bytes back
Round trip time was 2.3147 milliseconds in repetition 229
tcp_ping received 3072 bytes back
Round trip time was 2.31925 milliseconds in repetition 230
tcp_ping received 3072 bytes back
Round trip time was 2.31881 milliseconds in repetition 231
tcp_ping received 3072 bytes back
Round trip time was 2.28976 milliseconds in repetition 232
tcp_ping received 3072 bytes back
Round trip time was 2.32995 milliseconds in repetition 233
tcp_ping received 3072 bytes back
Round trip time was 2.28845 milliseconds in repetition 234
tcp_ping received 3072 bytes back
Round trip time was 2.38455 milliseconds in repetition 235
tcp_ping received 3072 bytes back
Round trip time was 2.33441 milliseconds in repetition 236
tcp_ping received 3072 bytes back
Round trip time was 2.38058 milliseconds in repetition 237
tcp_ping received 3072 bytes back
Round trip time was 2.2904 milliseconds in repetition 238
tcp_ping received 3072 bytes back
Round trip time was 2.29061 milliseconds in repetition 239
tcp_ping received 3072 bytes back
Round trip time was 2.43495 milliseconds in repetition 240
tcp_ping received 3072 bytes back
Round trip time was 2.83013 milliseconds in repetition 241
tcp_ping received 3072 bytes back
Round trip time was 2.46082 milliseconds in repetition 242
tcp_ping received 3072 bytes back
Round trip time was 2.32565 milliseconds in repetition 243
tcp_ping received 3072 bytes back
Round trip time was 2.47624 milliseconds in repetition 244
tcp_ping received 3072 bytes back
Round trip time was 2.32023 milliseconds in repetition 245
tcp_ping received 3072 bytes back
Round trip time was 2.32487 milliseconds in repetition 246
tcp_ping received 3072 bytes back
Round trip time was 2.34796 milliseconds in repetition 247
tcp_ping received 3072 bytes back
Round trip time was 2.44692 milliseconds in repetition 248
tcp_ping received 3072 bytes back
Round trip time was 2.31486 milliseconds in repetition 249
tcp_ping received 3072 bytes back
Round trip time was 2.67144 milliseconds in repetition 250
tcp_ping received 3072 bytes back
Round trip time was 2.46295 milliseconds in repetition 251
tcp_ping received 3072 bytes back
Round trip time was 902.332 milliseconds in repetition 252
tcp_ping received 3072 bytes back
Round trip time was 2.27882 milliseconds in repetition 253
tcp_ping received 3072 bytes back
Round trip time was 2.44308 milliseconds in repetition 254
tcp_ping received 3072 bytes back
Round trip time was 2.34643 milliseconds in repetition 255
tcp_ping received 3072 bytes back
Round trip time was 2.27727 milliseconds in repetition 256
tcp_ping received 3072 bytes back
Round trip time was 2.49832 milliseconds in repetition 257
tcp_ping received 3072 bytes back
Round trip time was 2.29982 milliseconds in repetition 258
tcp_ping received 3072 bytes back
Round trip time was 2.32299 milliseconds in repetition 259
tcp_ping received 3072 bytes back
Round trip time was 2.34409 milliseconds in repetition 260
tcp_ping received 3072 bytes back
Round trip time was 2.62888 milliseconds in repetition 261
tcp_ping received 3072 bytes back
Round trip time was 2.8351 milliseconds in repetition 262
tcp_ping received 3072 bytes back
Round trip time was 2.34007 milliseconds in repetition 263
tcp_ping received 3072 bytes back
Round trip time was 2.45168 milliseconds in repetition 264
tcp_ping received 3072 bytes back
Round trip time was 2.2Round trip time was 2.42822 milliseconds in repetition 354
tcp_ping received 3072 bytes back
Round trip time was 2.55708 milliseconds in repetition 355
tcp_ping received 3072 bytes back
Round trip time was 2.37403 milliseconds in repetition 356
tcp_ping received 3072 bytes back
Round trip time was 2.30043 milliseconds in repetition 357
tcp_ping received 3072 bytes back
Round trip time was 2.32787 milliseconds in repetition 358
tcp_ping received 3072 bytes back
Round trip time was 2.34648 milliseconds in repetition 359
tcp_ping received 3072 bytes back
Round trip time was 2.2997 milliseconds in repetition 360
tcp_ping received 3072 bytes back
Round trip time was 2.38705 milliseconds in repetition 361
tcp_ping received 3072 bytes back
Round trip time was 2.62633 milliseconds in repetition 362
tcp_ping received 3072 bytes back
Round trip time was 2.43854 milliseconds in repetition 363
tcp_ping received 3072 bytes back
Round trip time was 2.62235 milliseconds in repetition 364
tcp_ping received 3072 bytes back
Round trip time was 2.30918 milliseconds in repetition 365
tcp_ping received 3072 bytes back
Round trip time was 2.28908 milliseconds in repetition 366
tcp_ping received 3072 bytes back
Round trip time was 2.33609 milliseconds in repetition 367
tcp_ping received 3072 bytes back
Round trip time was 2.31911 milliseconds in repetition 368
tcp_ping received 3072 bytes back
Round trip time was 2.27814 milliseconds in repetition 369
tcp_ping received 3072 bytes back
Round trip time was 2.37064 milliseconds in repetition 370
tcp_ping received 3072 bytes back
Round trip time was 2.52423 milliseconds in repetition 371
tcp_ping received 3072 bytes back
Round trip time was 2.31756 milliseconds in repetition 372
tcp_ping received 3072 bytes back
Round trip time was 2.54162 milliseconds in repetition 373
tcp_ping received 3072 bytes back
Round trip time was 2.35394 milliseconds in repetition 374
tcp_ping received 3072 bytes back
Round trip time was 902.332 milliseconds in repetition 375
tcp_ping received 3072 bytes back
Round trip time was 2.3833 milliseconds in repetition 376
tcp_ping received 3072 bytes back
Round trip time was 2.40456 milliseconds in repetition 377
tcp_ping received 3072 bytes back
Round trip time was 2.41881 milliseconds in repetition 378
tcp_ping received 3072 bytes back
Round trip time was 2.28999 milliseconds in repetition 379
tcp_ping received 3072 bytes back
Round trip time was 2.44218 milliseconds in repetition 380
tcp_ping received 3072 bytes back
Round trip time was 2.35133 milliseconds in repetition 381
tcp_ping received 3072 bytes back
Round trip time was 2.30571 milliseconds in repetition 382
tcp_ping received 3072 bytes back
Round trip time was 2.41561 milliseconds in repetition 383
tcp_ping received 3072 bytes back
Round trip time was 2.29949 milliseconds in repetition 384
tcp_ping received 3072 bytes back
Round trip time was 2.89815 milliseconds in repetition 385
tcp_ping received 3072 bytes back
Round trip time was 2.31035 milliseconds in repetition 386
tcp_ping received 3072 bytes back
Round trip time was 2.50119 milliseconds in repetition 387
tcp_ping received 3072 bytes back
Round trip time was 2.46417 milliseconds in repetition 388
tcp_ping received 3072 bytes back
Round trip time was 2.4851 milliseconds in repetition 389
tcp_ping received 3072 bytes back
Round trip time was 2.72985 milliseconds in repetition 390
tcp_ping received 3072 bytes back
Round trip time was 2.46998 milliseconds in repetition 391
tcp_ping received 3072 bytes back
Round trip time was 2.43016 milliseconds in repetition 392
tcp_ping received 3072 bytes back
Round trip time was 2.39549 milliseconds in repetition 393
tcp_ping received 3072 bytes back
Round trip time was 2.28628 milliseconds in repetition 394
tcp_ping received 3072 bytes back
Round trip time was 2.67303 milliseconds in repetition 395
tcp_ping received 3072 bytes back
Round trip time was 2.61658 milliseconds in repetition 396
tcp_ping received 3072 bytes back
Round trip time was 3.08079 milliseconds in repetition 397
tcp_ping received 3072 bytes back
Round trip time was 2.8471 milliseconds in repetition 398
tcp_ping received 3072 bytes back
Round trip time was 2.36692 milliseconds in repetition 399
tcp_ping received 3072 bytes back
Round trip time was 2.57163 milliseconds in repetition 400
tcp_ping received 3072 bytes back
Round trip time was 2.46514 milliseconds in repetition 401
tcp_ping received 3072 bytes back
Round trip time was 2.84727 milliseconds in repetition 402
tcp_ping received 3072 bytes back
Round trip time was 2.35683 milliseconds in repetition 403
tcp_ping received 3072 bytes back
Round trip time was 2.3648 milliseconds in repetition 404
tcp_ping received 3072 bytes back
Round trip time was 2.74201 milliseconds in repetition 405
tcp_ping received 3072 bytes back
Round trip time was 2.35936 milliseconds in repetition 406
tcp_ping received 3072 bytes back
Round trip time was 2.53212 milliseconds in repetition 407
tcp_ping received 3072 bytes back
Round trip time was 2.93879 milliseconds in repetition 408
tcp_ping received 3072 bytes back
Round trip time was 2.45956 milliseconds in repetition 409
tcp_ping received 3072 bytes back
Round trip time was 2.57264 milliseconds in repetition 410
tcp_ping received 3072 bytes back
Round trip time was 2.41773 milliseconds in repetition 411
tcp_ping received 3072 bytes back
Round trip time was 2.5085 milliseconds in repetition 412
tcp_ping received 3072 bytes back
Round trip time was 2.44047 milliseconds in repetition 413
tcp_ping received 3072 bytes back
Round trip time was 2.46489 milliseconds in repetition 414
tcp_ping received 3072 bytes back
Round trip time was 902.496 milliseconds in repetition 415
tcp_ping received 3072 bytes back
Round trip time was 2.29894 milliseconds in repetition 416
tcp_ping received 3072 bytes back
Round trip time was 2.50624 milliseconds in repetition 417
tcp_ping received 3072 bytes back
Round trip time was 2.3689 milliseconds in repetition 418
tcp_ping received 3072 bytes back
Round trip time was 2.31865 milliseconds in repetition 419
tcp_ping received 3072 bytes back
Round trip time was 2.31087 milliseconds in repetition 420
tcp_ping received 3072 bytes back
Round trip time was 2.29564 milliseconds in repetition 421
tcp_ping received 3072 bytes back
Round trip time was 2.35131 milliseconds in repetition 422
tcp_ping received 3072 bytes back
Round trip time was 2.47786 milliseconds in repetition 423
tcp_ping received 3072 bytes back
Round trip time was 2.41564 milliseconds in repetition 424
tcp_ping received 3072 bytes back
Round trip time was 2.59754 milliseconds in repetition 425
tcp_ping received 3072 bytes back
Round trip time was 2.33685 milliseconds in repetition 426
tcp_ping received 3072 bytes back
Round trip time was 2.37659 milliseconds in repetition 427
tcp_ping received 3072 bytes back
Round trip time was 2.28977 milliseconds in repetition 428
tcp_ping received 3072 bytes back
Round trip time was 2.40536 milliseconds in repetition 429
tcp_ping received 3072 bytes back
Round trip time was 2.37825 milliseconds in repetition 430
tcp_ping received 3072 bytes back
Round trip time was 2.30599 milliseconds in repetition 431
tcp_ping received 3072 bytes back
Round trip time was 2.41411 milliseconds in repetition 432
tcp_ping received 3072 bytes back
Round trip time was 2.34477 milliseconds in repetition 433
tcp_ping received 3072 bytes back
Round trip time was 2.28672 milliseconds in repetition 434
tcp_ping received 3072 bytes back
Round trip time was 2.25312 milliseconds in repetition 435
tcp_ping received 3072 bytes back
Round trip time was 2.32298 milliseconds in repetition 436
tcp_ping received 3072 bytes back
Round trip time was 3.43821 milliseconds in repetition 437
tcp_ping received 3072 bytes back
Round trip time was 2.44351 milliseconds in repetition 438
tcp_ping received 3072 bytes back
Round trip time was 2.41866 milliseconds in repetition 439
tcp_ping received 3072 bytes back
Round trip time was 2.45104 milliseconds in repetition 440
tcp_ping received 3072 bytes back
Round trip time was 2.35076 milliseconds in repetition 441
tcp_ping received 3072 bytes back
Round trip time was 2.38835 milliseconds in repetition 442
tcp_ping received 3072 bytes back
Round trip time was 2.30624 milliseconds in repetition 443
tcp_ping received 3072 bytes back
Round trip time was 2.30292 milliseconds in repetition 444
tcp_ping received 3072 bytes back
Round trip time was 2.3276 milliseconds in repetition 445
tcp_ping received 3072 bytes back
Round trip time was 2.35365 milliseconds in repetition 446
tcp_ping received 3072 bytes back
Round trip time was 2.29683 milliseconds in repetition 447
tcp_ping received 3072 bytes back
Round trip time was 2.44684 milliseconds in repetition 448
tcp_ping received 3072 bytes back
Round trip time was 2.49101 milliseconds in repetition 449
tcp_ping received 3072 bytes back
Round trip time was 2.305 milliseconds in repetition 450
tcp_ping received 3072 bytes back
Round trip time was 2.33078 milliseconds in repetition 451
tcp_ping received 3072 bytes back
Round trip time was 2.31452 milliseconds in repetition 452
tcp_ping received 3072 bytes back
Round trip time was 2.27485 milliseconds in repetition 453
tcp_ping received 3072 bytes back
Round trip time was 2.32171 milliseconds in repetition 454
tcp_ping received 3072 bytes back
Round trip time was 2.39702 milliseconds in repetition 455
tcp_ping received 3072 bytes back
Round trip time was 2.27882 milliseconds in repetition 456
tcp_ping received 3072 bytes back
Round trip time was 902.806 milliseconds in repetition 457
tcp_ping received 3072 bytes back
Round trip time was 2.51853 milliseconds in repetition 458
tcp_ping received 3072 bytes back
Round trip time was 2.4354 milliseconds in repetition 459
tcp_ping received 3072 bytes back
Round trip time was 2.4802 milliseconds in repetition 460
tcp_ping received 3072 bytes back
Round trip time was 2.87178 milliseconds in repetition 461
tcp_ping received 3072 bytes back
Round trip time was 2.44198 milliseconds in repetition 462
tcp_ping received 3072 bytes back
Round trip time was 2.33158 milliseconds in repetition 463
tcp_ping received 3072 bytes back
Round trip time was 2.33402 milliseconds in repetition 464
tcp_ping received 3072 bytes back
Round trip time was 2.50006 milliseconds in repetition 465
tcp_ping received 3072 bytes back
Round trip time was 2.37537 milliseconds in repetition 466
tcp_ping received 3072 bytes back
Round trip time was 2.27778 milliseconds in repetition 467
tcp_ping received 3072 bytes back
Round trip time was 2.32738 milliseconds in repetition 468
tcp_ping received 3072 bytes back
Round trip time was 2.29896 milliseconds in repetition 469
tcp_ping received 3072 bytes back
Round trip time was 2.34014 milliseconds in repetition 470
tcp_ping received 3072 bytes back
Round trip time was 2.30118 milliseconds in repetition 471
tcp_ping received 3072 bytes back
Round trip time was 2.31128 milliseconds in repetition 472
tcp_ping received 3072 bytes back
Round trip time was 2.35526 milliseconds in repetition 473
tcp_ping received 3072 bytes back
Round trip time was 2.32861 milliseconds in repetition 474
tcp_ping received 3072 bytes back
Round trip time was 2.62835 milliseconds in repetition 475
tcp_ping received 3072 bytes back
Round trip time was 2.43793 milliseconds in repetition 476
tcp_ping received 3072 bytes back
Round trip time was 2.36545 milliseconds in repetition 477
tcp_ping received 3072 bytes back
Round trip time was 2.301 milliseconds in repetition 478
tcp_ping received 3072 bytes back
Round trip time was 2.31125 milliseconds in repetition 479
tcp_ping received 3072 bytes back
Round trip time was 2.43662 milliseconds in repetition 480
tcp_ping received 3072 bytes back
Round trip time was 2.45402 milliseconds in repetition 481
tcp_ping received 3072 bytes back
Round trip time was 2.38133 milliseconds in repetition 482
tcp_ping received 3072 bytes back
Round trip time was 2.49821 milliseconds in repetition 483
tcp_ping received 3072 bytes back
Round trip time was 2.35142 milliseconds in repetition 484
tcp_ping received 3072 bytes back
Round trip time was 2.34721 milliseconds in repetition 485
tcp_ping received 3072 bytes back
Round trip time was 2.32515 milliseconds in repetition 486
tcp_ping received 3072 bytes back
Round trip time was 3.21809 milliseconds in repetition 487
tcp_ping received 3072 bytes back
Round trip time was 2.28404 milliseconds in repetition 488
tcp_ping received 3072 bytes back
Round trip time was 2.34378 milliseconds in repetition 489
tcp_ping received 3072 bytes back
Round trip time was 2.30046 milliseconds in repetition 490
tcp_ping received 3072 bytes back
Round trip time was 2.25435 milliseconds in repetition 491
tcp_ping received 3072 bytes back
Round trip time was 2.35956 milliseconds in repetition 492
tcp_ping received 3072 bytes back
Round trip time was 2.31817 milliseconds in repetition 493
tcp_ping received 3072 bytes back
Round trip time was 2.31985 milliseconds in repetition 494
tcp_ping received 3072 bytes back
Round trip time was 2.25723 milliseconds in repetition 495
tcp_ping received 3072 bytes back
Round trip time was 2.31779 milliseconds in repetition 496
tcp_ping received 3072 bytes back
Round trip time was 2.26289 milliseconds in repetition 497
tcp_ping received 3072 bytes back
Round trip time was 902.302 milliseconds in repetition 498
tcp_ping received 3072 bytes back
Round trip time was 2.50574 milliseconds in repetition 499
tcp_ping received 3072 bytes back
Round trip time was 2.3117 milliseconds in repetition 500
tcp_ping received 3072 bytes back
Round trip time was 2.44635 milliseconds in repetition 501

 ... clock resolution was 1e-07
TCP Ping:  Statistics over 501 repetitions of 3072 byte messages

RTT : percentile 10: 2.2967, median: 2.36692, percentile 90: 2.67144, average: 25.8039, variance: 20512.4

RTT histogram:
2.25013 488
47.2779 0
92.3057 0
137.333 0
182.361 0
227.389 0
272.417 0
317.445 0
362.472 0
407.5 0
452.528 0
497.556 0
542.583 0
587.611 0
632.639 0
677.667 0
722.695 0
767.722 0
812.75 0
857.778 0
902.806 13

   median Throughput : 2595.78 KB/s   overall Throughput : 238.103 KB/s

