Round trip time was 6.13339 milliseconds in repetition 304
tcp_ping received 131072 bytes back
Round trip time was 12.5106 milliseconds in repetition 305
tcp_ping received 131072 bytes back
Round trip time was 6.04841 milliseconds in repetition 306
tcp_ping received 131072 bytes back
Round trip time was 6.07066 milliseconds in repetition 307
tcp_ping received 131072 bytes back
Round trip time was 7.19078 milliseconds in repetition 308
tcp_ping received 131072 bytes back
Round trip time was 5.9843 milliseconds in repetition 309
tcp_ping received 131072 bytes back
Round trip time was 11.7102 milliseconds in repetition 310
tcp_ping received 131072 bytes back
Round trip time was 12.1928 milliseconds in repetition 311
tcp_ping received 131072 bytes back
Round trip time was 913.898 milliseconds in repetition 312
tcp_ping received 131072 bytes back
Round trip time was 14.2417 milliseconds in repetition 313
tcp_ping received 131072 bytes back
Round trip time was 11.5447 milliseconds in repetition 314
tcp_ping received 131072 bytes back
Round trip time was 11.5992 milliseconds in repetition 315
tcp_ping received 131072 bytes back
Round trip time was 6.10823 milliseconds in repetition 316
tcp_ping received 131072 bytes back
Round trip time was 6.57881 milliseconds in repetition 317
tcp_ping received 131072 bytes back
Round trip time was 12.7381 milliseconds in repetition 318
tcp_ping received 131072 bytes back
Round trip time was 6.63068 milliseconds in repetition 319
tcp_ping received 131072 bytes back
Round trip time was 6.56015 milliseconds in repetition 320
tcp_ping received 131072 bytes back
Round trip time was 6.81169 milliseconds in repetition 321
tcp_ping received 131072 bytes back
Round trip time was 906.251 milliseconds in repetition 322
tcp_ping received 131072 bytes back
Round trip time was 6.83707 milliseconds in repetition 323
tcp_ping received 131072 bytes back
Round trip time was 6.09413 milliseconds in repetition 324
tcp_ping received 131072 bytes back
Round trip time was 7.47575 milliseconds in repetition 325
tcp_ping received 131072 bytes back
Round trip time was 6.51918 milliseconds in repetition 326
tcp_ping received 131072 bytes back
Round trip time was 6.54616 milliseconds in repetition 327
tcp_ping received 131072 bytes back
Round trip time was 8.90319 milliseconds in repetition 328
tcp_ping received 131072 bytes back
Round trip time was 7.32785 milliseconds in repetition 329
tcp_ping received 131072 bytes back
Round trip time was 5.97188 milliseconds in repetition 330
tcp_ping received 131072 bytes back
Round trip time was 6.0269 milliseconds in repetition 331
tcp_ping received 131072 bytes back
Round trip time was 6.04769 milliseconds in repetition 332
tcp_ping received 131072 bytes back
Round trip time was 6.07591 milliseconds in repetition 333
tcp_ping received 131072 bytes back
Round trip time was 6.18404 milliseconds in repetition 334
tcp_ping received 131072 bytes back
Round trip time was 6.02668 milliseconds in repetition 335
tcp_ping received 131072 bytes back
Round trip time was 6.62612 milliseconds in repetition 336
tcp_ping received 131072 bytes back
Round trip time was 907.04 milliseconds in repetition 337
tcp_ping received 131072 bytes back
Round trip time was 6.81522 milliseconds in repetition 338
tcp_ping received 131072 bytes back
Round trip time was 11.4275 milliseconds in repetition 339
tcp_ping received 131072 bytes back
Round trip time was 6.07323 milliseconds in repetition 340
tcp_ping received 131072 bytes back
Round trip time was 6.85334 milliseconds in repetition 341
tcp_ping received 131072 bytes back
Round trip time was 6.87901 milliseconds in repetition 342
tcp_ping received 131072 bytes back
Round trip time was 9.45809 milliseconds in repetition 343
tcp_ping received 131072 bytes back
Round trip time was 7.8657 milliseconds in repetition 344
tcp_ping received 131072 bytes back
Round trip time was 6.91816 milliseconds in repetition 345
tcp_ping received 131072 bytes back
Round trip time was 6.41882 milliseconds in repetition 346
tcp_ping received 131072 bytes back
Round trip time was 7.4133 milliseconds in repetition 347
tcp_ping received 131072 bytes back
Round trip time was 7.37055 milliseconds in repetition 348
tcp_ping received 131072 bytes back
Round trip time was 7.40806 milliseconds in repetition 349
tcp_ping received 131072 bytes back
Round trip time was 6.24162 milliseconds in repetition 350
tcp_ping received 131072 bytes back
Round trip time was 907.445 milliseconds in repetition 351
tcp_ping received 131072 bytes back
Round trip time was 6.61244 milliseconds in repetition 352
tcp_ping received 131072 bytes back
Round trip time was 6.1803 milliseconds in repetition 353
tcp_ping received 131072 bytes back
Round trip time was 7.23909 milliseconds in repetition 354
tcp_ping received 131072 bytes back
Round trip time was 7.29865 milliseconds in repetition 355
tcp_ping received 131072 bytes back
Round trip time was 5.99574 milliseconds in repetition 356
tcp_ping received 131072 bytes back
Round trip time was 6.48462 milliseconds in repetition 357
tcp_ping received 131072 bytes back
Round trip time was 6.64824 milliseconds in repetition 358
tcp_ping received 131072 bytes back
Round trip time was 7.13518 milliseconds in repetition 359
tcp_ping received 131072 bytes back
Round trip time was 6.34342 milliseconds in repetition 360
tcp_ping received 131072 bytes back
Round trip time was 7.15788 milliseconds in repetition 361
tcp_ping received 131072 bytes back
Round trip time was 6.54338 milliseconds in repetition 362
tcp_ping received 131072 bytes back
Round trip time was 6.62373 milliseconds in repetition 363
tcp_ping received 131072 bytes back
Round trip time was 6.90462 milliseconds in repetition 364
tcp_ping received 131072 bytes back
Round trip time was 909.439 milliseconds in repetition 365
tcp_ping received 131072 bytes back
Round trip time was 6.93853 milliseconds in repetition 366
tcp_ping received 131072 bytes back
Round trip time was 6.38255 milliseconds in repetition 367
tcp_ping received 131072 bytes back
Round trip time was 6.77575 milliseconds in repetition 368
tcp_ping received 131072 bytes back
Round trip time was 6.14731 milliseconds in repetition 369
tcp_ping received 131072 bytes back
Round trip time was 5.99911 milliseconds in repetition 370
tcp_ping received 131072 bytes back
Round trip time was 7.36692 milliseconds in repetition 371
tcp_ping received 131072 bytes back
Round trip time was 6.47378 milliseconds in repetition 372
tcp_ping received 131072 bytes back
Round trip time was 6.63701 milliseconds in repetition 373
tcp_ping received 131072 bytes back
Round trip time was 6.59065 milliseconds in repetition 374
tcp_ping received 131072 bytes back
Round trip time was 7.3658 milliseconds in repetition 375
tcp_ping received 131072 bytes back
Round trip time was 7.2383 milliseconds in repetition 376
tcp_ping received 131072 bytes back
Round trip time was 6.1971 milliseconds in repetition 377
tcp_ping received 131072 bytes back
Round trip time was 6.17885 milliseconds in repetition 378
tcp_ping received 131072 bytes back
Round trip time was 6.04336 milliseconds in repetition 379
tcp_ping received 131072 bytes back
Round trip time was 5.8607 milliseconds in repetition 380
tcp_ping received 131072 bytes back
Round trip time was 906.492 milliseconds in repetition 381
tcp_ping received 131072 bytes back
Round trip time was 6.49881 milliseconds in repetition 382
tcp_ping received 131072 bytes back
Round trip time was 7.51989 milliseconds in repetition 383
tcp_ping received 131072 bytes back
Round trip time was 6.41433 milliseconds in repetition 384
tcp_ping received 131072 bytes back
Round trip time was 6.11099 milliseconds in repetition 385
tcp_ping received 131072 bytes back
Round trip time was 6.99071 milliseconds in repetition 386
tcp_ping received 131072 bytes back
Round trip time was 6.12158 milliseconds in repetition 387
tcp_ping received 131072 bytes back
Round trip time was 7.88317 milliseconds in repetition 388
tcp_ping received 131072 bytes back
Round trip time was 6.14099 milliseconds in repetition 389
tcp_ping received 131072 bytes back
Round trip time was 6.48865 milliseconds in repetition 390
tcp_ping received 131072 bytes back
Round trip time was 6.41841 milliseconds in repetition 391
tcp_ping received 131072 bytes back
Round trip time was 6.52366 milliseconds in repetition 392
tcp_ping received 131072 bytes back
Round trip time was 12.4061 milliseconds in repetition 393
tcp_ping received 131072 bytes back
Round trip time was 6.35385 milliseconds in repetition 394
tcp_ping received 131072 bytes back
Round trip time was 906.778 milliseconds in repetition 395
tcp_ping received 131072 bytes back
Round trip time was 7.19853 milliseconds in repetition 396
tcp_ping received 131072 bytes back
Round trip time was 6.36915 milliseconds in repetition 397
tcp_ping received 131072 bytes back
Round trip time was 6.48211 milliseconds in repetition 398
tcp_ping received 131072 bytes back
Round trip time was 12.4584 milliseconds in repetition 399
tcp_ping received 131072 bytes back
Round trip time was 7.18522 milliseconds in repetition 400
tcp_ping received 131072 bytes back
Round trip time was 6.09559 milliseconds in repetition 401
tcp_ping received 131072 bytes back
Round trip time was 15.0891 milliseconds in repetition 402
tcp_ping received 131072 bytes back
Round trip time was 11.0801 milliseconds in repetition 403
tcp_ping received 131072 bytes back
Round trip time was 14.7856 milliseconds in repetition 404
tcp_ping received 131072 bytes back
Round trip time was 910.173 milliseconds in repetition 405
tcp_ping received 131072 bytes back
Round trip time was 11.8694 milliseconds in repetition 406
tcp_ping received 131072 bytes back
Round trip time was 14.3472 milliseconds in repetition 407
tcp_ping received 131072 bytes back
Round trip time was 7.32085 milliseconds in repetition 408
tcp_ping received 131072 bytes back
Round trip time was 7.13048 milliseconds in repetition 409
tcp_ping received 131072 bytes back
Round trip time was 6.53487 milliseconds in repetition 410
tcp_ping received 131072 bytes back
Round trip time was 6.13183 milliseconds in repetition 411
tcp_ping received 131072 bytes back
Round trip time was 7.68555 milliseconds in repetition 412
tcp_ping received 131072 bytes back
Round trip time was 6.61806 milliseconds in repetition 413
tcp_ping received 131072 bytes back
Round trip time was 7.08351 milliseconds in repetition 414
tcp_ping received 131072 bytes back
Round trip time was 6.60322 milliseconds in repetition 415
tcp_ping received 131072 bytes back
Round trip time was 7.74849 milliseconds in repetition 416
tcp_ping received 131072 bytes back
Round trip time was 914.769 milliseconds in repetition 417
tcp_ping received 131072 bytes back
Round trip time was 5.97659 milliseconds in repetition 418
tcp_ping received 131072 bytes back
Round trip time was 6.75339 milliseconds in repetition 419
tcp_ping received 131072 bytes back
Round trip time was 5.86861 milliseconds in repetition 420
tcp_ping received 131072 bytes back
Round trip time was 6.01979 milliseconds in repetition 421
tcp_ping received 131072 bytes back
Round trip time was 6.2275 milliseconds in repetition 422
tcp_ping received 131072 bytes back
Round trip time was 6.45488 milliseconds in repetition 423
tcp_ping received 131072 bytes back
Round trip time was 11.7759 milliseconds in repetition 424
tcp_ping received 131072 bytes back
Round trip time was 6.83 milliseconds in repetition 425
tcp_ping received 131072 bytes back
Round trip time was 9.91971 milliseconds in repetition 426
tcp_ping received 131072 bytes back
Round trip time was 15.6028 milliseconds in repetition 427
tcp_ping received 131072 bytes back
Round trip time was 915.608 milliseconds in repetition 428
tcp_ping received 131072 bytes back
Round trip time was 12.8279 milliseconds in repetition 429
tcp_ping received 131072 bytes back
Round trip time was 7.1995 milliseconds in repetition 430
tcp_ping received 131072 bytes back
Round trip time was 13.2961 milliseconds in repetition 431
tcp_ping received 131072 bytes back
Round trip time was 7.62855 milliseconds in repetition 432
tcp_ping received 131072 bytes back
Round trip time was 10.3868 milliseconds in repetition 433
tcp_ping received 131072 bytes back
Round trip time was 11.5639 milliseconds in repetition 434
tcp_ping received 131072 bytes back
Round trip time was 10.2547 milliseconds in repetition 435
tcp_ping received 131072 bytes back
Round trip time was 5.84982 milliseconds in repetition 436
tcp_ping received 131072 bytes back
Round trip time was 5.97119 milliseconds in repetition 437
tcp_ping received 131072 bytes back
Round trip time was 6.38826 milliseconds in repetition 438
tcp_ping received 131072 bytes back
Round trip time was 912.128 milliseconds in repetition 439
tcp_ping received 131072 bytes back
Round trip time was 6.36014 milliseconds in repetition 440
tcp_ping received 131072 bytes back
Round trip time was 6.63607 milliseconds in repetition 441
tcp_ping received 131072 bytes back
Round trip time was 5.79472 milliseconds in repetition 442
tcp_ping received 131072 bytes back
Round trip time was 11.2059 milliseconds in repetition 443
tcp_ping received 131072 bytes back
Round trip time was 6.76981 milliseconds in repetition 444
tcp_ping received 131072 bytes back
Round trip time was 6.19216 milliseconds in repetition 445
tcp_ping received 131072 bytes back
Round trip time was 6.54254 milliseconds in repetition 446
tcp_ping received 131072 bytes back
Round trip time was 12.7958 milliseconds in repetition 447
tcp_ping received 131072 bytes back
Round trip time was 6.04907 milliseconds in repetition 448
tcp_ping received 131072 bytes back
Round trip time was 6.65045 milliseconds in repetition 449
tcp_ping received 131072 bytes back
Round trip time was 6.59059 milliseconds in repetition 450
tcp_ping received 131072 bytes back
Round trip time was 6.75799 milliseconds in repetition 451
tcp_ping received 131072 bytes back
Round trip time was 906.812 milliseconds in repetition 452
tcp_ping received 131072 bytes back
Round trip time was 6.5317 milliseconds in repetition 453
tcp_ping received 131072 bytes back
Round trip time was 7.55674 milliseconds in repetition 454
tcp_ping received 131072 bytes back
Round trip time was 6.58501 milliseconds in repetition 455
tcp_ping received 131072 bytes back
Round trip time was 6.54409 milliseconds in repetition 456
tcp_ping received 131072 bytes back
Round trip time was 6.42361 milliseconds in repetition 457
tcp_ping received 131072 bytes back
Round trip time was 6.54857 milliseconds in repetition 458
tcp_ping received 131072 bytes back
Round trip time was 6.13601 milliseconds in repetition 459
tcp_ping received 131072 bytes back
Round trip time was 6.55018 milliseconds in repetition 460
tcp_ping received 131072 bytes back
Round trip time was 6.43927 milliseconds in repetition 461
tcp_ping received 131072 bytes back
Round trip time was 6.67626 milliseconds in repetition 462
tcp_ping received 131072 bytes back
Round trip time was 6.7001 milliseconds in repetition 463
tcp_ping received 131072 bytes back
Round trip time was 7.08201 milliseconds in repetition 464
tcp_ping received 131072 bytes back
Round trip time was 6.47277 milliseconds in repetition 465
tcp_ping received 131072 bytes back
Round trip time was 6.07119 milliseconds in repetition 466
tcp_ping received 131072 bytes back
Round trip time was 6.15187 milliseconds in repetition 467
tcp_ping received 131072 bytes back
Round trip time was 909.532 milliseconds in repetition 468
tcp_ping received 131072 bytes back
Round trip time was 6.81571 milliseconds in repetition 469
tcp_ping received 131072 bytes back
Round trip time was 7.02118 milliseconds in repetition 470
tcp_ping received 131072 bytes back
Round trip time was 12.6352 milliseconds in repetition 471
tcp_ping received 131072 bytes back
Round trip time was 12.2844 milliseconds in repetition 472
tcp_ping received 131072 bytes back
Round trip time was 13.4678 milliseconds in repetition 473
tcp_ping received 131072 bytes back
Round trip time was 7.36174 milliseconds in repetition 474
tcp_ping received 131072 bytes back
Round trip time was 7.5134 milliseconds in repetition 475
tcp_ping received 131072 bytes back
Round trip time was 7.62741 milliseconds in repetition 476
tcp_ping received 131072 bytes back
Round trip time was 7.44073 milliseconds in repetition 477
tcp_ping received 131072 bytes back
Round trip time was 6.81179 milliseconds in repetition 478
tcp_ping received 131072 bytes back
Round trip time was 907.585 milliseconds in repetition 479
tcp_ping received 131072 bytes back
Round trip time was 14.634 milliseconds in repetition 480
tcp_ping received 131072 bytes back
Round trip time was 7.15315 milliseconds in repetition 481
tcp_ping received 131072 bytes back
Round trip time was 6.96407 milliseconds in repetition 482
tcp_ping received 131072 bytes back
Round trip time was 6.61687 milliseconds in repetition 483
tcp_ping received 131072 bytes back
Round trip time was 6.16907 milliseconds in repetition 484
tcp_ping received 131072 bytes back
Round trip time was 6.04696 milliseconds in repetition 485
tcp_ping received 131072 bytes back
Round trip time was 6.76199 milliseconds in repetition 486
tcp_ping received 131072 bytes back
Round trip time was 7.0772 milliseconds in repetition 487
tcp_ping received 131072 bytes back
Round trip time was 6.66067 milliseconds in repetition 488
tcp_ping received 131072 bytes back
Round trip time was 6.64917 milliseconds in repetition 489
tcp_ping received 131072 bytes back
Round trip time was 5.91748 milliseconds in repetition 490
tcp_ping received 131072 bytes back
Round trip time was 6.58022 milliseconds in repetition 491
tcp_ping received 131072 bytes back
Round trip time was 907.392 milliseconds in repetition 492
tcp_ping received 131072 bytes back
Round trip time was 6.74157 milliseconds in repetition 493
tcp_ping received 131072 bytes back
Round trip time was 6.37605 milliseconds in repetition 494
tcp_ping received 131072 bytes back
Round trip time was 7.95271 milliseconds in repetition 495
tcp_ping received 131072 bytes back
Round trip time was 6.62291 milliseconds in repetition 496
tcp_ping received 131072 bytes back
Round trip time was 6.10042 milliseconds in repetition 497
tcp_ping received 131072 bytes back
Round trip time was 6.45873 milliseconds in repetition 498
tcp_ping received 131072 bytes back
Round trip time was 13.6603 milliseconds in repetition 499
tcp_ping received 131072 bytes back
Round trip time was 10.911 milliseconds in repetition 500
tcp_ping received 131072 bytes back
Round trip time was 15.4054 milliseconds in repetition 501

 ... clock resolution was 1e-07
TCP Ping:  Statistics over 501 repetitions of 131072 byte messages

RTT : percentile 10: 6.0962, median: 6.90462, percentile 90: 15.0586, average: 79.8151, variance: 59830.2

RTT histogram:
5.77737 461
51.9272 0
98.077 0
144.227 0
190.377 0
236.526 0
282.676 0
328.826 0
374.976 0
421.126 0
467.275 0
513.425 0
559.575 0
605.725 0
651.875 0
698.024 0
744.174 0
790.324 0
836.474 0
882.624 0
928.773 40

   median Throughput : 37966.5 KB/s   overall Throughput : 3284.39 KB/s

