TCP Ping trying to connect to server seti.dibris.unige.it (130.251.61.30) on port 1491
 ... connected to Pong server: asking for 501 repetitions of 384 bytes TCP messages
 ... Pong server agreed :-)
tcp_ping received 384 bytes back
Round trip time was 3.26652 milliseconds in repetition 1
tcp_ping received 384 bytes back
Round trip time was 2.52815 milliseconds in repetition 2
tcp_ping received 384 bytes back
Round trip time was 2.54053 milliseconds in repetition 3
tcp_ping received 384 bytes back
Round trip time was 2.51078 milliseconds in repetition 4
tcp_ping received 384 bytes back
Round trip time was 2.57165 milliseconds in repetition 5
tcp_ping received 384 bytes back
Round trip time was 2.63718 milliseconds in repetition 6
tcp_ping received 384 bytes back
Round trip time was 2.62491 milliseconds in repetition 7
tcp_ping received 384 bytes back
Round trip time was 2.48879 milliseconds in repetition 8
tcp_ping received 384 bytes back
Round trip time was 2.48545 milliseconds in repetition 9
tcp_ping received 384 bytes back
Round trip time was 2.53008 milliseconds in repetition 10
tcp_ping received 384 bytes back
Round trip time was 902.589 milliseconds in repetition 11
tcp_ping received 384 bytes back
Round trip time was 2.63658 milliseconds in repetition 12
tcp_ping received 384 bytes back
Round trip time was 2.51776 milliseconds in repetition 13
tcp_ping received 384 bytes back
Round trip time was 2.52289 milliseconds in repetition 14
tcp_ping received 384 bytes back
Round trip time was 2.52508 milliseconds in repetition 15
tcp_ping received 384 bytes back
Round trip time was 2.52709 milliseconds in repetition 16
tcp_ping received 384 bytes back
Round trip time was 2.52186 milliseconds in repetition 17
tcp_ping received 384 bytes back
Round trip time was 2.524 milliseconds in repetition 18
tcp_ping received 384 bytes back
Round trip time was 2.60585 milliseconds in repetition 19
tcp_ping received 384 bytes back
Round trip time was 2.79839 milliseconds in repetition 20
tcp_ping received 384 bytes back
Round trip time was 2.54517 milliseconds in repetition 21
tcp_ping received 384 bytes back
Round trip time was 2.60211 milliseconds in repetition 22
tcp_ping received 384 bytes back
Round trip time was 2.51399 milliseconds in repetition 23
tcp_ping received 384 bytes back
Round trip time was 2.65142 milliseconds in repetition 24
tcp_ping received 384 bytes back
Round trip time was 2.55579 milliseconds in repetition 25
tcp_ping received 384 bytes back
Round trip time was 2.60399 milliseconds in repetition 26
tcp_ping received 384 bytes back
Round trip time was 2.555 milliseconds in repetition 27
tcp_ping received 384 bytes back
Round trip time was 2.54831 milliseconds in repetition 28
tcp_ping received 384 bytes back
Round trip time was 2.797 milliseconds in repetition 29
tcp_ping received 384 bytes back
Round trip time was 2.58665 milliseconds in repetition 30
tcp_ping received 384 bytes back
Round trip time was 2.62983 milliseconds in repetition 31
tcp_ping received 384 bytes back
Round trip time was 2.54205 milliseconds in repetition 32
tcp_ping received 384 bytes back
Round trip time was 2.95079 milliseconds in repetition 33
tcp_ping received 384 bytes back
Round trip time was 2.59596 milliseconds in repetition 34
tcp_ping received 384 bytes back
Round trip time was 2.46155 milliseconds in repetition 35
tcp_ping received 384 bytes back
Round trip time was 2.47182 milliseconds in repetition 36
tcp_ping received 384 bytes back
Round trip time was 2.61759 milliseconds in repetition 37
tcp_ping received 384 bytes back
Round trip time was 2.43244 milliseconds in repetition 38
tcp_ping received 384 bytes back
Round trip time was 2.46014 milliseconds in repetition 39
tcp_ping received 384 bytes back
Round trip time was 2.47165 milliseconds in repetition 40
tcp_ping received 384 bytes back
Round trip time was 2.50262 milliseconds in repetition 41
tcp_ping received 384 bytes back
Round trip time was 2.45111 milliseconds in repetition 42
tcp_ping received 384 bytes back
Round trip time was 2.56467 milliseconds in repetition 43
tcp_ping received 384 bytes back
Round trip time was 2.47681 milliseconds in repetition 44
tcp_ping received 384 bytes back
Round trip time was 2.41324 milliseconds in repetition 45
tcp_ping received 384 bytes back
Round trip time was 2.4823 milliseconds in repetition 46
tcp_ping received 384 bytes back
Round trip time was 2.4418 milliseconds in repetition 47
tcp_ping received 384 bytes back
Round trip time was 2.4279 milliseconds in repetition 48
tcp_ping received 384 bytes back
Round trip time was 2.50939 milliseconds in repetition 49
tcp_ping received 384 bytes back
Round trip time was 903.454 milliseconds in repetition 50
tcp_ping received 384 bytes back
Round trip time was 2.47895 milliseconds in repetition 51
tcp_ping received 384 bytes back
Round trip time was 2.5048 milliseconds in repetition 52
tcp_ping received 384 bytes back
Round trip time was 2.46751 milliseconds in repetition 53
tcp_ping received 384 bytes back
Round trip time was 2.41978 milliseconds in repetition 54
tcp_ping received 384 bytes back
Round trip time was 2.45888 milliseconds in repetition 55
tcp_ping received 384 bytes back
Round trip time was 2.64981 milliseconds in repetition 56
tcp_ping received 384 bytes back
Round trip time was 2.45154 milliseconds in repetition 57
tcp_ping received 384 bytes back
Round trip time was 2.49045 milliseconds in repetition 58
tcp_ping received 384 bytes back
Round trip time was 2.47373 milliseconds in repetition 59
tcp_ping received 384 bytes back
Round trip time was 2.44085 milliseconds in repetition 60
tcp_ping received 384 bytes back
Round trip time was 2.44747 milliseconds in repetition 61
tcp_ping received 384 bytes back
Round trip time was 2.43846 milliseconds in repetition 62
tcp_ping received 384 bytes back
Round trip time was 2.49089 milliseconds in repetition 63
tcp_ping received 384 bytes back
Round trip time was 2.44738 milliseconds in repetition 64
tcp_ping received 384 bytes back
Round trip time was 2.48705 milliseconds in repetition 65
tcp_ping received 384 bytes back
Round trip time was 2.43592 milliseconds in repetition 66
tcp_ping received 384 bytes back
Round trip time was 2.75213 milliseconds in repetition 67
tcp_ping received 384 bytes back
Round trip time was 2.3983 milliseconds in repetition 68
tcp_ping received 384 bytes back
Round trip time was 2.43058 milliseconds in repetition 69
tcp_ping received 384 bytes back
Round trip time was 2.45048 milliseconds in repetition 70
tcp_ping received 384 bytes back
Round trip time was 2.52237 milliseconds in repetition 71
tcp_ping received 384 bytes back
Round trip time was 2.56105 milliseconds in repetition 72
tcp_ping received 384 bytes back
Round trip time was 2.61178 milliseconds in repetition 73
tcp_ping received 384 bytes back
Round trip time was 2.56642 milliseconds in repetition 74
tcp_ping received 384 bytes back
Round trip time was 2.50893 milliseconds in repetition 75
tcp_ping received 384 bytes back
Round trip time was 2.42742 milliseconds in repetition 76
tcp_ping received 384 bytes back
Round trip time was 2.42772 milliseconds in repetition 77
tcp_ping received 384 bytes back
Round trip time was 2.38075 milliseconds in repetition 78
tcp_ping received 384 bytes back
Round trip time was 2.46958 milliseconds in repetition 79
tcp_ping received 384 bytes back
Round trip time was 2.45052 milliseconds in repetition 80
tcp_ping received 384 bytes back
Round trip time was 2.47836 milliseconds in repetition 81
tcp_ping received 384 bytes back
Round trip time was 2.44846 milliseconds in repetition 82
tcp_ping received 384 bytes back
Round trip time was 2.46545 milliseconds in repetition 83
tcp_ping received 384 bytes back
Round trip time was 2.51459 milliseconds in repetition 84
tcp_ping received 384 bytes back
Round trip time was 2.61847 milliseconds in repetition 85
tcp_ping received 384 bytes back
Round trip time was 2.38351 milliseconds in repetition 86
tcp_ping received 384 bytes back
Round trip time was 2.50201 milliseconds in repetition 87
tcp_ping received 384 bytes back
Round trip time was 2.58581 milliseconds in repetition 88
tcp_ping received 384 bytes back
Round trip time was 2.6001 milliseconds in repetition 89
tcp_ping received 384 bytes back
Round trip time was 902.355 milliseconds in repetition 90
tcp_ping received 384 bytes back
Round trip time was 2.45823 milliseconds in repetition 91
tcp_ping received 384 bytes back
Round trip time was 2.65202 milliseconds in repetition 92
tcp_ping received 384 bytes back
Round trip time was 2.44251 milliseconds in repetition 93
tcp_ping received 384 bytes back
Round trip time was 2.36429 milliseconds in repetition 94
tcp_ping received 384 bytes back
Round trip time was 2.39379 milliseconds in repetition 95
tcp_ping received 384 bytes back
Round trip time was 2.46454 milliseconds in repetition 96
tcp_ping received 384 bytes back
Round trip time was 2.4168 milliseconds in repetition 97
tcp_ping received 384 bytes back
Round trip time was 2.46911 milliseconds in repetition 98
tcp_ping received 384 bytes back
Round trip time was 2.43179 milliseconds in repetition 99
tcp_ping received 384 bytes back
Round trip time was 2.46284 milliseconds in repetition 100
tcp_ping received 384 bytes back
Round trip time was 2.73173 milliseconds in repetition 101
tcp_ping received 384 bytes back
Round trip time was 2.44625 milliseconds in repetition 102
tcp_ping received 384 bytes back
Round trip time was 2.43895 milliseconds in repetition 103
tcp_ping received 384 bytes back
Round trip time was 2.3793 milliseconds in repetition 104
tcp_ping received 384 bytes back
Round trip time was 4.04804 milliseconds in repetition 105
tcp_ping received 384 bytes back
Round trip time was 2.54819 milliseconds in repetition 106
tcp_ping received 384 bytes back
Round trip time was 2.45329 milliseconds in repetition 107
tcp_ping received 384 bytes back
Round trip time was 2.43314 milliseconds in repetition 108
tcp_ping received 384 bytes back
Round trip time was 2.41315 milliseconds in repetition 109
tcp_ping received 384 bytes back
Round trip time was 2.34642 milliseconds in repetition 110
tcp_ping received 384 bytes back
Round trip time was 2.4062 milliseconds in repetition 111
tcp_ping received 384 bytes back
Round trip time was 2.54423 milliseconds in repetition 112
tcp_ping received 384 bytes back
Round trip time was 2.42031 milliseconds in repetition 113
tcp_ping received 384 bytes back
Round trip time was 2.426 milliseconds in repetition 114
tcp_ping received 384 bytes back
Round trip time was 2.44464 milliseconds in repetition 115
tcp_ping received 384 bytes back
Round trip time was 2.4525 milliseconds in repetition 116
tcp_ping received 384 bytes back
Round trip time was 2.54964 milliseconds in repetition 117
tcp_ping received 384 bytes back
Round trip time was 2.43836 milliseconds in repetition 118
tcp_ping received 384 bytes back
Round trip time was 2.44249 milliseconds in repetition 119
tcp_ping received 384 bytes back
Round trip time was 2.48022 milliseconds in repetition 120
tcp_ping received 384 bytes back
Round trip time was 2.6323 milliseconds in repetition 121
tcp_ping received 384 bytes back
Round trip time was 2.4405 milliseconds in repetition 122
tcp_ping received 384 bytes back
Round trip time was 2.46832 milliseconds in repetition 123
tcp_ping received 384 bytes back
Round trip time was 2.4982 milliseconds in repetition 124
tcp_ping received 384 bytes back
Round trip time was 2.48682 milliseconds in repetition 125
tcp_ping received 384 bytes back
Round trip time was 2.43814 milliseconds in repetition 126
tcp_ping received 384 bytes back
Round trip time was 2.4423 milliseconds in repetition 127
tcp_ping received 384 bytes back
Round trip time was 2.45797 milliseconds in repetition 128
tcp_ping received 384 bytes back
Round trip time was 2.45721 milliseconds in repetition 129
tcp_ping received 384 bytes back
Round trip time was 902.508 milliseconds in repetition 130
tcp_ping received 384 bytes back
Round trip time was 2.44235 milliseconds in repetition 131
tcp_ping received 384 bytes back
Round trip time was 2.46307 milliseconds in repetition 132
tcp_ping received 384 bytes back
Round trip time was 2.4372 milliseconds in repetition 133
tcp_ping received 384 bytes back
Round trip time was 2.46313 milliseconds in repetition 134
tcp_ping received 384 bytes back
Round trip time was 2.46502 milliseconds in repetition 135
tcp_ping received 384 bytes back
Round trip time was 2.43395 milliseconds in repetition 136
tcp_ping received 384 bytes back
Round trip time was 2.42497 milliseconds in repetition 137
tcp_ping received 384 bytes back
Round trip time was 2.50634 milliseconds in repetition 138
tcp_ping received 384 bytes back
Round trip time was 2.41595 milliseconds in repetition 139
tcp_ping received 384 bytes back
Round trip time was 2.48893 milliseconds in repetition 140
tcp_ping received 384 bytes back
Round trip time was 2.46424 milliseconds in repetition 141
tcp_ping received 384 bytes back
Round trip time was 2.48006 milliseconds in repetition 142
tcp_ping received 384 bytes back
Round trip time was 2.42077 milliseconds in repetition 143
tcp_ping received 384 bytes back
Round trip time was 2.43632 milliseconds in repetition 144
tcp_ping received 384 bytes back
Round trip time was 2.53971 milliseconds in repetition 145
tcp_ping received 384 bytes back
Round trip time was 2.38018 milliseconds in repetition 146
tcp_ping received 384 bytes back
Round trip time was 2.4289 milliseconds in repetition 147
tcp_ping received 384 bytes back
Round trip time was 2.39547 milliseconds in repetition 148
tcp_ping received 384 bytes back
Round trip time was 2.49038 milliseconds in repetition 149
tcp_ping received 384 bytes back
Round trip time was 2.51136 milliseconds in repetition 150
tcp_ping received 384 bytes back
Round trip time was 2.40732 milliseconds in repetition 151
tcp_ping received 384 bytes back
Round trip time was 2.44495 milliseconds in repetition 152
tcp_ping received 384 bytes back
Round trip time was 3.27123 milliseconds in repetition 153
tcp_ping received 384 bytes back
Round trip time was 2.95298 milliseconds in repetition 154
tcp_ping received 384 bytes back
Round trip time was 2.90466 milliseconds in repetition 155
tcp_ping received 384 bytes back
Round trip time was 2.7233 milliseconds in repetition 156
tcp_ping received 384 bytes back
Round trip time was 2.75641 milliseconds in repetition 157
tcp_ping received 384 bytes back
Round trip time was 2.4619 milliseconds in repetition 158
tcp_ping received 384 bytes back
Round trip time was 2.76263 milliseconds in repetition 159
tcp_ping received 384 bytes back
Round trip time was 2.53427 milliseconds in repetition 160
tcp_ping received 384 bytes back
Round trip time was 2.44483 milliseconds in repetition 161
tcp_ping received 384 bytes back
Round trip time was 2.42629 milliseconds in repetition 162
tcp_ping received 384 bytes back
Round trip time was 2.42842 milliseconds in repetition 163
tcp_ping received 384 bytes back
Round trip time was 2.4258 milliseconds in repetition 164
tcp_ping received 384 bytes back
Round trip time was 2.48134 milliseconds in repetition 165
tcp_ping received 384 bytes back
Round trip time was 2.42449 milliseconds in repetition 166
tcp_ping received 384 bytes back
Round trip time was 2.44671 milliseconds in repetition 167
tcp_ping received 384 bytes back
Round trip time was 2.43354 milliseconds in repetition 168
tcp_ping received 384 bytes back
Round trip time was 902.49 milliseconds in repetition 169
tcp_ping received 384 bytes back
Round trip time was 2.45559 milliseconds in repetition 170
tcp_ping received 384 bytes back
Round trip time was 2.46693 milliseconds in repetition 171
tcp_ping received 384 bytes back
Round trip time was 2.47629 milliseconds in repetition 172
tcp_ping received 384 bytes back
Round trip time was 2.47331 milliseconds in repetition 173
tcp_ping received 384 bytes back
Round trip time was 2.45591 milliseconds in repetition 174
tcp_ping received 384 bytes back
Round trip time was 2.50967 milliseconds in repetition 175
tcp_ping received 384 bytes back
Round trip time was 2.55311 milliseconds in repetition 176
tcp_ping received 384 bytes back
Round trip time was 2.41037 milliseconds in repetition 177
tcp_ping received 384 bytes back
Round trip time was 2.43791 milliseconds in repetition 178
tcp_ping received 384 bytes back
Round trip time was 2.47945 milliseconds in repetition 179
tcp_ping received 384 bytes back
Round trip time was 2.40901 milliseconds in repetition 180
tcp_ping received 384 bytes back
Round trip time was 2.39592 milliseconds in repetition 181
tcp_ping received 384 bytes back
Round trip time was 2.6734 milliseconds in repetition 182
tcp_ping received 384 bytes back
Round trip time was 2.46289 milliseconds in repetition 183
tcp_ping received 384 bytes back
Round trip time was 2.43911 milliseconds in repetition 184
tcp_ping received 384 bytes back
Round trip time was 2.42295 milliseconds in repetition 185
tcp_ping received 384 bytes back
Round trip time was 2.42093 milliseconds in repetition 186
tcp_ping received 384 bytes back
Round trip time was 2.42172 milliseconds in repetition 187
tcp_ping received 384 bytes back
Round trip time was 2.46324 milliseconds in repetition 188
tcp_ping received 384 bytes back
Round trip time was 2.42518 milliseconds in repetition 189
tcp_ping received 384 bytes back
Round trip time was 2.45566 milliseconds in repetition 190
tcp_ping received 384 bytes back
Round trip time was 2.68182 milliseconds in repetition 191
tcp_ping received 384 bytes back
Round trip time was 2.45537 milliseconds in repetition 192
tcp_ping received 384 bytes back
Round trip time was 2.48728 milliseconds in repetition 193
tcp_ping received 384 bytes back
Round trip time was 2.42915 milliseconds in repetition 194
tcp_ping received 384 bytes back
Round trip time was 2.44587 milliseconds in repetition 195
tcp_ping received 384 bytes back
Round trip time was 2.44504 milliseconds in repetition 196
tcp_ping received 384 bytes back
Round trip time was 2.43661 milliseconds in repetition 197
tcp_ping received 384 bytes back
Round trip time was 2.45003 milliseconds in repetition 198
tcp_ping received 384 bytes back
Round trip time was 2.57333 milliseconds in repetition 199
tcp_ping received 384 bytes back
Round trip time was 2.43356 milliseconds in repetition 200
tcp_ping received 384 bytes back
Round trip time was 3.72047 milliseconds in repetition 201
tcp_ping received 384 bytes back
Round trip time was 2.51564 milliseconds in repetition 202
tcp_ping received 384 bytes back
Round trip time was 2.39214 milliseconds in repetition 203
tcp_ping received 384 bytes back
Round trip time was 2.43308 milliseconds in repetition 204
tcp_ping received 384 bytes back
Round trip time was 2.46459 milliseconds in repetition 205
tcp_ping received 384 bytes back
Round trip time was 2.4278 milliseconds in repetition 206
tcp_ping received 384 bytes back
Round trip time was 2.68569 milliseconds in repetition 207
tcp_ping received 384 bytes back
Round trip time was 2.5072 milliseconds in repetition 208
tcp_ping received 384 bytes back
Round trip time was 902.439 milliseconds in repetition 209
tcp_ping received 384 bytes back
Round trip time was 2.46363 milliseconds in repetition 210
tcp_ping received 384 bytes back
Round trip time was 2.43771 milliseconds in repetition 211
tcp_ping received 384 bytes back
Round trip time was 2.43386 milliseconds in repetition 212
tcp_ping received 384 bytes back
Round trip time was 2.39537 milliseconds in repetition 213
tcp_ping received 384 bytes back
Round trip time was 2.82931 milliseconds in repetition 214
tcp_ping received 384 bytes back
Round trip time was 2.42224 milliseconds in repetition 215
tcp_ping received 384 bytes back
Round trip time was 2.44904 milliseconds in repetition 216
tcp_ping received 384 bytes back
Round trip time was 2.42744 milliseconds in repetition 217
tcp_ping received 384 bytes back
Round trip time was 2.42996 milliseconds in repetition 218
tcp_ping received 384 bytes back
Round trip time was 2.42415 milliseconds in repetition 219
tcp_ping received 384 bytes back
Round trip time was 2.43499 milliseconds in repetition 220
tcp_ping received 384 bytes back
Round trip time was 2.45296 milliseconds in repetition 221
tcp_ping received 384 bytes back
Round trip time was 2.43231 milliseconds in repetition 222
tcp_ping received 384 bytes back
Round trip time was 2.43194 milliseconds in repetition 223
tcp_ping received 384 bytes back
Round trip time was 2.44809 milliseconds in repetition 224
tcp_ping received 384 bytes back
Round trip time was 2.43095 milliseconds in repetition 225
tcp_ping received 384 bytes back
Round trip time was 2.43718 milliseconds in repetition 226
tcp_ping received 384 bytes back
Round trip time was 2.45076 milliseconds in repetition 227
tcp_ping received 384 bytes back
Round trip time was 2.39682 milliseconds in repetition 228
tcp_ping received 384 bytes back
Round trip time was 2.39698 milliseconds in repetition 229
tcp_ping received 384 bytes back
Round trip time was 2.42698 milliseconds in repetition 230
tcp_ping received 384 bytes back
Round trip time was 2.42405 milliseconds in repetition 231
tcp_ping received 384 bytes back
Round trip time was 2.38337 milliseconds in repetition 232
tcp_ping received 384 bytes back
Round trip time was 2.40984 milliseconds in repetition 233
tcp_ping received 384 bytes back
Round trip time was 2.39696 milliseconds in repetition 234
tcp_ping received 384 bytes back
Round trip time was 2.95518 milliseconds in repetition 235
tcp_ping received 384 bytes back
Round trip time was 2.40738 milliseconds in repetition 236
tcp_ping received 384 bytes back
Round trip time was 2.39702 milliseconds in repetition 237
tcp_ping received 384 bytes back
Round trip time was 2.53834 milliseconds in repetition 238
tcp_ping received 384 bytes back
Round trip time was 2.43641 milliseconds in repetition 239
tcp_ping received 384 bytes back
Round trip time was 2.4079 milliseconds in repetition 240
tcp_ping received 384 bytes back
Round trip time was 2.47424 milliseconds in repetition 241
tcp_ping received 384 bytes back
Round trip time was 2.38214 milliseconds in repetition 242
tcp_ping received 384 bytes back
Round trip time was 2.45241 milliseconds in repetition 243
tcp_ping received 384 bytes back
Round trip time was 2.52427 milliseconds in repetition 244
tcp_ping received 384 bytes back
Round trip time was 2.64164 milliseconds in repetition 245
tcp_ping received 384 bytes back
Round trip time was 2.52852 milliseconds in repetition 246
tcp_ping received 384 bytes back
Round trip time was 2.58731 milliseconds in repetition 247
tcp_ping received 384 bytes back
Round trip time was 2.47875 milliseconds in repetition 248
tcp_ping received 384 bytes back
Round trip time was 903.377 milliseconds in repetition 249
tcp_ping received 384 bytes back
Round trip time was 2.54238 milliseconds in repetition 250
tcp_ping received 384 bytes back
Round trip time was 2.47758 milliseconds in repetition 251
tcp_ping received 384 bytes back
Round trip time was 2.50356 milliseconds in repetition 252
tcp_ping received 384 bytes back
Round trip time was 2.42656 milliseconds in repetition 253
tcp_ping received 384 bytes back
Round trip time was 2.6073 milliseconds in repetition 254
tcp_ping received 384 bytes back
Round trip time was 2.43274 milliseconds in repetition 255
tcp_ping received 384 bytes back
Round trip time was 2.53454 milliseconds in repetition 256
tcp_ping received 384 bytes back
Round trip time was 2.44315 milliseconds in repetition 257
tcp_ping received 384 bytes back
Round trip time was 2.43979 milliseconds in repetition 258
tcp_ping received 384 bytes back
Round trip time was 2.55614 milliseconds in repetition 259
tcp_ping received 384 bytes back
Round trip time was 2.50275 milliseconds in repetition 260
tcp_ping received 384 bytes back
Round trip time was 2.4784 milliseconds in repetition 261
tcp_ping received 384 bytes back
Round trip time was 3.07696 milliseconds in repetition 262
tcp_ping received 384 bytes back
Round trip time was 3.28789 milliseconds in repetition 263
tcp_ping received 384 bytes back
Round trip time was 2.87291 milliseconds in repetition 264
tcp_ping received 384 bytes back
Round trip time was 2.66866 milliseconds in repetition 265
tcp_ping received 384 bytes back
Round trip time was 2.4455 milliseconds in repetition 266
tcp_ping received 384 bytes back
Round trip time was 2.45693 milliseconds in repetition 267
tcp_ping received 384 bytes back
Round trip time was 2.43063 milliseconds in repetition 268
tcp_ping received 384 bytes back
Round trip time was 2.4212 milliseconds in repetition 269
tcp_ping received 384 bytes back
Round trip time was 2.47518 milliseconds in repetition 270
tcp_ping received 384 bytes back
Round trip time was 2.44341 milliseconds in repetition 271
tcp_ping received 384 bytes back
Round trip time was 2.5193 milliseconds in repetition 272
tcp_ping received 384 bytes back
Round trip time was 2.49694 milliseconds in repetition 273
tcp_ping received 384 bytes back
Round trip time was 2.45612 milliseconds in repetition 274
tcp_ping received 384 bytes back
Round trip time was 2.57417 milliseconds in repetition 275
tcp_ping received 384 bytes back
Round trip time was 2.69485 milliseconds in repetition 276
tcp_ping received 384 bytes back
Round trip time was 2.44398 milliseconds in repetition 277
tcp_ping received 384 bytes back
Round trip time was 2.51299 milliseconds in repetition 278
tcp_ping received 384 bytes back
Round trip time was 2.44961 milliseconds in repetition 279
tcp_ping received 384 bytes back
Round trip time was 2.54273 milliseconds in repetition 280
tcp_ping received 384 bytes back
Round trip time was 2.54445 milliseconds in repetition 281
tcp_ping received 384 bytes back
Round trip time was 2.55128 milliseconds in repetition 282
tcp_ping received 384 bytes back
Round trip time was 2.44502 milliseconds in repetition 283
tcp_ping received 384 bytes back
Round trip time was 2.53818 milliseconds in repetition 284
tcp_ping received 384 bytes back
Round trip time was 2.4569 milliseconds in repetition 285
tcp_ping received 384 bytes back
Round trip time was 2.48386 milliseconds in repetition 286
tcp_ping received 384 bytes back
Round trip time was 2.56412 milliseconds in repetition 287
tcp_ping received 384 bytes back
Round trip time was 902.821 milliseconds in repetition 288
tcp_ping received 384 bytes back
Round trip time was 2.53145 milliseconds in repetition 289
tcp_ping received 384 bytes back
Round trip time was 2.4853 milliseconds in repetition 290
tcp_ping received 384 bytes back
Round trip time was 2.83932 milliseconds in repetition 291
tcp_ping received 384 bytes back
Round trip time was 2.55349 milliseconds in repetition 292
tcp_ping received 384 bytes back
Round trip time was 2.4354 milliseconds in repetition 293
tcp_ping received 384 bytes back
Round trip time was 2.56987 milliseconds in repetition 294
tcp_ping received 384 bytes back
Round trip time was 2.6677 milliseconds in repetition 295
tcp_ping received 384 bytes back
Round trip time was 3.6623 milliseconds in repetition 296
tcp_ping received 384 bytes back
Round trip time was 2.8859 milliseconds in repetition 297
tcp_ping received 384 bytes back
Round trip time was 3.0425 milliseconds in repetition 298
tcp_ping received 384 bytes back
Round trip time was 3.64979 milliseconds in repetition 299
tcp_ping received 384 bytes back
Round trip time was 3.30223 milliseconds in repetition 300
tcp_ping received 384 bytes back
Round trip time was 3.3704 milliseconds in repetition 301
tcp_ping received 384 bytes back
Round trip time was 2.50941 milliseconds in repetition 302
tcp_ping received 384 bytes back
Round trip time was 2.83792 milliseconds in repetition 303
tcp_ping received 384 bytes back
Round trip time was 2.97249 milliseconds in repetition 304
tcp_ping received 384 bytes back
Round trip time was 3.17107 milliseconds in repetition 305
tcp_ping received 384 bytes back
Round trip time was 4.84349 milliseconds in repetition 306
tcp_ping received 384 bytes back
Round trip time was 4.8868 milliseconds in repetition 307
tcp_ping received 384 bytes back
Round trip time was 2.88831 milliseconds in repetition 308
tcp_ping received 384 bytes back
Round trip time was 2.52215 milliseconds in repetition 309
tcp_ping received 384 bytes back
Round trip time was 2.39724 milliseconds in repetition 310
tcp_ping received 384 bytes back
Round trip time was 2.78921 milliseconds in repetition 311
tcp_ping received 384 bytes back
Round trip time was 2.40202 milliseconds in repetition 312
tcp_ping received 384 bytes back
Round trip time was 3.05925 milliseconds in repetition 313
tcp_ping received 384 bytes back
Round trip time was 3.02873 milliseconds in repetition 314
tcp_ping received 384 bytes back
Round trip time was 2.72766 milliseconds in repetition 315
tcp_ping received 384 bytes back
Round trip time was 2.43069 milliseconds in repetition 316
tcp_ping received 384 bytes back
Round trip time was 2.95812 milliseconds in repetition 317
tcp_ping received 384 bytes back
Round trip time was 2.50834 milliseconds in repetition 318
tcp_ping received 384 bytes back
Round trip time was 2.43401 milliseconds in repetition 319
tcp_ping received 384 bytes back
Round trip time was 2.43836 milliseconds in repetition 320
tcp_ping received 384 bytes back
Round trip time was 2.42396 milliseconds in repetition 321
tcp_ping received 384 bytes back
Round trip time was 2.45391 milliseconds in repetition 322
tcp_ping received 384 bytes back
Round trip time was 902.44 milliseconds in repetition 323
tcp_ping received 384 bytes back
Round trip time was 2.52762 milliseconds in repetition 324
tcp_ping received 384 bytes back
Round trip time was 2.58219 milliseconds in repetition 325
tcp_ping received 384 bytes back
Round trip time was 2.51226 milliseconds in repetition 326
tcp_ping received 384 bytes back
Round trip time was 2.47793 milliseconds in repetition 327
tcp_ping received 384 bytes back
Round trip time was 2.70105 milliseconds in repetition 328
tcp_ping received 384 bytes back
Round trip time was 2.43001 milliseconds in repetition 329
tcp_ping received 384 bytes back
Round trip time was 2.39685 milliseconds in repetition 330
tcp_ping received 384 bytes back
Round trip time was 2.40191 milliseconds in repetition 331
tcp_ping received 384 bytes back
Round trip time was 2.4166 milliseconds in repetition 332
tcp_ping received 384 bytes back
Round trip time was 2.53814 milliseconds in repetition 333
tcp_ping received 384 bytes back
Round trip time was 2.42102 milliseconds in repetition 334
tcp_ping received 384 bytes back
Round trip time was 2.4303 milliseconds in repetition 335
tcp_ping received 384 bytes back
Round trip time was 2.40572 milliseconds in repetition 336
tcp_ping received 384 bytes back
Round trip time was 2.47427 milliseconds in repetition 337
tcp_ping received 384 bytes back
Round trip time was 2.61233 milliseconds in repetition 338
tcp_ping received 384 bytes back
Round trip time was 2.47548 milliseconds in repetition 339
tcp_ping received 384 bytes back
Round trip time was 2.42338 milliseconds in repetition 340
tcp_ping received 384 bytes back
Round trip time was 2.4312 milliseconds in repetition 341
tcp_ping received 384 bytes back
Round trip time was 2.44124 milliseconds in repetition 342
tcp_ping received 384 bytes back
Round trip time was 2.48981 milliseconds in repetition 343
tcp_ping received 384 bytes back
Round trip time was 2.46435 milliseconds in repetition 344
tcp_ping received 384 bytes back
Round trip time was 2.43328 milliseconds in repetition 345
tcp_ping received 384 bytes back
Round trip time was 2.48373 milliseconds in repetition 346
tcp_ping received 384 bytes back
Round trip time was 2.4934 milliseconds in repetition 347
tcp_ping received 384 bytes back
Round trip time was 2.4594 milliseconds in repetition 348
tcp_ping received 384 bytes back
Round trip time was 2.39872 milliseconds in repetition 349
tcp_ping received 384 bytes back
Round trip time was 2.40258 milliseconds in repetition 350
tcp_ping received 384 bytes back
Round trip time was 2.47111 milliseconds in repetition 351
tcp_ping received 384 bytes back
Round trip time was 2.45209 milliseconds in repetition 352
tcp_ping received 384 bytes back
Round trip time was 2.46314 milliseconds in repetition 353
tcp_ping received 384 bytes back
Round trip time was 2.649 milliseconds in repetition 354
tcp_ping received 384 bytes back
Round trip time was 2.41599 milliseconds in repetition 355
tcp_ping received 384 bytes back
Round trip time was 2.46446 milliseconds in repetition 356
tcp_ping received 384 bytes back
Round trip time was 2.72789 milliseconds in repetition 357
tcp_ping received 384 bytes back
Round trip time was 2.42141 milliseconds in repetition 358
tcp_ping received 384 bytes back
Round trip time was 2.4813 milliseconds in repetition 359
tcp_ping received 384 bytes back
Round trip time was 2.43285 milliseconds in repetition 360
tcp_ping received 384 bytes back
Round trip time was 2.42402 milliseconds in repetition 361
tcp_ping received 384 bytes back
Round trip time was 2.40923 milliseconds in repetition 362
tcp_ping received 384 bytes back
Round trip time was 902.422 milliseconds in repetition 363
tcp_ping received 384 bytes back
Round trip time was 2.46203 milliseconds in repetition 364
tcp_ping received 384 bytes back
Round trip time was 2.44551 milliseconds in repetition 365
tcp_ping received 384 bytes back
Round trip time was 2.45134 milliseconds in repetition 366
tcp_ping received 384 bytes back
Round trip time was 2.58219 milliseconds in repetition 367
tcp_ping received 384 bytes back
Round trip time was 2.42361 milliseconds in repetition 368
tcp_ping received 384 bytes back
Round trip time was 2.42678 milliseconds in repetition 369
tcp_ping received 384 bytes back
Round trip time was 2.47665 milliseconds in repetition 370
tcp_ping received 384 bytes back
Round trip time was 2.43951 milliseconds in repetition 371
tcp_ping received 384 bytes back
Round trip time was 2.44327 milliseconds in repetition 372
tcp_ping received 384 bytes back
Round trip time was 2.44828 milliseconds in repetition 373
tcp_ping received 384 bytes back
Round trip time was 2.44532 milliseconds in repetition 374
tcp_ping received 384 bytes back
Round trip time was 2.48535 milliseconds in repetition 375
tcp_ping received 384 bytes back
Round trip time was 2.45004 milliseconds in repetition 376
tcp_ping received 384 bytes back
Round trip time was 2.40888 milliseconds in repetition 377
tcp_ping received 384 bytes back
Round trip time was 2.51102 milliseconds in repetition 378
tcp_ping received 384 bytes back
Round trip time was 2.86968 milliseconds in repetition 379
tcp_ping received 384 bytes back
Round trip time was 2.52591 milliseconds in repetition 380
tcp_ping received 384 bytes back
Round trip time was 2.54063 milliseconds in repetition 381
tcp_ping received 384 bytes back
Round trip time was 2.44866 milliseconds in repetition 382
tcp_ping received 384 bytes back
Round trip time was 2.42105 milliseconds in repetition 383
tcp_ping received 384 bytes back
Round trip time was 2.48358 milliseconds in repetition 384
tcp_ping received 384 bytes back
Round trip time was 2.49608 milliseconds in repetition 385
tcp_ping received 384 bytes back
Round trip time was 2.59923 milliseconds in repetition 386
tcp_ping received 384 bytes back
Round trip time was 2.37345 milliseconds in repetition 387
tcp_ping received 384 bytes back
Round trip time was 2.41044 milliseconds in repetition 388
tcp_ping received 384 bytes back
Round trip time was 2.41403 milliseconds in repetition 389
tcp_ping received 384 bytes back
Round trip time was 2.6601 milliseconds in repetition 390
tcp_ping received 384 bytes back
Round trip time was 2.73638 milliseconds in repetition 391
tcp_ping received 384 bytes back
Round trip time was 2.45307 milliseconds in repetition 392
tcp_ping received 384 bytes back
Round trip time was 2.74603 milliseconds in repetition 393
tcp_ping received 384 bytes back
Round trip time was 2.88713 milliseconds in repetition 394
tcp_ping received 384 bytes back
Round trip time was 2.39477 milliseconds in repetition 395
tcp_ping received 384 bytes back
Round trip time was 2.38964 milliseconds in repetition 396
tcp_ping received 384 bytes back
Round trip time was 2.42166 milliseconds in repetition 397
tcp_ping received 384 bytes back
Round trip time was 2.45403 milliseconds in repetition 398
tcp_ping received 384 bytes back
Round trip time was 2.43269 milliseconds in repetition 399
tcp_ping received 384 bytes back
Round trip time was 2.41242 milliseconds in repetition 400
tcp_ping received 384 bytes back
Round trip time was 2.3823 milliseconds in repetition 401
tcp_ping received 384 bytes back
Round trip time was 2.38472 milliseconds in repetition 402
tcp_ping received 384 bytes back
Round trip time was 902.475 milliseconds in repetition 403
tcp_ping received 384 bytes back
Round trip time was 2.4877 milliseconds in repetition 404
tcp_ping received 384 bytes back
Round trip time was 2.45428 milliseconds in repetition 405
tcp_ping received 384 bytes back
Round trip time was 2.42334 milliseconds in repetition 406
tcp_ping received 384 bytes back
Round trip time was 2.46678 milliseconds in repetition 407
tcp_ping received 384 bytes back
Round trip time was 2.45138 milliseconds in repetition 408
tcp_ping received 384 bytes back
Round trip time was 3.2887 milliseconds in repetition 409
tcp_ping received 384 bytes back
Round trip time was 2.42682 milliseconds in repetition 410
tcp_ping received 384 bytes back
Round trip time was 2.43897 milliseconds in repetition 411
tcp_ping received 384 bytes back
Round trip time was 2.41814 milliseconds in repetition 412
tcp_ping received 384 bytes back
Round trip time was 2.47261 milliseconds in repetition 413
tcp_ping received 384 bytes back
Round trip time was 2.41631 milliseconds in repetition 414
tcp_ping received 384 bytes back
Round trip time was 2.46642 milliseconds in repetition 415
tcp_ping received 384 bytes back
Round trip time was 2.44231 milliseconds in repetition 416
tcp_ping received 384 bytes back
Round trip time was 2.52957 milliseconds in repetition 417
tcp_ping received 384 bytes back
Round trip time was 2.4632 milliseconds in repetition 418
tcp_ping received 384 bytes back
Round trip time was 2.4948 milliseconds in repetition 419
tcp_ping received 384 bytes back
Round trip time was 2.51747 milliseconds in repetition 420
tcp_ping received 384 bytes back
Round trip time was 2.45867 milliseconds in repetition 421
tcp_ping received 384 bytes back
Round trip time was 2.44704 milliseconds in repetition 422
tcp_ping received 384 bytes back
Round trip time was 2.39983 milliseconds in repetition 423
tcp_ping received 384 bytes back
Round trip time was 2.44113 milliseconds in repetition 424
tcp_ping received 384 bytes back
Round trip time was 2.52797 milliseconds in repetition 425
tcp_ping received 384 bytes back
Round trip time was 2.44551 milliseconds in repetition 426
tcp_ping received 384 bytes back
Round trip time was 2.44988 milliseconds in repetition 427
tcp_ping received 384 bytes back
Round trip time was 2.42829 milliseconds in repetition 428
tcp_ping received 384 bytes back
Round trip time was 2.4582 milliseconds in repetition 429
tcp_ping received 384 bytes back
Round trip time was 2.42298 milliseconds in repetition 430
tcp_ping received 384 bytes back
Round trip time was 2.44011 milliseconds in repetition 431
tcp_ping received 384 bytes back
Round trip time was 2.39685 milliseconds in repetition 432
tcp_ping received 384 bytes back
Round trip time was 2.49111 milliseconds in repetition 433
tcp_ping received 384 bytes back
Round trip time was 2.50721 milliseconds in repetition 434
tcp_ping received 384 bytes back
Round trip time was 2.55482 milliseconds in repetition 435
tcp_ping received 384 bytes back
Round trip time was 3.19261 milliseconds in repetition 436
tcp_ping received 384 bytes back
Round trip time was 2.48252 milliseconds in repetition 437
tcp_ping received 384 bytes back
Round trip time was 2.4721 milliseconds in repetition 438
tcp_ping received 384 bytes back
Round trip time was 2.50296 milliseconds in repetition 439
tcp_ping received 384 bytes back
Round trip time was 2.40418 milliseconds in repetition 440
tcp_ping received 384 bytes back
Round trip time was 2.39263 milliseconds in repetition 441
tcp_ping received 384 bytes back
Round trip time was 2.40889 milliseconds in repetition 442
tcp_ping received 384 bytes back
Round trip time was 902.417 milliseconds in repetition 443
tcp_ping received 384 bytes back
Round trip time was 2.44093 milliseconds in repetition 444
tcp_ping received 384 bytes back
Round trip time was 2.40627 milliseconds in repetition 445
tcp_ping received 384 bytes back
Round trip time was 2.43871 milliseconds in repetition 446
tcp_ping received 384 bytes back
Round trip time was 2.49366 milliseconds in repetition 447
tcp_ping received 384 bytes back
Round trip time was 2.7661 milliseconds in repetition 448
tcp_ping received 384 bytes back
Round trip time was 2.54513 milliseconds in repetition 449
tcp_ping received 384 bytes back
Round trip time was 2.41564 milliseconds in repetition 450
tcp_ping received 384 bytes back
Round trip time was 2.77477 milliseconds in repetition 451
tcp_ping received 384 bytes back
Round trip time was 2.41086 milliseconds in repetition 452
tcp_ping received 384 bytes back
Round trip time was 2.48766 milliseconds in repetition 453
tcp_ping received 384 bytes back
Round trip time was 2.45028 milliseconds in repetition 454
tcp_ping received 384 bytes back
Round trip time was 2.47222 milliseconds in repetition 455
tcp_ping received 384 bytes back
Round trip time was 2.44242 milliseconds in repetition 456
tcp_ping received 384 bytes back
Round trip time was 2.60434 milliseconds in repetition 457
tcp_ping received 384 bytes back
Round trip time was 2.59787 milliseconds in repetition 458
tcp_ping received 384 bytes back
Round trip time was 2.47884 milliseconds in repetition 459
tcp_ping received 384 bytes back
Round trip time was 2.39443 milliseconds in repetition 460
tcp_ping received 384 bytes back
Round trip time was 2.42338 milliseconds in repetition 461
tcp_ping received 384 bytes back
Round trip time was 2.47951 milliseconds in repetition 462
tcp_ping received 384 bytes back
Round trip time was 2.58499 milliseconds in repetition 463
tcp_ping received 384 bytes back
Round trip time was 2.47497 milliseconds in repetition 464
tcp_ping received 384 bytes back
Round trip time was 2.48242 milliseconds in repetition 465
tcp_ping received 384 bytes back
Round trip time was 2.4465 milliseconds in repetition 466
tcp_ping received 384 bytes back
Round trip time was 2.51543 milliseconds in repetition 467
tcp_ping received 384 bytes back
Round trip time was 2.43514 milliseconds in repetition 468
tcp_ping received 384 bytes back
Round trip time was 2.49923 milliseconds in repetition 469
tcp_ping received 384 bytes back
Round trip time was 2.58908 milliseconds in repetition 470
tcp_ping received 384 bytes back
Round trip time was 2.44529 milliseconds in repetition 471
tcp_ping received 384 bytes back
Round trip time was 2.52762 milliseconds in repetition 472
tcp_ping received 384 bytes back
Round trip time was 2.48663 milliseconds in repetition 473
tcp_ping received 384 bytes back
Round trip time was 2.4503 milliseconds in repetition 474
tcp_ping received 384 bytes back
Round trip time was 2.51019 milliseconds in repetition 475
tcp_ping received 384 bytes back
Round trip time was 2.46669 milliseconds in repetition 476
tcp_ping received 384 bytes back
Round trip time was 2.5161 milliseconds in repetition 477
tcp_ping received 384 bytes back
Round trip time was 2.44812 milliseconds in repetition 478
tcp_ping received 384 bytes back
Round trip time was 2.44497 milliseconds in repetition 479
tcp_ping received 384 bytes back
Round trip time was 2.46224 milliseconds in repetition 480
tcp_ping received 384 bytes back
Round trip time was 2.44933 milliseconds in repetition 481
tcp_ping received 384 bytes back
Round trip time was 2.43899 milliseconds in repetition 482
tcp_ping received 384 bytes back
Round trip time was 2.45312 milliseconds in repetition 483
tcp_ping received 384 bytes back
Round trip time was 902.423 milliseconds in repetition 484
tcp_ping received 384 bytes back
Round trip time was 2.47193 milliseconds in repetition 485
tcp_ping received 384 bytes back
Round trip time was 2.4483 milliseconds in repetition 486
tcp_ping received 384 bytes back
Round trip time was 2.54432 milliseconds in repetition 487
tcp_ping received 384 bytes back
Round trip time was 2.45449 milliseconds in repetition 488
tcp_ping received 384 bytes back
Round trip time was 2.47016 milliseconds in repetition 489
tcp_ping received 384 bytes back
Round trip time was 2.47684 milliseconds in repetition 490
tcp_ping received 384 bytes back
Round trip time was 2.52926 milliseconds in repetition 491
tcp_ping received 384 bytes back
Round trip time was 2.45963 milliseconds in repetition 492
tcp_ping received 384 bytes back
Round trip time was 2.5472 milliseconds in repetition 493
tcp_ping received 384 bytes back
Round trip time was 2.53783 milliseconds in repetition 494
tcp_ping received 384 bytes back
Round trip time was 2.47617 milliseconds in repetition 495
tcp_ping received 384 bytes back
Round trip time was 2.50487 milliseconds in repetition 496
tcp_ping received 384 bytes back
Round trip time was 2.51837 milliseconds in repetition 497
tcp_ping received 384 bytes back
Round trip time was 2.46757 milliseconds in repetition 498
tcp_ping received 384 bytes back
Round trip time was 2.54752 milliseconds in repetition 499
tcp_ping received 384 bytes back
Round trip time was 2.5337 milliseconds in repetition 500
tcp_ping received 384 bytes back
Round trip time was 2.54709 milliseconds in repetition 501

 ... clock resolution was 1e-07
TCP Ping:  Statistics over 501 repetitions of 384 byte messages

RTT : percentile 10: 2.41324, median: 2.46751, percentile 90: 2.76263, average: 25.89, variance: 20518

RTT histogram:
2.34642 488
47.4018 0
92.4571 0
137.513 0
182.568 0
227.623 0
272.679 0
317.734 0
362.789 0
407.845 0
452.9 0
497.955 0
543.011 0
588.066 0
633.121 0
678.177 0
723.232 0
768.288 0
813.343 0
858.398 0
903.454 13

   median Throughput : 311.245 KB/s   overall Throughput : 29.6639 KB/s

