TCP Ping trying to connect to server seti.dibris.unige.it (130.251.61.30) on port 1491
 ... connected to Pong server: asking for 501 repetitions of 393216 bytes TCP messages
 ... Pong server agreed :-)
tcp_ping received 393216 bytes back
Round trip time was 931.398 milliseconds in repetition 1
tcp_ping received 393216 bytes back
Round trip time was 9.62066 milliseconds in repetition 2
tcp_ping received 393216 bytes back
Round trip time was 21.6113 milliseconds in repetition 3
tcp_ping received 393216 bytes back
Round trip time was 12.2667 milliseconds in repetition 4
tcp_ping received 393216 bytes back
Round trip time was 14.9064 milliseconds in repetition 5
tcp_ping received 393216 bytes back
Round trip time was 12.6732 milliseconds in repetition 6
tcp_ping received 393216 bytes back
Round trip time was 913.144 milliseconds in repetition 7
tcp_ping received 393216 bytes back
Round trip time was 35.4142 milliseconds in repetition 8
tcp_ping received 393216 bytes back
Round trip time was 9.75265 milliseconds in repetition 9
tcp_ping received 393216 bytes back
Round trip time was 9.50705 milliseconds in repetition 10
tcp_ping received 393216 bytes back
Round trip time was 16.6838 milliseconds in repetition 11
tcp_ping received 393216 bytes back
Round trip time was 13.4414 milliseconds in repetition 12
tcp_ping received 393216 bytes back
Round trip time was 912.352 milliseconds in repetition 13
tcp_ping received 393216 bytes back
Round trip time was 15.9799 milliseconds in repetition 14
tcp_ping received 393216 bytes back
Round trip time was 17.4448 milliseconds in repetition 15
tcp_ping received 393216 bytes back
Round trip time was 12.3848 milliseconds in repetition 16
tcp_ping received 393216 bytes back
Round trip time was 11.8574 milliseconds in repetition 17
tcp_ping received 393216 bytes back
Round trip time was 11.1991 milliseconds in repetition 18
tcp_ping received 393216 bytes back
Round trip time was 12.5431 milliseconds in repetition 19
tcp_ping received 393216 bytes back
Round trip time was 11.185 milliseconds in repetition 20
tcp_ping received 393216 bytes back
Round trip time was 911.334 milliseconds in repetition 21
tcp_ping received 393216 bytes back
Round trip time was 16.0392 milliseconds in repetition 22
tcp_ping received 393216 bytes back
Round trip time was 14.3059 milliseconds in repetition 23
tcp_ping received 393216 bytes back
Round trip time was 23.3668 milliseconds in repetition 24
tcp_ping received 393216 bytes back
Round trip time was 14.5954 milliseconds in repetition 25
tcp_ping received 393216 bytes back
Round trip time was 18.8015 milliseconds in repetition 26
tcp_ping received 393216 bytes back
Round trip time was 926.914 milliseconds in repetition 27
tcp_ping received 393216 bytes back
Round trip time was 17.9052 milliseconds in repetition 28
tcp_ping received 393216 bytes back
Round trip time was 12.9811 milliseconds in repetition 29
tcp_ping received 393216 bytes back
Round trip time was 10.7065 milliseconds in repetition 30
tcp_ping received 393216 bytes back
Round trip time was 11.9494 milliseconds in repetition 31
tcp_ping received 393216 bytes back
Round trip time was 11.6778 milliseconds in repetition 32
tcp_ping received 393216 bytes back
Round trip time was 11.9442 milliseconds in repetition 33
tcp_ping received 393216 bytes back
Round trip time was 913.242 milliseconds in repetition 34
tcp_ping received 393216 bytes back
Round trip time was 14.5025 milliseconds in repetition 35
tcp_ping received 393216 bytes back
Round trip time was 20.7551 milliseconds in repetition 36
tcp_ping received 393216 bytes back
Round trip time was 18.9853 milliseconds in repetition 37
tcp_ping received 393216 bytes back
Round trip time was 16.7819 milliseconds in repetition 38
tcp_ping received 393216 bytes back
Round trip time was 12.4727 milliseconds in repetition 39
tcp_ping received 393216 bytes back
Round trip time was 912.204 milliseconds in repetition 40
tcp_ping received 393216 bytes back
Round trip time was 12.9366 milliseconds in repetition 41
tcp_ping received 393216 bytes back
Round trip time was 10.8004 milliseconds in repetition 42
tcp_ping received 393216 bytes back
Round trip time was 11.8254 milliseconds in repetition 43
tcp_ping received 393216 bytes back
Round trip time was 14.1869 milliseconds in repetition 44
tcp_ping received 393216 bytes back
Round trip time was 14.4757 milliseconds in repetition 45
tcp_ping received 393216 bytes back
Round trip time was 14.0066 milliseconds in repetition 46
tcp_ping received 393216 bytes back
Round trip time was 12.932 milliseconds in repetition 47
tcp_ping received 393216 bytes back
Round trip time was 913.558 milliseconds in repetition 48
tcp_ping received 393216 bytes back
Round trip time was 12.2876 milliseconds in repetition 49
tcp_ping received 393216 bytes back
Round trip time was 15.4277 milliseconds in repetition 50
tcp_ping received 393216 bytes back
Round trip time was 11.6731 milliseconds in repetition 51
tcp_ping received 393216 bytes back
Round trip time was 11.9911 milliseconds in repetition 52
tcp_ping received 393216 bytes back
Round trip time was 10.6616 milliseconds in repetition 53
tcp_ping received 393216 bytes back
Round trip time was 17.0895 milliseconds in repetition 54
tcp_ping received 393216 bytes back
Round trip time was 919.329 milliseconds in repetition 55
tcp_ping received 393216 bytes back
Round trip time was 10.5564 milliseconds in repetition 56
tcp_ping received 393216 bytes back
Round trip time was 13.2907 milliseconds in repetition 57
tcp_ping received 393216 bytes back
Round trip time was 15.4877 milliseconds in repetition 58
tcp_ping received 393216 bytes back
Round trip time was 11.5251 milliseconds in repetition 59
tcp_ping received 393216 bytes back
Round trip time was 13.0693 milliseconds in repetition 60
tcp_ping received 393216 bytes back
Round trip time was 12.443 milliseconds in repetition 61
tcp_ping received 393216 bytes back
Round trip time was 10.7786 milliseconds in repetition 62
tcp_ping received 393216 bytes back
Round trip time was 910.716 milliseconds in repetition 63
tcp_ping received 393216 bytes back
Round trip time was 12.4504 milliseconds in repetition 64
tcp_ping received 393216 bytes back
Round trip time was 12.1748 milliseconds in repetition 65
tcp_ping received 393216 bytes back
Round trip time was 10.1579 milliseconds in repetition 66
tcp_ping received 393216 bytes back
Round trip time was 13.8216 milliseconds in repetition 67
tcp_ping received 393216 bytes back
Round trip time was 14.1194 milliseconds in repetition 68
tcp_ping received 393216 bytes back
Round trip time was 14.058 milliseconds in repetition 69
tcp_ping received 393216 bytes back
Round trip time was 13.3507 milliseconds in repetition 70
tcp_ping received 393216 bytes back
Round trip time was 912.371 milliseconds in repetition 71
tcp_ping received 393216 bytes back
Round trip time was 13.0866 milliseconds in repetition 72
tcp_ping received 393216 bytes back
Round trip time was 12.49 milliseconds in repetition 73
tcp_ping received 393216 bytes back
Round trip time was 12.4056 milliseconds in repetition 74
tcp_ping received 393216 bytes back
Round trip time was 11.8689 milliseconds in repetition 75
tcp_ping received 393216 bytes back
Round trip time was 12.2794 milliseconds in repetition 76
tcp_ping received 393216 bytes back
Round trip time was 14.9655 milliseconds in repetition 77
tcp_ping received 393216 bytes back
Round trip time was 914.44 milliseconds in repetition 78
tcp_ping received 393216 bytes back
Round trip time was 14.1794 milliseconds in repetition 79
tcp_ping received 393216 bytes back
Round trip time was 13.9361 milliseconds in repetition 80
tcp_ping received 393216 bytes back
Round trip time was 13.5178 milliseconds in repetition 81
tcp_ping received 393216 bytes back
Round trip time was 14.1848 milliseconds in repetition 82
tcp_ping received 393216 bytes back
Round trip time was 13.8077 milliseconds in repetition 83
tcp_ping received 393216 bytes back
Round trip time was 10.9601 milliseconds in repetition 84
tcp_ping received 393216 bytes back
Round trip time was 11.9672 milliseconds in repetition 85
tcp_ping received 393216 bytes back
Round trip time was 914.417 milliseconds in repetition 86
tcp_ping received 393216 bytes back
Round trip time was 13.4371 milliseconds in repetition 87
tcp_ping received 393216 bytes back
Round trip time was 13.4197 milliseconds in repetition 88
tcp_ping received 393216 bytes back
Round trip time was 13.1876 milliseconds in repetition 89
tcp_ping received 393216 bytes back
Round trip time was 19.481 milliseconds in repetition 90
tcp_ping received 393216 bytes back
Round trip time was 15.6641 milliseconds in repetition 91
tcp_ping received 393216 bytes back
Round trip time was 917.114 milliseconds in repetition 92
tcp_ping received 393216 bytes back
Round trip time was 14.8466 milliseconds in repetition 93
tcp_ping received 393216 bytes back
Round trip time was 12.0019 milliseconds in repetition 94
tcp_ping received 393216 bytes back
Round trip time was 10.4028 milliseconds in repetition 95
tcp_ping received 393216 bytes back
Round trip time was 13.1577 milliseconds in repetition 96
tcp_ping received 393216 bytes back
Round trip time was 15.5453 milliseconds in repetition 97
tcp_ping received 393216 bytes back
Round trip time was 14.1243 milliseconds in repetition 98
tcp_ping received 393216 bytes back
Round trip time was 919.36 milliseconds in repetition 99
tcp_ping received 393216 bytes back
Round trip time was 17.4384 milliseconds in repetition 100
tcp_ping received 393216 bytes back
Round trip time was 11.122 milliseconds in repetition 101
tcp_ping received 393216 bytes back
Round trip time was 12.6513 milliseconds in repetition 102
tcp_ping received 393216 bytes back
Round trip time was 12.8965 milliseconds in repetition 103
tcp_ping received 393216 bytes back
Round trip time was 18.9538 milliseconds in repetition 104
tcp_ping received 393216 bytes back
Round trip time was 12.3272 milliseconds in repetition 105
tcp_ping received 393216 bytes back
Round trip time was 11.6956 milliseconds in repetition 106
tcp_ping received 393216 bytes back
Round trip time was 912.362 milliseconds in repetition 107
tcp_ping received 393216 bytes back
Round trip time was 15.2635 milliseconds in repetition 108
tcp_ping received 393216 bytes back
Round trip time was 15.0563 milliseconds in repetition 109
tcp_ping received 393216 bytes back
Round trip time was 14.2083 milliseconds in repetition 110
tcp_ping received 393216 bytes back
Round trip time was 14.6787 milliseconds in repetition 111
tcp_ping received 393216 bytes back
Round trip time was 21.691 milliseconds in repetition 112
tcp_ping received 393216 bytes back
Round trip time was 918.421 milliseconds in repetition 113
tcp_ping received 393216 bytes back
Round trip time was 33.9663 milliseconds in repetition 114
tcp_ping received 393216 bytes back
Round trip time was 12.9838 milliseconds in repetition 115
tcp_ping received 393216 bytes back
Round trip time was 11.7628 milliseconds in repetition 116
tcp_ping received 393216 bytes back
Round trip time was 10.6983 milliseconds in repetition 117
tcp_ping received 393216 bytes back
Round trip time was 12.4475 milliseconds in repetition 118
tcp_ping received 393216 bytes back
Round trip time was 910.75 milliseconds in repetition 119
tcp_ping received 393216 bytes back
Round trip time was 15.5868 milliseconds in repetition 120
tcp_ping received 393216 bytes back
Round trip time was 19.9279 milliseconds in repetition 121
tcp_ping received 393216 bytes back
Round trip time was 18.3968 milliseconds in repetition 122
tcp_ping received 393216 bytes back
Round trip time was 12.1007 milliseconds in repetition 123
tcp_ping received 393216 bytes back
Round trip time was 12.149 milliseconds in repetition 124
tcp_ping received 393216 bytes back
Round trip time was 12.5491 milliseconds in repetition 125
tcp_ping received 393216 bytes back
Round trip time was 911.65 milliseconds in repetition 126
tcp_ping received 393216 bytes back
Round trip time was 11.3365 milliseconds in repetition 127
tcp_ping received 393216 bytes back
Round trip time was 14.955 milliseconds in repetition 128
tcp_ping received 393216 bytes back
Round trip time was 14.8357 milliseconds in repetition 129
tcp_ping received 393216 bytes back
Round trip time was 15.2676 milliseconds in repetition 130
tcp_ping received 393216 bytes back
Round trip time was 15.1889 milliseconds in repetition 131
tcp_ping received 393216 bytes back
Round trip time was 13.4466 milliseconds in repetition 132
tcp_ping received 393216 bytes back
Round trip time was 914.238 milliseconds in repetition 133
tcp_ping received 393216 bytes back
Round trip time was 12.6935 milliseconds in repetition 134
tcp_ping received 393216 bytes back
Round trip time was 12.8039 milliseconds in repetition 135
tcp_ping received 393216 bytes back
Round trip time was 13.0048 milliseconds in repetition 136
tcp_ping received 393216 bytes back
Round trip time was 12.2908 milliseconds in repetition 137
tcp_ping received 393216 bytes back
Round trip time was 11.5945 milliseconds in repetition 138
tcp_ping received 393216 bytes back
Round trip time was 15.7121 milliseconds in repetition 139
tcp_ping received 393216 bytes back
Round trip time was 12.1251 milliseconds in repetition 140
tcp_ping received 393216 bytes back
Round trip time was 915.613 milliseconds in repetition 141
tcp_ping received 393216 bytes back
Round trip time was 10.3838 milliseconds in repetition 142
tcp_ping received 393216 bytes back
Round trip time was 15.9008 milliseconds in repetition 143
tcp_ping received 393216 bytes back
Round trip time was 17.8474 milliseconds in repetition 144
tcp_ping received 393216 bytes back
Round trip time was 14.7772 milliseconds in repetition 145
tcp_ping received 393216 bytes back
Round trip time was 9.20739 milliseconds in repetition 146
tcp_ping received 393216 bytes back
Round trip time was 10.058 milliseconds in repetition 147
tcp_ping received 393216 bytes back
Round trip time was 916.849 milliseconds in repetition 148
tcp_ping received 393216 bytes back
Round trip time was 13.2385 milliseconds in repetition 149
tcp_ping received 393216 bytes back
Round trip time was 11.895 milliseconds in repetition 150
tcp_ping received 393216 bytes back
Round trip time was 12.3457 milliseconds in repetition 151
tcp_ping received 393216 bytes back
Round trip time was 15.632 milliseconds in repetition 152
tcp_ping received 393216 bytes back
Round trip time was 11.4001 milliseconds in repetition 153
tcp_ping received 393216 bytes back
Round trip time was 14.8864 milliseconds in repetition 154
tcp_ping received 393216 bytes back
Round trip time was 13.9832 milliseconds in repetition 155
tcp_ping received 393216 bytes back
Round trip time was 916.067 milliseconds in repetition 156
tcp_ping received 393216 bytes back
Round trip time was 12.2565 milliseconds in repetition 157
tcp_ping received 393216 bytes back
Round trip time was 12.9349 milliseconds in repetition 158
tcp_ping received 393216 bytes back
Round trip time was 11.8972 milliseconds in repetition 159
tcp_ping received 393216 bytes back
Round trip time was 12.069 milliseconds in repetition 160
tcp_ping received 393216 bytes back
Round trip time was 12.1512 milliseconds in repetition 161
tcp_ping received 393216 bytes back
Round trip time was 13.0562 milliseconds in repetition 162
tcp_ping received 393216 bytes back
Round trip time was 913.807 milliseconds in repetition 163
tcp_ping received 393216 bytes back
Round trip time was 13.4125 milliseconds in repetition 164
tcp_ping received 393216 bytes back
Round trip time was 12.6761 milliseconds in repetition 165
tcp_ping received 393216 bytes back
Round trip time was 15.1016 milliseconds in repetition 166
tcp_ping received 393216 bytes back
Round trip time was 19.5323 milliseconds in repetition 167
tcp_ping received 393216 bytes back
Round trip time was 14.1405 milliseconds in repetition 168
tcp_ping received 393216 bytes back
Round trip time was 12.9899 milliseconds in repetition 169
tcp_ping received 393216 bytes back
Round trip time was 912.771 milliseconds in repetition 170
tcp_ping received 393216 bytes back
Round trip time was 12.0496 milliseconds in repetition 171
tcp_ping received 393216 bytes back
Round trip time was 11.3418 milliseconds in repetition 172
tcp_ping received 393216 bytes back
Round trip time was 11.5235 milliseconds in repetition 173
tcp_ping received 393216 bytes back
Round trip time was 11.78 milliseconds in repetition 174
tcp_ping received 393216 bytes back
Round trip time was 13.0745 milliseconds in repetition 175
tcp_ping received 393216 bytes back
Round trip time was 18.7576 milliseconds in repetition 176
tcp_ping received 393216 bytes back
Round trip time was 9.37894 milliseconds in repetition 177
tcp_ping received 393216 bytes back
Round trip time was 914.306 milliseconds in repetition 178
tcp_ping received 393216 bytes back
Round trip time was 11.4041 milliseconds in repetition 179
tcp_ping received 393216 bytes back
Round trip time was 11.8261 milliseconds in repetition 180
tcp_ping received 393216 bytes back
Round trip time was 12.8377 milliseconds in repetition 181
tcp_ping received 393216 bytes back
Round trip time was 11.864 milliseconds in repetition 182
tcp_ping received 393216 bytes back
Round trip time was 11.225 milliseconds in repetition 183
tcp_ping received 393216 bytes back
Round trip time was 15.0503 milliseconds in repetition 184
tcp_ping received 393216 bytes back
Round trip time was 11.5312 milliseconds in repetition 185
tcp_ping received 393216 bytes back
Round trip time was 910.293 milliseconds in repetition 186
tcp_ping received 393216 bytes back
Round trip time was 14.5674 milliseconds in repetition 187
tcp_ping received 393216 bytes back
Round trip time was 14.0471 milliseconds in repetition 188
tcp_ping received 393216 bytes back
Round trip time was 14.71 milliseconds in repetition 189
tcp_ping received 393216 bytes back
Round trip time was 19.8982 milliseconds in repetition 190
tcp_ping received 393216 bytes back
Round trip time was 13.8845 milliseconds in repetition 191
tcp_ping received 393216 bytes back
Round trip time was 15.1184 milliseconds in repetition 192
tcp_ping received 393216 bytes back
Round trip time was 911.255 milliseconds in repetition 193
tcp_ping received 393216 bytes back
Round trip time was 10.8027 milliseconds in repetition 194
tcp_ping received 393216 bytes back
Round trip time was 12.334 milliseconds in repetition 195
tcp_ping received 393216 bytes back
Round trip time was 15.1945 milliseconds in repetition 196
tcp_ping received 393216 bytes back
Round trip time was 11.1998 milliseconds in repetition 197
tcp_ping received 393216 bytes back
Round trip time was 20.5006 milliseconds in repetition 198
tcp_ping received 393216 bytes back
Round trip time was 11.6673 milliseconds in repetition 199
tcp_ping received 393216 bytes back
Round trip time was 913.337 milliseconds in repetition 200
tcp_ping received 393216 bytes back
Round trip time was 13.2627 milliseconds in repetition 201
tcp_ping received 393216 bytes back
Round trip time was 12.6098 milliseconds in repetition 202
tcp_ping received 393216 bytes back
Round trip time was 11.1085 milliseconds in repetition 203
tcp_ping received 393216 bytes back
Round trip time was 11.8347 milliseconds in repetition 204
tcp_ping received 393216 bytes back
Round trip time was 15.4282 milliseconds in repetition 205
tcp_ping received 393216 bytes back
Round trip time was 11.1559 milliseconds in repetition 206
tcp_ping received 393216 bytes back
Round trip time was 10.8045 milliseconds in repetition 207
tcp_ping received 393216 bytes back
Round trip time was 914.915 milliseconds in repetition 208
tcp_ping received 393216 bytes back
Round trip time was 15.4666 milliseconds in repetition 209
tcp_ping received 393216 bytes back
Round trip time was 15.2172 milliseconds in repetition 210
tcp_ping received 393216 bytes back
Round trip time was 14.3631 milliseconds in repetition 211
tcp_ping received 393216 bytes back
Round trip time was 33.572 milliseconds in repetition 212
tcp_ping received 393216 bytes back
Round trip time was 14.766 milliseconds in repetition 213
tcp_ping received 393216 bytes back
Round trip time was 917.581 milliseconds in repetition 214
tcp_ping received 393216 bytes back
Round trip time was 13.0343 milliseconds in repetition 215
tcp_ping received 393216 bytes back
Round trip time was 23.4383 milliseconds in repetition 216
tcp_ping received 393216 bytes back
Round trip time was 16.5521 milliseconds in repetition 217
tcp_ping received 393216 bytes back
Round trip time was 15.2827 milliseconds in repetition 218
tcp_ping received 393216 bytes back
Round trip time was 15.6603 milliseconds in repetition 219
tcp_ping received 393216 bytes back
Round trip time was 915.051 milliseconds in repetition 220
tcp_ping received 393216 bytes back
Round trip time was 15.1691 milliseconds in repetition 221
tcp_ping received 393216 bytes back
Round trip time was 12.9651 milliseconds in repetition 222
tcp_ping received 393216 bytes back
Round trip time was 12.5701 milliseconds in repetition 223
tcp_ping received 393216 bytes back
Round trip time was 13.1744 milliseconds in repetition 224
tcp_ping received 393216 bytes back
Round trip time was 11.6554 milliseconds in repetition 225
tcp_ping received 393216 bytes back
Round trip time was 14.8276 milliseconds in repetition 226
tcp_ping received 393216 bytes back
Round trip time was 912.41 milliseconds in repetition 227
tcp_ping received 393216 bytes back
Round trip time was 11.2692 milliseconds in repetition 228
tcp_ping received 393216 bytes back
Round trip time was 15.3684 milliseconds in repetition 229
tcp_ping received 393216 bytes back
Round trip time was 17.4711 milliseconds in repetition 230
tcp_ping received 393216 bytes back
Round trip time was 18.7099 milliseconds in repetition 231
tcp_ping received 393216 bytes back
Round trip time was 14.9902 milliseconds in repetition 232
tcp_ping received 393216 bytes back
Round trip time was 14.2197 milliseconds in repetition 233
tcp_ping received 393216 bytes back
Round trip time was 913.523 milliseconds in repetition 234
tcp_ping received 393216 bytes back
Round trip time was 16.2768 milliseconds in repetition 235
tcp_ping received 393216 bytes back
Round trip time was 15.3834 milliseconds in repetition 236
tcp_ping received 393216 bytes back
Round trip time was 15.6246 milliseconds in repetition 237
tcp_ping received 393216 bytes back
Round trip time was 15.4775 milliseconds in repetition 238
tcp_ping received 393216 bytes back
Round trip time was 15.8595 milliseconds in repetition 239
tcp_ping received 393216 bytes back
Round trip time was 915.349 milliseconds in repetition 240
tcp_ping received 393216 bytes back
Round trip time was 15.4176 milliseconds in repetition 241
tcp_ping received 393216 bytes back
Round trip time was 14.8526 milliseconds in repetition 242
tcp_ping received 393216 bytes back
Round trip time was 15.9593 milliseconds in repetition 243
tcp_ping received 393216 bytes back
Round trip time was 14.756 milliseconds in repetition 244
tcp_ping received 393216 bytes back
Round trip time was 12.5487 milliseconds in repetition 245
tcp_ping received 393216 bytes back
Round trip time was 13.2202 milliseconds in repetition 246
tcp_ping received 393216 bytes back
Round trip time was 914.046 milliseconds in repetition 247
tcp_ping received 393216 bytes back
Round trip time was 12.4236 milliseconds in repetition 248
tcp_ping received 393216 bytes back
Round trip time was 15.6226 milliseconds in repetition 249
tcp_ping received 393216 bytes back
Round trip time was 14.6288 milliseconds in repetition 250
tcp_ping received 393216 bytes back
Round trip time was 16.1194 milliseconds in repetition 251
tcp_ping received 393216 bytes back
Round trip time was 16.6204 milliseconds in repetition 252
tcp_ping received 393216 bytes back
Round trip time was 13.2995 milliseconds in repetition 253
tcp_ping received 393216 bytes back
Round trip time was 917.985 milliseconds in repetition 254
tcp_ping received 393216 bytes back
Round trip time was 13.8785 milliseconds in repetition 255
tcp_ping received 393216 bytes back
Round trip time was 13.1348 milliseconds in repetition 256
tcp_ping received 393216 bytes back
Round trip time was 13.347 milliseconds in repetition 257
tcp_ping received 393216 bytes back
Round trip time was 14.9818 milliseconds in repetition 258
tcp_ping received 393216 bytes back
Round trip time was 13.1478 milliseconds in repetition 259
tcp_ping received 393216 bytes back
Round trip time was 13.1556 milliseconds in repetition 260
tcp_ping received 393216 bytes back
Round trip time was 917.066 milliseconds in repetition 261
tcp_ping received 393216 bytes back
Round trip time was 16.6924 milliseconds in repetition 262
tcp_ping received 393216 bytes back
Round trip time was 22.8533 milliseconds in repetition 263
tcp_ping received 393216 bytes back
Round trip time was 15.663 milliseconds in repetition 264
tcp_ping received 393216 bytes back
Round trip time was 18.5827 milliseconds in repetition 265
tcp_ping received 393216 bytes back
Round trip time was 916.268 milliseconds in repetition 266
tcp_ping received 393216 bytes back
Round trip time was 13.3913 milliseconds in repetition 267
tcp_ping received 393216 bytes back
Round trip time was 15.4265 milliseconds in repetition 268
tcp_ping received 393216 bytes back
Round trip time was 17.7387 milliseconds in repetition 269
tcp_ping received 393216 bytes back
Round trip time was 16.0403 milliseconds in repetition 270
tcp_ping received 393216 bytes back
Round trip time was 16.6827 milliseconds in repetition 271
tcp_ping received 393216 bytes back
Round trip time was 15.1808 milliseconds in repetition 272
tcp_ping received 393216 bytes back
Round trip time was 915.086 milliseconds in repetition 273
tcp_ping received 393216 bytes back
Round trip time was 15.5809 milliseconds in repetition 274
tcp_ping received 393216 bytes back
Round trip time was 21.3053 milliseconds in repetition 275
tcp_ping received 393216 bytes back
Round trip time was 13.5947 milliseconds in repetition 276
tcp_ping received 393216 bytes back
Round trip time was 13.3324 milliseconds in repetition 277
tcp_ping received 393216 bytes back
Round trip time was 12.5125 milliseconds in repetition 278
tcp_ping received 393216 bytes back
Round trip time was 913.26 milliseconds in repetition 279
tcp_ping received 393216 bytes back
Round trip time was 13.9002 milliseconds in repetition 280
tcp_ping received 393216 bytes back
Round trip time was 17.1531 milliseconds in repetition 281
tcp_ping received 393216 bytes back
Round trip time was 15.8201 milliseconds in repetition 282
tcp_ping received 393216 bytes back
Round trip time was 15.5962 milliseconds in repetition 283
tcp_ping received 393216 bytes back
Round trip time was 14.9845 milliseconds in repetition 284
tcp_ping received 393216 bytes back
Round trip time was 17.1044 milliseconds in repetition 285
tcp_ping received 393216 bytes back
Round trip time was 914.443 milliseconds in repetition 286
tcp_ping received 393216 bytes back
Round trip time was 13.9525 milliseconds in repetition 287
tcp_ping received 393216 bytes back
Round trip time was 15.7348 milliseconds in repetition 288
tcp_ping received 393216 bytes back
Round trip time was 13.52 milliseconds in repetition 289
tcp_ping received 393216 bytes back
Round trip time was 13.5895 milliseconds in repetition 290
tcp_ping received 393216 bytes back
Round trip time was 12.9315 milliseconds in repetition 291
tcp_ping received 393216 bytes back
Round trip time was 13.1445 milliseconds in repetition 292
tcp_ping received 393216 bytes back
Round trip time was 913.659 milliseconds in repetition 293
tcp_ping received 393216 bytes back
Round trip time was 13.5605 milliseconds in repetition 294
tcp_ping received 393216 bytes back
Round trip time was 13.9392 milliseconds in repetition 295
tcp_ping received 393216 bytes back
Round trip time was 20.691 milliseconds in repetition 296
tcp_ping received 393216 bytes back
Round trip time was 12.8484 milliseconds in repetition 297
tcp_ping received 393216 bytes back
Round trip time was 17.2403 milliseconds in repetition 298
tcp_ping received 393216 bytes back
Round trip time was 915.604 milliseconds in repetition 299
tcp_ping received 393216 bytes back
Round trip time was 13.2315 milliseconds in repetition 300
tcp_ping received 393216 bytes back
Round trip time was 18.4515 milliseconds in repetition 301
tcp_ping received 393216 bytes back
Round trip time was 13.803 milliseconds in repetition 302
tcp_ping received 393216 bytes back
Round trip time was 13.9213 milliseconds in repetition 303
tcp_ping received 393216 bytes back
Round trip time was 13.3383 milliseconds in repetition 304
tcp_ping received 393216 bytes back
Round trip time was 13.4409 milliseconds in repetition 305
tcp_ping received 393216 bytes back
Round trip time was 914.744 milliseconds in repetition 306
tcp_ping received 393216 bytes back
Round trip time was 13.5809 milliseconds in repetition 307
tcp_ping received 393216 bytes back
Round trip time was 12.1359 milliseconds in repetition 308
tcp_ping received 393216 bytes back
Round trip time was 19.1712 milliseconds in repetition 309
tcp_ping received 393216 bytes back
Round trip time was 23.6939 milliseconds in repetition 310
tcp_ping received 393216 bytes back
Round trip time was 16.9256 milliseconds in repetition 311
tcp_ping received 393216 bytes back
Round trip time was 917.79 milliseconds in repetition 312
tcp_ping received 393216 bytes back
Round trip time was 16.661 milliseconds in repetition 313
tcp_ping received 393216 bytes back
Round trip time was 16.2839 milliseconds in repetition 314
tcp_ping received 393216 bytes back
Round trip time was 13.6733 milliseconds in repetition 315
tcp_ping received 393216 bytes back
Round trip time was 20.2272 milliseconds in repetition 316
tcp_ping received 393216 bytes back
Round trip time was 16.4392 milliseconds in repetition 317
tcp_ping received 393216 bytes back
Round trip time was 914.493 milliseconds in repetition 318
tcp_ping received 393216 bytes back
Round trip time was 15.1896 milliseconds in repetition 319
tcp_ping received 393216 bytes back
Round trip time was 14.1074 milliseconds in repetition 320
tcp_ping received 393216 bytes back
Round trip time was 13.9707 milliseconds in repetition 321
tcp_ping received 393216 bytes back
Round trip time was 19.2766 milliseconds in repetition 322
tcp_ping received 393216 bytes back
Round trip time was 15.1172 milliseconds in repetition 323
tcp_ping received 393216 bytes back
Round trip time was 12.7967 milliseconds in repetition 324
tcp_ping received 393216 bytes back
Round trip time was 913.436 milliseconds in repetition 325
tcp_ping received 393216 bytes back
Round trip time was 12.3992 milliseconds in repetition 326
tcp_ping received 393216 bytes back
Round trip time was 13.0537 milliseconds in repetition 327
tcp_ping received 393216 bytes back
Round trip time was 16.4089 milliseconds in repetition 328
tcp_ping received 393216 bytes back
Round trip time was 13.6021 milliseconds in repetition 329
tcp_ping received 393216 bytes back
Round trip time was 13.7066 milliseconds in repetition 330
tcp_ping received 393216 bytes back
Round trip time was 13.3816 milliseconds in repetition 331
tcp_ping received 393216 bytes back
Round trip time was 912.935 milliseconds in repetition 332
tcp_ping received 393216 bytes back
Round trip time was 16.7305 milliseconds in repetition 333
tcp_ping received 393216 bytes back
Round trip time was 16.9711 milliseconds in repetition 334
tcp_ping received 393216 bytes back
Round trip time was 16.1979 milliseconds in repetition 335
tcp_ping received 393216 bytes back
Round trip time was 16.325 milliseconds in repetition 336
tcp_ping received 393216 bytes back
Round trip time was 17.7154 milliseconds in repetition 337
tcp_ping received 393216 bytes back
Round trip time was 918.187 milliseconds in repetition 338
tcp_ping received 393216 bytes back
Round trip time was 15.3853 milliseconds in repetition 339
tcp_ping received 393216 bytes back
Round trip time was 13.0609 milliseconds in repetition 340
tcp_ping received 393216 bytes back
Round trip time was 13.7589 milliseconds in repetition 341
tcp_ping received 393216 bytes back
Round trip time was 14.1799 milliseconds in repetition 342
tcp_ping received 393216 bytes back
Round trip time was 14.0192 milliseconds in repetition 343
tcp_ping received 393216 bytes back
Round trip time was 17.4392 milliseconds in repetition 344
tcp_ping received 393216 bytes back
Round trip time was 916.595 milliseconds in repetition 345
tcp_ping received 393216 bytes back
Round trip time was 16.4507 milliseconds in repetition 346
tcp_ping received 393216 bytes back
Round trip time was 13.5173 milliseconds in repetition 347
tcp_ping received 393216 bytes back
Round trip time was 15.3361 milliseconds in repetition 348
tcp_ping received 393216 bytes back
Round trip time was 13.5068 milliseconds in repetition 349
tcp_ping received 393216 bytes back
Round trip time was 19.9025 milliseconds in repetition 350
tcp_ping received 393216 bytes back
Round trip time was 12.9613 milliseconds in repetition 351
tcp_ping received 393216 bytes back
Round trip time was 913.519 milliseconds in repetition 352
tcp_ping received 393216 bytes back
Round trip time was 12.7174 milliseconds in repetition 353
tcp_ping received 393216 bytes back
Round trip time was 13.4965 milliseconds in repetition 354
tcp_ping received 393216 bytes back
Round trip time was 17.9153 milliseconds in repetition 355
tcp_ping received 393216 bytes back
Round trip time was 15.6493 milliseconds in repetition 356
tcp_ping received 393216 bytes back
Round trip time was 21.1332 milliseconds in repetition 357
tcp_ping received 393216 bytes back
Round trip time was 917.761 milliseconds in repetition 358
tcp_ping received 393216 bytes back
Round trip time was 17.516 milliseconds in repetition 359
tcp_ping received 393216 bytes back
Round trip time was 17.4537 milliseconds in repetition 360
tcp_ping received 393216 bytes back
Round trip time was 25.3849 milliseconds in repetition 361
tcp_ping received 393216 bytes back
Round trip time was 18.3111 milliseconds in repetition 362
tcp_ping received 393216 bytes back
Round trip time was 916.359 milliseconds in repetition 363
tcp_ping received 393216 bytes back
Round trip time was 15.9957 milliseconds in repetition 364
tcp_ping received 393216 bytes back
Round trip time was 16.5691 milliseconds in repetition 365
tcp_ping received 393216 bytes back
Round trip time was 15.7799 milliseconds in repetition 366
tcp_ping received 393216 bytes back
Round trip time was 15.0912 milliseconds in repetition 367
tcp_ping received 393216 bytes back
Round trip time was 15.8496 milliseconds in repetition 368
tcp_ping received 393216 bytes back
Round trip time was 917.43 milliseconds in repetition 369
tcp_ping received 393216 bytes back
Round trip time was 16.6723 milliseconds in repetition 370
tcp_ping received 393216 bytes back
Round trip time was 17.9975 milliseconds in repetition 371
tcp_ping received 393216 bytes back
Round trip time was 17.9699 milliseconds in repetition 372
tcp_ping received 393216 bytes back
Round trip time was 13.2298 milliseconds in repetition 373
tcp_ping received 393216 bytes back
Round trip time was 14.5635 milliseconds in repetition 374
tcp_ping received 393216 bytes back
Round trip time was 13.7472 milliseconds in repetition 375
tcp_ping received 393216 bytes back
Round trip time was 914.173 milliseconds in repetition 376
tcp_ping received 393216 bytes back
Round trip time was 14.3429 milliseconds in repetition 377
tcp_ping received 393216 bytes back
Round trip time was 13.7475 milliseconds in repetition 378
tcp_ping received 393216 bytes back
Round trip time was 15.987 milliseconds in repetition 379
tcp_ping received 393216 bytes back
Round trip time was 15.419 milliseconds in repetition 380
tcp_ping received 393216 bytes back
Round trip time was 17.4844 milliseconds in repetition 381
tcp_ping received 393216 bytes back
Round trip time was 916.135 milliseconds in repetition 382
tcp_ping received 393216 bytes back
Round trip time was 19.3476 milliseconds in repetition 383
tcp_ping received 393216 bytes back
Round trip time was 16.3467 milliseconds in repetition 384
tcp_ping received 393216 bytes back
Round trip time was 19.3796 milliseconds in repetition 385
tcp_ping received 393216 bytes back
Round trip time was 20.2369 milliseconds in repetition 386
tcp_ping received 393216 bytes back
Round trip time was 14.5407 milliseconds in repetition 387
tcp_ping received 393216 bytes back
Round trip time was 912.976 milliseconds in repetition 388
tcp_ping received 393216 bytes back
Round trip time was 15.1163 milliseconds in repetition 389
tcp_ping received 393216 bytes back
Round trip time was 18.6225 milliseconds in repetition 390
tcp_ping received 393216 bytes back
Round trip time was 18.572 milliseconds in repetition 391
tcp_ping received 393216 bytes back
Round trip time was 16.9977 milliseconds in repetition 392
tcp_ping received 393216 bytes back
Round trip time was 17.8225 milliseconds in repetition 393
tcp_ping received 393216 bytes back
Round trip time was 914.48 milliseconds in repetition 394
tcp_ping received 393216 bytes back
Round trip time was 14.0764 milliseconds in repetition 395
tcp_ping received 393216 bytes back
Round trip time was 12.8978 milliseconds in repetition 396
tcp_ping received 393216 bytes back
Round trip time was 17.7537 milliseconds in repetition 397
tcp_ping received 393216 bytes back
Round trip time was 16.9358 milliseconds in repetition 398
tcp_ping received 393216 bytes back
Round trip time was 20.5442 milliseconds in repetition 399
tcp_ping received 393216 bytes back
Round trip time was 916.322 milliseconds in repetition 400
tcp_ping received 393216 bytes back
Round trip time was 15.472 milliseconds in repetition 401
tcp_ping received 393216 bytes back
Round trip time was 15.0102 milliseconds in repetition 402
tcp_ping received 393216 bytes back
Round trip time was 14.1174 milliseconds in repetition 403
tcp_ping received 393216 bytes back
Round trip time was 22.2303 milliseconds in repetition 404
tcp_ping received 393216 bytes back
Round trip time was 22.2958 milliseconds in repetition 405
tcp_ping received 393216 bytes back
Round trip time was 915.954 milliseconds in repetition 406
tcp_ping received 393216 bytes back
Round trip time was 16.3195 milliseconds in repetition 407
tcp_ping received 393216 bytes back
Round trip time was 15.6754 milliseconds in repetition 408
tcp_ping received 393216 bytes back
Round trip time was 15.6131 milliseconds in repetition 409
tcp_ping received 393216 bytes back
Round trip time was 16.6933 milliseconds in repetition 410
tcp_ping received 393216 bytes back
Round trip time was 20.666 milliseconds in repetition 411
tcp_ping received 393216 bytes back
Round trip time was 914.328 milliseconds in repetition 412
tcp_ping received 393216 bytes back
Round trip time was 13.7029 milliseconds in repetition 413
tcp_ping received 393216 bytes back
Round trip time was 12.5918 milliseconds in repetition 414
tcp_ping received 393216 bytes back
Round trip time was 15.1053 milliseconds in repetition 415
tcp_ping received 393216 bytes back
Round trip time was 13.8113 milliseconds in repetition 416
tcp_ping received 393216 bytes back
Round trip time was 12.5742 milliseconds in repetition 417
tcp_ping received 393216 bytes back
Round trip time was 919.775 milliseconds in repetition 418
tcp_ping received 393216 bytes back
Round trip time was 11.8091 milliseconds in repetition 419
tcp_ping received 393216 bytes back
Round trip time was 17.9952 milliseconds in repetition 420
tcp_ping received 393216 bytes back
Round trip time was 11.2344 milliseconds in repetition 421
tcp_ping received 393216 bytes back
Round trip time was 15.6519 milliseconds in repetition 422
tcp_ping received 393216 bytes back
Round trip time was 16.3288 milliseconds in repetition 423
tcp_ping received 393216 bytes back
Round trip time was 19.9829 milliseconds in repetition 424
tcp_ping received 393216 bytes back
Round trip time was 919.729 milliseconds in repetition 425
tcp_ping received 393216 bytes back
Round trip time was 22.0356 milliseconds in repetition 426
tcp_ping received 393216 bytes back
Round trip time was 18.3409 milliseconds in repetition 427
tcp_ping received 393216 bytes back
Round trip time was 28.0261 milliseconds in repetition 428
tcp_ping received 393216 bytes back
Round trip time was 17.4297 milliseconds in repetition 429
tcp_ping received 393216 bytes back
Round trip time was 915.367 milliseconds in repetition 430
tcp_ping received 393216 bytes back
Round trip time was 16.0445 milliseconds in repetition 431
tcp_ping received 393216 bytes back
Round trip time was 17.9257 milliseconds in repetition 432
tcp_ping received 393216 bytes back
Round trip time was 14.178 milliseconds in repetition 433
tcp_ping received 393216 bytes back
Round trip time was 14.8082 milliseconds in repetition 434
tcp_ping received 393216 bytes back
Round trip time was 13.3584 milliseconds in repetition 435
tcp_ping received 393216 bytes back
Round trip time was 913.074 milliseconds in repetition 436
tcp_ping received 393216 bytes back
Round trip time was 13.1614 milliseconds in repetition 437
tcp_ping received 393216 bytes back
Round trip time was 15.7383 milliseconds in repetition 438
tcp_ping received 393216 bytes back
Round trip time was 15.9449 milliseconds in repetition 439
tcp_ping received 393216 bytes back
Round trip time was 11.7294 milliseconds in repetition 440
tcp_ping received 393216 bytes back
Round trip time was 14.4573 milliseconds in repetition 441
tcp_ping received 393216 bytes back
Round trip time was 13.9629 milliseconds in repetition 442
tcp_ping received 393216 bytes back
Round trip time was 917.807 milliseconds in repetition 443
tcp_ping received 393216 bytes back
Round trip time was 14.2768 milliseconds in repetition 444
tcp_ping received 393216 bytes back
Round trip time was 12.4757 milliseconds in repetition 445
tcp_ping received 393216 bytes back
Round trip time was 13.4657 milliseconds in repetition 446
tcp_ping received 393216 bytes back
Round trip time was 13.5455 milliseconds in repetition 447
tcp_ping received 393216 bytes back
Round trip time was 13.4277 milliseconds in repetition 448
tcp_ping received 393216 bytes back
Round trip time was 12.8181 milliseconds in repetition 449
tcp_ping received 393216 bytes back
Round trip time was 12.929 milliseconds in repetition 450
tcp_ping received 393216 bytes back
Round trip time was 915.108 milliseconds in repetition 451
tcp_ping received 393216 bytes back
Round trip time was 16.0202 milliseconds in repetition 452
tcp_ping received 393216 bytes back
Round trip time was 20.1503 milliseconds in repetition 453
tcp_ping received 393216 bytes back
Round trip time was 24.3214 milliseconds in repetition 454
tcp_ping received 393216 bytes back
Round trip time was 13.6473 milliseconds in repetition 455
tcp_ping received 393216 bytes back
Round trip time was 913.485 milliseconds in repetition 456
tcp_ping received 393216 bytes back
Round trip time was 13.7742 milliseconds in repetition 457
tcp_ping received 393216 bytes back
Round trip time was 18.6488 milliseconds in repetition 458
tcp_ping received 393216 bytes back
Round trip time was 13.0059 milliseconds in repetition 459
tcp_ping received 393216 bytes back
Round trip time was 13.0807 milliseconds in repetition 460
tcp_ping received 393216 bytes back
Round trip time was 14.0064 milliseconds in repetition 461
tcp_ping received 393216 bytes back
Round trip time was 15.7456 milliseconds in repetition 462
tcp_ping received 393216 bytes back
Round trip time was 915.828 milliseconds in repetition 463
tcp_ping received 393216 bytes back
Round trip time was 22.238 milliseconds in repetition 464
tcp_ping received 393216 bytes back
Round trip time was 14.823 milliseconds in repetition 465
tcp_ping received 393216 bytes back
Round trip time was 16.0506 milliseconds in repetition 466
tcp_ping received 393216 bytes back
Round trip time was 19.5048 milliseconds in repetition 467
tcp_ping received 393216 bytes back
Round trip time was 16.8128 milliseconds in repetition 468
tcp_ping received 393216 bytes back
Round trip time was 913.806 milliseconds in repetition 469
tcp_ping received 393216 bytes back
Round trip time was 14.4103 milliseconds in repetition 470
tcp_ping received 393216 bytes back
Round trip time was 15.0091 milliseconds in repetition 471
tcp_ping received 393216 bytes back
Round trip time was 17.2851 milliseconds in repetition 472
tcp_ping received 393216 bytes back
Round trip time was 15.1205 milliseconds in repetition 473
tcp_ping received 393216 bytes back
Round trip time was 14.744 milliseconds in repetition 474
tcp_ping received 393216 bytes back
Round trip time was 915.121 milliseconds in repetition 475
tcp_ping received 393216 bytes back
Round trip time was 16.7546 milliseconds in repetition 476
tcp_ping received 393216 bytes back
Round trip time was 14.1731 milliseconds in repetition 477
tcp_ping received 393216 bytes back
Round trip time was 13.0694 milliseconds in repetition 478
tcp_ping received 393216 bytes back
Round trip time was 16.2953 milliseconds in repetition 479
tcp_ping received 393216 bytes back
Round trip time was 17.1317 milliseconds in repetition 480
tcp_ping received 393216 bytes back
Round trip time was 13.5231 milliseconds in repetition 481
tcp_ping received 393216 bytes back
Round trip time was 912.834 milliseconds in repetition 482
tcp_ping received 393216 bytes back
Round trip time was 17.4169 milliseconds in repetition 483
tcp_ping received 393216 bytes back
Round trip time was 15.016 milliseconds in repetition 484
tcp_ping received 393216 bytes back
Round trip time was 15.5222 milliseconds in repetition 485
tcp_ping received 393216 bytes back
Round trip time was 14.611 milliseconds in repetition 486
tcp_ping received 393216 bytes back
Round trip time was 13.9222 milliseconds in repetition 487
tcp_ping received 393216 bytes back
Round trip time was 13.2139 milliseconds in repetition 488
tcp_ping received 393216 bytes back
Round trip time was 913.57 milliseconds in repetition 489
tcp_ping received 393216 bytes back
Round trip time was 12.3381 milliseconds in repetition 490
tcp_ping received 393216 bytes back
Round trip time was 16.8934 milliseconds in repetition 491
tcp_ping received 393216 bytes back
Round trip time was 16.0953 milliseconds in repetition 492
tcp_ping received 393216 bytes back
Round trip time was 16.2513 milliseconds in repetition 493
tcp_ping received 393216 bytes back
Round trip time was 15.1768 milliseconds in repetition 494
tcp_ping received 393216 bytes back
Round trip time was 915.388 milliseconds in repetition 495
tcp_ping received 393216 bytes back
Round trip time was 17.5678 milliseconds in repetition 496
tcp_ping received 393216 bytes back
Round trip time was 19.7881 milliseconds in repetition 497
tcp_ping received 393216 bytes back
Round trip time was 15.6142 milliseconds in repetition 498
tcp_ping received 393216 bytes back
Round trip time was 12.5224 milliseconds in repetition 499
tcp_ping received 393216 bytes back
Round trip time was 12.6908 milliseconds in repetition 500
tcp_ping received 393216 bytes back
Round trip time was 16.0448 milliseconds in repetition 501

 ... clock resolution was 1e-07
TCP Ping:  Statistics over 501 repetitions of 393216 byte messages

RTT : percentile 10: 11.895, median: 15.0912, percentile 90: 913.558, average: 149.704, variance: 103377

RTT histogram:
9.20739 423
55.3169 3
101.426 0
147.536 0
193.645 0
239.755 0
285.865 0
331.974 0
378.084 0
424.193 0
470.303 0
516.412 0
562.522 0
608.631 0
654.741 0
700.85 0
746.96 0
793.069 0
839.179 0
885.288 0
931.398 75

   median Throughput : 52112 KB/s   overall Throughput : 5253.23 KB/s

