TCP Ping trying to connect to server seti.dibris.unige.it (130.251.61.30) on port 1491
 ... connected to Pong server: asking for 501 repetitions of 1024 bytes TCP messages
 ... Pong server agreed :-)
tcp_ping received 1024 bytes back
Round trip time was 4.03854 milliseconds in repetition 1
tcp_ping received 1024 bytes back
Round trip time was 2.53244 milliseconds in repetition 2
tcp_ping received 1024 bytes back
Round trip time was 2.56268 milliseconds in repetition 3
tcp_ping received 1024 bytes back
Round trip time was 2.61258 milliseconds in repetition 4
tcp_ping received 1024 bytes back
Round trip time was 2.53115 milliseconds in repetition 5
tcp_ping received 1024 bytes back
Round trip time was 2.47802 milliseconds in repetition 6
tcp_ping received 1024 bytes back
Round trip time was 2.5662 milliseconds in repetition 7
tcp_ping received 1024 bytes back
Round trip time was 2.52495 milliseconds in repetition 8
tcp_ping received 1024 bytes back
Round trip time was 2.53935 milliseconds in repetition 9
tcp_ping received 1024 bytes back
Round trip time was 2.55065 milliseconds in repetition 10
tcp_ping received 1024 bytes back
Round trip time was 2.64686 milliseconds in repetition 11
tcp_ping received 1024 bytes back
Round trip time was 2.7661 milliseconds in repetition 12
tcp_ping received 1024 bytes back
Round trip time was 2.56423 milliseconds in repetition 13
tcp_ping received 1024 bytes back
Round trip time was 2.49371 milliseconds in repetition 14
tcp_ping received 1024 bytes back
Round trip time was 2.49929 milliseconds in repetition 15
tcp_ping received 1024 bytes back
Round trip time was 2.52783 milliseconds in repetition 16
tcp_ping received 1024 bytes back
Round trip time was 2.51919 milliseconds in repetition 17
tcp_ping received 1024 bytes back
Round trip time was 2.50016 milliseconds in repetition 18
tcp_ping received 1024 bytes back
Round trip time was 2.49229 milliseconds in repetition 19
tcp_ping received 1024 bytes back
Round trip time was 2.86206 milliseconds in repetition 20
tcp_ping received 1024 bytes back
Round trip time was 2.62017 milliseconds in repetition 21
tcp_ping received 1024 bytes back
Round trip time was 2.55249 milliseconds in repetition 22
tcp_ping received 1024 bytes back
Round trip time was 2.82812 milliseconds in repetition 23
tcp_ping received 1024 bytes back
Round trip time was 2.54339 milliseconds in repetition 24
tcp_ping received 1024 bytes back
Round trip time was 2.5159 milliseconds in repetition 25
tcp_ping received 1024 bytes back
Round trip time was 902.516 milliseconds in repetition 26
tcp_ping received 1024 bytes back
Round trip time was 2.50459 milliseconds in repetition 27
tcp_ping received 1024 bytes back
Round trip time was 2.53025 milliseconds in repetition 28
tcp_ping received 1024 bytes back
Round trip time was 2.53308 milliseconds in repetition 29
tcp_ping received 1024 bytes back
Round trip time was 2.51496 milliseconds in repetition 30
tcp_ping received 1024 bytes back
Round trip time was 2.52781 milliseconds in repetition 31
tcp_ping received 1024 bytes back
Round trip time was 2.49096 milliseconds in repetition 32
tcp_ping received 1024 bytes back
Round trip time was 2.53888 milliseconds in repetition 33
tcp_ping received 1024 bytes back
Round trip time was 2.49214 milliseconds in repetition 34
tcp_ping received 1024 bytes back
Round trip time was 2.40514 milliseconds in repetition 35
tcp_ping received 1024 bytes back
Round trip time was 2.44139 milliseconds in repetition 36
tcp_ping received 1024 bytes back
Round trip time was 2.48141 milliseconds in repetition 37
tcp_ping received 1024 bytes back
Round trip time was 2.52485 milliseconds in repetition 38
tcp_ping received 1024 bytes back
Round trip time was 2.50996 milliseconds in repetition 39
tcp_ping received 1024 bytes back
Round trip time was 2.49976 milliseconds in repetition 40
tcp_ping received 1024 bytes back
Round trip time was 2.42807 milliseconds in repetition 41
tcp_ping received 1024 bytes back
Round trip time was 2.55524 milliseconds in repetition 42
tcp_ping received 1024 bytes back
Round trip time was 2.44135 milliseconds in repetition 43
tcp_ping received 1024 bytes back
Round trip time was 2.44648 milliseconds in repetition 44
tcp_ping received 1024 bytes back
Round trip time was 2.4745 milliseconds in repetition 45
tcp_ping received 1024 bytes back
Round trip time was 2.42543 milliseconds in repetition 46
tcp_ping received 1024 bytes back
Round trip time was 2.44701 milliseconds in repetition 47
tcp_ping received 1024 bytes back
Round trip time was 2.47565 milliseconds in repetition 48
tcp_ping received 1024 bytes back
Round trip time was 2.80502 milliseconds in repetition 49
tcp_ping received 1024 bytes back
Round trip time was 2.48878 milliseconds in repetition 50
tcp_ping received 1024 bytes back
Round trip time was 2.52739 milliseconds in repetition 51
tcp_ping received 1024 bytes back
Round trip time was 2.59389 milliseconds in repetition 52
tcp_ping received 1024 bytes back
Round trip time was 2.65447 milliseconds in repetition 53
tcp_ping received 1024 bytes back
Round trip time was 2.61458 milliseconds in repetition 54
tcp_ping received 1024 bytes back
Round trip time was 2.67966 milliseconds in repetition 55
tcp_ping received 1024 bytes back
Round trip time was 2.55559 milliseconds in repetition 56
tcp_ping received 1024 bytes back
Round trip time was 2.43897 milliseconds in repetition 57
tcp_ping received 1024 bytes back
Round trip time was 2.46987 milliseconds in repetition 58
tcp_ping received 1024 bytes back
Round trip time was 2.44705 milliseconds in repetition 59
tcp_ping received 1024 bytes back
Round trip time was 2.46103 milliseconds in repetition 60
tcp_ping received 1024 bytes back
Round trip time was 2.40782 milliseconds in repetition 61
tcp_ping received 1024 bytes back
Round trip time was 2.48801 milliseconds in repetition 62
tcp_ping received 1024 bytes back
Round trip time was 2.48937 milliseconds in repetition 63
tcp_ping received 1024 bytes back
Round trip time was 2.44515 milliseconds in repetition 64
tcp_ping received 1024 bytes back
Round trip time was 2.43727 milliseconds in repetition 65
tcp_ping received 1024 bytes back
Round trip time was 902.481 milliseconds in repetition 66
tcp_ping received 1024 bytes back
Round trip time was 2.45083 milliseconds in repetition 67
tcp_ping received 1024 bytes back
Round trip time was 2.45737 milliseconds in repetition 68
tcp_ping received 1024 bytes back
Round trip time was 2.47697 milliseconds in repetition 69
tcp_ping received 1024 bytes back
Round trip time was 2.62605 milliseconds in repetition 70
tcp_ping received 1024 bytes back
Round trip time was 2.41231 milliseconds in repetition 71
tcp_ping received 1024 bytes back
Round trip time was 2.48571 milliseconds in repetition 72
tcp_ping received 1024 bytes back
Round trip time was 2.48574 milliseconds in repetition 73
tcp_ping received 1024 bytes back
Round trip time was 2.50512 milliseconds in repetition 74
tcp_ping received 1024 bytes back
Round trip time was 2.66717 milliseconds in repetition 75
tcp_ping received 1024 bytes back
Round trip time was 2.52335 milliseconds in repetition 76
tcp_ping received 1024 bytes back
Round trip time was 2.43322 milliseconds in repetition 77
tcp_ping received 1024 bytes back
Round trip time was 2.43402 milliseconds in repetition 78
tcp_ping received 1024 bytes back
Round trip time was 2.40939 milliseconds in repetition 79
tcp_ping received 1024 bytes back
Round trip time was 2.51108 milliseconds in repetition 80
tcp_ping received 1024 bytes back
Round trip time was 2.98802 milliseconds in repetition 81
tcp_ping received 1024 bytes back
Round trip time was 2.96405 milliseconds in repetition 82
tcp_ping received 1024 bytes back
Round trip time was 3.92052 milliseconds in repetition 83
tcp_ping received 1024 bytes back
Round trip time was 2.49324 milliseconds in repetition 84
tcp_ping received 1024 bytes back
Round trip time was 2.9513 milliseconds in repetition 85
tcp_ping received 1024 bytes back
Round trip time was 2.47077 milliseconds in repetition 86
tcp_ping received 1024 bytes back
Round trip time was 2.45705 milliseconds in repetition 87
tcp_ping received 1024 bytes back
Round trip time was 2.42859 milliseconds in repetition 88
tcp_ping received 1024 bytes back
Round trip time was 2.70256 milliseconds in repetition 89
tcp_ping received 1024 bytes back
Round trip time was 2.45275 milliseconds in repetition 90
tcp_ping received 1024 bytes back
Round trip time was 2.47753 milliseconds in repetition 91
tcp_ping received 1024 bytes back
Round trip time was 2.44872 milliseconds in repetition 92
tcp_ping received 1024 bytes back
Round trip time was 2.49707 milliseconds in repetition 93
tcp_ping received 1024 bytes back
Round trip time was 2.5075 milliseconds in repetition 94
tcp_ping received 1024 bytes back
Round trip time was 2.4398 milliseconds in repetition 95
tcp_ping received 1024 bytes back
Round trip time was 2.45073 milliseconds in repetition 96
tcp_ping received 1024 bytes back
Round trip time was 2.50544 milliseconds in repetition 97
tcp_ping received 1024 bytes back
Round trip time was 2.43936 milliseconds in repetition 98
tcp_ping received 1024 bytes back
Round trip time was 2.61898 milliseconds in repetition 99
tcp_ping received 1024 bytes back
Round trip time was 2.47843 milliseconds in repetition 100
tcp_ping received 1024 bytes back
Round trip time was 2.40162 milliseconds in repetition 101
tcp_ping received 1024 bytes back
Round trip time was 2.38721 milliseconds in repetition 102
tcp_ping received 1024 bytes back
Round trip time was 2.41657 milliseconds in repetition 103
tcp_ping received 1024 bytes back
Round trip time was 2.44969 milliseconds in repetition 104
tcp_ping received 1024 bytes back
Round trip time was 902.458 milliseconds in repetition 105
tcp_ping received 1024 bytes back
Round trip time was 2.4356 milliseconds in repetition 106
tcp_ping received 1024 bytes back
Round trip time was 2.48935 milliseconds in repetition 107
tcp_ping received 1024 bytes back
Round trip time was 2.42907 milliseconds in repetition 108
tcp_ping received 1024 bytes back
Round trip time was 2.42698 milliseconds in repetition 109
tcp_ping received 1024 bytes back
Round trip time was 2.45695 milliseconds in repetition 110
tcp_ping received 1024 bytes back
Round trip time was 2.44746 milliseconds in repetition 111
tcp_ping received 1024 bytes back
Round trip time was 2.47656 milliseconds in repetition 112
tcp_ping received 1024 bytes back
Round trip time was 2.46387 milliseconds in repetition 113
tcp_ping received 1024 bytes back
Round trip time was 2.54323 milliseconds in repetition 114
tcp_ping received 1024 bytes back
Round trip time was 2.45582 milliseconds in repetition 115
tcp_ping received 1024 bytes back
Round trip time was 2.45551 milliseconds in repetition 116
tcp_ping received 1024 bytes back
Round trip time was 2.46034 milliseconds in repetition 117
tcp_ping received 1024 bytes back
Round trip time was 2.50775 milliseconds in repetition 118
tcp_ping received 1024 bytes back
Round trip time was 2.47093 milliseconds in repetition 119
tcp_ping received 1024 bytes back
Round trip time was 2.40517 milliseconds in repetition 120
tcp_ping received 1024 bytes back
Round trip time was 2.43681 milliseconds in repetition 121
tcp_ping received 1024 bytes back
Round trip time was 2.48143 milliseconds in repetition 122
tcp_ping received 1024 bytes back
Round trip time was 2.48866 milliseconds in repetition 123
tcp_ping received 1024 bytes back
Round trip time was 2.45151 milliseconds in repetition 124
tcp_ping received 1024 bytes back
Round trip time was 2.50132 milliseconds in repetition 125
tcp_ping received 1024 bytes back
Round trip time was 2.55465 milliseconds in repetition 126
tcp_ping received 1024 bytes back
Round trip time was 2.47455 milliseconds in repetition 127
tcp_ping received 1024 bytes back
Round trip time was 2.55865 milliseconds in repetition 128
tcp_ping received 1024 bytes back
Round trip time was 2.46682 milliseconds in repetition 129
tcp_ping received 1024 bytes back
Round trip time was 2.4729 milliseconds in repetition 130
tcp_ping received 1024 bytes back
Round trip time was 2.46939 milliseconds in repetition 131
tcp_ping received 1024 bytes back
Round trip time was 2.44176 milliseconds in repetition 132
tcp_ping received 1024 bytes back
Round trip time was 2.42696 milliseconds in repetition 133
tcp_ping received 1024 bytes back
Round trip time was 2.47885 milliseconds in repetition 134
tcp_ping received 1024 bytes back
Round trip time was 2.43711 milliseconds in repetition 135
tcp_ping received 1024 bytes back
Round trip time was 2.47277 milliseconds in repetition 136
tcp_ping received 1024 bytes back
Round trip time was 2.54332 milliseconds in repetition 137
tcp_ping received 1024 bytes back
Round trip time was 2.51238 milliseconds in repetition 138
tcp_ping received 1024 bytes back
Round trip time was 2.59222 milliseconds in repetition 139
tcp_ping received 1024 bytes back
Round trip time was 2.44542 milliseconds in repetition 140
tcp_ping received 1024 bytes back
Round trip time was 2.47553 milliseconds in repetition 141
tcp_ping received 1024 bytes back
Round trip time was 2.46971 milliseconds in repetition 142
tcp_ping received 1024 bytes back
Round trip time was 2.42314 milliseconds in repetition 143
tcp_ping received 1024 bytes back
Round trip time was 2.43023 milliseconds in repetition 144
tcp_ping received 1024 bytes back
Round trip time was 2.40614 milliseconds in repetition 145
tcp_ping received 1024 bytes back
Round trip time was 902.447 milliseconds in repetition 146
tcp_ping received 1024 bytes back
Round trip time was 2.44636 milliseconds in repetition 147
tcp_ping received 1024 bytes back
Round trip time was 2.67007 milliseconds in repetition 148
tcp_ping received 1024 bytes back
Round trip time was 3.82123 milliseconds in repetition 149
tcp_ping received 1024 bytes back
Round trip time was 2.43173 milliseconds in repetition 150
tcp_ping received 1024 bytes back
Round trip time was 3.03557 milliseconds in repetition 151
tcp_ping received 1024 bytes back
Round trip time was 2.4388 milliseconds in repetition 152
tcp_ping received 1024 bytes back
Round trip time was 2.4459 milliseconds in repetition 153
tcp_ping received 1024 bytes back
Round trip time was 2.55419 milliseconds in repetition 154
tcp_ping received 1024 bytes back
Round trip time was 2.38346 milliseconds in repetition 155
tcp_ping received 1024 bytes back
Round trip time was 2.71283 milliseconds in repetition 156
tcp_ping received 1024 bytes back
Round trip time was 2.50768 milliseconds in repetition 157
tcp_ping received 1024 bytes back
Round trip time was 2.44222 milliseconds in repetition 158
tcp_ping received 1024 bytes back
Round trip time was 2.48563 milliseconds in repetition 159
tcp_ping received 1024 bytes back
Round trip time was 2.41493 milliseconds in repetition 160
tcp_ping received 1024 bytes back
Round trip time was 2.47213 milliseconds in repetition 161
tcp_ping received 1024 bytes back
Round trip time was 2.42104 milliseconds in repetition 162
tcp_ping received 1024 bytes back
Round trip time was 2.45729 milliseconds in repetition 163
tcp_ping received 1024 bytes back
Round trip time was 2.5704 milliseconds in repetition 164
tcp_ping received 1024 bytes back
Round trip time was 2.46731 milliseconds in repetition 165
tcp_ping received 1024 bytes back
Round trip time was 2.44694 milliseconds in repetition 166
tcp_ping received 1024 bytes back
Round trip time was 2.39456 milliseconds in repetition 167
tcp_ping received 1024 bytes back
Round trip time was 2.52023 milliseconds in repetition 168
tcp_ping received 1024 bytes back
Round trip time was 2.43704 milliseconds in repetition 169
tcp_ping received 1024 bytes back
Round trip time was 2.58143 milliseconds in repetition 170
tcp_ping received 1024 bytes back
Round trip time was 2.36552 milliseconds in repetition 171
tcp_ping received 1024 bytes back
Round trip time was 2.37807 milliseconds in repetition 172
tcp_ping received 1024 bytes back
Round trip time was 2.4205 milliseconds in repetition 173
tcp_ping received 1024 bytes back
Round trip time was 2.46015 milliseconds in repetition 174
tcp_ping received 1024 bytes back
Round trip time was 2.44284 milliseconds in repetition 175
tcp_ping received 1024 bytes back
Round trip time was 2.4266 milliseconds in repetition 176
tcp_ping received 1024 bytes back
Round trip time was 2.39909 milliseconds in repetition 177
tcp_ping received 1024 bytes back
Round trip time was 2.40677 milliseconds in repetition 178
tcp_ping received 1024 bytes back
Round trip time was 2.51693 milliseconds in repetition 179
tcp_ping received 1024 bytes back
Round trip time was 2.44195 milliseconds in repetition 180
tcp_ping received 1024 bytes back
Round trip time was 2.43308 milliseconds in repetition 181
tcp_ping received 1024 bytes back
Round trip time was 2.39972 milliseconds in repetition 182
tcp_ping received 1024 bytes back
Round trip time was 2.53078 milliseconds in repetition 183
tcp_ping received 1024 bytes back
Round trip time was 2.45737 milliseconds in repetition 184
tcp_ping received 1024 bytes back
Round trip time was 2.43315 milliseconds in repetition 185
tcp_ping received 1024 bytes back
Round trip time was 902.419 milliseconds in repetition 186
tcp_ping received 1024 bytes back
Round trip time was 2.54304 milliseconds in repetition 187
tcp_ping received 1024 bytes back
Round trip time was 2.74009 milliseconds in repetition 188
tcp_ping received 1024 bytes back
Round trip time was 2.40143 milliseconds in repetition 189
tcp_ping received 1024 bytes back
Round trip time was 2.45828 milliseconds in repetition 190
tcp_ping received 1024 bytes back
Round trip time was 2.50966 milliseconds in repetition 191
tcp_ping received 1024 bytes back
Round trip time was 2.42232 milliseconds in repetition 192
tcp_ping received 1024 bytes back
Round trip time was 2.43768 milliseconds in repetition 193
tcp_ping received 1024 bytes back
Round trip time was 2.40292 milliseconds in repetition 194
tcp_ping received 1024 bytes back
Round trip time was 2.45195 milliseconds in repetition 195
tcp_ping received 1024 bytes back
Round trip time was 2.44627 milliseconds in repetition 196
tcp_ping received 1024 bytes back
Round trip time was 2.48137 milliseconds in repetition 197
tcp_ping received 1024 bytes back
Round trip time was 2.81478 milliseconds in repetition 198
tcp_ping received 1024 bytes back
Round trip time was 2.54378 milliseconds in repetition 199
tcp_ping received 1024 bytes back
Round trip time was 2.56724 milliseconds in repetition 200
tcp_ping received 1024 bytes back
Round trip time was 2.44065 milliseconds in repetition 201
tcp_ping received 1024 bytes back
Round trip time was 2.48042 milliseconds in repetition 202
tcp_ping received 1024 bytes back
Round trip time was 2.59343 milliseconds in repetition 203
tcp_ping received 1024 bytes back
Round trip time was 2.39065 milliseconds in repetition 204
tcp_ping received 1024 bytes back
Round trip time was 2.40434 milliseconds in repetition 205
tcp_ping received 1024 bytes back
Round trip time was 2.4269 milliseconds in repetition 206
tcp_ping received 1024 bytes back
Round trip time was 2.52199 milliseconds in repetition 207
tcp_ping received 1024 bytes back
Round trip time was 4.7475 milliseconds in repetition 208
tcp_ping received 1024 bytes back
Round trip time was 2.4456 milliseconds in repetition 209
tcp_ping received 1024 bytes back
Round trip time was 2.55786 milliseconds in repetition 210
tcp_ping received 1024 bytes back
Round trip time was 2.56422 milliseconds in repetition 211
tcp_ping received 1024 bytes back
Round trip time was 2.37638 milliseconds in repetition 212
tcp_ping received 1024 bytes back
Round trip time was 2.39116 milliseconds in repetition 213
tcp_ping received 1024 bytes back
Round trip time was 2.44691 milliseconds in repetition 214
tcp_ping received 1024 bytes back
Round trip time was 2.43534 milliseconds in repetition 215
tcp_ping received 1024 bytes back
Round trip time was 2.41672 milliseconds in repetition 216
tcp_ping received 1024 bytes back
Round trip time was 2.53684 milliseconds in repetition 217
tcp_ping received 1024 bytes back
Round trip time was 2.43579 milliseconds in repetition 218
tcp_ping received 1024 bytes back
Round trip time was 2.42626 milliseconds in repetition 219
tcp_ping received 1024 bytes back
Round trip time was 2.49504 milliseconds in repetition 220
tcp_ping received 1024 bytes back
Round trip time was 2.45684 milliseconds in repetition 221
tcp_ping received 1024 bytes back
Round trip time was 2.5055 milliseconds in repetition 222
tcp_ping received 1024 bytes back
Round trip time was 2.48523 milliseconds in repetition 223
tcp_ping received 1024 bytes back
Round trip time was 2.9288 milliseconds in repetition 224
tcp_ping received 1024 bytes back
Round trip time was 902.604 milliseconds in repetition 225
tcp_ping received 1024 bytes back
Round trip time was 2.56953 milliseconds in repetition 226
tcp_ping received 1024 bytes back
Round trip time was 2.52526 milliseconds in repetition 227
tcp_ping received 1024 bytes back
Round trip time was 2.47948 milliseconds in repetition 228
tcp_ping received 1024 bytes back
Round trip time was 2.46692 milliseconds in repetition 229
tcp_ping received 1024 bytes back
Round trip time was 2.50436 milliseconds in repetition 230
tcp_ping received 1024 bytes back
Round trip time was 2.42352 milliseconds in repetition 231
tcp_ping received 1024 bytes back
Round trip time was 2.49066 milliseconds in repetition 232
tcp_ping received 1024 bytes back
Round trip time was 2.40558 milliseconds in repetition 233
tcp_ping received 1024 bytes back
Round trip time was 2.40414 milliseconds in repetition 234
tcp_ping received 1024 bytes back
Round trip time was 3.72116 milliseconds in repetition 235
tcp_ping received 1024 bytes back
Round trip time was 2.48741 milliseconds in repetition 236
tcp_ping received 1024 bytes back
Round trip time was 2.69936 milliseconds in repetition 237
tcp_ping received 1024 bytes back
Round trip time was 2.4908 milliseconds in repetition 238
tcp_ping received 1024 bytes back
Round trip time was 2.43594 milliseconds in repetition 239
tcp_ping received 1024 bytes back
Round trip time was 2.40638 milliseconds in repetition 240
tcp_ping received 1024 bytes back
Round trip time was 2.44118 milliseconds in repetition 241
tcp_ping received 1024 bytes back
Round trip time was 2.40028 milliseconds in repetition 242
tcp_ping received 1024 bytes back
Round trip time was 2.41397 milliseconds in repetition 243
tcp_ping received 1024 bytes back
Round trip time was 2.43904 milliseconds in repetition 244
tcp_ping received 1024 bytes back
Round trip time was 2.39454 milliseconds in repetition 245
tcp_ping received 1024 bytes back
Round trip time was 2.4412 milliseconds in repetition 246
tcp_ping received 1024 bytes back
Round trip time was 2.49389 milliseconds in repetition 247
tcp_ping received 1024 bytes back
Round trip time was 2.41906 milliseconds in repetition 248
tcp_ping received 1024 bytes back
Round trip time was 2.46339 milliseconds in repetition 249
tcp_ping received 1024 bytes back
Round trip time was 2.44662 milliseconds in repetition 250
tcp_ping received 1024 bytes back
Round trip time was 2.6506 milliseconds in repetition 251
tcp_ping received 1024 bytes back
Round trip time was 2.50564 milliseconds in repetition 252
tcp_ping received 1024 bytes back
Round trip time was 2.47808 milliseconds in repetition 253
tcp_ping received 1024 bytes back
Round trip time was 2.45501 milliseconds in repetition 254
tcp_ping received 1024 bytes back
Round trip time was 2.48857 milliseconds in repetition 255
tcp_ping received 1024 bytes back
Round trip time was 2.4394 milliseconds in repetition 256
tcp_ping received 1024 bytes back
Round trip time was 4.10616 milliseconds in repetition 257
tcp_ping received 1024 bytes back
Round trip time was 2.47354 milliseconds in repetition 258
tcp_ping received 1024 bytes back
Round trip time was 2.46385 milliseconds in repetition 259
tcp_ping received 1024 bytes back
Round trip time was 2.40627 milliseconds in repetition 260
tcp_ping received 1024 bytes back
Round trip time was 2.42128 milliseconds in repetition 261
tcp_ping received 1024 bytes back
Round trip time was 2.3983 milliseconds in repetition 262
tcp_ping received 1024 bytes back
Round trip time was 2.399 milliseconds in repetition 263
tcp_ping received 1024 bytes back
Round trip time was 902.344 milliseconds in repetition 264
tcp_ping received 1024 bytes back
Round trip time was 2.38289 milliseconds in repetition 265
tcp_ping received 1024 bytes back
Round trip time was 2.40613 milliseconds in repetition 266
tcp_ping received 1024 bytes back
Round trip time was 2.343 milliseconds in repetition 267
tcp_ping received 1024 bytes back
Round trip time was 2.3801 milliseconds in repetition 268
tcp_ping received 1024 bytes back
Round trip time was 2.36793 milliseconds in repetition 269
tcp_ping received 1024 bytes back
Round trip time was 2.36164 milliseconds in repetition 270
tcp_ping received 1024 bytes back
Round trip time was 2.59755 milliseconds in repetition 271
tcp_ping received 1024 bytes back
Round trip time was 3.1903 milliseconds in repetition 272
tcp_ping received 1024 bytes back
Round trip time was 2.45143 milliseconds in repetition 273
tcp_ping received 1024 bytes back
Round trip time was 2.43414 milliseconds in repetition 274
tcp_ping received 1024 bytes back
Round trip time was 2.40572 milliseconds in repetition 275
tcp_ping received 1024 bytes back
Round trip time was 2.406 milliseconds in repetition 276
tcp_ping received 1024 bytes back
Round trip time was 2.49344 milliseconds in repetition 277
tcp_ping received 1024 bytes back
Round trip time was 2.46306 milliseconds in repetition 278
tcp_ping received 1024 bytes back
Round trip time was 2.42471 milliseconds in repetition 279
tcp_ping received 1024 bytes back
Round trip time was 2.41101 milliseconds in repetition 280
tcp_ping received 1024 bytes back
Round trip time was 2.42144 milliseconds in repetition 281
tcp_ping received 1024 bytes back
Round trip time was 2.43183 milliseconds in repetition 282
tcp_ping received 1024 bytes back
Round trip time was 2.39339 milliseconds in repetition 283
tcp_ping received 1024 bytes back
Round trip time was 3.23087 milliseconds in repetition 284
tcp_ping received 1024 bytes back
Round trip time was 2.48597 milliseconds in repetition 285
tcp_ping received 1024 bytes back
Round trip time was 2.63582 milliseconds in repetition 286
tcp_ping received 1024 bytes back
Round trip time was 2.4397 milliseconds in repetition 287
tcp_ping received 1024 bytes back
Round trip time was 2.427 milliseconds in repetition 288
tcp_ping received 1024 bytes back
Round trip time was 2.55067 milliseconds in repetition 289
tcp_ping received 1024 bytes back
Round trip time was 2.99025 milliseconds in repetition 290
tcp_ping received 1024 bytes back
Round trip time was 2.44854 milliseconds in repetition 291
tcp_ping received 1024 bytes back
Round trip time was 2.4424 milliseconds in repetition 292
tcp_ping received 1024 bytes back
Round trip time was 2.44308 milliseconds in repetition 293
tcp_ping received 1024 bytes back
Round trip time was 3.46536 milliseconds in repetition 294
tcp_ping received 1024 bytes back
Round trip time was 2.4278 milliseconds in repetition 295
tcp_ping received 1024 bytes back
Round trip time was 2.4161 milliseconds in repetition 296
tcp_ping received 1024 bytes back
Round trip time was 2.43531 milliseconds in repetition 297
tcp_ping received 1024 bytes back
Round trip time was 2.47196 milliseconds in repetition 298
tcp_ping received 1024 bytes back
Round trip time was 3.01222 milliseconds in repetition 299
tcp_ping received 1024 bytes back
Round trip time was 3.86048 milliseconds in repetition 300
tcp_ping received 1024 bytes back
Round trip time was 2.45899 milliseconds in repetition 301
tcp_ping received 1024 bytes back
Round trip time was 2.50564 milliseconds in repetition 302
tcp_ping received 1024 bytes back
Round trip time was 903.778 milliseconds in repetition 303
tcp_ping received 1024 bytes back
Round trip time was 3.04333 milliseconds in repetition 304
tcp_ping received 1024 bytes back
Round trip time was 2.48122 milliseconds in repetition 305
tcp_ping received 1024 bytes back
Round trip time was 2.493 milliseconds in repetition 306
tcp_ping received 1024 bytes back
Round trip time was 2.63527 milliseconds in repetition 307
tcp_ping received 1024 bytes back
Round trip time was 2.50434 milliseconds in repetition 308
tcp_ping received 1024 bytes back
Round trip time was 2.42535 milliseconds in repetition 309
tcp_ping received 1024 bytes back
Round trip time was 2.44014 milliseconds in repetition 310
tcp_ping received 1024 bytes back
Round trip time was 2.54868 milliseconds in repetition 311
tcp_ping received 1024 bytes back
Round trip time was 2.50105 milliseconds in repetition 312
tcp_ping received 1024 bytes back
Round trip time was 3.72176 milliseconds in repetition 313
tcp_ping received 1024 bytes back
Round trip time was 4.27558 milliseconds in repetition 314
tcp_ping received 1024 bytes back
Round trip time was 2.5562 milliseconds in repetition 315
tcp_ping received 1024 bytes back
Round trip time was 2.43461 milliseconds in repetition 316
tcp_ping received 1024 bytes back
Round trip time was 2.54899 milliseconds in repetition 317
tcp_ping received 1024 bytes back
Round trip time was 2.45976 milliseconds in repetition 318
tcp_ping received 1024 bytes back
Round trip time was 4.48637 milliseconds in repetition 319
tcp_ping received 1024 bytes back
Round trip time was 2.46678 milliseconds in repetition 320
tcp_ping received 1024 bytes back
Round trip time was 2.53071 milliseconds in repetition 321
tcp_ping received 1024 bytes back
Round trip time was 2.55082 milliseconds in repetition 322
tcp_ping received 1024 bytes back
Round trip time was 2.43864 milliseconds in repetition 323
tcp_ping received 1024 bytes back
Round trip time was 2.48972 milliseconds in repetition 324
tcp_ping received 1024 bytes back
Round trip time was 2.40884 milliseconds in repetition 325
tcp_ping received 1024 bytes back
Round trip time was 2.4699 milliseconds in repetition 326
tcp_ping received 1024 bytes back
Round trip time was 3.29783 milliseconds in repetition 327
tcp_ping received 1024 bytes back
Round trip time was 2.43725 milliseconds in repetition 328
tcp_ping received 1024 bytes back
Round trip time was 3.69314 milliseconds in repetition 329
tcp_ping received 1024 bytes back
Round trip time was 3.73601 milliseconds in repetition 330
tcp_ping received 1024 bytes back
Round trip time was 3.20094 milliseconds in repetition 331
tcp_ping received 1024 bytes back
Round trip time was 2.56686 milliseconds in repetition 332
tcp_ping received 1024 bytes back
Round trip time was 2.56541 milliseconds in repetition 333
tcp_ping received 1024 bytes back
Round trip time was 2.56258 milliseconds in repetition 334
tcp_ping received 1024 bytes back
Round trip time was 2.49838 milliseconds in repetition 335
tcp_ping received 1024 bytes back
Round trip time was 2.45202 milliseconds in repetition 336
tcp_ping received 1024 bytes back
Round trip time was 3.09054 milliseconds in repetition 337
tcp_ping received 1024 bytes back
Round trip time was 902.448 milliseconds in repetition 338
tcp_ping received 1024 bytes back
Round trip time was 2.41689 milliseconds in repetition 339
tcp_ping received 1024 bytes back
Round trip time was 2.44302 milliseconds in repetition 340
tcp_ping received 1024 bytes back
Round trip time was 2.41736 milliseconds in repetition 341
tcp_ping received 1024 bytes back
Round trip time was 2.47084 milliseconds in repetition 342
tcp_ping received 1024 bytes back
Round trip time was 2.47038 milliseconds in repetition 343
tcp_ping received 1024 bytes back
Round trip time was 2.4259 milliseconds in repetition 344
tcp_ping received 1024 bytes back
Round trip time was 2.41981 milliseconds in repetition 345
tcp_ping received 1024 bytes back
Round trip time was 2.55868 milliseconds in repetition 346
tcp_ping received 1024 bytes back
Round trip time was 2.46891 milliseconds in repetition 347
tcp_ping received 1024 bytes back
Round trip time was 2.43865 milliseconds in repetition 348
tcp_ping received 1024 bytes back
Round trip time was 2.66042 milliseconds in repetition 349
tcp_ping received 1024 bytes back
Round trip time was 2.52908 milliseconds in repetition 350
tcp_ping received 1024 bytes back
Round trip time was 2.50082 milliseconds in repetition 351
tcp_ping received 1024 bytes back
Round trip time was 2.44931 milliseconds in repetition 352
tcp_ping received 1024 bytes back
Round trip time was 2.41663 milliseconds in repetition 353
tcp_ping received 1024 bytes back
Round trip time was 2.55563 milliseconds in repetition 354
tcp_ping received 1024 bytes back
Round trip time was 2.47424 milliseconds in repetition 355
tcp_ping received 1024 bytes back
Round trip time was 2.52165 milliseconds in repetition 356
tcp_ping received 1024 bytes back
Round trip time was 2.46351 milliseconds in repetition 357
tcp_ping received 1024 bytes back
Round trip time was 2.44079 milliseconds in repetition 358
tcp_ping received 1024 bytes back
Round trip time was 2.49619 milliseconds in repetition 359
tcp_ping received 1024 bytes back
Round trip time was 2.4843 milliseconds in repetition 360
tcp_ping received 1024 bytes back
Round trip time was 2.50459 milliseconds in repetition 361
tcp_ping received 1024 bytes back
Round trip time was 2.41562 milliseconds in repetition 362
tcp_ping received 1024 bytes back
Round trip time was 2.70142 milliseconds in repetition 363
tcp_ping received 1024 bytes back
Round trip time was 2.48022 milliseconds in repetition 364
tcp_ping received 1024 bytes back
Round trip time was 2.42685 milliseconds in repetition 365
tcp_ping received 1024 bytes back
Round trip time was 2.46593 milliseconds in repetition 366
tcp_ping received 1024 bytes back
Round trip time was 2.54155 milliseconds in repetition 367
tcp_ping received 1024 bytes back
Round trip time was 2.50917 milliseconds in repetition 368
tcp_ping received 1024 bytes back
Round trip time was 2.54355 milliseconds in repetition 369
tcp_ping received 1024 bytes back
Round trip time was 2.44382 milliseconds in repetition 370
tcp_ping received 1024 bytes back
Round trip time was 2.39515 milliseconds in repetition 371
tcp_ping received 1024 bytes back
Round trip time was 2.49189 milliseconds in repetition 372
tcp_ping received 1024 bytes back
Round trip time was 2.48087 milliseconds in repetition 373
tcp_ping received 1024 bytes back
Round trip time was 2.41227 milliseconds in repetition 374
tcp_ping received 1024 bytes back
Round trip time was 2.46207 milliseconds in repetition 375
tcp_ping received 1024 bytes back
Round trip time was 2.43618 milliseconds in repetition 376
tcp_ping received 1024 bytes back
Round trip time was 2.47949 milliseconds in repetition 377
tcp_ping received 1024 bytes back
Round trip time was 2.45467 milliseconds in repetition 378
tcp_ping received 1024 bytes back
Round trip time was 902.41 milliseconds in repetition 379
tcp_ping received 1024 bytes back
Round trip time was 2.45725 milliseconds in repetition 380
tcp_ping received 1024 bytes back
Round trip time was 2.42765 milliseconds in repetition 381
tcp_ping received 1024 bytes back
Round trip time was 2.41809 milliseconds in repetition 382
tcp_ping received 1024 bytes back
Round trip time was 2.49557 milliseconds in repetition 383
tcp_ping received 1024 bytes back
Round trip time was 2.48299 milliseconds in repetition 384
tcp_ping received 1024 bytes back
Round trip time was 3.32942 milliseconds in repetition 385
tcp_ping received 1024 bytes back
Round trip time was 2.55817 milliseconds in repetition 386
tcp_ping received 1024 bytes back
Round trip time was 2.45727 milliseconds in repetition 387
tcp_ping received 1024 bytes back
Round trip time was 2.39823 milliseconds in repetition 388
tcp_ping received 1024 bytes back
Round trip time was 2.41494 milliseconds in repetition 389
tcp_ping received 1024 bytes back
Round trip time was 2.51969 milliseconds in repetition 390
tcp_ping received 1024 bytes back
Round trip time was 2.4386 milliseconds in repetition 391
tcp_ping received 1024 bytes back
Round trip time was 2.57581 milliseconds in repetition 392
tcp_ping received 1024 bytes back
Round trip time was 2.46401 milliseconds in repetition 393
tcp_ping received 1024 bytes back
Round trip time was 2.46119 milliseconds in repetition 394
tcp_ping received 1024 bytes back
Round trip time was 2.56126 milliseconds in repetition 395
tcp_ping received 1024 bytes back
Round trip time was 2.50925 milliseconds in repetition 396
tcp_ping received 1024 bytes back
Round trip time was 2.47841 milliseconds in repetition 397
tcp_ping received 1024 bytes back
Round trip time was 2.47588 milliseconds in repetition 398
tcp_ping received 1024 bytes back
Round trip time was 2.93994 milliseconds in repetition 399
tcp_ping received 1024 bytes back
Round trip time was 3.60324 milliseconds in repetition 400
tcp_ping received 1024 bytes back
Round trip time was 2.86447 milliseconds in repetition 401
tcp_ping received 1024 bytes back
Round trip time was 2.43817 milliseconds in repetition 402
tcp_ping received 1024 bytes back
Round trip time was 2.46504 milliseconds in repetition 403
tcp_ping received 1024 bytes back
Round trip time was 2.49095 milliseconds in repetition 404
tcp_ping received 1024 bytes back
Round trip time was 2.42696 milliseconds in repetition 405
tcp_ping received 1024 bytes back
Round trip time was 2.43607 milliseconds in repetition 406
tcp_ping received 1024 bytes back
Round trip time was 2.4317 milliseconds in repetition 407
tcp_ping received 1024 bytes back
Round trip time was 2.40072 milliseconds in repetition 408
tcp_ping received 1024 bytes back
Round trip time was 2.43247 milliseconds in repetition 409
tcp_ping received 1024 bytes back
Round trip time was 2.45682 milliseconds in repetition 410
tcp_ping received 1024 bytes back
Round trip time was 2.43219 milliseconds in repetition 411
tcp_ping received 1024 bytes back
Round trip time was 2.46623 milliseconds in repetition 412
tcp_ping received 1024 bytes back
Round trip time was 2.40274 milliseconds in repetition 413
tcp_ping received 1024 bytes back
Round trip time was 2.40244 milliseconds in repetition 414
tcp_ping received 1024 bytes back
Round trip time was 2.40707 milliseconds in repetition 415
tcp_ping received 1024 bytes back
Round trip time was 2.6127 milliseconds in repetition 416
tcp_ping received 1024 bytes back
Round trip time was 2.52575 milliseconds in repetition 417
tcp_ping received 1024 bytes back
Round trip time was 902.39 milliseconds in repetition 418
tcp_ping received 1024 bytes back
Round trip time was 2.46063 milliseconds in repetition 419
tcp_ping received 1024 bytes back
Round trip time was 2.47975 milliseconds in repetition 420
tcp_ping received 1024 bytes back
Round trip time was 2.42135 milliseconds in repetition 421
tcp_ping received 1024 bytes back
Round trip time was 2.44685 milliseconds in repetition 422
tcp_ping received 1024 bytes back
Round trip time was 2.4753 milliseconds in repetition 423
tcp_ping received 1024 bytes back
Round trip time was 2.53092 milliseconds in repetition 424
tcp_ping received 1024 bytes back
Round trip time was 2.42237 milliseconds in repetition 425
tcp_ping received 1024 bytes back
Round trip time was 2.41069 milliseconds in repetition 426
tcp_ping received 1024 bytes back
Round trip time was 2.50386 milliseconds in repetition 427
tcp_ping received 1024 bytes back
Round trip time was 2.54966 milliseconds in repetition 428
tcp_ping received 1024 bytes back
Round trip time was 2.60842 milliseconds in repetition 429
tcp_ping received 1024 bytes back
Round trip time was 2.45719 milliseconds in repetition 430
tcp_ping received 1024 bytes back
Round trip time was 2.4601 milliseconds in repetition 431
tcp_ping received 1024 bytes back
Round trip time was 2.43183 milliseconds in repetition 432
tcp_ping received 1024 bytes back
Round trip time was 2.44642 milliseconds in repetition 433
tcp_ping received 1024 bytes back
Round trip time was 2.49939 milliseconds in repetition 434
tcp_ping received 1024 bytes back
Round trip time was 2.74766 milliseconds in repetition 435
tcp_ping received 1024 bytes back
Round trip time was 2.43664 milliseconds in repetition 436
tcp_ping received 1024 bytes back
Round trip time was 2.41559 milliseconds in repetition 437
tcp_ping received 1024 bytes back
Round trip time was 2.47228 milliseconds in repetition 438
tcp_ping received 1024 bytes back
Round trip time was 2.51347 milliseconds in repetition 439
tcp_ping received 1024 bytes back
Round trip time was 2.40664 milliseconds in repetition 440
tcp_ping received 1024 bytes back
Round trip time was 2.47698 milliseconds in repetition 441
tcp_ping received 1024 bytes back
Round trip time was 2.41679 milliseconds in repetition 442
tcp_ping received 1024 bytes back
Round trip time was 2.39423 milliseconds in repetition 443
tcp_ping received 1024 bytes back
Round trip time was 2.4062 milliseconds in repetition 444
tcp_ping received 1024 bytes back
Round trip time was 2.87709 milliseconds in repetition 445
tcp_ping received 1024 bytes back
Round trip time was 2.41678 milliseconds in repetition 446
tcp_ping received 1024 bytes back
Round trip time was 3.20232 milliseconds in repetition 447
tcp_ping received 1024 bytes back
Round trip time was 3.20043 milliseconds in repetition 448
tcp_ping received 1024 bytes back
Round trip time was 2.49022 milliseconds in repetition 449
tcp_ping received 1024 bytes back
Round trip time was 2.45011 milliseconds in repetition 450
tcp_ping received 1024 bytes back
Round trip time was 2.45735 milliseconds in repetition 451
tcp_ping received 1024 bytes back
Round trip time was 2.95147 milliseconds in repetition 452
tcp_ping received 1024 bytes back
Round trip time was 2.49563 milliseconds in repetition 453
tcp_ping received 1024 bytes back
Round trip time was 3.82988 milliseconds in repetition 454
tcp_ping received 1024 bytes back
Round trip time was 2.51988 milliseconds in repetition 455
tcp_ping received 1024 bytes back
Round trip time was 2.44449 milliseconds in repetition 456
tcp_ping received 1024 bytes back
Round trip time was 902.406 milliseconds in repetition 457
tcp_ping received 1024 bytes back
Round trip time was 2.49659 milliseconds in repetition 458
tcp_ping received 1024 bytes back
Round trip time was 2.48173 milliseconds in repetition 459
tcp_ping received 1024 bytes back
Round trip time was 2.56212 milliseconds in repetition 460
tcp_ping received 1024 bytes back
Round trip time was 2.40086 milliseconds in repetition 461
tcp_ping received 1024 bytes back
Round trip time was 2.9817 milliseconds in repetition 462
tcp_ping received 1024 bytes back
Round trip time was 2.52217 milliseconds in repetition 463
tcp_ping received 1024 bytes back
Round trip time was 2.91017 milliseconds in repetition 464
tcp_ping received 1024 bytes back
Round trip time was 2.43866 milliseconds in repetition 465
tcp_ping received 1024 bytes back
Round trip time was 2.52599 milliseconds in repetition 466
tcp_ping received 1024 bytes back
Round trip time was 2.86104 milliseconds in repetition 467
tcp_ping received 1024 bytes back
Round trip time was 3.18112 milliseconds in repetition 468
tcp_ping received 1024 bytes back
Round trip time was 2.41507 milliseconds in repetition 469
tcp_ping received 1024 bytes back
Round trip time was 4.04469 milliseconds in repetition 470
tcp_ping received 1024 bytes back
Round trip time was 2.52033 milliseconds in repetition 471
tcp_ping received 1024 bytes back
Round trip time was 4.06087 milliseconds in repetition 472
tcp_ping received 1024 bytes back
Round trip time was 3.78293 milliseconds in repetition 473
tcp_ping received 1024 bytes back
Round trip time was 3.94133 milliseconds in repetition 474
tcp_ping received 1024 bytes back
Round trip time was 3.56199 milliseconds in repetition 475
tcp_ping received 1024 bytes back
Round trip time was 2.56804 milliseconds in repetition 476
tcp_ping received 1024 bytes back
Round trip time was 2.43298 milliseconds in repetition 477
tcp_ping received 1024 bytes back
Round trip time was 2.44052 milliseconds in repetition 478
tcp_ping received 1024 bytes back
Round trip time was 2.44922 milliseconds in repetition 479
tcp_ping received 1024 bytes back
Round trip time was 2.48069 milliseconds in repetition 480
tcp_ping received 1024 bytes back
Round trip time was 2.42514 milliseconds in repetition 481
tcp_ping received 1024 bytes back
Round trip time was 2.46736 milliseconds in repetition 482
tcp_ping received 1024 bytes back
Round trip time was 2.47961 milliseconds in repetition 483
tcp_ping received 1024 bytes back
Round trip time was 2.49757 milliseconds in repetition 484
tcp_ping received 1024 bytes back
Round trip time was 2.44202 milliseconds in repetition 485
tcp_ping received 1024 bytes back
Round trip time was 2.48422 milliseconds in repetition 486
tcp_ping received 1024 bytes back
Round trip time was 2.47048 milliseconds in repetition 487
tcp_ping received 1024 bytes back
Round trip time was 2.44357 milliseconds in repetition 488
tcp_ping received 1024 bytes back
Round trip time was 2.52283 milliseconds in repetition 489
tcp_ping received 1024 bytes back
Round trip time was 2.55283 milliseconds in repetition 490
tcp_ping received 1024 bytes back
Round trip time was 2.42384 milliseconds in repetition 491
tcp_ping received 1024 bytes back
Round trip time was 2.45685 milliseconds in repetition 492
tcp_ping received 1024 bytes back
Round trip time was 2.41832 milliseconds in repetition 493
tcp_ping received 1024 bytes back
Round trip time was 902.458 milliseconds in repetition 494
tcp_ping received 1024 bytes back
Round trip time was 2.46968 milliseconds in repetition 495
tcp_ping received 1024 bytes back
Round trip time was 2.41455 milliseconds in repetition 496
tcp_ping received 1024 bytes back
Round trip time was 2.44776 milliseconds in repetition 497
tcp_ping received 1024 bytes back
Round trip time was 2.45145 milliseconds in repetition 498
tcp_ping received 1024 bytes back
Round trip time was 2.4263 milliseconds in repetition 499
tcp_ping received 1024 bytes back
Round trip time was 2.44988 milliseconds in repetition 500
tcp_ping received 1024 bytes back
Round trip time was 2.62567 milliseconds in repetition 501

 ... clock resolution was 1e-07
TCP Ping:  Statistics over 501 repetitions of 1024 byte messages

RTT : percentile 10: 2.41227, median: 2.4753, percentile 90: 2.9513, average: 25.9207, variance: 20512.9

RTT histogram:
2.343 488
47.4147 0
92.4865 0
137.558 0
182.63 0
227.702 0
272.773 0
317.845 0
362.917 0
407.989 0
453.06 0
498.132 0
543.204 0
588.276 0
633.347 0
678.419 0
723.491 0
768.562 0
813.634 0
858.706 0
903.778 13

   median Throughput : 827.375 KB/s   overall Throughput : 79.0104 KB/s

