TCP Ping trying to connect to server seti.dibris.unige.it (130.251.61.30) on port 1491
 ... connected to Pong server: asking for 501 repetitions of 96 bytes TCP messages
 ... Pong server agreed :-)
tcp_ping received 96 bytes back
Round trip time was 3.32416 milliseconds in repetition 1
tcp_ping received 96 bytes back
Round trip time was 2.52904 milliseconds in repetition 2
tcp_ping received 96 bytes back
Round trip time was 2.49537 milliseconds in repetition 3
tcp_ping received 96 bytes back
Round trip time was 2.5452 milliseconds in repetition 4
tcp_ping received 96 bytes back
Round trip time was 2.53224 milliseconds in repetition 5
tcp_ping received 96 bytes back
Round trip time was 2.49166 milliseconds in repetition 6
tcp_ping received 96 bytes back
Round trip time was 2.46133 milliseconds in repetition 7
tcp_ping received 96 bytes back
Round trip time was 2.43436 milliseconds in repetition 8
tcp_ping received 96 bytes back
Round trip time was 2.53893 milliseconds in repetition 9
tcp_ping received 96 bytes back
Round trip time was 2.5377 milliseconds in repetition 10
tcp_ping received 96 bytes back
Round trip time was 2.55486 milliseconds in repetition 11
tcp_ping received 96 bytes back
Round trip time was 2.51532 milliseconds in repetition 12
tcp_ping received 96 bytes back
Round trip time was 2.49431 milliseconds in repetition 13
tcp_ping received 96 bytes back
Round trip time was 2.59219 milliseconds in repetition 14
tcp_ping received 96 bytes back
Round trip time was 2.49619 milliseconds in repetition 15
tcp_ping received 96 bytes back
Round trip time was 2.49517 milliseconds in repetition 16
tcp_ping received 96 bytes back
Round trip time was 2.48359 milliseconds in repetition 17
tcp_ping received 96 bytes back
Round trip time was 2.53201 milliseconds in repetition 18
tcp_ping received 96 bytes back
Round trip time was 2.872 milliseconds in repetition 19
tcp_ping received 96 bytes back
Round trip time was 2.51655 milliseconds in repetition 20
tcp_ping received 96 bytes back
Round trip time was 2.49791 milliseconds in repetition 21
tcp_ping received 96 bytes back
Round trip time was 2.72737 milliseconds in repetition 22
tcp_ping received 96 bytes back
Round trip time was 2.49115 milliseconds in repetition 23
tcp_ping received 96 bytes back
Round trip time was 2.78563 milliseconds in repetition 24
tcp_ping received 96 bytes back
Round trip time was 2.67178 milliseconds in repetition 25
tcp_ping received 96 bytes back
Round trip time was 3.79661 milliseconds in repetition 26
tcp_ping received 96 bytes back
Round trip time was 2.4762 milliseconds in repetition 27
tcp_ping received 96 bytes back
Round trip time was 2.45945 milliseconds in repetition 28
tcp_ping received 96 bytes back
Round trip time was 902.437 milliseconds in repetition 29
tcp_ping received 96 bytes back
Round trip time was 2.49998 milliseconds in repetition 30
tcp_ping received 96 bytes back
Round trip time was 2.49231 milliseconds in repetition 31
tcp_ping received 96 bytes back
Round trip time was 2.46731 milliseconds in repetition 32
tcp_ping received 96 bytes back
Round trip time was 2.49469 milliseconds in repetition 33
tcp_ping received 96 bytes back
Round trip time was 2.40544 milliseconds in repetition 34
tcp_ping received 96 bytes back
Round trip time was 2.38189 milliseconds in repetition 35
tcp_ping received 96 bytes back
Round trip time was 2.38937 milliseconds in repetition 36
tcp_ping received 96 bytes back
Round trip time was 2.52049 milliseconds in repetition 37
tcp_ping received 96 bytes back
Round trip time was 2.41142 milliseconds in repetition 38
tcp_ping received 96 bytes back
Round trip time was 2.39807 milliseconds in repetition 39
tcp_ping received 96 bytes back
Round trip time was 2.40019 milliseconds in repetition 40
tcp_ping received 96 bytes back
Round trip time was 2.49202 milliseconds in repetition 41
tcp_ping received 96 bytes back
Round trip time was 2.40571 milliseconds in repetition 42
tcp_ping received 96 bytes back
Round trip time was 2.39185 milliseconds in repetition 43
tcp_ping received 96 bytes back
Round trip time was 2.37534 milliseconds in repetition 44
tcp_ping received 96 bytes back
Round trip time was 2.36245 milliseconds in repetition 45
tcp_ping received 96 bytes back
Round trip time was 2.36714 milliseconds in repetition 46
tcp_ping received 96 bytes back
Round trip time was 2.38139 milliseconds in repetition 47
tcp_ping received 96 bytes back
Round trip time was 2.38915 milliseconds in repetition 48
tcp_ping received 96 bytes back
Round trip time was 2.37675 milliseconds in repetition 49
tcp_ping received 96 bytes back
Round trip time was 2.42836 milliseconds in repetition 50
tcp_ping received 96 bytes back
Round trip time was 2.40354 milliseconds in repetition 51
tcp_ping received 96 bytes back
Round trip time was 2.37537 milliseconds in repetition 52
tcp_ping received 96 bytes back
Round trip time was 2.40212 milliseconds in repetition 53
tcp_ping received 96 bytes back
Round trip time was 2.46058 milliseconds in repetition 54
tcp_ping received 96 bytes back
Round trip time was 2.43331 milliseconds in repetition 55
tcp_ping received 96 bytes back
Round trip time was 2.40111 milliseconds in repetition 56
tcp_ping received 96 bytes back
Round trip time was 2.4342 milliseconds in repetition 57
tcp_ping received 96 bytes back
Round trip time was 2.41184 milliseconds in repetition 58
tcp_ping received 96 bytes back
Round trip time was 2.42016 milliseconds in repetition 59
tcp_ping received 96 bytes back
Round trip time was 2.44513 milliseconds in repetition 60
tcp_ping received 96 bytes back
Round trip time was 2.39576 milliseconds in repetition 61
tcp_ping received 96 bytes back
Round trip time was 2.3454 milliseconds in repetition 62
tcp_ping received 96 bytes back
Round trip time was 2.43374 milliseconds in repetition 63
tcp_ping received 96 bytes back
Round trip time was 2.3902 milliseconds in repetition 64
tcp_ping received 96 bytes back
Round trip time was 2.30793 milliseconds in repetition 65
tcp_ping received 96 bytes back
Round trip time was 2.33555 milliseconds in repetition 66
tcp_ping received 96 bytes back
Round trip time was 2.48065 milliseconds in repetition 67
tcp_ping received 96 bytes back
Round trip time was 2.37007 milliseconds in repetition 68
tcp_ping received 96 bytes back
Round trip time was 2.40644 milliseconds in repetition 69
tcp_ping received 96 bytes back
Round trip time was 902.31 milliseconds in repetition 70
tcp_ping received 96 bytes back
Round trip time was 2.50369 milliseconds in repetition 71
tcp_ping received 96 bytes back
Round trip time was 2.3744 milliseconds in repetition 72
tcp_ping received 96 bytes back
Round trip time was 2.45795 milliseconds in repetition 73
tcp_ping received 96 bytes back
Round trip time was 2.41015 milliseconds in repetition 74
tcp_ping received 96 bytes back
Round trip time was 2.47274 milliseconds in repetition 75
tcp_ping received 96 bytes back
Round trip time was 2.43943 milliseconds in repetition 76
tcp_ping received 96 bytes back
Round trip time was 2.41693 milliseconds in repetition 77
tcp_ping received 96 bytes back
Round trip time was 2.41635 milliseconds in repetition 78
tcp_ping received 96 bytes back
Round trip time was 2.39424 milliseconds in repetition 79
tcp_ping received 96 bytes back
Round trip time was 2.38914 milliseconds in repetition 80
tcp_ping received 96 bytes back
Round trip time was 2.41947 milliseconds in repetition 81
tcp_ping received 96 bytes back
Round trip time was 2.4239 milliseconds in repetition 82
tcp_ping received 96 bytes back
Round trip time was 2.42365 milliseconds in repetition 83
tcp_ping received 96 bytes back
Round trip time was 2.41687 milliseconds in repetition 84
tcp_ping received 96 bytes back
Round trip time was 2.44198 milliseconds in repetition 85
tcp_ping received 96 bytes back
Round trip time was 2.47151 milliseconds in repetition 86
tcp_ping received 96 bytes back
Round trip time was 2.47323 milliseconds in repetition 87
tcp_ping received 96 bytes back
Round trip time was 2.41497 milliseconds in repetition 88
tcp_ping received 96 bytes back
Round trip time was 2.50118 milliseconds in repetition 89
tcp_ping received 96 bytes back
Round trip time was 2.43945 milliseconds in repetition 90
tcp_ping received 96 bytes back
Round trip time was 2.52386 milliseconds in repetition 91
tcp_ping received 96 bytes back
Round trip time was 2.69984 milliseconds in repetition 92
tcp_ping received 96 bytes back
Round trip time was 2.41509 milliseconds in repetition 93
tcp_ping received 96 bytes back
Round trip time was 2.43759 milliseconds in repetition 94
tcp_ping received 96 bytes back
Round trip time was 2.43285 milliseconds in repetition 95
tcp_ping received 96 bytes back
Round trip time was 2.44394 milliseconds in repetition 96
tcp_ping received 96 bytes back
Round trip time was 2.4377 milliseconds in repetition 97
tcp_ping received 96 bytes back
Round trip time was 2.44788 milliseconds in repetition 98
tcp_ping received 96 bytes back
Round trip time was 2.46001 milliseconds in repetition 99
tcp_ping received 96 bytes back
Round trip time was 2.45016 milliseconds in repetition 100
tcp_ping received 96 bytes back
Round trip time was 2.41402 milliseconds in repetition 101
tcp_ping received 96 bytes back
Round trip time was 2.42688 milliseconds in repetition 102
tcp_ping received 96 bytes back
Round trip time was 2.43393 milliseconds in repetition 103
tcp_ping received 96 bytes back
Round trip time was 2.46373 milliseconds in repetition 104
tcp_ping received 96 bytes back
Round trip time was 2.43394 milliseconds in repetition 105
tcp_ping received 96 bytes back
Round trip time was 2.42472 milliseconds in repetition 106
tcp_ping received 96 bytes back
Round trip time was 2.45864 milliseconds in repetition 107
tcp_ping received 96 bytes back
Round trip time was 2.48689 milliseconds in repetition 108
tcp_ping received 96 bytes back
Round trip time was 2.51438 milliseconds in repetition 109
tcp_ping received 96 bytes back
Round trip time was 2.43852 milliseconds in repetition 110
tcp_ping received 96 bytes back
Round trip time was 902.397 milliseconds in repetition 111
tcp_ping received 96 bytes back
Round trip time was 2.53099 milliseconds in repetition 112
tcp_ping received 96 bytes back
Round trip time was 2.45695 milliseconds in repetition 113
tcp_ping received 96 bytes back
Round trip time was 2.4227 milliseconds in repetition 114
tcp_ping received 96 bytes back
Round trip time was 2.40833 milliseconds in repetition 115
tcp_ping received 96 bytes back
Round trip time was 2.61621 milliseconds in repetition 116
tcp_ping received 96 bytes back
Round trip time was 2.45154 milliseconds in repetition 117
tcp_ping received 96 bytes back
Round trip time was 2.55373 milliseconds in repetition 118
tcp_ping received 96 bytes back
Round trip time was 2.46515 milliseconds in repetition 119
tcp_ping received 96 bytes back
Round trip time was 2.46214 milliseconds in repetition 120
tcp_ping received 96 bytes back
Round trip time was 2.46433 milliseconds in repetition 121
tcp_ping received 96 bytes back
Round trip time was 2.51399 milliseconds in repetition 122
tcp_ping received 96 bytes back
Round trip time was 2.45333 milliseconds in repetition 123
tcp_ping received 96 bytes back
Round trip time was 5.25671 milliseconds in repetition 124
tcp_ping received 96 bytes back
Round trip time was 2.49733 milliseconds in repetition 125
tcp_ping received 96 bytes back
Round trip time was 2.44079 milliseconds in repetition 126
tcp_ping received 96 bytes back
Round trip time was 2.4085 milliseconds in repetition 127
tcp_ping received 96 bytes back
Round trip time was 2.41244 milliseconds in repetition 128
tcp_ping received 96 bytes back
Round trip time was 2.46671 milliseconds in repetition 129
tcp_ping received 96 bytes back
Round trip time was 2.56374 milliseconds in repetition 130
tcp_ping received 96 bytes back
Round trip time was 2.41041 milliseconds in repetition 131
tcp_ping received 96 bytes back
Round trip time was 2.40465 milliseconds in repetition 132
tcp_ping received 96 bytes back
Round trip time was 2.45139 milliseconds in repetition 133
tcp_ping received 96 bytes back
Round trip time was 2.44065 milliseconds in repetition 134
tcp_ping received 96 bytes back
Round trip time was 2.46233 milliseconds in repetition 135
tcp_ping received 96 bytes back
Round trip time was 2.46942 milliseconds in repetition 136
tcp_ping received 96 bytes back
Round trip time was 2.44939 milliseconds in repetition 137
tcp_ping received 96 bytes back
Round trip time was 2.55837 milliseconds in repetition 138
tcp_ping received 96 bytes back
Round trip time was 2.39317 milliseconds in repetition 139
tcp_ping received 96 bytes back
Round trip time was 2.42684 milliseconds in repetition 140
tcp_ping received 96 bytes back
Round trip time was 2.43171 milliseconds in repetition 141
tcp_ping received 96 bytes back
Round trip time was 2.44124 milliseconds in repetition 142
tcp_ping received 96 bytes back
Round trip time was 2.38258 milliseconds in repetition 143
tcp_ping received 96 bytes back
Round trip time was 2.46942 milliseconds in repetition 144
tcp_ping received 96 bytes back
Round trip time was 2.49478 milliseconds in repetition 145
tcp_ping received 96 bytes back
Round trip time was 2.42403 milliseconds in repetition 146
tcp_ping received 96 bytes back
Round trip time was 2.44448 milliseconds in repetition 147
tcp_ping received 96 bytes back
Round trip time was 2.42838 milliseconds in repetition 148
tcp_ping received 96 bytes back
Round trip time was 2.46549 milliseconds in repetition 149
tcp_ping received 96 bytes back
Round trip time was 902.452 milliseconds in repetition 150
tcp_ping received 96 bytes back
Round trip time was 2.44424 milliseconds in repetition 151
tcp_ping received 96 bytes back
Round trip time was 2.45879 milliseconds in repetition 152
tcp_ping received 96 bytes back
Round trip time was 2.42904 milliseconds in repetition 153
tcp_ping received 96 bytes back
Round trip time was 2.49523 milliseconds in repetition 154
tcp_ping received 96 bytes back
Round trip time was 2.48939 milliseconds in repetition 155
tcp_ping received 96 bytes back
Round trip time was 2.40299 milliseconds in repetition 156
tcp_ping received 96 bytes back
Round trip time was 2.46824 milliseconds in repetition 157
tcp_ping received 96 bytes back
Round trip time was 2.43381 milliseconds in repetition 158
tcp_ping received 96 bytes back
Round trip time was 2.41305 milliseconds in repetition 159
tcp_ping received 96 bytes back
Round trip time was 2.47001 milliseconds in repetition 160
tcp_ping received 96 bytes back
Round trip time was 2.42656 milliseconds in repetition 161
tcp_ping received 96 bytes back
Round trip time was 3.17748 milliseconds in repetition 162
tcp_ping received 96 bytes back
Round trip time was 2.43277 milliseconds in repetition 163
tcp_ping received 96 bytes back
Round trip time was 2.4781 milliseconds in repetition 164
tcp_ping received 96 bytes back
Round trip time was 2.46884 milliseconds in repetition 165
tcp_ping received 96 bytes back
Round trip time was 2.43183 milliseconds in repetition 166
tcp_ping received 96 bytes back
Round trip time was 2.52483 milliseconds in repetition 167
tcp_ping received 96 bytes back
Round trip time was 2.42366 milliseconds in repetition 168
tcp_ping received 96 bytes back
Round trip time was 2.46775 milliseconds in repetition 169
tcp_ping received 96 bytes back
Round trip time was 2.42435 milliseconds in repetition 170
tcp_ping received 96 bytes back
Round trip time was 2.45643 milliseconds in repetition 171
tcp_ping received 96 bytes back
Round trip time was 2.44599 milliseconds in repetition 172
tcp_ping received 96 bytes back
Round trip time was 2.45266 milliseconds in repetition 173
tcp_ping received 96 bytes back
Round trip time was 2.48681 milliseconds in repetition 174
tcp_ping received 96 bytes back
Round trip time was 2.41988 milliseconds in repetition 175
tcp_ping received 96 bytes back
Round trip time was 2.45949 milliseconds in repetition 176
tcp_ping received 96 bytes back
Round trip time was 2.43398 milliseconds in repetition 177
tcp_ping received 96 bytes back
Round trip time was 2.58565 milliseconds in repetition 178
tcp_ping received 96 bytes back
Round trip time was 2.45947 milliseconds in repetition 179
tcp_ping received 96 bytes back
Round trip time was 2.39335 milliseconds in repetition 180
tcp_ping received 96 bytes back
Round trip time was 2.42061 milliseconds in repetition 181
tcp_ping received 96 bytes back
Round trip time was 2.46886 milliseconds in repetition 182
tcp_ping received 96 bytes back
Round trip time was 2.5332 milliseconds in repetition 183
tcp_ping received 96 bytes back
Round trip time was 2.44538 milliseconds in repetition 184
tcp_ping received 96 bytes back
Round trip time was 2.39555 milliseconds in repetition 185
tcp_ping received 96 bytes back
Round trip time was 2.41167 milliseconds in repetition 186
tcp_ping received 96 bytes back
Round trip time was 2.45321 milliseconds in repetition 187
tcp_ping received 96 bytes back
Round trip time was 2.42209 milliseconds in repetition 188
tcp_ping received 96 bytes back
Round trip time was 2.46319 milliseconds in repetition 189
tcp_ping received 96 bytes back
Round trip time was 3.1298 milliseconds in repetition 190
tcp_ping received 96 bytes back
Round trip time was 902.617 milliseconds in repetition 191
tcp_ping received 96 bytes back
Round trip time was 2.46119 milliseconds in repetition 192
tcp_ping received 96 bytes back
Round trip time was 2.43046 milliseconds in repetition 193
tcp_ping received 96 bytes back
Round trip time was 2.48201 milliseconds in repetition 194
tcp_ping received 96 bytes back
Round trip time was 2.45936 milliseconds in repetition 195
tcp_ping received 96 bytes back
Round trip time was 2.42673 milliseconds in repetition 196
tcp_ping received 96 bytes back
Round trip time was 2.45831 milliseconds in repetition 197
tcp_ping received 96 bytes back
Round trip time was 2.46956 milliseconds in repetition 198
tcp_ping received 96 bytes back
Round trip time was 2.47526 milliseconds in repetition 199
tcp_ping received 96 bytes back
Round trip time was 2.38857 milliseconds in repetition 200
tcp_ping received 96 bytes back
Round trip time was 2.41275 milliseconds in repetition 201
tcp_ping received 96 bytes back
Round trip time was 2.40346 milliseconds in repetition 202
tcp_ping received 96 bytes back
Round trip time was 2.44564 milliseconds in repetition 203
tcp_ping received 96 bytes back
Round trip time was 2.48839 milliseconds in repetition 204
tcp_ping received 96 bytes back
Round trip time was 2.44623 milliseconds in repetition 205
tcp_ping received 96 bytes back
Round trip time was 3.2538 milliseconds in repetition 206
tcp_ping received 96 bytes back
Round trip time was 2.38742 milliseconds in repetition 207
tcp_ping received 96 bytes back
Round trip time was 2.43035 milliseconds in repetition 208
tcp_ping received 96 bytes back
Round trip time was 2.42443 milliseconds in repetition 209
tcp_ping received 96 bytes back
Round trip time was 2.49901 milliseconds in repetition 210
tcp_ping received 96 bytes back
Round trip time was 2.43342 milliseconds in repetition 211
tcp_ping received 96 bytes back
Round trip time was 2.45997 milliseconds in repetition 212
tcp_ping received 96 bytes back
Round trip time was 2.40266 milliseconds in repetition 213
tcp_ping received 96 bytes back
Round trip time was 2.5794 milliseconds in repetition 214
tcp_ping received 96 bytes back
Round trip time was 2.48721 milliseconds in repetition 215
tcp_ping received 96 bytes back
Round trip time was 2.48736 milliseconds in repetition 216
tcp_ping received 96 bytes back
Round trip time was 2.44061 milliseconds in repetition 217
tcp_ping received 96 bytes back
Round trip time was 2.4005 milliseconds in repetition 218
tcp_ping received 96 bytes back
Round trip time was 2.41839 milliseconds in repetition 219
tcp_ping received 96 bytes back
Round trip time was 2.44386 milliseconds in repetition 220
tcp_ping received 96 bytes back
Round trip time was 2.46361 milliseconds in repetition 221
tcp_ping received 96 bytes back
Round trip time was 2.461 milliseconds in repetition 222
tcp_ping received 96 bytes back
Round trip time was 2.41745 milliseconds in repetition 223
tcp_ping received 96 bytes back
Round trip time was 2.41185 milliseconds in repetition 224
tcp_ping received 96 bytes back
Round trip time was 2.39973 milliseconds in repetition 225
tcp_ping received 96 bytes back
Round trip time was 2.43805 milliseconds in repetition 226
tcp_ping received 96 bytes back
Round trip time was 2.42115 milliseconds in repetition 227
tcp_ping received 96 bytes back
Round trip time was 2.51799 milliseconds in repetition 228
tcp_ping received 96 bytes back
Round trip time was 2.5048 milliseconds in repetition 229
tcp_ping received 96 bytes back
Round trip time was 2.47008 milliseconds in repetition 230
tcp_ping received 96 bytes back
Round trip time was 902.43 milliseconds in repetition 231
tcp_ping received 96 bytes back
Round trip time was 2.51738 milliseconds in repetition 232
tcp_ping received 96 bytes back
Round trip time was 2.57125 milliseconds in repetition 233
tcp_ping received 96 bytes back
Round trip time was 2.42409 milliseconds in repetition 234
tcp_ping received 96 bytes back
Round trip time was 2.61428 milliseconds in repetition 235
tcp_ping received 96 bytes back
Round trip time was 2.4669 milliseconds in repetition 236
tcp_ping received 96 bytes back
Round trip time was 2.46263 milliseconds in repetition 237
tcp_ping received 96 bytes back
Round trip time was 2.45948 milliseconds in repetition 238
tcp_ping received 96 bytes back
Round trip time was 2.43522 milliseconds in repetition 239
tcp_ping received 96 bytes back
Round trip time was 2.53185 milliseconds in repetition 240
tcp_ping received 96 bytes back
Round trip time was 2.46333 milliseconds in repetition 241
tcp_ping received 96 bytes back
Round trip time was 2.55137 milliseconds in repetition 242
tcp_ping received 96 bytes back
Round trip time was 2.46701 milliseconds in repetition 243
tcp_ping received 96 bytes back
Round trip time was 2.41678 milliseconds in repetition 244
tcp_ping received 96 bytes back
Round trip time was 2.42322 milliseconds in repetition 245
tcp_ping received 96 bytes back
Round trip time was 2.48962 milliseconds in repetition 246
tcp_ping received 96 bytes back
Round trip time was 2.41342 milliseconds in repetition 247
tcp_ping received 96 bytes back
Round trip time was 2.39823 milliseconds in repetition 248
tcp_ping received 96 bytes back
Round trip time was 2.8661 milliseconds in repetition 249
tcp_ping received 96 bytes back
Round trip time was 2.5757 milliseconds in repetition 250
tcp_ping received 96 bytes back
Round trip time was 2.45838 milliseconds in repetition 251
tcp_ping received 96 bytes back
Round trip time was 2.46012 milliseconds in repetition 252
tcp_ping received 96 bytes back
Round trip time was 2.43807 milliseconds in repetition 253
tcp_ping received 96 bytes back
Round trip time was 2.4402 milliseconds in repetition 254
tcp_ping received 96 bytes back
Round trip time was 2.44212 milliseconds in repetition 255
tcp_ping received 96 bytes back
Round trip time was 2.47952 milliseconds in repetition 256
tcp_ping received 96 bytes back
Round trip time was 2.617 milliseconds in repetition 257
tcp_ping received 96 bytes back
Round trip time was 2.53478 milliseconds in repetition 258
tcp_ping received 96 bytes back
Round trip time was 2.40126 milliseconds in repetition 259
tcp_ping received 96 bytes back
Round trip time was 2.3966 milliseconds in repetition 260
tcp_ping received 96 bytes back
Round trip time was 2.4114 milliseconds in repetition 261
tcp_ping received 96 bytes back
Round trip time was 2.38609 milliseconds in repetition 262
tcp_ping received 96 bytes back
Round trip time was 2.43524 milliseconds in repetition 263
tcp_ping received 96 bytes back
Round trip time was 2.42178 milliseconds in repetition 264
tcp_ping received 96 bytes back
Round trip time was 2.41848 milliseconds in repetition 265
tcp_ping received 96 bytes back
Round trip time was 2.5072 milliseconds in repetition 266
tcp_ping received 96 bytes back
Round trip time was 3.33227 milliseconds in repetition 267
tcp_ping received 96 bytes back
Round trip time was 2.43223 milliseconds in repetition 268
tcp_ping received 96 bytes back
Round trip time was 2.46444 milliseconds in repetition 269
tcp_ping received 96 bytes back
Round trip time was 2.44296 milliseconds in repetition 270
tcp_ping received 96 bytes back
Round trip time was 902.422 milliseconds in repetition 271
tcp_ping received 96 bytes back
Round trip time was 2.45609 milliseconds in repetition 272
tcp_ping received 96 bytes back
Round trip time was 2.48613 milliseconds in repetition 273
tcp_ping received 96 bytes back
Round trip time was 2.48056 milliseconds in repetition 274
tcp_ping received 96 bytes back
Round trip time was 2.42989 milliseconds in repetition 275
tcp_ping received 96 bytes back
Round trip time was 2.41758 milliseconds in repetition 276
tcp_ping received 96 bytes back
Round trip time was 2.40058 milliseconds in repetition 277
tcp_ping received 96 bytes back
Round trip time was 2.44269 milliseconds in repetition 278
tcp_ping received 96 bytes back
Round trip time was 2.42062 milliseconds in repetition 279
tcp_ping received 96 bytes back
Round trip time was 2.4359 milliseconds in repetition 280
tcp_ping received 96 bytes back
Round trip time was 2.43798 milliseconds in repetition 281
tcp_ping received 96 bytes back
Round trip time was 2.43468 milliseconds in repetition 282
tcp_ping received 96 bytes back
Round trip time was 2.42826 milliseconds in repetition 283
tcp_ping received 96 bytes back
Round trip time was 2.43538 milliseconds in repetition 284
tcp_ping received 96 bytes back
Round trip time was 2.44709 milliseconds in repetition 285
tcp_ping received 96 bytes back
Round trip time was 2.40814 milliseconds in repetition 286
tcp_ping received 96 bytes back
Round trip time was 2.47093 milliseconds in repetition 287
tcp_ping received 96 bytes back
Round trip time was 2.50728 milliseconds in repetition 288
tcp_ping received 96 bytes back
Round trip time was 2.44724 milliseconds in repetition 289
tcp_ping received 96 bytes back
Round trip time was 2.44565 milliseconds in repetition 290
tcp_ping received 96 bytes back
Round trip time was 2.45836 milliseconds in repetition 291
tcp_ping received 96 bytes back
Round trip time was 2.89919 milliseconds in repetition 292
tcp_ping received 96 bytes back
Round trip time was 2.47165 milliseconds in repetition 293
tcp_ping received 96 bytes back
Round trip time was 2.46201 milliseconds in repetition 294
tcp_ping received 96 bytes back
Round trip time was 2.4584 milliseconds in repetition 295
tcp_ping received 96 bytes back
Round trip time was 2.4307 milliseconds in repetition 296
tcp_ping received 96 bytes back
Round trip time was 2.45772 milliseconds in repetition 297
tcp_ping received 96 bytes back
Round trip time was 2.42319 milliseconds in repetition 298
tcp_ping received 96 bytes back
Round trip time was 2.66163 milliseconds in repetition 299
tcp_ping received 96 bytes back
Round trip time was 2.48018 milliseconds in repetition 300
tcp_ping received 96 bytes back
Round trip time was 2.44831 milliseconds in repetition 301
tcp_ping received 96 bytes back
Round trip time was 2.45164 milliseconds in repetition 302
tcp_ping received 96 bytes back
Round trip time was 2.43673 milliseconds in repetition 303
tcp_ping received 96 bytes back
Round trip time was 2.42837 milliseconds in repetition 304
tcp_ping received 96 bytes back
Round trip time was 2.44439 milliseconds in repetition 305
tcp_ping received 96 bytes back
Round trip time was 2.42796 milliseconds in repetition 306
tcp_ping received 96 bytes back
Round trip time was 2.51901 milliseconds in repetition 307
tcp_ping received 96 bytes back
Round trip time was 2.38612 milliseconds in repetition 308
tcp_ping received 96 bytes back
Round trip time was 2.39909 milliseconds in repetition 309
tcp_ping received 96 bytes back
Round trip time was 2.38964 milliseconds in repetition 310
tcp_ping received 96 bytes back
Round trip time was 2.40808 milliseconds in repetition 311
tcp_ping received 96 bytes back
Round trip time was 902.404 milliseconds in repetition 312
tcp_ping received 96 bytes back
Round trip time was 2.40438 milliseconds in repetition 313
tcp_ping received 96 bytes back
Round trip time was 2.40916 milliseconds in repetition 314
tcp_ping received 96 bytes back
Round trip time was 2.47931 milliseconds in repetition 315
tcp_ping received 96 bytes back
Round trip time was 2.45858 milliseconds in repetition 316
tcp_ping received 96 bytes back
Round trip time was 2.44525 milliseconds in repetition 317
tcp_ping received 96 bytes back
Round trip time was 2.42576 milliseconds in repetition 318
tcp_ping received 96 bytes back
Round trip time was 2.39838 milliseconds in repetition 319
tcp_ping received 96 bytes back
Round trip time was 2.4623 milliseconds in repetition 320
tcp_ping received 96 bytes back
Round trip time was 2.44559 milliseconds in repetition 321
tcp_ping received 96 bytes back
Round trip time was 2.39264 milliseconds in repetition 322
tcp_ping received 96 bytes back
Round trip time was 2.42064 milliseconds in repetition 323
tcp_ping received 96 bytes back
Round trip time was 2.42405 milliseconds in repetition 324
tcp_ping received 96 bytes back
Round trip time was 2.40836 milliseconds in repetition 325
tcp_ping received 96 bytes back
Round trip time was 2.43683 milliseconds in repetition 326
tcp_ping received 96 bytes back
Round trip time was 2.43018 milliseconds in repetition 327
tcp_ping received 96 bytes back
Round trip time was 2.45896 milliseconds in repetition 328
tcp_ping received 96 bytes back
Round trip time was 2.45562 milliseconds in repetition 329
tcp_ping received 96 bytes back
Round trip time was 2.43815 milliseconds in repetition 330
tcp_ping received 96 bytes back
Round trip time was 2.55741 milliseconds in repetition 331
tcp_ping received 96 bytes back
Round trip time was 2.40364 milliseconds in repetition 332
tcp_ping received 96 bytes back
Round trip time was 2.39547 milliseconds in repetition 333
tcp_ping received 96 bytes back
Round trip time was 2.45235 milliseconds in repetition 334
tcp_ping received 96 bytes back
Round trip time was 2.41325 milliseconds in repetition 335
tcp_ping received 96 bytes back
Round trip time was 2.42247 milliseconds in repetition 336
tcp_ping received 96 bytes back
Round trip time was 2.42394 milliseconds in repetition 337
tcp_ping received 96 bytes back
Round trip time was 2.45564 milliseconds in repetition 338
tcp_ping received 96 bytes back
Round trip time was 2.41336 milliseconds in repetition 339
tcp_ping received 96 bytes back
Round trip time was 2.43093 milliseconds in repetition 340
tcp_ping received 96 bytes back
Round trip time was 2.49101 milliseconds in repetition 341
tcp_ping received 96 bytes back
Round trip time was 2.409 milliseconds in repetition 342
tcp_ping received 96 bytes back
Round trip time was 2.41917 milliseconds in repetition 343
tcp_ping received 96 bytes back
Round trip time was 2.45112 milliseconds in repetition 344
tcp_ping received 96 bytes back
Round trip time was 2.40535 milliseconds in repetition 345
tcp_ping received 96 bytes back
Round trip time was 2.40022 milliseconds in repetition 346
tcp_ping received 96 bytes back
Round trip time was 2.39255 milliseconds in repetition 347
tcp_ping received 96 bytes back
Round trip time was 2.521 milliseconds in repetition 348
tcp_ping received 96 bytes back
Round trip time was 2.46141 milliseconds in repetition 349
tcp_ping received 96 bytes back
Round trip time was 2.38744 milliseconds in repetition 350
tcp_ping received 96 bytes back
Round trip time was 2.48226 milliseconds in repetition 351
tcp_ping received 96 bytes back
Round trip time was 2.44916 milliseconds in repetition 352
tcp_ping received 96 bytes back
Round trip time was 902.411 milliseconds in repetition 353
tcp_ping received 96 bytes back
Round trip time was 2.39644 milliseconds in repetition 354
tcp_ping received 96 bytes back
Round trip time was 2.41174 milliseconds in repetition 355
tcp_ping received 96 bytes back
Round trip time was 2.37351 milliseconds in repetition 356
tcp_ping received 96 bytes back
Round trip time was 2.41472 milliseconds in repetition 357
tcp_ping received 96 bytes back
Round trip time was 2.3939 milliseconds in repetition 358
tcp_ping received 96 bytes back
Round trip time was 2.45374 milliseconds in repetition 359
tcp_ping received 96 bytes back
Round trip time was 2.38724 milliseconds in repetition 360
tcp_ping received 96 bytes back
Round trip time was 2.4027 milliseconds in repetition 361
tcp_ping received 96 bytes back
Round trip time was 2.49831 milliseconds in repetition 362
tcp_ping received 96 bytes back
Round trip time was 2.49481 milliseconds in repetition 363
tcp_ping received 96 bytes back
Round trip time was 2.46207 milliseconds in repetition 364
tcp_ping received 96 bytes back
Round trip time was 2.45602 milliseconds in repetition 365
tcp_ping received 96 bytes back
Round trip time was 3.49639 milliseconds in repetition 366
tcp_ping received 96 bytes back
Round trip time was 2.447 milliseconds in repetition 367
tcp_ping received 96 bytes back
Round trip time was 2.44241 milliseconds in repetition 368
tcp_ping received 96 bytes back
Round trip time was 2.44584 milliseconds in repetition 369
tcp_ping received 96 bytes back
Round trip time was 2.44724 milliseconds in repetition 370
tcp_ping received 96 bytes back
Round trip time was 2.50015 milliseconds in repetition 371
tcp_ping received 96 bytes back
Round trip time was 2.55132 milliseconds in repetition 372
tcp_ping received 96 bytes back
Round trip time was 2.52073 milliseconds in repetition 373
tcp_ping received 96 bytes back
Round trip time was 2.46056 milliseconds in repetition 374
tcp_ping received 96 bytes back
Round trip time was 2.45931 milliseconds in repetition 375
tcp_ping received 96 bytes back
Round trip time was 2.50106 milliseconds in repetition 376
tcp_ping received 96 bytes back
Round trip time was 2.46614 milliseconds in repetition 377
tcp_ping received 96 bytes back
Round trip time was 2.4707 milliseconds in repetition 378
tcp_ping received 96 bytes back
Round trip time was 2.47077 milliseconds in repetition 379
tcp_ping received 96 bytes back
Round trip time was 2.57935 milliseconds in repetition 380
tcp_ping received 96 bytes back
Round trip time was 2.48889 milliseconds in repetition 381
tcp_ping received 96 bytes back
Round trip time was 2.71907 milliseconds in repetition 382
tcp_ping received 96 bytes back
Round trip time was 2.46565 milliseconds in repetition 383
tcp_ping received 96 bytes back
Round trip time was 2.45584 milliseconds in repetition 384
tcp_ping received 96 bytes back
Round trip time was 2.52567 milliseconds in repetition 385
tcp_ping received 96 bytes back
Round trip time was 2.39825 milliseconds in repetition 386
tcp_ping received 96 bytes back
Round trip time was 2.43964 milliseconds in repetition 387
tcp_ping received 96 bytes back
Round trip time was 2.43611 milliseconds in repetition 388
tcp_ping received 96 bytes back
Round trip time was 2.43753 milliseconds in repetition 389
tcp_ping received 96 bytes back
Round trip time was 2.47984 milliseconds in repetition 390
tcp_ping received 96 bytes back
Round trip time was 2.46641 milliseconds in repetition 391
tcp_ping received 96 bytes back
Round trip time was 2.71155 milliseconds in repetition 392
tcp_ping received 96 bytes back
Round trip time was 902.622 milliseconds in repetition 393
tcp_ping received 96 bytes back
Round trip time was 2.36921 milliseconds in repetition 394
tcp_ping received 96 bytes back
Round trip time was 2.40332 milliseconds in repetition 395
tcp_ping received 96 bytes back
Round trip time was 2.40783 milliseconds in repetition 396
tcp_ping received 96 bytes back
Round trip time was 2.40916 milliseconds in repetition 397
tcp_ping received 96 bytes back
Round trip time was 2.3985 milliseconds in repetition 398
tcp_ping received 96 bytes back
Round trip time was 2.45919 milliseconds in repetition 399
tcp_ping received 96 bytes back
Round trip time was 2.42029 milliseconds in repetition 400
tcp_ping received 96 bytes back
Round trip time was 2.47168 milliseconds in repetition 401
tcp_ping received 96 bytes back
Round trip time was 2.43475 milliseconds in repetition 402
tcp_ping received 96 bytes back
Round trip time was 2.40794 milliseconds in repetition 403
tcp_ping received 96 bytes back
Round trip time was 2.90472 milliseconds in repetition 404
tcp_ping received 96 bytes back
Round trip time was 2.38194 milliseconds in repetition 405
tcp_ping received 96 bytes back
Round trip time was 2.40791 milliseconds in repetition 406
tcp_ping received 96 bytes back
Round trip time was 2.41843 milliseconds in repetition 407
tcp_ping received 96 bytes back
Round trip time was 2.41953 milliseconds in repetition 408
tcp_ping received 96 bytes back
Round trip time was 2.39308 milliseconds in repetition 409
tcp_ping received 96 bytes back
Round trip time was 2.39433 milliseconds in repetition 410
tcp_ping received 96 bytes back
Round trip time was 2.39458 milliseconds in repetition 411
tcp_ping received 96 bytes back
Round trip time was 2.42506 milliseconds in repetition 412
tcp_ping received 96 bytes back
Round trip time was 2.37585 milliseconds in repetition 413
tcp_ping received 96 bytes back
Round trip time was 2.41142 milliseconds in repetition 414
tcp_ping received 96 bytes back
Round trip time was 2.38408 milliseconds in repetition 415
tcp_ping received 96 bytes back
Round trip time was 2.40231 milliseconds in repetition 416
tcp_ping received 96 bytes back
Round trip time was 2.41306 milliseconds in repetition 417
tcp_ping received 96 bytes back
Round trip time was 2.37358 milliseconds in repetition 418
tcp_ping received 96 bytes back
Round trip time was 2.41883 milliseconds in repetition 419
tcp_ping received 96 bytes back
Round trip time was 2.4126 milliseconds in repetition 420
tcp_ping received 96 bytes back
Round trip time was 2.41636 milliseconds in repetition 421
tcp_ping received 96 bytes back
Round trip time was 2.45648 milliseconds in repetition 422
tcp_ping received 96 bytes back
Round trip time was 2.50748 milliseconds in repetition 423
tcp_ping received 96 bytes back
Round trip time was 2.8686 milliseconds in repetition 424
tcp_ping received 96 bytes back
Round trip time was 2.42881 milliseconds in repetition 425
tcp_ping received 96 bytes back
Round trip time was 2.61823 milliseconds in repetition 426
tcp_ping received 96 bytes back
Round trip time was 2.46078 milliseconds in repetition 427
tcp_ping received 96 bytes back
Round trip time was 2.46277 milliseconds in repetition 428
tcp_ping received 96 bytes back
Round trip time was 2.47561 milliseconds in repetition 429
tcp_ping received 96 bytes back
Round trip time was 2.5401 milliseconds in repetition 430
tcp_ping received 96 bytes back
Round trip time was 2.47645 milliseconds in repetition 431
tcp_ping received 96 bytes back
Round trip time was 2.74282 milliseconds in repetition 432
tcp_ping received 96 bytes back
Round trip time was 902.471 milliseconds in repetition 433
tcp_ping received 96 bytes back
Round trip time was 2.48337 milliseconds in repetition 434
tcp_ping received 96 bytes back
Round trip time was 2.66638 milliseconds in repetition 435
tcp_ping received 96 bytes back
Round trip time was 2.46781 milliseconds in repetition 436
tcp_ping received 96 bytes back
Round trip time was 2.79524 milliseconds in repetition 437
tcp_ping received 96 bytes back
Round trip time was 6.07563 milliseconds in repetition 438
tcp_ping received 96 bytes back
Round trip time was 2.466 milliseconds in repetition 439
tcp_ping received 96 bytes back
Round trip time was 2.37196 milliseconds in repetition 440
tcp_ping received 96 bytes back
Round trip time was 2.40638 milliseconds in repetition 441
tcp_ping received 96 bytes back
Round trip time was 2.39587 milliseconds in repetition 442
tcp_ping received 96 bytes back
Round trip time was 2.41831 milliseconds in repetition 443
tcp_ping received 96 bytes back
Round trip time was 2.47858 milliseconds in repetition 444
tcp_ping received 96 bytes back
Round trip time was 2.63186 milliseconds in repetition 445
tcp_ping received 96 bytes back
Round trip time was 2.48129 milliseconds in repetition 446
tcp_ping received 96 bytes back
Round trip time was 2.41804 milliseconds in repetition 447
tcp_ping received 96 bytes back
Round trip time was 2.45273 milliseconds in repetition 448
tcp_ping received 96 bytes back
Round trip time was 2.45155 milliseconds in repetition 449
tcp_ping received 96 bytes back
Round trip time was 2.46494 milliseconds in repetition 450
tcp_ping received 96 bytes back
Round trip time was 2.42813 milliseconds in repetition 451
tcp_ping received 96 bytes back
Round trip time was 2.45017 milliseconds in repetition 452
tcp_ping received 96 bytes back
Round trip time was 2.4849 milliseconds in repetition 453
tcp_ping received 96 bytes back
Round trip time was 2.44295 milliseconds in repetition 454
tcp_ping received 96 bytes back
Round trip time was 2.39477 milliseconds in repetition 455
tcp_ping received 96 bytes back
Round trip time was 2.41254 milliseconds in repetition 456
tcp_ping received 96 bytes back
Round trip time was 2.44349 milliseconds in repetition 457
tcp_ping received 96 bytes back
Round trip time was 2.40202 milliseconds in repetition 458
tcp_ping received 96 bytes back
Round trip time was 2.44246 milliseconds in repetition 459
tcp_ping received 96 bytes back
Round trip time was 2.51378 milliseconds in repetition 460
tcp_ping received 96 bytes back
Round trip time was 2.5893 milliseconds in repetition 461
tcp_ping received 96 bytes back
Round trip time was 2.87609 milliseconds in repetition 462
tcp_ping received 96 bytes back
Round trip time was 3.0776 milliseconds in repetition 463
tcp_ping received 96 bytes back
Round trip time was 2.43916 milliseconds in repetition 464
tcp_ping received 96 bytes back
Round trip time was 2.59955 milliseconds in repetition 465
tcp_ping received 96 bytes back
Round trip time was 2.51786 milliseconds in repetition 466
tcp_ping received 96 bytes back
Round trip time was 2.45068 milliseconds in repetition 467
tcp_ping received 96 bytes back
Round trip time was 2.39519 milliseconds in repetition 468
tcp_ping received 96 bytes back
Round trip time was 2.38498 milliseconds in repetition 469
tcp_ping received 96 bytes back
Round trip time was 2.49593 milliseconds in repetition 470
tcp_ping received 96 bytes back
Round trip time was 2.35981 milliseconds in repetition 471
tcp_ping received 96 bytes back
Round trip time was 902.39 milliseconds in repetition 472
tcp_ping received 96 bytes back
Round trip time was 2.43928 milliseconds in repetition 473
tcp_ping received 96 bytes back
Round trip time was 2.41635 milliseconds in repetition 474
tcp_ping received 96 bytes back
Round trip time was 2.46031 milliseconds in repetition 475
tcp_ping received 96 bytes back
Round trip time was 2.41662 milliseconds in repetition 476
tcp_ping received 96 bytes back
Round trip time was 2.53475 milliseconds in repetition 477
tcp_ping received 96 bytes back
Round trip time was 2.49311 milliseconds in repetition 478
tcp_ping received 96 bytes back
Round trip time was 2.42363 milliseconds in repetition 479
tcp_ping received 96 bytes back
Round trip time was 2.53452 milliseconds in repetition 480
tcp_ping received 96 bytes back
Round trip time was 2.45102 milliseconds in repetition 481
tcp_ping received 96 bytes back
Round trip time was 2.44806 milliseconds in repetition 482
tcp_ping received 96 bytes back
Round trip time was 2.58486 milliseconds in repetition 483
tcp_ping received 96 bytes back
Round trip time was 2.40845 milliseconds in repetition 484
tcp_ping received 96 bytes back
Round trip time was 4.58532 milliseconds in repetition 485
tcp_ping received 96 bytes back
Round trip time was 2.50105 milliseconds in repetition 486
tcp_ping received 96 bytes back
Round trip time was 2.46421 milliseconds in repetition 487
tcp_ping received 96 bytes back
Round trip time was 2.45077 milliseconds in repetition 488
tcp_ping received 96 bytes back
Round trip time was 2.4557 milliseconds in repetition 489
tcp_ping received 96 bytes back
Round trip time was 2.46935 milliseconds in repetition 490
tcp_ping received 96 bytes back
Round trip time was 2.53058 milliseconds in repetition 491
tcp_ping received 96 bytes back
Round trip time was 2.4983 milliseconds in repetition 492
tcp_ping received 96 bytes back
Round trip time was 2.45969 milliseconds in repetition 493
tcp_ping received 96 bytes back
Round trip time was 2.51246 milliseconds in repetition 494
tcp_ping received 96 bytes back
Round trip time was 2.52198 milliseconds in repetition 495
tcp_ping received 96 bytes back
Round trip time was 2.47232 milliseconds in repetition 496
tcp_ping received 96 bytes back
Round trip time was 2.51539 milliseconds in repetition 497
tcp_ping received 96 bytes back
Round trip time was 2.51162 milliseconds in repetition 498
tcp_ping received 96 bytes back
Round trip time was 2.61132 milliseconds in repetition 499
tcp_ping received 96 bytes back
Round trip time was 2.46104 milliseconds in repetition 500
tcp_ping received 96 bytes back
Round trip time was 2.49932 milliseconds in repetition 501

 ... clock resolution was 1e-07
TCP Ping:  Statistics over 501 repetitions of 96 byte messages

RTT : percentile 10: 2.3966, median: 2.45017, percentile 90: 2.5794, average: 24.049, variance: 18972.5

RTT histogram:
2.30793 489
47.3236 0
92.3393 0
137.355 0
182.371 0
227.386 0
272.402 0
317.418 0
362.434 0
407.449 0
452.465 0
497.481 0
542.496 0
587.512 0
632.528 0
677.544 0
722.559 0
767.575 0
812.591 0
857.606 0
902.622 12

   median Throughput : 78.3618 KB/s   overall Throughput : 7.98369 KB/s

