TCP Ping trying to connect to server seti.dibris.unige.it (130.251.61.30) on port 1491
 ... connected to Pong server: asking for 501 repetitions of 49152 bytes TCP messages
 ... Pong server agreed :-)
tcp_ping received 49152 bytes back
Round trip time was 13.7642 milliseconds in repetition 1
tcp_ping received 49152 bytes back
Round trip time was 3.08265 milliseconds in repetition 2
tcp_ping received 49152 bytes back
Round trip time was 2.89621 milliseconds in repetition 3
tcp_ping received 49152 bytes back
Round trip time was 927.91 milliseconds in repetition 4
tcp_ping received 49152 bytes back
Round trip time was 2.83558 milliseconds in repetition 5
tcp_ping received 49152 bytes back
Round trip time was 2.67525 milliseconds in repetition 6
tcp_ping received 49152 bytes back
Round trip time was 14.6893 milliseconds in repetition 7
tcp_ping received 49152 bytes back
Round trip time was 2.97354 milliseconds in repetition 8
tcp_ping received 49152 bytes back
Round trip time was 2.91432 milliseconds in repetition 9
tcp_ping received 49152 bytes back
Round trip time was 2.83884 milliseconds in repetition 10
tcp_ping received 49152 bytes back
Round trip time was 2.66269 milliseconds in repetition 11
tcp_ping received 49152 bytes back
Round trip time was 2.67513 milliseconds in repetition 12
tcp_ping received 49152 bytes back
Round trip time was 3.84123 milliseconds in repetition 13
tcp_ping received 49152 bytes back
Round trip time was 3.38029 milliseconds in repetition 14
tcp_ping received 49152 bytes back
Round trip time was 3.05429 milliseconds in repetition 15
tcp_ping received 49152 bytes back
Round trip time was 2.6838 milliseconds in repetition 16
tcp_ping received 49152 bytes back
Round trip time was 2.67892 milliseconds in repetition 17
tcp_ping received 49152 bytes back
Round trip time was 2.64841 milliseconds in repetition 18
tcp_ping received 49152 bytes back
Round trip time was 2.88366 milliseconds in repetition 19
tcp_ping received 49152 bytes back
Round trip time was 3.27237 milliseconds in repetition 20
tcp_ping received 49152 bytes back
Round trip time was 2.73988 milliseconds in repetition 21
tcp_ping received 49152 bytes back
Round trip time was 2.85491 milliseconds in repetition 22
tcp_ping received 49152 bytes back
Round trip time was 2.73282 milliseconds in repetition 23
tcp_ping received 49152 bytes back
Round trip time was 2.72828 milliseconds in repetition 24
tcp_ping received 49152 bytes back
Round trip time was 2.62245 milliseconds in repetition 25
tcp_ping received 49152 bytes back
Round trip time was 2.75862 milliseconds in repetition 26
tcp_ping received 49152 bytes back
Round trip time was 2.92444 milliseconds in repetition 27
tcp_ping received 49152 bytes back
Round trip time was 2.99808 milliseconds in repetition 28
tcp_ping received 49152 bytes back
Round trip time was 2.74387 milliseconds in repetition 29
tcp_ping received 49152 bytes back
Round trip time was 902.644 milliseconds in repetition 30
tcp_ping received 49152 bytes back
Round trip time was 2.71451 milliseconds in repetition 31
tcp_ping received 49152 bytes back
Round trip time was 2.71072 milliseconds in repetition 32
tcp_ping received 49152 bytes back
Round trip time was 2.67826 milliseconds in repetition 33
tcp_ping received 49152 bytes back
Round trip time was 2.67202 milliseconds in repetition 34
tcp_ping received 49152 bytes back
Round trip time was 2.79672 milliseconds in repetition 35
tcp_ping received 49152 bytes back
Round trip time was 3.36566 milliseconds in repetition 36
tcp_ping received 49152 bytes back
Round trip time was 2.88566 milliseconds in repetition 37
tcp_ping received 49152 bytes back
Round trip time was 3.37637 milliseconds in repetition 38
tcp_ping received 49152 bytes back
Round trip time was 2.8127 milliseconds in repetition 39
tcp_ping received 49152 bytes back
Round trip time was 3.41015 milliseconds in repetition 40
tcp_ping received 49152 bytes back
Round trip time was 2.87922 milliseconds in repetition 41
tcp_ping received 49152 bytes back
Round trip time was 3.16219 milliseconds in repetition 42
tRound trip time was 2.99554 milliseconds in repetition 131
tcp_ping received 49152 bytes back
Round trip time was 3.91105 milliseconds in repetition 132
tcp_ping received 49152 bytes back
Round trip time was 2.95937 milliseconds in repetition 133
tcp_ping received 49152 bytes back
Round trip time was 2.64776 milliseconds in repetition 134
tcp_ping received 49152 bytes back
Round trip time was 4.46881 milliseconds in repetition 135
tcp_ping received 49152 bytes back
Round trip time was 15.7324 milliseconds in repetition 136
tcp_ping received 49152 bytes back
Round trip time was 6.15512 milliseconds in repetition 137
tcp_ping received 49152 bytes back
Round trip time was 903.717 milliseconds in repetition 138
tcp_ping received 49152 bytes back
Round trip time was 4.81895 milliseconds in repetition 139
tcp_ping received 49152 bytes back
Round trip time was 7.40769 milliseconds in repetition 140
tcp_ping received 49152 bytes back
Round trip time was 2.70906 milliseconds in repetition 141
tcp_ping received 49152 bytes back
Round trip time was 3.31817 milliseconds in repetition 142
tcp_ping received 49152 bytes back
Round trip time was 2.8598 milliseconds in repetition 143
tcp_ping received 49152 bytes back
Round trip time was 2.86709 milliseconds in repetition 144
tcp_ping received 49152 bytes back
Round trip time was 2.81864 milliseconds in repetition 145
tcp_ping received 49152 bytes back
Round trip time was 5.01078 milliseconds in repetition 146
tcp_ping received 49152 bytes back
Round trip time was 3.99064 milliseconds in repetition 147
tcp_ping received 49152 bytes back
Round trip time was 2.76657 milliseconds in repetition 148
tcp_ping received 49152 bytes back
Round trip time was 3.45332 milliseconds in repetition 149
tcp_ping received 49152 bytes back
Round trip time was 2.65189 milliseconds in repetition 150
tcp_ping received 49152 bytes back
Round trip time was 4.06021 milliseconds in repetition 151
tcp_ping received 49152 bytes back
Round trip time was 3.33123 milliseconds in repetition 152
tcp_ping received 49152 bytes back
Round trip time was 3.56594 milliseconds in repetition 153
tcp_ping received 49152 bytes back
Round trip time was 4.06723 milliseconds in repetition 154
tcp_ping received 49152 bytes back
Round trip time was 2.6643 milliseconds in repetition 155
tcp_ping received 49152 bytes back
Round trip time was 4.0838 milliseconds in repetition 156
tcp_ping received 49152 bytes back
Round trip time was 2.97449 milliseconds in repetition 157
tcp_ping received 49152 bytes back
Round trip time was 3.31784 milliseconds in repetition 158
tcp_ping received 49152 bytes back
Round trip time was 3.42437 milliseconds in repetition 159
tcp_ping received 49152 bytes back
Round trip time was 3.33036 milliseconds in repetition 160
tcp_ping received 49152 bytes back
Round trip time was 3.34063 milliseconds in repetition 161
tcp_ping received 49152 bytes back
Round trip time was 3.34487 milliseconds in repetition 162
tcp_ping received 49152 bytes back
Round trip time was 3.54024 milliseconds in repetition 163
tcp_ping received 49152 bytes back
Round trip time was 4.66949 milliseconds in repetition 164
tcp_ping received 49152 bytes back
Round trip time was 908.105 milliseconds in repetition 165
tcp_ping received 49152 bytes back
Round trip time was 3.29792 milliseconds in repetition 166
tcp_ping received 49152 bytes back
Round trip time was 4.10988 milliseconds in repetition 167
tcp_ping received 49152 bytes back
Round trip time was 3.06107 milliseconds in repetition 168
tcp_ping received 49152 bytes back
Round trip time was 4.31806 milliseconds in repetition 169
tcp_ping received 49152 bytes back
Round trip time was 2.76319 milliseconds in repetition 170
tcp_ping received 49152 bytes back
Round trip time was 3.34082 milliseconds in repetition 171
tcp_ping received 49152 bytes back
Round trip time was 11.3738 milliseconds in repetition 172
tcp_ping received 49152 bytes back
Round trip time was 3.49899 milliseconds in repetition 173
tcp_ping received 49152 bytes back
Round trip time was 3.43336 milliseconds in repetition 17tcp_ping received 49152 bytes back
Round trip time was 12.14 milliseconds in repetition 351
tcp_ping received 49152 bytes back
Round trip time was 3.44946 milliseconds in repetition 352
tcp_ping received 49152 bytes back
Round trip time was 3.25064 milliseconds in repetition 353
tcp_ping received 49152 bytes back
Round trip time was 4.06764 milliseconds in repetition 354
tcp_ping received 49152 bytes back
Round trip time was 3.50013 milliseconds in repetition 355
tcp_ping received 49152 bytes back
Round trip time was 2.68891 milliseconds in repetition 356
tcp_ping received 49152 bytes back
Round trip time was 2.83682 milliseconds in repetition 357
tcp_ping received 49152 bytes back
Round trip time was 2.69979 milliseconds in repetition 358
tcp_ping received 49152 bytes back
Round trip time was 4.05141 milliseconds in repetition 359
tcp_ping received 49152 bytes back
Round trip time was 3.39763 milliseconds in repetition 360
tcp_ping received 49152 bytes back
Round trip time was 3.97121 milliseconds in repetition 361
tcp_ping received 49152 bytes back
Round trip time was 3.30205 milliseconds in repetition 362
tcp_ping received 49152 bytes back
Round trip time was 3.35231 milliseconds in repetition 363
tcp_ping received 49152 bytes back
Round trip time was 3.32363 milliseconds in repetition 364
tcp_ping received 49152 bytes back
Round trip time was 3.88393 milliseconds in repetition 365
tcp_ping received 49152 bytes back
Round trip time was 2.61363 milliseconds in repetition 366
tcp_ping received 49152 bytes back
Round trip time was 2.61655 milliseconds in repetition 367
tcp_ping received 49152 bytes back
Round trip time was 3.70636 milliseconds in repetition 368
tcp_ping received 49152 bytes back
Round trip time was 4.24519 milliseconds in repetition 369
tcp_ping received 49152 bytes back
Round trip time was 3.10873 milliseconds in repetition 370
tcp_ping received 49152 bytes back
Round trip time was 8.58635 milliseconds in repetition 371
tcp_ping received 49152 bytes back
Round trip time was 3.34508 milliseconds in repetition 372
tcp_ping received 49152 bytes back
Round trip time was 3.45427 milliseconds in repetition 373
tcp_ping received 49152 bytes back
Round trip time was 907.841 milliseconds in repetition 374
tcp_ping received 49152 bytes back
Round trip time was 3.74937 milliseconds in repetition 375
tcp_ping received 49152 bytes back
Round trip time was 8.70551 milliseconds in repetition 376
tcp_ping received 49152 bytes back
Round trip time was 3.35743 milliseconds in repetition 377
tcp_ping received 49152 bytes back
Round trip time was 2.81838 milliseconds in repetition 378
tcp_ping received 49152 bytes back
Round trip time was 4.0175 milliseconds in repetition 379
tcp_ping received 49152 bytes back
Round trip time was 3.2195 milliseconds in repetition 380
tcp_ping received 49152 bytes back
Round trip time was 4.19634 milliseconds in repetition 381
tcp_ping received 49152 bytes back
Round trip time was 2.97881 milliseconds in repetition 382
tcp_ping received 49152 bytes back
Round trip time was 3.49741 milliseconds in repetition 383
tcp_ping received 49152 bytes back
Round trip time was 2.74147 milliseconds in repetition 384
tcp_ping received 49152 bytes back
Round trip time was 2.85997 milliseconds in repetition 385
tcp_ping received 49152 bytes back
Round trip time was 2.84618 milliseconds in repetition 386
tcp_ping received 49152 bytes back
Round trip time was 2.64989 milliseconds in repetition 387
tcp_ping received 49152 bytes back
Round trip time was 2.70493 milliseconds in repetition 388
tcp_ping received 49152 bytes back
Round trip time was 4.76591 milliseconds in repetition 389
tcp_ping received 49152 bytes back
Round trip time was 2.72906 milliseconds in repetition 390
tcp_ping received 49152 bytes back
Round trip time was 2.89557 milliseconds in repetition 391
tcp_ping received 49152 bytes back
Round trip time was 2.98112 milliseconds in repetition 392
tcp_ping received 49152 bytes back
Round trip time was 2.73101 milliseconds in repetition 393
tcp_ping received 49152 bytes back
Round trip time was 2.7