TCP Ping trying to connect to server seti.dibris.unige.it (130.251.61.30) on port 1491
 ... connected to Pong server: asking for 501 repetitions of 768 bytes TCP messages
 ... Pong server agreed :-)
tcp_ping received 768 bytes back
Round trip time was 3.73159 milliseconds in repetition 1
tcp_ping received 768 bytes back
Round trip time was 2.54182 milliseconds in repetition 2
tcp_ping received 768 bytes back
Round trip time was 2.4091 milliseconds in repetition 3
tcp_ping received 768 bytes back
Round trip time was 2.49184 milliseconds in repetition 4
tcp_ping received 768 bytes back
Round trip time was 2.41862 milliseconds in repetition 5
tcp_ping received 768 bytes back
Round trip time was 2.62676 milliseconds in repetition 6
tcp_ping received 768 bytes back
Round trip time was 2.45321 milliseconds in repetition 7
tcp_ping received 768 bytes back
Round trip time was 2.46015 milliseconds in repetition 8
tcp_ping received 768 bytes back
Round trip time was 2.41786 milliseconds in repetition 9
tcp_ping received 768 bytes back
Round trip time was 2.4604 milliseconds in repetition 10
tcp_ping received 768 bytes back
Round trip time was 2.45358 milliseconds in repetition 11
tcp_ping received 768 bytes back
Round trip time was 2.41287 milliseconds in repetition 12
tcp_ping received 768 bytes back
Round trip time was 2.53035 milliseconds in repetition 13
tcp_ping received 768 bytes back
Round trip time was 2.54588 milliseconds in repetition 14
tcp_ping received 768 bytes back
Round trip time was 2.43945 milliseconds in repetition 15
tcp_ping received 768 bytes back
Round trip time was 2.44139 milliseconds in repetition 16
tcp_ping received 768 bytes back
Round trip time was 2.53473 milliseconds in repetition 17
tcp_ping received 768 bytes back
Round trip time was 2.43921 milliseconds in repetition 18
tcp_ping received 768 bytes back
Round trip time was 2.44985 milliseconds in repetition 19
tcp_ping received 768 bytes back
Round trip time was 2.43295 milliseconds in repetition 20
tcp_ping received 768 bytes back
Round trip time was 2.55391 milliseconds in repetition 21
tcp_ping received 768 bytes back
Round trip time was 2.5176 milliseconds in repetition 22
tcp_ping received 768 bytes back
Round trip time was 2.47993 milliseconds in repetition 23
tcp_ping received 768 bytes back
Round trip time was 2.43533 milliseconds in repetition 24
tcp_ping received 768 bytes back
Round trip time was 2.37875 milliseconds in repetition 25
tcp_ping received 768 bytes back
Round trip time was 2.47796 milliseconds in repetition 26
tcp_ping received 768 bytes back
Round trip time was 2.42384 milliseconds in repetition 27
tcp_ping received 768 bytes back
Round trip time was 2.48057 milliseconds in repetition 28
tcp_ping received 768 bytes back
Round trip time was 2.43099 milliseconds in repetition 29
tcp_ping received 768 bytes back
Round trip time was 2.49439 milliseconds in repetition 30
tcp_ping received 768 bytes back
Round trip time was 2.54978 milliseconds in repetition 31
tcp_ping received 768 bytes back
Round trip time was 2.40344 milliseconds in repetition 32
tcp_ping received 768 bytes back
Round trip time was 2.359 milliseconds in repetition 33
tcp_ping received 768 bytes back
Round trip time was 2.39188 milliseconds in repetition 34
tcp_ping received 768 bytes back
Round trip time was 2.3499 milliseconds in repetition 35
tcp_ping received 768 bytes back
Round trip time was 2.35403 milliseconds in repetition 36
tcp_ping received 768 bytes back
Round trip time was 902.327 milliseconds in repetition 37
tcp_ping received 768 bytes back
Round trip time was 2.33572 milliseconds in repetition 38
tcp_ping received 768 bytes back
Round trip time was 2.33857 milliseconds in repetition 39
tcp_ping received 768 bytes back
Round trip time was 2.29742 milliseconds in repetition 40
tcp_ping received 768 bytes back
Round trip time was 2.41189 milliseconds in repetition 41
tcp_ping received 768 bytes back
Round trip time was 2.43953 milliseconds in repetition 42
tcp_ping received 768 bytes back
Round trip time was 2.35201 milliseconds in repetition 43
tcp_ping received 768 bytes back
Round trip time was 2.61023 milliseconds in repetition 44
tcp_ping received 768 bytes back
Round trip time was 2.30034 milliseconds in repetition 45
tcp_ping received 768 bytes back
Round trip time was 2.42768 milliseconds in repetition 46
tcp_ping received 768 bytes back
Round trip time was 2.39445 milliseconds in repetition 47
tcp_ping received 768 bytes back
Round trip time was 2.35314 milliseconds in repetition 48
tcp_ping received 768 bytes back
Round trip time was 2.37962 milliseconds in repetition 49
tcp_ping received 768 bytes back
Round trip time was 2.28267 milliseconds in repetition 50
tcp_ping received 768 bytes back
Round trip time was 2.31066 milliseconds in repetition 51
tcp_ping received 768 bytes back
Round trip time was 2.30024 milliseconds in repetition 52
tcp_ping received 768 bytes back
Round trip time was 2.28652 milliseconds in repetition 53
tcp_ping received 768 bytes back
Round trip time was 2.28639 milliseconds in repetition 54
tcp_ping received 768 bytes back
Round trip time was 2.33219 milliseconds in repetition 55
tcp_ping received 768 bytes back
Round trip time was 2.35835 milliseconds in repetition 56
tcp_ping received 768 bytes back
Round trip time was 2.33945 milliseconds in repetition 57
tcp_ping received 768 bytes back
Round trip time was 2.33 milliseconds in repetition 58
tcp_ping received 768 bytes back
Round trip time was 2.357 milliseconds in repetition 59
tcp_ping received 768 bytes back
Round trip time was 2.38031 milliseconds in repetition 60
tcp_ping received 768 bytes back
Round trip time was 2.33728 milliseconds in repetition 61
tcp_ping received 768 bytes back
Round trip time was 2.35584 milliseconds in repetition 62
tcp_ping received 768 bytes back
Round trip time was 2.37921 milliseconds in repetition 63
tcp_ping received 768 bytes back
Round trip time was 2.38675 milliseconds in repetition 64
tcp_ping received 768 bytes back
Round trip time was 2.38926 milliseconds in repetition 65
tcp_ping received 768 bytes back
Round trip time was 2.35765 milliseconds in repetition 66
tcp_ping received 768 bytes back
Round trip time was 2.36462 milliseconds in repetition 67
tcp_ping received 768 bytes back
Round trip time was 2.39576 milliseconds in repetition 68
tcp_ping received 768 bytes back
Round trip time was 2.37728 milliseconds in repetition 69
tcp_ping received 768 bytes back
Round trip time was 2.42864 milliseconds in repetition 70
tcp_ping received 768 bytes back
Round trip time was 2.40973 milliseconds in repetition 71
tcp_ping received 768 bytes back
Round trip time was 2.3649 milliseconds in repetition 72
tcp_ping received 768 bytes back
Round trip time was 2.33535 milliseconds in repetition 73
tcp_ping received 768 bytes back
Round trip time was 2.37983 milliseconds in repetition 74
tcp_ping received 768 bytes back
Round trip time was 2.42041 milliseconds in repetition 75
tcp_ping received 768 bytes back
Round trip time was 2.38649 milliseconds in repetition 76
tcp_ping received 768 bytes back
Round trip time was 2.38731 milliseconds in repetition 77
tcp_ping received 768 bytes back
Round trip time was 2.4676 milliseconds in repetition 78
tcp_ping received 768 bytes back
Round trip time was 2.3337 milliseconds in repetition 79
tcp_ping received 768 bytes back
Round trip time was 902.369 milliseconds in repetition 80
tcp_ping received 768 bytes back
Round trip time was 2.35007 milliseconds in repetition 81
tcp_ping received 768 bytes back
Round trip time was 2.39736 milliseconds in repetition 82
tcp_ping received 768 bytes back
Round trip time was 2.33724 milliseconds in repetition 83
tcp_ping received 768 bytes back
Round trip time was 2.4213 milliseconds in repetition 84
tcp_ping received 768 bytes back
Round trip time was 2.3686 milliseconds in repetition 85
tcp_ping received 768 bytes back
Round trip time was 2.37949 milliseconds in repetition 86
tcp_ping received 768 bytes back
Round trip time was 2.40707 milliseconds in repetition 87
tcp_ping received 768 bytes back
Round trip time was 2.41861 milliseconds in repetition 88
tcp_ping received 768 bytes back
Round trip time was 2.44213 milliseconds in repetition 89
tcp_ping received 768 bytes back
Round trip time was 2.38653 milliseconds in repetition 90
tcp_ping received 768 bytes back
Round trip time was 2.39859 milliseconds in repetition 91
tcp_ping received 768 bytes back
Round trip time was 2.40642 milliseconds in repetition 92
tcp_ping received 768 bytes back
Round trip time was 2.33622 milliseconds in repetition 93
tcp_ping received 768 bytes back
Round trip time was 2.41784 milliseconds in repetition 94
tcp_ping received 768 bytes back
Round trip time was 2.41351 milliseconds in repetition 95
tcp_ping received 768 bytes back
Round trip time was 2.36669 milliseconds in repetition 96
tcp_ping received 768 bytes back
Round trip time was 2.37571 milliseconds in repetition 97
tcp_ping received 768 bytes back
Round trip time was 2.37324 milliseconds in repetition 98
tcp_ping received 768 bytes back
Round trip time was 2.40171 milliseconds in repetition 99
tcp_ping received 768 bytes back
Round trip time was 2.38905 milliseconds in repetition 100
tcp_ping received 768 bytes back
Round trip time was 2.34331 milliseconds in repetition 101
tcp_ping received 768 bytes back
Round trip time was 2.37042 milliseconds in repetition 102
tcp_ping received 768 bytes back
Round trip time was 2.38646 milliseconds in repetition 103
tcp_ping received 768 bytes back
Round trip time was 2.4051 milliseconds in repetition 104
tcp_ping received 768 bytes back
Round trip time was 2.38304 milliseconds in repetition 105
tcp_ping received 768 bytes back
Round trip time was 2.52024 milliseconds in repetition 106
tcp_ping received 768 bytes back
Round trip time was 2.39681 milliseconds in repetition 107
tcp_ping received 768 bytes back
Round trip time was 2.34728 milliseconds in repetition 108
tcp_ping received 768 bytes back
Round trip time was 2.38762 milliseconds in repetition 109
tcp_ping received 768 bytes back
Round trip time was 2.33946 milliseconds in repetition 110
tcp_ping received 768 bytes back
Round trip time was 2.33373 milliseconds in repetition 111
tcp_ping received 768 bytes back
Round trip time was 2.39395 milliseconds in repetition 112
tcp_ping received 768 bytes back
Round trip time was 2.50758 milliseconds in repetition 113
tcp_ping received 768 bytes back
Round trip time was 2.36653 milliseconds in repetition 114
tcp_ping received 768 bytes back
Round trip time was 2.33385 milliseconds in repetition 115
tcp_ping received 768 bytes back
Round trip time was 2.36076 milliseconds in repetition 116
tcp_ping received 768 bytes back
Round trip time was 2.34676 milliseconds in repetition 117
tcp_ping received 768 bytes back
Round trip time was 2.34433 milliseconds in repetition 118
tcp_ping received 768 bytes back
Round trip time was 2.38052 milliseconds in repetition 119
tcp_ping received 768 bytes back
Round trip time was 2.3781 milliseconds in repetition 120
tcp_ping received 768 bytes back
Round trip time was 2.52573 milliseconds in repetition 121
tcp_ping received 768 bytes back
Round trip time was 902.402 milliseconds in repetition 122
tcp_ping received 768 bytes back
Round trip time was 2.34142 milliseconds in repetition 123
tcp_ping received 768 bytes back
Round trip time was 2.52172 milliseconds in repetition 124
tcp_ping received 768 bytes back
Round trip time was 2.40641 milliseconds in repetition 125
tcp_ping received 768 bytes back
Round trip time was 2.42499 milliseconds in repetition 126
tcp_ping received 768 bytes back
Round trip time was 2.40679 milliseconds in repetition 127
tcp_ping received 768 bytes back
Round trip time was 2.39673 milliseconds in repetition 128
tcp_ping received 768 bytes back
Round trip time was 2.31901 milliseconds in repetition 129
tcp_ping received 768 bytes back
Round trip time was 2.39056 milliseconds in repetition 130
tcp_ping received 768 bytes back
Round trip time was 2.36493 milliseconds in repetition 131
tcp_ping received 768 bytes back
Round trip time was 2.38541 milliseconds in repetition 132
tcp_ping received 768 bytes back
Round trip time was 2.37225 milliseconds in repetition 133
tcp_ping received 768 bytes back
Round trip time was 2.38788 milliseconds in repetition 134
tcp_ping received 768 bytes back
Round trip time was 2.31259 milliseconds in repetition 135
tcp_ping received 768 bytes back
Round trip time was 2.39346 milliseconds in repetition 136
tcp_ping received 768 bytes back
Round trip time was 2.36859 milliseconds in repetition 137
tcp_ping received 768 bytes back
Round trip time was 2.37552 milliseconds in repetition 138
tcp_ping received 768 bytes back
Round trip time was 2.3603 milliseconds in repetition 139
tcp_ping received 768 bytes back
Round trip time was 2.36666 milliseconds in repetition 140
tcp_ping received 768 bytes back
Round trip time was 2.39343 milliseconds in repetition 141
tcp_ping received 768 bytes back
Round trip time was 2.40046 milliseconds in repetition 142
tcp_ping received 768 bytes back
Round trip time was 2.36186 milliseconds in repetition 143
tcp_ping received 768 bytes back
Round trip time was 2.39063 milliseconds in repetition 144
tcp_ping received 768 bytes back
Round trip time was 2.3551 milliseconds in repetition 145
tcp_ping received 768 bytes back
Round trip time was 2.34856 milliseconds in repetition 146
tcp_ping received 768 bytes back
Round trip time was 2.37086 milliseconds in repetition 147
tcp_ping received 768 bytes back
Round trip time was 2.4155 milliseconds in repetition 148
tcp_ping received 768 bytes back
Round trip time was 2.35446 milliseconds in repetition 149
tcp_ping received 768 bytes back
Round trip time was 2.38463 milliseconds in repetition 150
tcp_ping received 768 bytes back
Round trip time was 2.36318 milliseconds in repetition 151
tcp_ping received 768 bytes back
Round trip time was 2.35559 milliseconds in repetition 152
tcp_ping received 768 bytes back
Round trip time was 2.34607 milliseconds in repetition 153
tcp_ping received 768 bytes back
Round trip time was 2.37726 milliseconds in repetition 154
tcp_ping received 768 bytes back
Round trip time was 2.38369 milliseconds in repetition 155
tcp_ping received 768 bytes back
Round trip time was 2.35856 milliseconds in repetition 156
tcp_ping received 768 bytes back
Round trip time was 2.35367 milliseconds in repetition 157
tcp_ping received 768 bytes back
Round trip time was 2.36997 milliseconds in repetition 158
tcp_ping received 768 bytes back
Round trip time was 2.28843 milliseconds in repetition 159
tcp_ping received 768 bytes back
Round trip time was 2.36242 milliseconds in repetition 160
tcp_ping received 768 bytes back
Round trip time was 2.38577 milliseconds in repetition 161
tcp_ping received 768 bytes back
Round trip time was 2.36098 milliseconds in repetition 162
tcp_ping received 768 bytes back
Round trip time was 2.37054 milliseconds in repetition 163
tcp_ping received 768 bytes back
Round trip time was 902.36 milliseconds in repetition 164
tcp_ping received 768 bytes back
Round trip time was 2.34721 milliseconds in repetition 165
tcp_ping received 768 bytes back
Round trip time was 2.41137 milliseconds in repetition 166
tcp_ping received 768 bytes back
Round trip time was 2.33261 milliseconds in repetition 167
tcp_ping received 768 bytes back
Round trip time was 2.39111 milliseconds in repetition 168
tcp_ping received 768 bytes back
Round trip time was 2.37929 milliseconds in repetition 169
tcp_ping received 768 bytes back
Round trip time was 2.31698 milliseconds in repetition 170
tcp_ping received 768 bytes back
Round trip time was 2.32728 milliseconds in repetition 171
tcp_ping received 768 bytes back
Round trip time was 4.60276 milliseconds in repetition 172
tcp_ping received 768 bytes back
Round trip time was 2.54721 milliseconds in repetition 173
tcp_ping received 768 bytes back
Round trip time was 2.35658 milliseconds in repetition 174
tcp_ping received 768 bytes back
Round trip time was 2.36151 milliseconds in repetition 175
tcp_ping received 768 bytes back
Round trip time was 2.37135 milliseconds in repetition 176
tcp_ping received 768 bytes back
Round trip time was 2.43047 milliseconds in repetition 177
tcp_ping received 768 bytes back
Round trip time was 2.39606 milliseconds in repetition 178
tcp_ping received 768 bytes back
Round trip time was 2.57437 milliseconds in repetition 179
tcp_ping received 768 bytes back
Round trip time was 2.36386 milliseconds in repetition 180
tcp_ping received 768 bytes back
Round trip time was 2.64635 milliseconds in repetition 181
tcp_ping received 768 bytes back
Round trip time was 2.37166 milliseconds in repetition 182
tcp_ping received 768 bytes back
Round trip time was 2.37737 milliseconds in repetition 183
tcp_ping received 768 bytes back
Round trip time was 2.47675 milliseconds in repetition 184
tcp_ping received 768 bytes back
Round trip time was 2.46536 milliseconds in repetition 185
tcp_ping received 768 bytes back
Round trip time was 2.30702 milliseconds in repetition 186
tcp_ping received 768 bytes back
Round trip time was 2.36142 milliseconds in repetition 187
tcp_ping received 768 bytes back
Round trip time was 2.33281 milliseconds in repetition 188
tcp_ping received 768 bytes back
Round trip time was 2.34126 milliseconds in repetition 189
tcp_ping received 768 bytes back
Round trip time was 2.98956 milliseconds in repetition 190
tcp_ping received 768 bytes back
Round trip time was 2.79598 milliseconds in repetition 191
tcp_ping received 768 bytes back
Round trip time was 2.43939 milliseconds in repetition 192
tcp_ping received 768 bytes back
Round trip time was 2.36378 milliseconds in repetition 193
tcp_ping received 768 bytes back
Round trip time was 2.3732 milliseconds in repetition 194
tcp_ping received 768 bytes back
Round trip time was 2.3551 milliseconds in repetition 195
tcp_ping received 768 bytes back
Round trip time was 3.16237 milliseconds in repetition 196
tcp_ping received 768 bytes back
Round trip time was 2.96241 milliseconds in repetition 197
tcp_ping received 768 bytes back
Round trip time was 2.33291 milliseconds in repetition 198
tcp_ping received 768 bytes back
Round trip time was 2.47385 milliseconds in repetition 199
tcp_ping received 768 bytes back
Round trip time was 2.38527 milliseconds in repetition 200
tcp_ping received 768 bytes back
Round trip time was 2.36735 milliseconds in repetition 201
tcp_ping received 768 bytes back
Round trip time was 2.3848 milliseconds in repetition 202
tcp_ping received 768 bytes back
Round trip time was 902.366 milliseconds in repetition 203
tcp_ping received 768 bytes back
Round trip time was 2.39624 milliseconds in repetition 204
tcp_ping received 768 bytes back
Round trip time was 2.4347 milliseconds in repetition 205
tcp_ping received 768 bytes back
Round trip time was 2.38358 milliseconds in repetition 206
tcp_ping received 768 bytes back
Round trip time was 2.37057 milliseconds in repetition 207
tcp_ping received 768 bytes back
Round trip time was 2.37075 milliseconds in repetition 208
tcp_ping received 768 bytes back
Round trip time was 2.35389 milliseconds in repetition 209
tcp_ping received 768 bytes back
Round trip time was 2.37223 milliseconds in repetition 210
tcp_ping received 768 bytes back
Round trip time was 2.37655 milliseconds in repetition 211
tcp_ping received 768 bytes back
Round trip time was 2.38206 milliseconds in repetition 212
tcp_ping received 768 bytes back
Round trip time was 2.38525 milliseconds in repetition 213
tcp_ping received 768 bytes back
Round trip time was 2.35609 milliseconds in repetition 214
tcp_ping received 768 bytes back
Round trip time was 2.42163 milliseconds in repetition 215
tcp_ping received 768 bytes back
Round trip time was 2.5903 milliseconds in repetition 216
tcp_ping received 768 bytes back
Round trip time was 2.36375 milliseconds in repetition 217
tcp_ping received 768 bytes back
Round trip time was 2.3663 milliseconds in repetition 218
tcp_ping received 768 bytes back
Round trip time was 2.40692 milliseconds in repetition 219
tcp_ping received 768 bytes back
Round trip time was 2.46753 milliseconds in repetition 220
tcp_ping received 768 bytes back
Round trip time was 2.48556 milliseconds in repetition 221
tcp_ping received 768 bytes back
Round trip time was 2.30992 milliseconds in repetition 222
tcp_ping received 768 bytes back
Round trip time was 2.44692 milliseconds in repetition 223
tcp_ping received 768 bytes back
Round trip time was 2.38161 milliseconds in repetition 224
tcp_ping received 768 bytes back
Round trip time was 2.47871 milliseconds in repetition 225
tcp_ping received 768 bytes back
Round trip time was 2.37125 milliseconds in repetition 226
tcp_ping received 768 bytes back
Round trip time was 2.37183 milliseconds in repetition 227
tcp_ping received 768 bytes back
Round trip time was 2.34941 milliseconds in repetition 228
tcp_ping received 768 bytes back
Round trip time was 2.37894 milliseconds in repetition 229
tcp_ping received 768 bytes back
Round trip time was 2.35555 milliseconds in repetition 230
tcp_ping received 768 bytes back
Round trip time was 2.45245 milliseconds in repetition 231
tcp_ping received 768 bytes back
Round trip time was 2.39663 milliseconds in repetition 232
tcp_ping received 768 bytes back
Round trip time was 2.35557 milliseconds in repetition 233
tcp_ping received 768 bytes back
Round trip time was 2.48538 milliseconds in repetition 234
tcp_ping received 768 bytes back
Round trip time was 2.38866 milliseconds in repetition 235
tcp_ping received 768 bytes back
Round trip time was 2.39918 milliseconds in repetition 236
tcp_ping received 768 bytes back
Round trip time was 2.33635 milliseconds in repetition 237
tcp_ping received 768 bytes back
Round trip time was 2.4718 milliseconds in repetition 238
tcp_ping received 768 bytes back
Round trip time was 2.37438 milliseconds in repetition 239
tcp_ping received 768 bytes back
Round trip time was 2.34961 milliseconds in repetition 240
tcp_ping received 768 bytes back
Round trip time was 2.34866 milliseconds in repetition 241
tcp_ping received 768 bytes back
Round trip time was 2.36516 milliseconds in repetition 242
tcp_ping received 768 bytes back
Round trip time was 2.39572 milliseconds in repetition 243
tcp_ping received 768 bytes back
Round trip time was 2.56045 milliseconds in repetition 244
tcp_ping received 768 bytes back
Round trip time was 903.202 milliseconds in repetition 245
tcp_ping received 768 bytes back
Round trip time was 2.34326 milliseconds in repetition 246
tcp_ping received 768 bytes back
Round trip time was 2.35815 milliseconds in repetition 247
tcp_ping received 768 bytes back
Round trip time was 2.33259 milliseconds in repetition 248
tcp_ping received 768 bytes back
Round trip time was 2.37217 milliseconds in repetition 249
tcp_ping received 768 bytes back
Round trip time was 2.40119 milliseconds in repetition 250
tcp_ping received 768 bytes back
Round trip time was 2.33981 milliseconds in repetition 251
tcp_ping received 768 bytes back
Round trip time was 2.40788 milliseconds in repetition 252
tcp_ping received 768 bytes back
Round trip time was 2.32275 milliseconds in repetition 253
tcp_ping received 768 bytes back
Round trip time was 2.35557 milliseconds in repetition 254
tcp_ping received 768 bytes back
Round trip time was 2.5145 milliseconds in repetition 255
tcp_ping received 768 bytes back
Round trip time was 2.34975 milliseconds in repetition 256
tcp_ping received 768 bytes back
Round trip time was 2.32208 milliseconds in repetition 257
tcp_ping received 768 bytes back
Round trip time was 2.37596 milliseconds in repetition 258
tcp_ping received 768 bytes back
Round trip time was 2.32624 milliseconds in repetition 259
tcp_ping received 768 bytes back
Round trip time was 2.3583 milliseconds in repetition 260
tcp_ping received 768 bytes back
Round trip time was 2.45682 milliseconds in repetition 261
tcp_ping received 768 bytes back
Round trip time was 2.39724 milliseconds in repetition 262
tcp_ping received 768 bytes back
Round trip time was 2.38126 milliseconds in repetition 263
tcp_ping received 768 bytes back
Round trip time was 2.34695 milliseconds in repetition 264
tcp_ping received 768 bytes back
Round trip time was 2.33052 milliseconds in repetition 265
tcp_ping received 768 bytes back
Round trip time was 2.4226 milliseconds in repetition 266
tcp_ping received 768 bytes back
Round trip time was 2.43392 milliseconds in repetition 267
tcp_ping received 768 bytes back
Round trip time was 2.35918 milliseconds in repetition 268
tcp_ping received 768 bytes back
Round trip time was 2.38643 milliseconds in repetition 269
tcp_ping received 768 bytes back
Round trip time was 2.36645 milliseconds in repetition 270
tcp_ping received 768 bytes back
Round trip time was 2.5115 milliseconds in repetition 271
tcp_ping received 768 bytes back
Round trip time was 2.37228 milliseconds in repetition 272
tcp_ping received 768 bytes back
Round trip time was 2.34205 milliseconds in repetition 273
tcp_ping received 768 bytes back
Round trip time was 2.33926 milliseconds in repetition 274
tcp_ping received 768 bytes back
Round trip time was 2.32824 milliseconds in repetition 275
tcp_ping received 768 bytes back
Round trip time was 2.2999 milliseconds in repetition 276
tcp_ping received 768 bytes back
Round trip time was 2.29641 milliseconds in repetition 277
tcp_ping received 768 bytes back
Round trip time was 2.31417 milliseconds in repetition 278
tcp_ping received 768 bytes back
Round trip time was 2.26482 milliseconds in repetition 279
tcp_ping received 768 bytes back
Round trip time was 2.3294 milliseconds in repetition 280
tcp_ping received 768 bytes back
Round trip time was 2.40172 milliseconds in repetition 281
tcp_ping received 768 bytes back
Round trip time was 2.34876 milliseconds in repetition 282
tcp_ping received 768 bytes back
Round trip time was 2.29683 milliseconds in repetition 283
tcp_ping received 768 bytes back
Round trip time was 2.39193 milliseconds in repetition 284
tcp_ping received 768 bytes back
Round trip time was 2.4229 milliseconds in repetition 285
tcp_ping received 768 bytes back
Round trip time was 2.38291 milliseconds in repetition 286
tcp_ping received 768 bytes back
Round trip time was 902.362 milliseconds in repetition 287
tcp_ping received 768 bytes back
Round trip time was 2.37577 milliseconds in repetition 288
tcp_ping received 768 bytes back
Round trip time was 2.47702 milliseconds in repetition 289
tcp_ping received 768 bytes back
Round trip time was 2.38223 milliseconds in repetition 290
tcp_ping received 768 bytes back
Round trip time was 2.35722 milliseconds in repetition 291
tcp_ping received 768 bytes back
Round trip time was 2.45796 milliseconds in repetition 292
tcp_ping received 768 bytes back
Round trip time was 2.35987 milliseconds in repetition 293
tcp_ping received 768 bytes back
Round trip time was 2.38563 milliseconds in repetition 294
tcp_ping received 768 bytes back
Round trip time was 2.36553 milliseconds in repetition 295
tcp_ping received 768 bytes back
Round trip time was 2.35125 milliseconds in repetition 296
tcp_ping received 768 bytes back
Round trip time was 2.39952 milliseconds in repetition 297
tcp_ping received 768 bytes back
Round trip time was 2.33268 milliseconds in repetition 298
tcp_ping received 768 bytes back
Round trip time was 2.38948 milliseconds in repetition 299
tcp_ping received 768 bytes back
Round trip time was 2.37512 milliseconds in repetition 300
tcp_ping received 768 bytes back
Round trip time was 2.44744 milliseconds in repetition 301
tcp_ping received 768 bytes back
Round trip time was 2.3716 milliseconds in repetition 302
tcp_ping received 768 bytes back
Round trip time was 2.49982 milliseconds in repetition 303
tcp_ping received 768 bytes back
Round trip time was 2.44147 milliseconds in repetition 304
tcp_ping received 768 bytes back
Round trip time was 2.39425 milliseconds in repetition 305
tcp_ping received 768 bytes back
Round trip time was 2.40006 milliseconds in repetition 306
tcp_ping received 768 bytes back
Round trip time was 2.50745 milliseconds in repetition 307
tcp_ping received 768 bytes back
Round trip time was 2.34544 milliseconds in repetition 308
tcp_ping received 768 bytes back
Round trip time was 2.36754 milliseconds in repetition 309
tcp_ping received 768 bytes back
Round trip time was 2.36691 milliseconds in repetition 310
tcp_ping received 768 bytes back
Round trip time was 2.35836 milliseconds in repetition 311
tcp_ping received 768 bytes back
Round trip time was 2.39847 milliseconds in repetition 312
tcp_ping received 768 bytes back
Round trip time was 2.3827 milliseconds in repetition 313
tcp_ping received 768 bytes back
Round trip time was 2.54302 milliseconds in repetition 314
tcp_ping received 768 bytes back
Round trip time was 2.53873 milliseconds in repetition 315
tcp_ping received 768 bytes back
Round trip time was 2.45845 milliseconds in repetition 316
tcp_ping received 768 bytes back
Round trip time was 2.35989 milliseconds in repetition 317
tcp_ping received 768 bytes back
Round trip time was 2.36097 milliseconds in repetition 318
tcp_ping received 768 bytes back
Round trip time was 2.40296 milliseconds in repetition 319
tcp_ping received 768 bytes back
Round trip time was 2.36006 milliseconds in repetition 320
tcp_ping received 768 bytes back
Round trip time was 2.3453 milliseconds in repetition 321
tcp_ping received 768 bytes back
Round trip time was 2.38312 milliseconds in repetition 322
tcp_ping received 768 bytes back
Round trip time was 2.93722 milliseconds in repetition 323
tcp_ping received 768 bytes back
Round trip time was 2.44681 milliseconds in repetition 324
tcp_ping received 768 bytes back
Round trip time was 2.43363 milliseconds in repetition 325
tcp_ping received 768 bytes back
Round trip time was 2.37052 milliseconds in repetition 326
tcp_ping received 768 bytes back
Round trip time was 2.47172 milliseconds in repetition 327
tcp_ping received 768 bytes back
Round trip time was 902.538 milliseconds in repetition 328
tcp_ping received 768 bytes back
Round trip time was 2.40228 milliseconds in repetition 329
tcp_ping received 768 bytes back
Round trip time was 2.51697 milliseconds in repetition 330
tcp_ping received 768 bytes back
Round trip time was 3.09518 milliseconds in repetition 331
tcp_ping received 768 bytes back
Round trip time was 3.30934 milliseconds in repetition 332
tcp_ping received 768 bytes back
Round trip time was 3.21711 milliseconds in repetition 333
tcp_ping received 768 bytes back
Round trip time was 2.83088 milliseconds in repetition 334
tcp_ping received 768 bytes back
Round trip time was 2.40444 milliseconds in repetition 335
tcp_ping received 768 bytes back
Round trip time was 2.37554 milliseconds in repetition 336
tcp_ping received 768 bytes back
Round trip time was 2.34591 milliseconds in repetition 337
tcp_ping received 768 bytes back
Round trip time was 2.33976 milliseconds in repetition 338
tcp_ping received 768 bytes back
Round trip time was 2.39754 milliseconds in repetition 339
tcp_ping received 768 bytes back
Round trip time was 2.38984 milliseconds in repetition 340
tcp_ping received 768 bytes back
Round trip time was 2.4053 milliseconds in repetition 341
tcp_ping received 768 bytes back
Round trip time was 2.43615 milliseconds in repetition 342
tcp_ping received 768 bytes back
Round trip time was 2.45916 milliseconds in repetition 343
tcp_ping received 768 bytes back
Round trip time was 2.4062 milliseconds in repetition 344
tcp_ping received 768 bytes back
Round trip time was 2.37348 milliseconds in repetition 345
tcp_ping received 768 bytes back
Round trip time was 2.43111 milliseconds in repetition 346
tcp_ping received 768 bytes back
Round trip time was 2.49956 milliseconds in repetition 347
tcp_ping received 768 bytes back
Round trip time was 3.1718 milliseconds in repetition 348
tcp_ping received 768 bytes back
Round trip time was 2.39314 milliseconds in repetition 349
tcp_ping received 768 bytes back
Round trip time was 2.47684 milliseconds in repetition 350
tcp_ping received 768 bytes back
Round trip time was 2.38347 milliseconds in repetition 351
tcp_ping received 768 bytes back
Round trip time was 2.40276 milliseconds in repetition 352
tcp_ping received 768 bytes back
Round trip time was 2.47484 milliseconds in repetition 353
tcp_ping received 768 bytes back
Round trip time was 2.41861 milliseconds in repetition 354
tcp_ping received 768 bytes back
Round trip time was 2.36049 milliseconds in repetition 355
tcp_ping received 768 bytes back
Round trip time was 2.34213 milliseconds in repetition 356
tcp_ping received 768 bytes back
Round trip time was 2.3666 milliseconds in repetition 357
tcp_ping received 768 bytes back
Round trip time was 2.4093 milliseconds in repetition 358
tcp_ping received 768 bytes back
Round trip time was 2.42417 milliseconds in repetition 359
tcp_ping received 768 bytes back
Round trip time was 2.41217 milliseconds in repetition 360
tcp_ping received 768 bytes back
Round trip time was 2.429 milliseconds in repetition 361
tcp_ping received 768 bytes back
Round trip time was 2.37135 milliseconds in repetition 362
tcp_ping received 768 bytes back
Round trip time was 2.35786 milliseconds in repetition 363
tcp_ping received 768 bytes back
Round trip time was 2.47543 milliseconds in repetition 364
tcp_ping received 768 bytes back
Round trip time was 2.49596 milliseconds in repetition 365
tcp_ping received 768 bytes back
Round trip time was 4.46814 milliseconds in repetition 366
tcp_ping received 768 bytes back
Round trip time was 903.646 milliseconds in repetition 367
tcp_ping received 768 bytes back
Round trip time was 3.23609 milliseconds in repetition 368
tcp_ping received 768 bytes back
Round trip time was 2.38252 milliseconds in repetition 369
tcp_ping received 768 bytes back
Round trip time was 2.79027 milliseconds in repetition 370
tcp_ping received 768 bytes back
Round trip time was 3.01532 milliseconds in repetition 371
tcp_ping received 768 bytes back
Round trip time was 2.74621 milliseconds in repetition 372
tcp_ping received 768 bytes back
Round trip time was 2.32238 milliseconds in repetition 373
tcp_ping received 768 bytes back
Round trip time was 2.38554 milliseconds in repetition 374
tcp_ping received 768 bytes back
Round trip time was 2.41658 milliseconds in repetition 375
tcp_ping received 768 bytes back
Round trip time was 2.3726 milliseconds in repetition 376
tcp_ping received 768 bytes back
Round trip time was 2.52949 milliseconds in repetition 377
tcp_ping received 768 bytes back
Round trip time was 2.43012 milliseconds in repetition 378
tcp_ping received 768 bytes back
Round trip time was 2.36916 milliseconds in repetition 379
tcp_ping received 768 bytes back
Round trip time was 2.42519 milliseconds in repetition 380
tcp_ping received 768 bytes back
Round trip time was 2.50938 milliseconds in repetition 381
tcp_ping received 768 bytes back
Round trip time was 2.40585 milliseconds in repetition 382
tcp_ping received 768 bytes back
Round trip time was 2.36188 milliseconds in repetition 383
tcp_ping received 768 bytes back
Round trip time was 2.35122 milliseconds in repetition 384
tcp_ping received 768 bytes back
Round trip time was 2.34832 milliseconds in repetition 385
tcp_ping received 768 bytes back
Round trip time was 2.34114 milliseconds in repetition 386
tcp_ping received 768 bytes back
Round trip time was 2.41088 milliseconds in repetition 387
tcp_ping received 768 bytes back
Round trip time was 2.34202 milliseconds in repetition 388
tcp_ping received 768 bytes back
Round trip time was 2.34018 milliseconds in repetition 389
tcp_ping received 768 bytes back
Round trip time was 2.34015 milliseconds in repetition 390
tcp_ping received 768 bytes back
Round trip time was 2.36348 milliseconds in repetition 391
tcp_ping received 768 bytes back
Round trip time was 2.35311 milliseconds in repetition 392
tcp_ping received 768 bytes back
Round trip time was 2.3946 milliseconds in repetition 393
tcp_ping received 768 bytes back
Round trip time was 2.48198 milliseconds in repetition 394
tcp_ping received 768 bytes back
Round trip time was 2.54503 milliseconds in repetition 395
tcp_ping received 768 bytes back
Round trip time was 2.67925 milliseconds in repetition 396
tcp_ping received 768 bytes back
Round trip time was 2.29769 milliseconds in repetition 397
tcp_ping received 768 bytes back
Round trip time was 2.40033 milliseconds in repetition 398
tcp_ping received 768 bytes back
Round trip time was 2.39537 milliseconds in repetition 399
tcp_ping received 768 bytes back
Round trip time was 2.33854 milliseconds in repetition 400
tcp_ping received 768 bytes back
Round trip time was 2.36923 milliseconds in repetition 401
tcp_ping received 768 bytes back
Round trip time was 2.38543 milliseconds in repetition 402
tcp_ping received 768 bytes back
Round trip time was 2.38771 milliseconds in repetition 403
tcp_ping received 768 bytes back
Round trip time was 2.3463 milliseconds in repetition 404
tcp_ping received 768 bytes back
Round trip time was 2.34382 milliseconds in repetition 405
tcp_ping received 768 bytes back
Round trip time was 2.33326 milliseconds in repetition 406
tcp_ping received 768 bytes back
Round trip time was 2.28983 milliseconds in repetition 407
tcp_ping received 768 bytes back
Round trip time was 902.301 milliseconds in repetition 408
tcp_ping received 768 bytes back
Round trip time was 2.39205 milliseconds in repetition 409
tcp_ping received 768 bytes back
Round trip time was 2.2969 milliseconds in repetition 410
tcp_ping received 768 bytes back
Round trip time was 2.27674 milliseconds in repetition 411
tcp_ping received 768 bytes back
Round trip time was 2.28651 milliseconds in repetition 412
tcp_ping received 768 bytes back
Round trip time was 2.36323 milliseconds in repetition 413
tcp_ping received 768 bytes back
Round trip time was 2.40496 milliseconds in repetition 414
tcp_ping received 768 bytes back
Round trip time was 2.43486 milliseconds in repetition 415
tcp_ping received 768 bytes back
Round trip time was 2.38431 milliseconds in repetition 416
tcp_ping received 768 bytes back
Round trip time was 2.41577 milliseconds in repetition 417
tcp_ping received 768 bytes back
Round trip time was 2.35347 milliseconds in repetition 418
tcp_ping received 768 bytes back
Round trip time was 2.326 milliseconds in repetition 419
tcp_ping received 768 bytes back
Round trip time was 3.05442 milliseconds in repetition 420
tcp_ping received 768 bytes back
Round trip time was 2.33163 milliseconds in repetition 421
tcp_ping received 768 bytes back
Round trip time was 2.34174 milliseconds in repetition 422
tcp_ping received 768 bytes back
Round trip time was 2.3647 milliseconds in repetition 423
tcp_ping received 768 bytes back
Round trip time was 2.42793 milliseconds in repetition 424
tcp_ping received 768 bytes back
Round trip time was 2.37349 milliseconds in repetition 425
tcp_ping received 768 bytes back
Round trip time was 2.3708 milliseconds in repetition 426
tcp_ping received 768 bytes back
Round trip time was 2.35253 milliseconds in repetition 427
tcp_ping received 768 bytes back
Round trip time was 2.35292 milliseconds in repetition 428
tcp_ping received 768 bytes back
Round trip time was 2.43337 milliseconds in repetition 429
tcp_ping received 768 bytes back
Round trip time was 2.42255 milliseconds in repetition 430
tcp_ping received 768 bytes back
Round trip time was 2.3896 milliseconds in repetition 431
tcp_ping received 768 bytes back
Round trip time was 2.32608 milliseconds in repetition 432
tcp_ping received 768 bytes back
Round trip time was 2.42582 milliseconds in repetition 433
tcp_ping received 768 bytes back
Round trip time was 2.36616 milliseconds in repetition 434
tcp_ping received 768 bytes back
Round trip time was 2.33909 milliseconds in repetition 435
tcp_ping received 768 bytes back
Round trip time was 2.36964 milliseconds in repetition 436
tcp_ping received 768 bytes back
Round trip time was 2.37136 milliseconds in repetition 437
tcp_ping received 768 bytes back
Round trip time was 2.37123 milliseconds in repetition 438
tcp_ping received 768 bytes back
Round trip time was 2.37064 milliseconds in repetition 439
tcp_ping received 768 bytes back
Round trip time was 2.36485 milliseconds in repetition 440
tcp_ping received 768 bytes back
Round trip time was 2.4833 milliseconds in repetition 441
tcp_ping received 768 bytes back
Round trip time was 2.36989 milliseconds in repetition 442
tcp_ping received 768 bytes back
Round trip time was 2.33073 milliseconds in repetition 443
tcp_ping received 768 bytes back
Round trip time was 2.37085 milliseconds in repetition 444
tcp_ping received 768 bytes back
Round trip time was 2.34062 milliseconds in repetition 445
tcp_ping received 768 bytes back
Round trip time was 2.38929 milliseconds in repetition 446
tcp_ping received 768 bytes back
Round trip time was 2.39176 milliseconds in repetition 447
tcp_ping received 768 bytes back
Round trip time was 2.37094 milliseconds in repetition 448
tcp_ping received 768 bytes back
Round trip time was 2.4025 milliseconds in repetition 449
tcp_ping received 768 bytes back
Round trip time was 902.392 milliseconds in repetition 450
tcp_ping received 768 bytes back
Round trip time was 2.41853 milliseconds in repetition 451
tcp_ping received 768 bytes back
Round trip time was 2.43691 milliseconds in repetition 452
tcp_ping received 768 bytes back
Round trip time was 2.37174 milliseconds in repetition 453
tcp_ping received 768 bytes back
Round trip time was 2.62404 milliseconds in repetition 454
tcp_ping received 768 bytes back
Round trip time was 2.36867 milliseconds in repetition 455
tcp_ping received 768 bytes back
Round trip time was 2.38271 milliseconds in repetition 456
tcp_ping received 768 bytes back
Round trip time was 2.57428 milliseconds in repetition 457
tcp_ping received 768 bytes back
Round trip time was 2.35674 milliseconds in repetition 458
tcp_ping received 768 bytes back
Round trip time was 2.35363 milliseconds in repetition 459
tcp_ping received 768 bytes back
Round trip time was 2.34128 milliseconds in repetition 460
tcp_ping received 768 bytes back
Round trip time was 2.34954 milliseconds in repetition 461
tcp_ping received 768 bytes back
Round trip time was 2.35216 milliseconds in repetition 462
tcp_ping received 768 bytes back
Round trip time was 2.36781 milliseconds in repetition 463
tcp_ping received 768 bytes back
Round trip time was 2.72026 milliseconds in repetition 464
tcp_ping received 768 bytes back
Round trip time was 2.42104 milliseconds in repetition 465
tcp_ping received 768 bytes back
Round trip time was 2.36239 milliseconds in repetition 466
tcp_ping received 768 bytes back
Round trip time was 2.44075 milliseconds in repetition 467
tcp_ping received 768 bytes back
Round trip time was 2.48974 milliseconds in repetition 468
tcp_ping received 768 bytes back
Round trip time was 2.47683 milliseconds in repetition 469
tcp_ping received 768 bytes back
Round trip time was 2.37565 milliseconds in repetition 470
tcp_ping received 768 bytes back
Round trip time was 3.44279 milliseconds in repetition 471
tcp_ping received 768 bytes back
Round trip time was 2.34459 milliseconds in repetition 472
tcp_ping received 768 bytes back
Round trip time was 2.35271 milliseconds in repetition 473
tcp_ping received 768 bytes back
Round trip time was 2.34588 milliseconds in repetition 474
tcp_ping received 768 bytes back
Round trip time was 2.36648 milliseconds in repetition 475
tcp_ping received 768 bytes back
Round trip time was 2.40434 milliseconds in repetition 476
tcp_ping received 768 bytes back
Round trip time was 2.37897 milliseconds in repetition 477
tcp_ping received 768 bytes back
Round trip time was 2.40187 milliseconds in repetition 478
tcp_ping received 768 bytes back
Round trip time was 2.40856 milliseconds in repetition 479
tcp_ping received 768 bytes back
Round trip time was 2.35592 milliseconds in repetition 480
tcp_ping received 768 bytes back
Round trip time was 2.38475 milliseconds in repetition 481
tcp_ping received 768 bytes back
Round trip time was 2.36021 milliseconds in repetition 482
tcp_ping received 768 bytes back
Round trip time was 2.35905 milliseconds in repetition 483
tcp_ping received 768 bytes back
Round trip time was 2.36774 milliseconds in repetition 484
tcp_ping received 768 bytes back
Round trip time was 2.32696 milliseconds in repetition 485
tcp_ping received 768 bytes back
Round trip time was 2.41379 milliseconds in repetition 486
tcp_ping received 768 bytes back
Round trip time was 2.54351 milliseconds in repetition 487
tcp_ping received 768 bytes back
Round trip time was 2.33931 milliseconds in repetition 488
tcp_ping received 768 bytes back
Round trip time was 2.33241 milliseconds in repetition 489
tcp_ping received 768 bytes back
Round trip time was 2.37867 milliseconds in repetition 490
tcp_ping received 768 bytes back
Round trip time was 902.325 milliseconds in repetition 491
tcp_ping received 768 bytes back
Round trip time was 2.35687 milliseconds in repetition 492
tcp_ping received 768 bytes back
Round trip time was 2.35178 milliseconds in repetition 493
tcp_ping received 768 bytes back
Round trip time was 2.40346 milliseconds in repetition 494
tcp_ping received 768 bytes back
Round trip time was 2.36125 milliseconds in repetition 495
tcp_ping received 768 bytes back
Round trip time was 2.39567 milliseconds in repetition 496
tcp_ping received 768 bytes back
Round trip time was 2.44803 milliseconds in repetition 497
tcp_ping received 768 bytes back
Round trip time was 2.36142 milliseconds in repetition 498
tcp_ping received 768 bytes back
Round trip time was 2.56627 milliseconds in repetition 499
tcp_ping received 768 bytes back
Round trip time was 2.51296 milliseconds in repetition 500
tcp_ping received 768 bytes back
Round trip time was 2.373 milliseconds in repetition 501

 ... clock resolution was 1e-07
TCP Ping:  Statistics over 501 repetitions of 768 byte messages

RTT : percentile 10: 2.33622, median: 2.38291, percentile 90: 2.53873, average: 23.9864, variance: 18979.6

RTT histogram:
2.26482 489
47.3339 0
92.403 0
137.472 0
182.541 0
227.61 0
272.679 0
317.748 0
362.817 0
407.886 0
452.956 0
498.025 0
543.094 0
588.163 0
633.232 0
678.301 0
723.37 0
768.439 0
813.508 0
858.577 0
903.646 12

   median Throughput : 644.589 KB/s   overall Throughput : 64.0363 KB/s

