TCP Ping trying to connect to server seti.dibris.unige.it (130.251.61.30) on port 1491
 ... connected to Pong server: asking for 501 repetitions of 128 bytes TCP messages
 ... Pong server agreed :-)
tcp_ping received 128 bytes back
Round trip time was 2.88203 milliseconds in repetition 1
tcp_ping received 128 bytes back
Round trip time was 2.60525 milliseconds in repetition 2
tcp_ping received 128 bytes back
Round trip time was 2.61393 milliseconds in repetition 3
tcp_ping received 128 bytes back
Round trip time was 2.71469 milliseconds in repetition 4
tcp_ping received 128 bytes back
Round trip time was 2.79079 milliseconds in repetition 5
tcp_ping received 128 bytes back
Round trip time was 2.66397 milliseconds in repetition 6
tcp_ping received 128 bytes back
Round trip time was 902.612 milliseconds in repetition 7
tcp_ping received 128 bytes back
Round trip time was 2.59667 milliseconds in repetition 8
tcp_ping received 128 bytes back
Round trip time was 2.60131 milliseconds in repetition 9
tcp_ping received 128 bytes back
Round trip time was 2.60628 milliseconds in repetition 10
tcp_ping received 128 bytes back
Round trip time was 2.60341 milliseconds in repetition 11
tcp_ping received 128 bytes back
Round trip time was 2.65576 milliseconds in repetition 12
tcp_ping received 128 bytes back
Round trip time was 2.63338 milliseconds in repetition 13
tcp_ping received 128 bytes back
Round trip time was 2.62636 milliseconds in repetition 14
tcp_ping received 128 bytes back
Round trip time was 2.61906 milliseconds in repetition 15
tcp_ping received 128 bytes back
Round trip time was 2.57735 milliseconds in repetition 16
tcp_ping received 128 bytes back
Round trip time was 2.61148 milliseconds in repetition 17
tcp_ping received 128 bytes back
Round trip time was 2.68574 milliseconds in repetition 18
tcp_ping received 128 bytes back
Round trip time was 2.66094 milliseconds in repetition 19
tcp_ping received 128 bytes back
Round trip time was 2.64175 milliseconds in repetition 20
tcp_ping received 128 bytes back
Round trip time was 2.65118 milliseconds in repetition 21
tcp_ping received 128 bytes back
Round trip time was 2.67841 milliseconds in repetition 22
tcp_ping received 128 bytes back
Round trip time was 2.80587 milliseconds in repetition 23
tcp_ping received 128 bytes back
Round trip time was 2.67185 milliseconds in repetition 24
tcp_ping received 128 bytes back
Round trip time was 2.63515 milliseconds in repetition 25
tcp_ping received 128 bytes back
Round trip time was 2.75745 milliseconds in repetition 26
tcp_ping received 128 bytes back
Round trip time was 2.61773 milliseconds in repetition 27
tcp_ping received 128 bytes back
Round trip time was 2.64164 milliseconds in repetition 28
tcp_ping received 128 bytes back
Round trip time was 2.68438 milliseconds in repetition 29
tcp_ping received 128 bytes back
Round trip time was 2.68883 milliseconds in repetition 30
tcp_ping received 128 bytes back
Round trip time was 2.66441 milliseconds in repetition 31
tcp_ping received 128 bytes back
Round trip time was 2.62106 milliseconds in repetition 32
tcp_ping received 128 bytes back
Round trip time was 2.67031 milliseconds in repetition 33
tcp_ping received 128 bytes back
Round trip time was 2.60879 milliseconds in repetition 34
tcp_ping received 128 bytes back
Round trip time was 2.55288 milliseconds in repetition 35
tcp_ping received 128 bytes back
Round trip time was 2.53323 milliseconds in repetition 36
tcp_ping received 128 bytes back
Round trip time was 2.6091 milliseconds in repetition 37
tcp_ping received 128 bytes back
Round trip time was 2.56185 milliseconds in repetition 38
tcp_ping received 128 bytes back
Round trip time was 2.53237 milliseconds in repetition 39
tcp_ping received 128 bytes back
Round trip time was 2.55446 milliseconds in repetition 40
tcp_ping received 128 bytes back
Round trip time was 2.55007 milliseconds in repetition 41
tcp_ping received 128 bytes back
Round trip time was 2.55146 milliseconds in repetition 42
tcp_ping received 128 bytes back
Round trip time was 2.61316 milliseconds in repetition 43
tcp_ping received 128 bytes back
Round trip time was 2.76321 milliseconds in repetition 44
tcp_ping received 128 bytes back
Round trip time was 902.723 milliseconds in repetition 45
tcp_ping received 128 bytes back
Round trip time was 2.81656 milliseconds in repetition 46
tcp_ping received 128 bytes back
Round trip time was 2.59555 milliseconds in repetition 47
tcp_ping received 128 bytes back
Round trip time was 2.6031 milliseconds in repetition 48
tcp_ping received 128 bytes back
Round trip time was 2.55382 milliseconds in repetition 49
tcp_ping received 128 bytes back
Round trip time was 2.65017 milliseconds in repetition 50
tcp_ping received 128 bytes back
Round trip time was 2.55285 milliseconds in repetition 51
tcp_ping received 128 bytes back
Round trip time was 2.67152 milliseconds in repetition 52
tcp_ping received 128 bytes back
Round trip time was 2.56016 milliseconds in repetition 53
tcp_ping received 128 bytes back
Round trip time was 2.70343 milliseconds in repetition 54
tcp_ping received 128 bytes back
Round trip time was 2.57188 milliseconds in repetition 55
tcp_ping received 128 bytes back
Round trip time was 2.68207 milliseconds in repetition 56
tcp_ping received 128 bytes back
Round trip time was 2.59024 milliseconds in repetition 57
tcp_ping received 128 bytes back
Round trip time was 2.59498 milliseconds in repetition 58
tcp_ping received 128 bytes back
Round trip time was 2.63927 milliseconds in repetition 59
tcp_ping received 128 bytes back
Round trip time was 2.61702 milliseconds in repetition 60
tcp_ping received 128 bytes back
Round trip time was 2.5656 milliseconds in repetition 61
tcp_ping received 128 bytes back
Round trip time was 2.68194 milliseconds in repetition 62
tcp_ping received 128 bytes back
Round trip time was 2.56034 milliseconds in repetition 63
tcp_ping received 128 bytes back
Round trip time was 2.72914 milliseconds in repetition 64
tcp_ping received 128 bytes back
Round trip time was 2.60731 milliseconds in repetition 65
tcp_ping received 128 bytes back
Round trip time was 2.59691 milliseconds in repetition 66
tcp_ping received 128 bytes back
Round trip time was 2.52224 milliseconds in repetition 67
tcp_ping received 128 bytes back
Round trip time was 2.74618 milliseconds in repetition 68
tcp_ping received 128 bytes back
Round trip time was 2.5481 milliseconds in repetition 69
tcp_ping received 128 bytes back
Round trip time was 2.69372 milliseconds in repetition 70
tcp_ping received 128 bytes back
Round trip time was 2.57032 milliseconds in repetition 71
tcp_ping received 128 bytes back
Round trip time was 3.92085 milliseconds in repetition 72
tcp_ping received 128 bytes back
Round trip time was 2.51435 milliseconds in repetition 73
tcp_ping received 128 bytes back
Round trip time was 2.54093 milliseconds in repetition 74
tcp_ping received 128 bytes back
Round trip time was 2.66309 milliseconds in repetition 75
tcp_ping received 128 bytes back
Round trip time was 2.54884 milliseconds in repetition 76
tcp_ping received 128 bytes back
Round trip time was 2.54361 milliseconds in repetition 77
tcp_ping received 128 bytes back
Round trip time was 2.5596 milliseconds in repetition 78
tcp_ping received 128 bytes back
Round trip time was 2.53834 milliseconds in repetition 79
tcp_ping received 128 bytes back
Round trip time was 2.56208 milliseconds in repetition 80
tcp_ping received 128 bytes back
Round trip time was 2.62262 milliseconds in repetition 81
tcp_ping received 128 bytes back
Round trip time was 2.55874 milliseconds in repetition 82
tcp_ping received 128 bytes back
Round trip time was 902.555 milliseconds in repetition 83
tcp_ping received 128 bytes back
Round trip time was 2.5368 milliseconds in repetition 84
tcp_ping received 128 bytes back
Round trip time was 2.73059 milliseconds in repetition 85
tcp_ping received 128 bytes back
Round trip time was 2.54208 milliseconds in repetition 86
tcp_ping received 128 bytes back
Round trip time was 2.5687 milliseconds in repetition 87
tcp_ping received 128 bytes back
Round trip time was 2.57318 milliseconds in repetition 88
tcp_ping received 128 bytes back
Round trip time was 2.55905 milliseconds in repetition 89
tcp_ping received 128 bytes back
Round trip time was 2.57905 milliseconds in repetition 90
tcp_ping received 128 bytes back
Round trip time was 2.55394 milliseconds in repetition 91
tcp_ping received 128 bytes back
Round trip time was 2.52554 milliseconds in repetition 92
tcp_ping received 128 bytes back
Round trip time was 2.59912 milliseconds in repetition 93
tcp_ping received 128 bytes back
Round trip time was 2.57445 milliseconds in repetition 94
tcp_ping received 128 bytes back
Round trip time was 3.63269 milliseconds in repetition 95
tcp_ping received 128 bytes back
Round trip time was 2.49987 milliseconds in repetition 96
tcp_ping received 128 bytes back
Round trip time was 2.541 milliseconds in repetition 97
tcp_ping received 128 bytes back
Round trip time was 2.61113 milliseconds in repetition 98
tcp_ping received 128 bytes back
Round trip time was 2.58165 milliseconds in repetition 99
tcp_ping received 128 bytes back
Round trip time was 2.6586 milliseconds in repetition 100
tcp_ping received 128 bytes back
Round trip time was 2.64359 milliseconds in repetition 101
tcp_ping received 128 bytes back
Round trip time was 2.60783 milliseconds in repetition 102
tcp_ping received 128 bytes back
Round trip time was 2.59387 milliseconds in repetition 103
tcp_ping received 128 bytes back
Round trip time was 2.5245 milliseconds in repetition 104
tcp_ping received 128 bytes back
Round trip time was 2.59342 milliseconds in repetition 105
tcp_ping received 128 bytes back
Round trip time was 2.6129 milliseconds in repetition 106
tcp_ping received 128 bytes back
Round trip time was 2.61137 milliseconds in repetition 107
tcp_ping received 128 bytes back
Round trip time was 2.57558 milliseconds in repetition 108
tcp_ping received 128 bytes back
Round trip time was 2.57853 milliseconds in repetition 109
tcp_ping received 128 bytes back
Round trip time was 2.59537 milliseconds in repetition 110
tcp_ping received 128 bytes back
Round trip time was 2.78959 milliseconds in repetition 111
tcp_ping received 128 bytes back
Round trip time was 2.5518 milliseconds in repetition 112
tcp_ping received 128 bytes back
Round trip time was 2.57214 milliseconds in repetition 113
tcp_ping received 128 bytes back
Round trip time was 2.65208 milliseconds in repetition 114
tcp_ping received 128 bytes back
Round trip time was 2.65145 milliseconds in repetition 115
tcp_ping received 128 bytes back
Round trip time was 2.64291 milliseconds in repetition 116
tcp_ping received 128 bytes back
Round trip time was 2.70486 milliseconds in repetition 117
tcp_ping received 128 bytes back
Round trip time was 2.59312 milliseconds in repetition 118
tcp_ping received 128 bytes back
Round trip time was 2.579 milliseconds in repetition 119
tcp_ping received 128 bytes back
Round trip time was 2.56294 milliseconds in repetition 120
tcp_ping received 128 bytes back
Round trip time was 902.633 milliseconds in repetition 121
tcp_ping received 128 bytes back
Round trip time was 2.69873 milliseconds in repetition 122
tcp_ping received 128 bytes back
Round trip time was 2.61619 milliseconds in repetition 123
tcp_ping received 128 bytes back
Round trip time was 2.61901 milliseconds in repetition 124
tcp_ping received 128 bytes back
Round trip time was 2.63384 milliseconds in repetition 125
tcp_ping received 128 bytes back
Round trip time was 2.57063 milliseconds in repetition 126
tcp_ping received 128 bytes back
Round trip time was 2.57494 milliseconds in repetition 127
tcp_ping received 128 bytes back
Round trip time was 2.57186 milliseconds in repetition 128
tcp_ping received 128 bytes back
Round trip time was 2.64472 milliseconds in repetition 129
tcp_ping received 128 bytes back
Round trip time was 2.55409 milliseconds in repetition 130
tcp_ping received 128 bytes back
Round trip time was 2.55303 milliseconds in repetition 131
tcp_ping received 128 bytes back
Round trip time was 2.77322 milliseconds in repetition 132
tcp_ping received 128 bytes back
Round trip time was 2.5738 milliseconds in repetition 133
tcp_ping received 128 bytes back
Round trip time was 2.64278 milliseconds in repetition 134
tcp_ping received 128 bytes back
Round trip time was 2.60027 milliseconds in repetition 135
tcp_ping received 128 bytes back
Round trip time was 2.57173 milliseconds in repetition 136
tcp_ping received 128 bytes back
Round trip time was 2.74309 milliseconds in repetition 137
tcp_ping received 128 bytes back
Round trip time was 3.85023 milliseconds in repetition 138
tcp_ping received 128 bytes back
Round trip time was 2.57228 milliseconds in repetition 139
tcp_ping received 128 bytes back
Round trip time was 2.54398 milliseconds in repetition 140
tcp_ping received 128 bytes back
Round trip time was 2.65254 milliseconds in repetition 141
tcp_ping received 128 bytes back
Round trip time was 2.58656 milliseconds in repetition 142
tcp_ping received 128 bytes back
Round trip time was 2.57443 milliseconds in repetition 143
tcp_ping received 128 bytes back
Round trip time was 2.51754 milliseconds in repetition 144
tcp_ping received 128 bytes back
Round trip time was 2.49695 milliseconds in repetition 145
tcp_ping received 128 bytes back
Round trip time was 2.53343 milliseconds in repetition 146
tcp_ping received 128 bytes back
Round trip time was 2.58375 milliseconds in repetition 147
tcp_ping received 128 bytes back
Round trip time was 2.50502 milliseconds in repetition 148
tcp_ping received 128 bytes back
Round trip time was 2.57957 milliseconds in repetition 149
tcp_ping received 128 bytes back
Round trip time was 2.62066 milliseconds in repetition 150
tcp_ping received 128 bytes back
Round trip time was 2.59457 milliseconds in repetition 151
tcp_ping received 128 bytes back
Round trip time was 2.60271 milliseconds in repetition 152
tcp_ping received 128 bytes back
Round trip time was 2.56029 milliseconds in repetition 153
tcp_ping received 128 bytes back
Round trip time was 2.60645 milliseconds in repetition 154
tcp_ping received 128 bytes back
Round trip time was 2.59784 milliseconds in repetition 155
tcp_ping received 128 bytes back
Round trip time was 2.55443 milliseconds in repetition 156
tcp_ping received 128 bytes back
Round trip time was 2.59849 milliseconds in repetition 157
tcp_ping received 128 bytes back
Round trip time was 2.56656 milliseconds in repetition 158
tcp_ping received 128 bytes back
Round trip time was 902.599 milliseconds in repetition 159
tcp_ping received 128 bytes back
Round trip time was 2.62264 milliseconds in repetition 160
tcp_ping received 128 bytes back
Round trip time was 2.54792 milliseconds in repetition 161
tcp_ping received 128 bytes back
Round trip time was 2.58016 milliseconds in repetition 162
tcp_ping received 128 bytes back
Round trip time was 2.59451 milliseconds in repetition 163
tcp_ping received 128 bytes back
Round trip time was 3.99053 milliseconds in repetition 164
tcp_ping received 128 bytes back
Round trip time was 2.65044 milliseconds in repetition 165
tcp_ping received 128 bytes back
Round trip time was 2.62306 milliseconds in repetition 166
tcp_ping received 128 bytes back
Round trip time was 2.55491 milliseconds in repetition 167
tcp_ping received 128 bytes back
Round trip time was 2.56203 milliseconds in repetition 168
tcp_ping received 128 bytes back
Round trip time was 2.62472 milliseconds in repetition 169
tcp_ping received 128 bytes back
Round trip time was 2.62794 milliseconds in repetition 170
tcp_ping received 128 bytes back
Round trip time was 2.70651 milliseconds in repetition 171
tcp_ping received 128 bytes back
Round trip time was 2.68359 milliseconds in repetition 172
tcp_ping received 128 bytes back
Round trip time was 3.7896 milliseconds in repetition 173
tcp_ping received 128 bytes back
Round trip time was 2.54413 milliseconds in repetition 174
tcp_ping received 128 bytes back
Round trip time was 2.57874 milliseconds in repetition 175
tcp_ping received 128 bytes back
Round trip time was 2.59276 milliseconds in repetition 176
tcp_ping received 128 bytes back
Round trip time was 2.58285 milliseconds in repetition 177
tcp_ping received 128 bytes back
Round trip time was 2.5428 milliseconds in repetition 178
tcp_ping received 128 bytes back
Round trip time was 2.57012 milliseconds in repetition 179
tcp_ping received 128 bytes back
Round trip time was 2.63553 milliseconds in repetition 180
tcp_ping received 128 bytes back
Round trip time was 2.64626 milliseconds in repetition 181
tcp_ping received 128 bytes back
Round trip time was 2.60434 milliseconds in repetition 182
tcp_ping received 128 bytes back
Round trip time was 2.62944 milliseconds in repetition 183
tcp_ping received 128 bytes back
Round trip time was 2.59048 milliseconds in repetition 184
tcp_ping received 128 bytes back
Round trip time was 2.54804 milliseconds in repetition 185
tcp_ping received 128 bytes back
Round trip time was 2.51608 milliseconds in repetition 186
tcp_ping received 128 bytes back
Round trip time was 2.53688 milliseconds in repetition 187
tcp_ping received 128 bytes back
Round trip time was 2.55015 milliseconds in repetition 188
tcp_ping received 128 bytes back
Round trip time was 2.55219 milliseconds in repetition 189
tcp_ping received 128 bytes back
Round trip time was 2.60599 milliseconds in repetition 190
tcp_ping received 128 bytes back
Round trip time was 2.67672 milliseconds in repetition 191
tcp_ping received 128 bytes back
Round trip time was 2.60323 milliseconds in repetition 192
tcp_ping received 128 bytes back
Round trip time was 2.62664 milliseconds in repetition 193
tcp_ping received 128 bytes back
Round trip time was 2.58523 milliseconds in repetition 194
tcp_ping received 128 bytes back
Round trip time was 2.66655 milliseconds in repetition 195
tcp_ping received 128 bytes back
Round trip time was 902.618 milliseconds in repetition 196
tcp_ping received 128 bytes back
Round trip time was 2.65049 milliseconds in repetition 197
tcp_ping received 128 bytes back
Round trip time was 2.54949 milliseconds in repetition 198
tcp_ping received 128 bytes back
Round trip time was 2.67254 milliseconds in repetition 199
tcp_ping received 128 bytes back
Round trip time was 2.68401 milliseconds in repetition 200
tcp_ping received 128 bytes back
Round trip time was 2.53839 milliseconds in repetition 201
tcp_ping received 128 bytes back
Round trip time was 2.54946 milliseconds in repetition 202
tcp_ping received 128 bytes back
Round trip time was 2.54614 milliseconds in repetition 203
tcp_ping received 128 bytes back
Round trip time was 2.58032 milliseconds in repetition 204
tcp_ping received 128 bytes back
Round trip time was 2.54961 milliseconds in repetition 205
tcp_ping received 128 bytes back
Round trip time was 2.60665 milliseconds in repetition 206
tcp_ping received 128 bytes back
Round trip time was 2.61474 milliseconds in repetition 207
tcp_ping received 128 bytes back
Round trip time was 2.61521 milliseconds in repetition 208
tcp_ping received 128 bytes back
Round trip time was 2.49846 milliseconds in repetition 209
tcp_ping received 128 bytes back
Round trip time was 2.5665 milliseconds in repetition 210
tcp_ping received 128 bytes back
Round trip time was 2.63471 milliseconds in repetition 211
tcp_ping received 128 bytes back
Round trip time was 2.60814 milliseconds in repetition 212
tcp_ping received 128 bytes back
Round trip time was 2.51543 milliseconds in repetition 213
tcp_ping received 128 bytes back
Round trip time was 2.62401 milliseconds in repetition 214
tcp_ping received 128 bytes back
Round trip time was 2.58302 milliseconds in repetition 215
tcp_ping received 128 bytes back
Round trip time was 2.61434 milliseconds in repetition 216
tcp_ping received 128 bytes back
Round trip time was 2.58621 milliseconds in repetition 217
tcp_ping received 128 bytes back
Round trip time was 2.56886 milliseconds in repetition 218
tcp_ping received 128 bytes back
Round trip time was 2.5933 milliseconds in repetition 219
tcp_ping received 128 bytes back
Round trip time was 2.67347 milliseconds in repetition 220
tcp_ping received 128 bytes back
Round trip time was 2.57212 milliseconds in repetition 221
tcp_ping received 128 bytes back
Round trip time was 2.6669 milliseconds in repetition 222
tcp_ping received 128 bytes back
Round trip time was 2.61623 milliseconds in repetition 223
tcp_ping received 128 bytes back
Round trip time was 2.65846 milliseconds in repetition 224
tcp_ping received 128 bytes back
Round trip time was 2.84035 milliseconds in repetition 225
tcp_ping received 128 bytes back
Round trip time was 2.64112 milliseconds in repetition 226
tcp_ping received 128 bytes back
Round trip time was 2.50898 milliseconds in repetition 227
tcp_ping received 128 bytes back
Round trip time was 2.57806 milliseconds in repetition 228
tcp_ping received 128 bytes back
Round trip time was 2.51823 milliseconds in repetition 229
tcp_ping received 128 bytes back
Round trip time was 2.67512 milliseconds in repetition 230
tcp_ping received 128 bytes back
Round trip time was 2.52099 milliseconds in repetition 231
tcp_ping received 128 bytes back
Round trip time was 2.57788 milliseconds in repetition 232
tcp_ping received 128 bytes back
Round trip time was 2.51774 milliseconds in repetition 233
tcp_ping received 128 bytes back
Round trip time was 2.5859 milliseconds in repetition 234
tcp_ping received 128 bytes back
Round trip time was 902.496 milliseconds in repetition 235
tcp_ping received 128 bytes back
Round trip time was 2.65103 milliseconds in repetition 236
tcp_ping received 128 bytes back
Round trip time was 2.49845 milliseconds in repetition 237
tcp_ping received 128 bytes back
Round trip time was 2.60821 milliseconds in repetition 238
tcp_ping received 128 bytes back
Round trip time was 2.54067 milliseconds in repetition 239
tcp_ping received 128 bytes back
Round trip time was 2.45294 milliseconds in repetition 240
tcp_ping received 128 bytes back
Round trip time was 2.54414 milliseconds in repetition 241
tcp_ping received 128 bytes back
Round trip time was 2.58424 milliseconds in repetition 242
tcp_ping received 128 bytes back
Round trip time was 2.32959 milliseconds in repetition 243
tcp_ping received 128 bytes back
Round trip time was 2.51532 milliseconds in repetition 244
tcp_ping received 128 bytes back
Round trip time was 2.55597 milliseconds in repetition 245
tcp_ping received 128 bytes back
Round trip time was 2.53219 milliseconds in repetition 246
tcp_ping received 128 bytes back
Round trip time was 2.45911 milliseconds in repetition 247
tcp_ping received 128 bytes back
Round trip time was 2.53449 milliseconds in repetition 248
tcp_ping received 128 bytes back
Round trip time was 2.51902 milliseconds in repetition 249
tcp_ping received 128 bytes back
Round trip time was 2.49371 milliseconds in repetition 250
tcp_ping received 128 bytes back
Round trip time was 2.50396 milliseconds in repetition 251
tcp_ping received 128 bytes back
Round trip time was 2.48359 milliseconds in repetition 252
tcp_ping received 128 bytes back
Round trip time was 2.57142 milliseconds in repetition 253
tcp_ping received 128 bytes back
Round trip time was 2.52164 milliseconds in repetition 254
tcp_ping received 128 bytes back
Round trip time was 2.50793 milliseconds in repetition 255
tcp_ping received 128 bytes back
Round trip time was 2.49186 milliseconds in repetition 256
tcp_ping received 128 bytes back
Round trip time was 2.48912 milliseconds in repetition 257
tcp_ping received 128 bytes back
Round trip time was 2.53009 milliseconds in repetition 258
tcp_ping received 128 bytes back
Round trip time was 2.60023 milliseconds in repetition 259
tcp_ping received 128 bytes back
Round trip time was 2.55217 milliseconds in repetition 260
tcp_ping received 128 bytes back
Round trip time was 2.56009 milliseconds in repetition 261
tcp_ping received 128 bytes back
Round trip time was 2.51764 milliseconds in repetition 262
tcp_ping received 128 bytes back
Round trip time was 2.59814 milliseconds in repetition 263
tcp_ping received 128 bytes back
Round trip time was 2.56339 milliseconds in repetition 264
tcp_ping received 128 bytes back
Round trip time was 2.50991 milliseconds in repetition 265
tcp_ping received 128 bytes back
Round trip time was 2.53347 milliseconds in repetition 266
tcp_ping received 128 bytes back
Round trip time was 2.58443 milliseconds in repetition 267
tcp_ping received 128 bytes back
Round trip time was 2.54863 milliseconds in repetition 268
tcp_ping received 128 bytes back
Round trip time was 2.5928 milliseconds in repetition 269
tcp_ping received 128 bytes back
Round trip time was 2.57737 milliseconds in repetition 270
tcp_ping received 128 bytes back
Round trip time was 2.57032 milliseconds in repetition 271
tcp_ping received 128 bytes back
Round trip time was 2.60385 milliseconds in repetition 272
tcp_ping received 128 bytes back
Round trip time was 2.53206 milliseconds in repetition 273
tcp_ping received 128 bytes back
Round trip time was 902.639 milliseconds in repetition 274
tcp_ping received 128 bytes back
Round trip time was 2.59169 milliseconds in repetition 275
tcp_ping received 128 bytes back
Round trip time was 2.61584 milliseconds in repetition 276
tcp_ping received 128 bytes back
Round trip time was 3.01634 milliseconds in repetition 277
tcp_ping received 128 bytes back
Round trip time was 2.56512 milliseconds in repetition 278
tcp_ping received 128 bytes back
Round trip time was 3.32303 milliseconds in repetition 279
tcp_ping received 128 bytes back
Round trip time was 2.53638 milliseconds in repetition 280
tcp_ping received 128 bytes back
Round trip time was 2.50523 milliseconds in repetition 281
tcp_ping received 128 bytes back
Round trip time was 2.46605 milliseconds in repetition 282
tcp_ping received 128 bytes back
Round trip time was 2.47496 milliseconds in repetition 283
tcp_ping received 128 bytes back
Round trip time was 2.48593 milliseconds in repetition 284
tcp_ping received 128 bytes back
Round trip time was 2.53864 milliseconds in repetition 285
tcp_ping received 128 bytes back
Round trip time was 2.81545 milliseconds in repetition 286
tcp_ping received 128 bytes back
Round trip time was 2.49522 milliseconds in repetition 287
tcp_ping received 128 bytes back
Round trip time was 2.5445 milliseconds in repetition 288
tcp_ping received 128 bytes back
Round trip time was 2.59207 milliseconds in repetition 289
tcp_ping received 128 bytes back
Round trip time was 2.57044 milliseconds in repetition 290
tcp_ping received 128 bytes back
Round trip time was 2.59009 milliseconds in repetition 291
tcp_ping received 128 bytes back
Round trip time was 2.53893 milliseconds in repetition 292
tcp_ping received 128 bytes back
Round trip time was 2.54296 milliseconds in repetition 293
tcp_ping received 128 bytes back
Round trip time was 2.5501 milliseconds in repetition 294
tcp_ping received 128 bytes back
Round trip time was 2.53331 milliseconds in repetition 295
tcp_ping received 128 bytes back
Round trip time was 2.54639 milliseconds in repetition 296
tcp_ping received 128 bytes back
Round trip time was 2.52311 milliseconds in repetition 297
tcp_ping received 128 bytes back
Round trip time was 2.56903 milliseconds in repetition 298
tcp_ping received 128 bytes back
Round trip time was 2.62169 milliseconds in repetition 299
tcp_ping received 128 bytes back
Round trip time was 2.57667 milliseconds in repetition 300
tcp_ping received 128 bytes back
Round trip time was 2.56255 milliseconds in repetition 301
tcp_ping received 128 bytes back
Round trip time was 2.5841 milliseconds in repetition 302
tcp_ping received 128 bytes back
Round trip time was 2.6007 milliseconds in repetition 303
tcp_ping received 128 bytes back
Round trip time was 2.49743 milliseconds in repetition 304
tcp_ping received 128 bytes back
Round trip time was 2.55688 milliseconds in repetition 305
tcp_ping received 128 bytes back
Round trip time was 2.5693 milliseconds in repetition 306
tcp_ping received 128 bytes back
Round trip time was 2.84557 milliseconds in repetition 307
tcp_ping received 128 bytes back
Round trip time was 2.60336 milliseconds in repetition 308
tcp_ping received 128 bytes back
Round trip time was 2.59088 milliseconds in repetition 309
tcp_ping received 128 bytes back
Round trip time was 2.58765 milliseconds in repetition 310
tcp_ping received 128 bytes back
Round trip time was 2.63037 milliseconds in repetition 311
tcp_ping received 128 bytes back
Round trip time was 902.675 milliseconds in repetition 312
tcp_ping received 128 bytes back
Round trip time was 2.5119 milliseconds in repetition 313
tcp_ping received 128 bytes back
Round trip time was 2.96436 milliseconds in repetition 314
tcp_ping received 128 bytes back
Round trip time was 2.62294 milliseconds in repetition 315
tcp_ping received 128 bytes back
Round trip time was 2.58283 milliseconds in repetition 316
tcp_ping received 128 bytes back
Round trip time was 2.62363 milliseconds in repetition 317
tcp_ping received 128 bytes back
Round trip time was 2.65194 milliseconds in repetition 318
tcp_ping received 128 bytes back
Round trip time was 2.60874 milliseconds in repetition 319
tcp_ping received 128 bytes back
Round trip time was 2.61435 milliseconds in repetition 320
tcp_ping received 128 bytes back
Round trip time was 2.61209 milliseconds in repetition 321
tcp_ping received 128 bytes back
Round trip time was 2.62836 milliseconds in repetition 322
tcp_ping received 128 bytes back
Round trip time was 2.54402 milliseconds in repetition 323
tcp_ping received 128 bytes back
Round trip time was 2.57289 milliseconds in repetition 324
tcp_ping received 128 bytes back
Round trip time was 2.92972 milliseconds in repetition 325
tcp_ping received 128 bytes back
Round trip time was 2.51005 milliseconds in repetition 326
tcp_ping received 128 bytes back
Round trip time was 2.56645 milliseconds in repetition 327
tcp_ping received 128 bytes back
Round trip time was 2.54553 milliseconds in repetition 328
tcp_ping received 128 bytes back
Round trip time was 2.50852 milliseconds in repetition 329
tcp_ping received 128 bytes back
Round trip time was 2.53444 milliseconds in repetition 330
tcp_ping received 128 bytes back
Round trip time was 2.5569 milliseconds in repetition 331
tcp_ping received 128 bytes back
Round trip time was 2.55112 milliseconds in repetition 332
tcp_ping received 128 bytes back
Round trip time was 2.63479 milliseconds in repetition 333
tcp_ping received 128 bytes back
Round trip time was 2.58582 milliseconds in repetition 334
tcp_ping received 128 bytes back
Round trip time was 2.61782 milliseconds in repetition 335
tcp_ping received 128 bytes back
Round trip time was 2.6075 milliseconds in repetition 336
tcp_ping received 128 bytes back
Round trip time was 2.68417 milliseconds in repetition 337
tcp_ping received 128 bytes back
Round trip time was 2.57238 milliseconds in repetition 338
tcp_ping received 128 bytes back
Round trip time was 2.61417 milliseconds in repetition 339
tcp_ping received 128 bytes back
Round trip time was 2.58765 milliseconds in repetition 340
tcp_ping received 128 bytes back
Round trip time was 2.57529 milliseconds in repetition 341
tcp_ping received 128 bytes back
Round trip time was 2.52374 milliseconds in repetition 342
tcp_ping received 128 bytes back
Round trip time was 2.59062 milliseconds in repetition 343
tcp_ping received 128 bytes back
Round trip time was 2.55879 milliseconds in repetition 344
tcp_ping received 128 bytes back
Round trip time was 2.59707 milliseconds in repetition 345
tcp_ping received 128 bytes back
Round trip time was 2.56831 milliseconds in repetition 346
tcp_ping received 128 bytes back
Round trip time was 2.61216 milliseconds in repetition 347
tcp_ping received 128 bytes back
Round trip time was 2.66147 milliseconds in repetition 348
tcp_ping received 128 bytes back
Round trip time was 2.60497 milliseconds in repetition 349
tcp_ping received 128 bytes back
Round trip time was 2.63933 milliseconds in repetition 350
tcp_ping received 128 bytes back
Round trip time was 902.569 milliseconds in repetition 351
tcp_ping received 128 bytes back
Round trip time was 2.73927 milliseconds in repetition 352
tcp_ping received 128 bytes back
Round trip time was 2.6064 milliseconds in repetition 353
tcp_ping received 128 bytes back
Round trip time was 2.60381 milliseconds in repetition 354
tcp_ping received 128 bytes back
Round trip time was 2.5624 milliseconds in repetition 355
tcp_ping received 128 bytes back
Round trip time was 2.63612 milliseconds in repetition 356
tcp_ping received 128 bytes back
Round trip time was 2.4659 milliseconds in repetition 357
tcp_ping received 128 bytes back
Round trip time was 2.54053 milliseconds in repetition 358
tcp_ping received 128 bytes back
Round trip time was 2.51152 milliseconds in repetition 359
tcp_ping received 128 bytes back
Round trip time was 2.48837 milliseconds in repetition 360
tcp_ping received 128 bytes back
Round trip time was 2.51037 milliseconds in repetition 361
tcp_ping received 128 bytes back
Round trip time was 2.50447 milliseconds in repetition 362
tcp_ping received 128 bytes back
Round trip time was 2.48077 milliseconds in repetition 363
tcp_ping received 128 bytes back
Round trip time was 2.53543 milliseconds in repetition 364
tcp_ping received 128 bytes back
Round trip time was 2.57606 milliseconds in repetition 365
tcp_ping received 128 bytes back
Round trip time was 2.60995 milliseconds in repetition 366
tcp_ping received 128 bytes back
Round trip time was 2.59328 milliseconds in repetition 367
tcp_ping received 128 bytes back
Round trip time was 2.59811 milliseconds in repetition 368
tcp_ping received 128 bytes back
Round trip time was 2.58356 milliseconds in repetition 369
tcp_ping received 128 bytes back
Round trip time was 2.59145 milliseconds in repetition 370
tcp_ping received 128 bytes back
Round trip time was 2.53302 milliseconds in repetition 371
tcp_ping received 128 bytes back
Round trip time was 2.54624 milliseconds in repetition 372
tcp_ping received 128 bytes back
Round trip time was 2.64156 milliseconds in repetition 373
tcp_ping received 128 bytes back
Round trip time was 2.59439 milliseconds in repetition 374
tcp_ping received 128 bytes back
Round trip time was 2.57483 milliseconds in repetition 375
tcp_ping received 128 bytes back
Round trip time was 3.36462 milliseconds in repetition 376
tcp_ping received 128 bytes back
Round trip time was 2.63598 milliseconds in repetition 377
tcp_ping received 128 bytes back
Round trip time was 2.5417 milliseconds in repetition 378
tcp_ping received 128 bytes back
Round trip time was 2.6079 milliseconds in repetition 379
tcp_ping received 128 bytes back
Round trip time was 2.55091 milliseconds in repetition 380
tcp_ping received 128 bytes back
Round trip time was 2.55591 milliseconds in repetition 381
tcp_ping received 128 bytes back
Round trip time was 2.58465 milliseconds in repetition 382
tcp_ping received 128 bytes back
Round trip time was 2.64459 milliseconds in repetition 383
tcp_ping received 128 bytes back
Round trip time was 2.61997 milliseconds in repetition 384
tcp_ping received 128 bytes back
Round trip time was 2.60926 milliseconds in repetition 385
tcp_ping received 128 bytes back
Round trip time was 2.55966 milliseconds in repetition 386
tcp_ping received 128 bytes back
Round trip time was 2.5937 milliseconds in repetition 387
tcp_ping received 128 bytes back
Round trip time was 2.56189 milliseconds in repetition 388
tcp_ping received 128 bytes back
Round trip time was 902.549 milliseconds in repetition 389
tcp_ping received 128 bytes back
Round trip time was 2.54609 milliseconds in repetition 390
tcp_ping received 128 bytes back
Round trip time was 2.54632 milliseconds in repetition 391
tcp_ping received 128 bytes back
Round trip time was 2.5941 milliseconds in repetition 392
tcp_ping received 128 bytes back
Round trip time was 2.5772 milliseconds in repetition 393
tcp_ping received 128 bytes back
Round trip time was 2.67958 milliseconds in repetition 394
tcp_ping received 128 bytes back
Round trip time was 2.60133 milliseconds in repetition 395
tcp_ping received 128 bytes back
Round trip time was 2.61403 milliseconds in repetition 396
tcp_ping received 128 bytes back
Round trip time was 2.56281 milliseconds in repetition 397
tcp_ping received 128 bytes back
Round trip time was 2.55758 milliseconds in repetition 398
tcp_ping received 128 bytes back
Round trip time was 2.6483 milliseconds in repetition 399
tcp_ping received 128 bytes back
Round trip time was 2.61215 milliseconds in repetition 400
tcp_ping received 128 bytes back
Round trip time was 2.75808 milliseconds in repetition 401
tcp_ping received 128 bytes back
Round trip time was 2.62642 milliseconds in repetition 402
tcp_ping received 128 bytes back
Round trip time was 2.51795 milliseconds in repetition 403
tcp_ping received 128 bytes back
Round trip time was 2.65984 milliseconds in repetition 404
tcp_ping received 128 bytes back
Round trip time was 2.87742 milliseconds in repetition 405
tcp_ping received 128 bytes back
Round trip time was 2.57338 milliseconds in repetition 406
tcp_ping received 128 bytes back
Round trip time was 2.88342 milliseconds in repetition 407
tcp_ping received 128 bytes back
Round trip time was 2.55682 milliseconds in repetition 408
tcp_ping received 128 bytes back
Round trip time was 2.58154 milliseconds in repetition 409
tcp_ping received 128 bytes back
Round trip time was 2.56902 milliseconds in repetition 410
tcp_ping received 128 bytes back
Round trip time was 3.05063 milliseconds in repetition 411
tcp_ping received 128 bytes back
Round trip time was 3.58339 milliseconds in repetition 412
tcp_ping received 128 bytes back
Round trip time was 2.96123 milliseconds in repetition 413
tcp_ping received 128 bytes back
Round trip time was 2.76959 milliseconds in repetition 414
tcp_ping received 128 bytes back
Round trip time was 2.70838 milliseconds in repetition 415
tcp_ping received 128 bytes back
Round trip time was 2.5834 milliseconds in repetition 416
tcp_ping received 128 bytes back
Round trip time was 2.70725 milliseconds in repetition 417
tcp_ping received 128 bytes back
Round trip time was 2.58969 milliseconds in repetition 418
tcp_ping received 128 bytes back
Round trip time was 2.68591 milliseconds in repetition 419
tcp_ping received 128 bytes back
Round trip time was 2.58307 milliseconds in repetition 420
tcp_ping received 128 bytes back
Round trip time was 2.53404 milliseconds in repetition 421
tcp_ping received 128 bytes back
Round trip time was 2.54156 milliseconds in repetition 422
tcp_ping received 128 bytes back
Round trip time was 2.68448 milliseconds in repetition 423
tcp_ping received 128 bytes back
Round trip time was 2.54663 milliseconds in repetition 424
tcp_ping received 128 bytes back
Round trip time was 2.56484 milliseconds in repetition 425
tcp_ping received 128 bytes back
Round trip time was 2.62341 milliseconds in repetition 426
tcp_ping received 128 bytes back
Round trip time was 902.624 milliseconds in repetition 427
tcp_ping received 128 bytes back
Round trip time was 2.56778 milliseconds in repetition 428
tcp_ping received 128 bytes back
Round trip time was 2.5195 milliseconds in repetition 429
tcp_ping received 128 bytes back
Round trip time was 2.61502 milliseconds in repetition 430
tcp_ping received 128 bytes back
Round trip time was 2.54973 milliseconds in repetition 431
tcp_ping received 128 bytes back
Round trip time was 2.79478 milliseconds in repetition 432
tcp_ping received 128 bytes back
Round trip time was 2.5368 milliseconds in repetition 433
tcp_ping received 128 bytes back
Round trip time was 2.63578 milliseconds in repetition 434
tcp_ping received 128 bytes back
Round trip time was 2.77236 milliseconds in repetition 435
tcp_ping received 128 bytes back
Round trip time was 2.57402 milliseconds in repetition 436
tcp_ping received 128 bytes back
Round trip time was 2.58571 milliseconds in repetition 437
tcp_ping received 128 bytes back
Round trip time was 2.57135 milliseconds in repetition 438
tcp_ping received 128 bytes back
Round trip time was 2.5631 milliseconds in repetition 439
tcp_ping received 128 bytes back
Round trip time was 2.66443 milliseconds in repetition 440
tcp_ping received 128 bytes back
Round trip time was 2.72363 milliseconds in repetition 441
tcp_ping received 128 bytes back
Round trip time was 2.54867 milliseconds in repetition 442
tcp_ping received 128 bytes back
Round trip time was 3.10144 milliseconds in repetition 443
tcp_ping received 128 bytes back
Round trip time was 2.85646 milliseconds in repetition 444
tcp_ping received 128 bytes back
Round trip time was 2.63548 milliseconds in repetition 445
tcp_ping received 128 bytes back
Round trip time was 2.55707 milliseconds in repetition 446
tcp_ping received 128 bytes back
Round trip time was 2.88109 milliseconds in repetition 447
tcp_ping received 128 bytes back
Round trip time was 2.56703 milliseconds in repetition 448
tcp_ping received 128 bytes back
Round trip time was 2.59302 milliseconds in repetition 449
tcp_ping received 128 bytes back
Round trip time was 2.58814 milliseconds in repetition 450
tcp_ping received 128 bytes back
Round trip time was 2.61459 milliseconds in repetition 451
tcp_ping received 128 bytes back
Round trip time was 2.58135 milliseconds in repetition 452
tcp_ping received 128 bytes back
Round trip time was 2.59574 milliseconds in repetition 453
tcp_ping received 128 bytes back
Round trip time was 2.53901 milliseconds in repetition 454
tcp_ping received 128 bytes back
Round trip time was 2.59968 milliseconds in repetition 455
tcp_ping received 128 bytes back
Round trip time was 2.58914 milliseconds in repetition 456
tcp_ping received 128 bytes back
Round trip time was 2.57621 milliseconds in repetition 457
tcp_ping received 128 bytes back
Round trip time was 2.61607 milliseconds in repetition 458
tcp_ping received 128 bytes back
Round trip time was 2.60648 milliseconds in repetition 459
tcp_ping received 128 bytes back
Round trip time was 2.62561 milliseconds in repetition 460
tcp_ping received 128 bytes back
Round trip time was 2.55076 milliseconds in repetition 461
tcp_ping received 128 bytes back
Round trip time was 2.56667 milliseconds in repetition 462
tcp_ping received 128 bytes back
Round trip time was 2.59715 milliseconds in repetition 463
tcp_ping received 128 bytes back
Round trip time was 2.52225 milliseconds in repetition 464
tcp_ping received 128 bytes back
Round trip time was 902.625 milliseconds in repetition 465
tcp_ping received 128 bytes back
Round trip time was 2.60182 milliseconds in repetition 466
tcp_ping received 128 bytes back
Round trip time was 2.63391 milliseconds in repetition 467
tcp_ping received 128 bytes back
Round trip time was 2.56338 milliseconds in repetition 468
tcp_ping received 128 bytes back
Round trip time was 2.70886 milliseconds in repetition 469
tcp_ping received 128 bytes back
Round trip time was 2.57587 milliseconds in repetition 470
tcp_ping received 128 bytes back
Round trip time was 2.90659 milliseconds in repetition 471
tcp_ping received 128 bytes back
Round trip time was 2.5779 milliseconds in repetition 472
tcp_ping received 128 bytes back
Round trip time was 2.57617 milliseconds in repetition 473
tcp_ping received 128 bytes back
Round trip time was 2.61155 milliseconds in repetition 474
tcp_ping received 128 bytes back
Round trip time was 2.6341 milliseconds in repetition 475
tcp_ping received 128 bytes back
Round trip time was 2.57945 milliseconds in repetition 476
tcp_ping received 128 bytes back
Round trip time was 2.64829 milliseconds in repetition 477
tcp_ping received 128 bytes back
Round trip time was 2.54073 milliseconds in repetition 478
tcp_ping received 128 bytes back
Round trip time was 2.57348 milliseconds in repetition 479
tcp_ping received 128 bytes back
Round trip time was 2.58403 milliseconds in repetition 480
tcp_ping received 128 bytes back
Round trip time was 2.5553 milliseconds in repetition 481
tcp_ping received 128 bytes back
Round trip time was 2.57327 milliseconds in repetition 482
tcp_ping received 128 bytes back
Round trip time was 2.54249 milliseconds in repetition 483
tcp_ping received 128 bytes back
Round trip time was 2.60931 milliseconds in repetition 484
tcp_ping received 128 bytes back
Round trip time was 2.55853 milliseconds in repetition 485
tcp_ping received 128 bytes back
Round trip time was 2.71017 milliseconds in repetition 486
tcp_ping received 128 bytes back
Round trip time was 2.52412 milliseconds in repetition 487
tcp_ping received 128 bytes back
Round trip time was 2.5781 milliseconds in repetition 488
tcp_ping received 128 bytes back
Round trip time was 2.59296 milliseconds in repetition 489
tcp_ping received 128 bytes back
Round trip time was 2.63224 milliseconds in repetition 490
tcp_ping received 128 bytes back
Round trip time was 2.68687 milliseconds in repetition 491
tcp_ping received 128 bytes back
Round trip time was 2.60533 milliseconds in repetition 492
tcp_ping received 128 bytes back
Round trip time was 2.55618 milliseconds in repetition 493
tcp_ping received 128 bytes back
Round trip time was 2.59327 milliseconds in repetition 494
tcp_ping received 128 bytes back
Round trip time was 2.60195 milliseconds in repetition 495
tcp_ping received 128 bytes back
Round trip time was 2.52451 milliseconds in repetition 496
tcp_ping received 128 bytes back
Round trip time was 2.57572 milliseconds in repetition 497
tcp_ping received 128 bytes back
Round trip time was 2.7349 milliseconds in repetition 498
tcp_ping received 128 bytes back
Round trip time was 2.63112 milliseconds in repetition 499
tcp_ping received 128 bytes back
Round trip time was 2.51803 milliseconds in repetition 500
tcp_ping received 128 bytes back
Round trip time was 2.57528 milliseconds in repetition 501

 ... clock resolution was 1e-07
TCP Ping:  Statistics over 501 repetitions of 128 byte messages

RTT : percentile 10: 2.5245, median: 2.59048, percentile 90: 2.7349, average: 25.9725, variance: 20513.1

RTT histogram:
2.32959 488
47.3493 0
92.369 0
137.389 0
182.408 0
227.428 0
272.448 0
317.467 0
362.487 0
407.507 0
452.526 0
497.546 0
542.566 0
587.585 0
632.605 0
677.625 0
722.645 0
767.664 0
812.684 0
857.704 0
902.723 13

   median Throughput : 98.8233 KB/s   overall Throughput : 9.85659 KB/s

