tcp_ping received 256 bytes back
Round trip time was 2.54674 milliseconds in repetition 179
tcp_ping received 256 bytes back
Round trip time was 2.78407 milliseconds in repetition 180
tcp_ping received 256 bytes back
Round trip time was 2.56188 milliseconds in repetition 181
tcp_ping received 256 bytes back
Round trip time was 2.55926 milliseconds in repetition 182
tcp_ping received 256 bytes back
Round trip time was 3.00194 milliseconds in repetition 183
tcp_ping received 256 bytes back
Round trip time was 2.84771 milliseconds in repetition 184
tcp_ping received 256 bytes back
Round trip time was 3.03387 milliseconds in repetition 185
tcp_ping received 256 bytes back
Round trip time was 2.4985 milliseconds in repetition 186
tcp_ping received 256 bytes back
Round trip time was 2.50981 milliseconds in repetition 187
tcp_ping received 256 bytes back
Round trip time was 2.44576 milliseconds in repetition 188
tcp_ping received 256 bytes back
Round trip time was 2.56024 milliseconds in repetition 189
tcp_ping received 256 bytes back
Round trip time was 3.80615 milliseconds in repetition 190
tcp_ping received 256 bytes back
Round trip time was 2.8076 milliseconds in repetition 191
tcp_ping received 256 bytes back
Round trip time was 2.51487 milliseconds in repetition 192
tcp_ping received 256 bytes back
Round trip time was 2.55075 milliseconds in repetition 193
tcp_ping received 256 bytes back
Round trip time was 2.52311 milliseconds in repetition 194
tcp_ping received 256 bytes back
Round trip time was 2.46386 milliseconds in repetition 195
tcp_ping received 256 bytes back
Round trip time was 2.47322 milliseconds in repetition 196
tcp_ping received 256 bytes back
Round trip time was 2.51366 milliseconds in repetition 197
tcp_ping received 256 bytes back
Round trip time was 2.46939 milliseconds in repetition 198
tcp_ping received 256 bytes back
Round trip time was 2.48619 milliseconds in repetition 199
tcp_ping received 256 bytes back
Round trip time was 2.49999 milliseconds in repetition 200
tcp_ping received 256 bytes back
Round trip time was 902.506 milliseconds in repetition 201
tcp_ping received 256 bytes back
Round trip time was 2.49941 milliseconds in repetition 202
tcp_ping received 256 bytes back
Round trip time was 2.4581 milliseconds in repetition 203
tcp_ping received 256 bytes back
Round trip time was 2.44107 milliseconds in repetition 204
tcp_ping received 256 bytes back
Round trip time was 2.47153 milliseconds in repetition 205
tcp_ping received 256 bytes back
Round trip time was 2.53169 milliseconds in repetition 206
tcp_ping received 256 bytes back
Round trip time was 2.51571 milliseconds in repetition 207
tcp_ping received 256 bytes back
Round trip time was 2.48852 milliseconds in repetition 208
tcp_ping received 256 bytes back
Round trip time was 2.51484 milliseconds in repetition 209
tcp_ping received 256 bytes back
Round trip time was 2.5078 milliseconds in repetition 210
tcp_ping received 256 bytes back
Round trip time was 2.45526 milliseconds in repetition 211
tcp_ping received 256 bytes back
Round trip time was 2.46422 milliseconds in repetition 212
tcp_ping received 256 bytes back
Round trip time was 2.47094 milliseconds in repetition 213
tcp_ping received 256 bytes back
Round trip time was 2.5081 milliseconds in repetition 214
tcp_ping received 256 bytes back
Round trip time was 2.54386 milliseconds in repetition 215
tcp_ping received 256 bytes back
Round trip time was 2.55291 milliseconds in repetition 216
tcp_ping received 256 bytes back
Round trip time was 2.62079 milliseconds in repetition 217
tcp_ping received 256 bytes back
Round trip time was 2.51771 milliseconds in repetition 218
tcp_ping received 256 bytes back
Round trip time was 2.52261 milliseconds in repetition 219
tcp_ping received 256 bytes back
Round trip time was 2.53894 milliseconds in repetition 220
tcp_ping received 256 bytes back
Round trip time was 2.50937 milliseconds in repetition 221
tcp_ping received 256 bytes back
Round trip time was 2.561 milliseconds in repetition 222
tcp_ping received 256 bytes back
Round trip time was 2.57655 milliseconds in repetition 223
tcp_ping received 256 bytes back
Round trip time was 2.61792 milliseconds in repetition 224
tcp_ping received 256 bytes back
Round trip time was 2.60793 milliseconds in repetition 225
tcp_ping received 256 bytes back
Round trip time was 2.60997 milliseconds in repetition 226
tcp_ping received 256 bytes back
Round trip time was 2.63725 milliseconds in repetition 227
tcp_ping received 256 bytes back
Round trip time was 2.56474 milliseconds in repetition 228
tcp_ping received 256 bytes back
Round trip time was 2.56331 milliseconds in repetition 229
tcp_ping received 256 bytes back
Round trip time was 2.58456 milliseconds in repetition 230
tcp_ping received 256 bytes back
Round trip time was 2.49432 milliseconds in repetition 231
tcp_ping received 256 bytes back
Round trip time was 2.53347 milliseconds in repetition 232
tcp_ping received 256 bytes back
Round trip time was 2.51013 milliseconds in repetition 233
tcp_ping received 256 bytes back
Round trip time was 2.52205 milliseconds in repetition 234
tcp_ping received 256 bytes back
Round trip time was 2.50416 milliseconds in repetition 235
tcp_ping received 256 bytes back
Round trip time was 2.56027 milliseconds in repetition 236
tcp_ping received 256 bytes back
Round trip time was 2.56406 milliseconds in repetition 237
tcp_ping received 256 bytes back
Round trip time was 2.61793 milliseconds in repetition 238
tcp_ping received 256 bytes back
Round trip time was 2.53218 milliseconds in repetition 239
tcp_ping received 256 bytes back
Round trip time was 2.53524 milliseconds in repetition 240
tcp_ping received 256 bytes back
Round trip time was 902.502 milliseconds in repetition 241
tcp_ping received 256 bytes back
Round trip time was 2.48529 milliseconds in repetition 242
tcp_ping received 256 bytes back
Round trip time was 2.57787 milliseconds in repetition 243
tcp_ping received 256 bytes back
Round trip time was 2.44323 milliseconds in repetition 244
tcp_ping received 256 bytes back
Round trip time was 2.44827 milliseconds in repetition 245
tcp_ping received 256 bytes back
Round trip time was 2.50115 milliseconds in repetition 246
tcp_ping received 256 bytes back
Round trip time was 2.52004 milliseconds in repetition 247
tcp_ping received 256 bytes back
Round trip time was 2.60029 milliseconds in repetition 248
tcp_ping received 256 bytes back
Round trip time was 2.53771 milliseconds in repetition 249
tcp_ping received 256 bytes back
Round trip time was 2.57683 milliseconds in repetition 250
tcp_ping received 256 bytes back
Round trip time was 2.53769 milliseconds in repetition 251
tcp_ping received 256 bytes back
Round trip time was 2.67186 milliseconds in repetition 252
tcp_ping received 256 bytes back
Round trip time was 2.55164 milliseconds in repetition 253
tcp_ping received 256 bytes back
Round trip time was 2.50655 milliseconds in repetition 254
tcp_ping received 256 bytes back
Round trip time was 2.53553 milliseconds in repetition 255
tcp_ping received 256 bytes back
Round trip time was 2.46217 milliseconds in repetition 256
tcp_ping received 256 bytes back
Round trip time was 2.75711 milliseconds in repetition 257
tcp_ping received 256 bytes back
Round trip time was 2.47084 milliseconds in repetition 258
tcp_ping received 256 bytes back
Round trip time was 2.52288 milliseconds in repetition 259
tcp_ping received 256 bytes back
Round trip time was 2.77285 milliseconds in repetition 260
tcp_ping received 256 bytes back
Round trip time was 2.48057 milliseconds in repetition 261
tcp_ping received 256 bytes back
Round trip time was 2.49811 milliseconds in repetition 262
tcp_ping received 256 bytes back
Round trip time was 2.46795 milliseconds in repetition 263
tcp_ping received 256 bytes back
Round trip time was 2.45043 milliseconds in repetition 264
tcp_ping received 256 bytes back
Round trip time was 2.55108 milliseconds in repetition 265
tcp_ping received 256 bytes back
Round trip time was 2.50016 milliseconds in repetition 266
tcp_ping received 256 bytes back
Round trip time was 2.49313 milliseconds in repetition 267
tcp_ping received 256 bytes back
Round trip time was 2.47608 milliseconds in repetition 268
tcp_ping received 256 bytes back
Round trip time was 2.51919 milliseconds in repetition 269
tcp_ping received 256 bytes back
Round trip time was 2.54799 milliseconds in repetition 270
tcp_ping received 256 bytes back
Round trip time was 2.66095 milliseconds in repetition 271
tcp_ping received 256 bytes back
Round trip time was 2.54398 milliseconds in repetition 272
tcp_ping received 256 bytes back
Round trip time was 2.54426 milliseconds in repetition 273
tcp_ping received 256 bytes back
Round trip time was 2.51513 milliseconds in repetition 274
tcp_ping received 256 bytes back
Round trip time was 2.51213 milliseconds in repetition 275
tcp_ping received 256 bytes back
Round trip time was 2.53723 milliseconds in repetition 276
tcp_ping received 256 bytes back
Round trip time was 2.55858 milliseconds in repetition 277
tcp_ping received 256 bytes back
Round trip time was 2.51788 milliseconds in repetition 278
tcp_ping received 256 bytes back
Round trip time was 2.49292 milliseconds in repetition 279
tcp_ping received 256 bytes back
Round trip time was 902.511 milliseconds in repetition 280
tcp_ping received 256 bytes back
Round trip time was 2.45468 milliseconds in repetition 281
tcp_ping received 256 bytes back
Round trip time was 2.51838 milliseconds in repetition 282
tcp_ping received 256 bytes back
Round trip time was 2.56016 milliseconds in repetition 283
tcp_ping received 256 bytes back
Round trip time was 2.77217 milliseconds in repetition 284
tcp_ping received 256 bytes back
Round trip time was 2.55425 milliseconds in repetition 285
tcp_ping received 256 bytes back
Round trip time was 2.50372 milliseconds in repetition 286
tcp_ping received 256 bytes back
Round trip time was 2.5415 milliseconds in repetition 287
tcp_ping received 256 bytes back
Round trip time was 2.50498 milliseconds in repetition 288
tcp_ping received 256 bytes back
Round trip time was 2.43985 milliseconds in repetition 289
tcp_ping received 256 bytes back
Round trip time was 2.49688 milliseconds in repetition 290
tcp_ping received 256 bytes back
Round trip time was 2.54069 milliseconds in repetition 291
tcp_ping received 256 bytes back
Round trip time was 2.5158 milliseconds in repetition 292
tcp_ping received 256 bytes back
Round trip time was 2.53856 milliseconds in repetition 293
tcp_ping received 256 bytes back
Round trip time was 2.48142 milliseconds in repetition 294
tcp_ping received 256 bytes back
Round trip time was 2.47979 milliseconds in repetition 295
tcp_ping received 256 bytes back
Round trip time was 2.45344 milliseconds in repetition 296
tcp_ping received 256 bytes back
Round trip time was 2.44131 milliseconds in repetition 297
tcp_ping received 256 bytes back
Round trip time was 2.50083 milliseconds in repetition 298
tcp_ping received 256 bytes back
Round trip time was 2.42777 milliseconds in repetition 299
tcp_ping received 256 bytes back
Round trip time was 2.43529 milliseconds in repetition 300
tcp_ping received 256 bytes back
Round trip time was 2.55726 milliseconds in repetition 301
tcp_ping received 256 bytes back
Round trip time was 2.48671 milliseconds in repetition 302
tcp_ping received 256 bytes back
Round trip time was 2.46233 milliseconds in repetition 303
tcp_ping received 256 bytes back
Round trip time was 2.44691 milliseconds in repetition 304
tcp_ping received 256 bytes back
Round trip time was 2.47135 milliseconds in repetition 305
tcp_ping received 256 bytes back
Round trip time was 2.5371 milliseconds in repetition 306
tcp_ping received 256 bytes back
Round trip time was 2.52147 milliseconds in repetition 307
tcp_ping received 256 bytes back
Round trip time was 2.48626 milliseconds in repetition 308
tcp_ping received 256 bytes back
Round trip time was 2.4458 milliseconds in repetition 309
tcp_ping received 256 bytes back
Round trip time was 2.50201 milliseconds in repetition 310
tcp_ping received 256 bytes back
Round trip time was 2.82233 milliseconds in repetition 311
tcp_ping received 256 bytes back
Round trip time was 2.49346 milliseconds in repetition 312
tcp_ping received 256 bytes back
Round trip time was 2.57877 milliseconds in repetition 313
tcp_ping received 256 bytes back
Round trip time was 2.50283 milliseconds in repetition 314
tcp_ping received 256 bytes back
Round trip time was 2.54026 milliseconds in repetition 315
tcp_ping received 256 bytes back
Round trip time was 2.69931 milliseconds in repetition 316
tcp_ping received 256 bytes back
Round trip time was 2.48908 milliseconds in repetition 317
tcp_ping received 256 bytes back
Round trip time was 2.59517 milliseconds in repetition 318
tcp_ping received 256 bytes back
Round trip time was 2.52806 milliseconds in repetition 319
tcp_ping received 256 bytes back
Round trip time was 902.52 milliseconds in repetition 320
tcp_ping received 256 bytes back
Round trip time was 3.00182 milliseconds in repetition 321
tcp_ping received 256 bytes back
Round trip time was 3.5095 milliseconds in repetition 322
tcp_ping received 256 bytes back
Round trip time was 2.51005 milliseconds in repetition 323
tcp_ping received 256 bytes back
Round trip time was 2.58078 milliseconds in repetition 324
tcp_ping received 256 bytes back
Round trip time was 2.50507 milliseconds in repetition 325
tcp_ping received 256 bytes back
Round trip time was 2.48847 milliseconds in repetition 326
tcp_ping received 256 bytes back
Round trip time was 2.54768 milliseconds in repetition 327
tcp_ping received 256 bytes back
Round trip time was 2.5312 milliseconds in repetition 328
tcp_ping received 256 bytes back
Round trip time was 2.53309 milliseconds in repetition 329
tcp_ping received 256 bytes back
Round trip time was 2.45972 milliseconds in repetition 330
tcp_ping received 256 bytes back
Round trip time was 2.52369 milliseconds in repetition 331
tcp_ping received 256 bytes back
Round trip time was 3.20056 milliseconds in repetition 332
tcp_ping received 256 bytes back
Round trip time was 2.67695 milliseconds in repetition 333
tcp_ping received 256 bytes back
Round trip time was 2.56737 milliseconds in repetition 334
tcp_ping received 256 bytes back
Round trip time was 2.54194 milliseconds in repetition 335
tcp_ping received 256 bytes back
Round trip time was 2.5045 milliseconds in repetition 336
tcp_ping received 256 bytes back
Round trip time was 2.53102 milliseconds in repetition 337
tcp_ping received 256 bytes back
Round trip time was 2.55124 milliseconds in repetition 338
tcp_ping received 256 bytes back
Round trip time was 2.5533 milliseconds in repetition 339
tcp_ping received 256 bytes back
Round trip time was 2.59715 milliseconds in repetition 340
tcp_ping received 256 bytes back
Round trip time was 2.52647 milliseconds in repetition 341
tcp_ping received 256 bytes back
Round trip time was 2.54286 milliseconds in repetition 342
tcp_ping received 256 bytes back
Round trip time was 2.86691 milliseconds in repetition 343
tcp_ping received 256 bytes back
Round trip time was 3.26224 milliseconds in repetition 344
tcp_ping received 256 bytes back
Round trip time was 2.68359 milliseconds in repetition 345
tcp_ping received 256 bytes back
Round trip time was 2.55259 milliseconds in repetition 346
tcp_ping received 256 bytes back
Round trip time was 2.54215 milliseconds in repetition 347
tcp_ping received 256 bytes back
Round trip time was 2.49714 milliseconds in repetition 348
tcp_ping received 256 bytes back
Round trip time was 2.43576 milliseconds in repetition 349
tcp_ping received 256 bytes back
Round trip time was 2.50396 milliseconds in repetition 350
tcp_ping received 256 bytes back
Round trip time was 2.52713 milliseconds in repetition 351
tcp_ping received 256 bytes back
Round trip time was 2.50298 milliseconds in repetition 352
tcp_ping received 256 bytes back
Round trip time was 2.54205 milliseconds in repetition 353
tcp_ping received 256 bytes back
Round trip time was 2.65897 milliseconds in repetition 354
tcp_ping received 256 bytes back
Round trip time was 2.58167 milliseconds in repetition 355
tcp_ping received 256 bytes back
Round trip time was 2.55141 milliseconds in repetition 356
tcp_ping received 256 bytes back
Round trip time was 2.63847 milliseconds in repetition 357
tcp_ping received 256 bytes back
Round trip time was 902.484 milliseconds in repetition 358
tcp_ping received 256 bytes back
Round trip time was 2.44802 milliseconds in repetition 359
tcp_ping received 256 bytes back
Round trip time was 2.48252 milliseconds in repetition 360
tcp_ping received 256 bytes back
Round trip time was 2.48376 milliseconds in repetition 361
tcp_ping received 256 bytes back
Round trip time was 2.67303 milliseconds in repetition 362
tcp_ping received 256 bytes back
Round trip time was 2.61849 milliseconds in repetition 363
tcp_ping received 256 bytes back
Round trip time was 2.53498 milliseconds in repetition 364
tcp_ping received 256 bytes back
Round trip time was 2.49611 milliseconds in repetition 365
tcp_ping received 256 bytes back
Round trip time was 2.49418 milliseconds in repetition 366
tcp_ping received 256 bytes back
Round trip time was 2.51328 milliseconds in repetition 367
tcp_ping received 256 bytes back
Round trip time was 2.51175 milliseconds in repetition 368
tcp_ping received 256 bytes back
Round trip time was 2.56501 milliseconds in repetition 369
tcp_ping received 256 bytes back
Round trip time was 2.60166 milliseconds in repetition 370
tcp_ping received 256 bytes back
Round trip time was 3.35865 milliseconds in repetition 371
tcp_ping received 256 bytes back
Round trip time was 2.46234 milliseconds in repetition 372
tcp_ping received 256 bytes back
Round trip time was 2.44807 milliseconds in repetition 373
tcp_ping received 256 bytes back
Round trip time was 2.55108 milliseconds in repetition 374
tcp_ping received 256 bytes back
Round trip time was 2.47671 milliseconds in repetition 375
tcp_ping received 256 bytes back
Round trip time was 2.43498 milliseconds in repetition 376
tcp_ping received 256 bytes back
Round trip time was 2.52452 milliseconds in repetition 377
tcp_ping received 256 bytes back
Round trip time was 2.48135 milliseconds in repetition 378
tcp_ping received 256 bytes back
Round trip time was 2.45107 milliseconds in repetition 379
tcp_ping received 256 bytes back
Round trip time was 2.46143 milliseconds in repetition 380
tcp_ping received 256 bytes back
Round trip time was 2.4721 milliseconds in repetition 381
tcp_ping received 256 bytes back
Round trip time was 2.52633 milliseconds in repetition 382
tcp_ping received 256 bytes back
Round trip time was 2.50228 milliseconds in repetition 383
tcp_ping received 256 bytes back
Round trip time was 2.45728 milliseconds in repetition 384
tcp_ping received 256 bytes back
Round trip time was 2.47707 milliseconds in repetition 385
tcp_ping received 256 bytes back
Round trip time was 2.50778 milliseconds in repetition 386
tcp_ping received 256 bytes back
Round trip time was 2.48884 milliseconds in repetition 387
tcp_ping received 256 bytes back
Round trip time was 2.46054 milliseconds in repetition 388
tcp_ping received 256 bytes back
Round trip time was 2.49998 milliseconds in repetition 389
tcp_ping received 256 bytes back
Round trip time was 2.4732 milliseconds in repetition 390
tcp_ping received 256 bytes back
Round trip time was 2.48622 milliseconds in repetition 391
tcp_ping received 256 bytes back
Round trip time was 2.55201 milliseconds in repetition 392
tcp_ping received 256 bytes back
Round trip time was 2.45924 milliseconds in repetition 393
tcp_ping received 256 bytes back
Round trip time was 2.54152 milliseconds in repetition 394
tcp_ping received 256 bytes back
Round trip time was 2.57961 milliseconds in repetition 395
tcp_ping received 256 bytes back
Round trip time was 2.52177 milliseconds in repetition 396
tcp_ping received 256 bytes back
Round trip time was 902.55 milliseconds in repetition 397
tcp_ping received 256 bytes back
Round trip time was 2.88776 milliseconds in repetition 398
tcp_ping received 256 bytes back
Round trip time was 2.50052 milliseconds in repetition 399
tcp_ping received 256 bytes back
Round trip time was 2.50412 milliseconds in repetition 400
tcp_ping received 256 bytes back
Round trip time was 2.57415 milliseconds in repetition 401
tcp_ping received 256 bytes back
Round trip time was 2.53163 milliseconds in repetition 402
tcp_ping received 256 bytes back
Round trip time was 2.47853 milliseconds in repetition 403
tcp_ping received 256 bytes back
Round trip time was 2.53275 milliseconds in repetition 404
tcp_ping received 256 bytes back
Round trip time was 2.52754 milliseconds in repetition 405
tcp_ping received 256 bytes back
Round trip time was 2.48364 milliseconds in repetition 406
tcp_ping received 256 bytes back
Round trip time was 2.56308 milliseconds in repetition 407
tcp_ping received 256 bytes back
Round trip time was 2.50021 milliseconds in repetition 408
tcp_ping received 256 bytes back
Round trip time was 2.47958 milliseconds in repetition 409
tcp_ping received 256 bytes back
Round trip time was 2.56532 milliseconds in repetition 410
tcp_ping received 256 bytes back
Round trip time was 2.57261 milliseconds in repetition 411
tcp_ping received 256 bytes back
Round trip time was 2.46177 milliseconds in repetition 412
tcp_ping received 256 bytes back
Round trip time was 2.44031 milliseconds in repetition 413
tcp_ping received 256 bytes back
Round trip time was 2.4613 milliseconds in repetition 414
tcp_ping received 256 bytes back
Round trip time was 2.55632 milliseconds in repetition 415
tcp_ping received 256 bytes back
Round trip time was 2.51115 milliseconds in repetition 416
tcp_ping received 256 bytes back
Round trip time was 2.50816 milliseconds in repetition 417
tcp_ping received 256 bytes back
Round trip time was 2.55706 milliseconds in repetition 418
tcp_ping received 256 bytes back
Round trip time was 2.54162 milliseconds in repetition 419
tcp_ping received 256 bytes back
Round trip time was 2.52404 milliseconds in repetition 420
tcp_ping received 256 bytes back
Round trip time was 2.52467 milliseconds in repetition 421
tcp_ping received 256 bytes back
Round trip time was 2.47286 milliseconds in repetition 422
tcp_ping received 256 bytes back
Round trip time was 2.5073 milliseconds in repetition 423
tcp_ping received 256 bytes back
Round trip time was 2.48278 milliseconds in repetition 424
tcp_ping received 256 bytes back
Round trip time was 2.53487 milliseconds in repetition 425
tcp_ping received 256 bytes back
Round trip time was 2.51856 milliseconds in repetition 426
tcp_ping received 256 bytes back
Round trip time was 2.55149 milliseconds in repetition 427
tcp_ping received 256 bytes back
Round trip time was 2.5431 milliseconds in repetition 428
tcp_ping received 256 bytes back
Round trip time was 2.58511 milliseconds in repetition 429
tcp_ping received 256 bytes back
Round trip time was 2.51521 milliseconds in repetition 430
tcp_ping received 256 bytes back
Round trip time was 2.52172 milliseconds in repetition 431
tcp_ping received 256 bytes back
Round trip time was 2.50751 milliseconds in repetition 432
tcp_ping received 256 bytes back
Round trip time was 2.59102 milliseconds in repetition 433
tcp_ping received 256 bytes back
Round trip time was 2.51087 milliseconds in repetition 434
tcp_ping received 256 bytes back
Round trip time was 2.60308 milliseconds in repetition 435
tcp_ping received 256 bytes back
Round trip time was 2.49792 milliseconds in repetition 436
tcp_ping received 256 bytes back
Round trip time was 902.472 milliseconds in repetition 437
tcp_ping received 256 bytes back
Round trip time was 2.59651 milliseconds in repetition 438
tcp_ping received 256 bytes back
Round trip time was 2.50008 milliseconds in repetition 439
tcp_ping received 256 bytes back
Round trip time was 2.50498 milliseconds in repetition 440
tcp_ping received 256 bytes back
Round trip time was 2.50284 milliseconds in repetition 441
tcp_ping received 256 bytes back
Round trip time was 2.56359 milliseconds in repetition 442
tcp_ping received 256 bytes back
Round trip time was 2.55029 milliseconds in repetition 443
tcp_ping received 256 bytes back
Round trip time was 2.57626 milliseconds in repetition 444
tcp_ping received 256 bytes back
Round trip time was 2.59095 milliseconds in repetition 445
tcp_ping received 256 bytes back
Round trip time was 2.48523 milliseconds in repetition 446
tcp_ping received 256 bytes back
Round trip time was 2.5371 milliseconds in repetition 447
tcp_ping received 256 bytes back
Round trip time was 2.48476 milliseconds in repetition 448
tcp_ping received 256 bytes back
Round trip time was 2.50064 milliseconds in repetition 449
tcp_ping received 256 bytes back
Round trip time was 2.54368 milliseconds in repetition 450
tcp_ping received 256 bytes back
Round trip time was 2.55966 milliseconds in repetition 451
tcp_ping received 256 bytes back
Round trip time was 2.50286 milliseconds in repetition 452
tcp_ping received 256 bytes back
Round trip time was 2.46715 milliseconds in repetition 453
tcp_ping received 256 bytes back
Round trip time was 2.49264 milliseconds in repetition 454
tcp_ping received 256 bytes back
Round trip time was 2.52001 milliseconds in repetition 455
tcp_ping received 256 bytes back
Round trip time was 2.46765 milliseconds in repetition 456
tcp_ping received 256 bytes back
Round trip time was 2.46812 milliseconds in repetition 457
tcp_ping received 256 bytes back
Round trip time was 2.41395 milliseconds in repetition 458
tcp_ping received 256 bytes back
Round trip time was 2.46613 milliseconds in repetition 459
tcp_ping received 256 bytes back
Round trip time was 2.49159 milliseconds in repetition 460
tcp_ping received 256 bytes back
Round trip time was 2.53754 milliseconds in repetition 461
tcp_ping received 256 bytes back
Round trip time was 2.47314 milliseconds in repetition 462
tcp_ping received 256 bytes back
Round trip time was 2.46687 milliseconds in repetition 463
tcp_ping received 256 bytes back
Round trip time was 2.46945 milliseconds in repetition 464
tcp_ping received 256 bytes back
Round trip time was 2.42402 milliseconds in repetition 465
tcp_ping received 256 bytes back
Round trip time was 2.47249 milliseconds in repetition 466
tcp_ping received 256 bytes back
Round trip time was 3.54617 milliseconds in repetition 467
tcp_ping received 256 bytes back
Round trip time was 2.53588 milliseconds in repetition 468
tcp_ping received 256 bytes back
Round trip time was 2.71732 milliseconds in repetition 469
tcp_ping received 256 bytes back
Round trip time was 2.50903 milliseconds in repetition 470
tcp_ping received 256 bytes back
Round trip time was 2.77689 milliseconds in repetition 471
tcp_ping received 256 bytes back
Round trip time was 2.53993 milliseconds in repetition 472
tcp_ping received 256 bytes back
Round trip time was 2.54806 milliseconds in repetition 473
tcp_ping received 256 bytes back
Round trip time was 2.5219 milliseconds in repetition 474
tcp_ping received 256 bytes back
Round trip time was 2.57883 milliseconds in repetition 475
tcp_ping received 256 bytes back
Round trip time was 902.546 milliseconds in repetition 476
tcp_ping received 256 bytes back
Round trip time was 2.47149 milliseconds in repetition 477
tcp_ping received 256 bytes back
Round trip time was 2.52065 milliseconds in repetition 478
tcp_ping received 256 bytes back
Round trip time was 2.46464 milliseconds in repetition 479
tcp_ping received 256 bytes back
Round trip time was 2.49312 milliseconds in repetition 480
tcp_ping received 256 bytes back
Round trip time was 2.51177 milliseconds in repetition 481
tcp_ping received 256 bytes back
Round trip time was 2.47597 milliseconds in repetition 482
tcp_ping received 256 bytes back
Round trip time was 2.49197 milliseconds in repetition 483
tcp_ping received 256 bytes back
Round trip time was 2.45902 milliseconds in repetition 484
tcp_ping received 256 bytes back
Round trip time was 2.45819 milliseconds in repetition 485
tcp_ping received 256 bytes back
Round trip time was 2.66153 milliseconds in repetition 486
tcp_ping received 256 bytes back
Round trip time was 2.51421 milliseconds in repetition 487
tcp_ping received 256 bytes back
Round trip time was 2.50752 milliseconds in repetition 488
tcp_ping received 256 bytes back
Round trip time was 2.5775 milliseconds in repetition 489
tcp_ping received 256 bytes back
Round trip time was 2.49153 milliseconds in repetition 490
tcp_ping received 256 bytes back
Round trip time was 2.55763 milliseconds in repetition 491
tcp_ping received 256 bytes back
Round trip time was 2.48064 milliseconds in repetition 492
tcp_ping received 256 bytes back
Round trip time was 2.50105 milliseconds in repetition 493
tcp_ping received 256 bytes back
Round trip time was 2.50135 milliseconds in repetition 494
tcp_ping received 256 bytes back
Round trip time was 2.51261 milliseconds in repetition 495
tcp_ping received 256 bytes back
Round trip time was 2.48703 milliseconds in repetition 496
tcp_ping received 256 bytes back
Round trip time was 2.48317 milliseconds in repetition 497
tcp_ping received 256 bytes back
Round trip time was 2.86843 milliseconds in repetition 498
tcp_ping received 256 bytes back
Round trip time was 2.5242 milliseconds in repetition 499
tcp_ping received 256 bytes back
Round trip time was 2.48458 milliseconds in repetition 500
tcp_ping received 256 bytes back
Round trip time was 2.47889 milliseconds in repetition 501

 ... clock resolution was 1e-07
TCP Ping:  Statistics over 501 repetitions of 256 byte messages

RTT : percentile 10: 2.46217, median: 2.52001, percentile 90: 2.75711, average: 25.927, variance: 20517

RTT histogram:
2.41395 488
47.4764 0
92.5388 0
137.601 0
182.664 0
227.726 0
272.789 0
317.851 0
362.913 0
407.976 0
453.038 0
498.101 0
543.163 0
588.226 0
633.288 0
678.351 0
723.413 0
768.475 0
813.538 0
858.6 0
903.663 13

   median Throughput : 203.173 KB/s   overall Throughput : 19.7477 KB/s

